[GHST RAW] len=24: 16 16 16 16 D1 00 81 0C 11 C0 07 7C 5A 03 7C 7C 16 16 16 76 00 81 0C 12 
[GHST RAW] len=9: C0 07 7C 5A 03 7C 7C 7C 7C 
[GHST RAW] len=19: 0C 11 C0 07 7C 5A 03 7C 7C 16 16 16 76 00 81 0C 12 C0 07 
[GHST RAW] len=24: 16 16 16 16 D1 00 81 0C 11 C0 07 7C 5A 03 7C 7C 16 16 16 76 00 81 0C 12 
[GHST RAW] len=9: C0 07 7C 5A 03 7C 7C 7C 7C 
[GHST RAW] len=19: 0C 11 C0 07 7C 5A 03 7C 7C 16 16 16 76 00 81 0C 12 C0 07 
[GHST RAW] len=24: 16 16 16 16 D1 00 81 0C 11 C0 07 7C 5A 03 7C 7C 16 16 16 76 00 81 0C 12 
[GHST RAW] len=9: C0 07 7C 5C 03 7C 7C 7C 7C 
[GHST RAW] len=19: 0C 11 C0 07 7C 5A 03 7C 7C 16 16 16 76 00 81 0C 12 C0 07 
[GHST RAW] len=24: 16 16 16 16 D1 00 81 0C 11 C0 07 7C 5A 03 7C 7C 16 16 16 76 00 81 0C 12 
[GHST RAW] len=9: C0 07 7C 5A 03 7C 7C 7C 7C 
[GHST RAW] len=19: 0C 11 C0 07 7C 5A 03 7C 7C 16 16 16 76 00 81 0C 12 C0 07 
[GHST RAW] len=24: 16 16 16 16 2C 00 81 0C 11 C0 07 7C 5A 03 7C 7C 16 16 16 76 00 81 0C 12 
[GHST RAW] len=9: C0 07 7C 5A 03 7C 7C 7C 7C 
[GHST RAW] len=19: 0C 11 C0 07 7C 5A 03 7C 7C 16 16 16 76 00 81 0C 12 C0 07 
[GHST RAW] len=24: 16 16 16 16 D1 00 81 0C 11 C0 07 7C 5A 03 7C 7C 16 16 16 76 00 81 0C 12 
[GHST RAW] len=9: C0 07 7C 5A 03 7C 7C 7C 7C 
[GHST RAW] len=19: 0C 11 C0 07 7C 5C 03 7C 7C 16 16 16 A4 00 81 0C 12 C0 07 
[GHST RAW] len=24: 16 16 16 16 97 00 81 0C 11 C0 07 7C 5D 03 7C 7C 16 16 16 30 00 81 0C 12 
[GHST RAW] len=9: C0 07 7C 5D 03 7C 7C 7C 7C 
[GHST RAW] len=38: 7C 24 00 81 0C 10 C0 07 7C 5D 03 7C 16 16 16 16 97 00 81 0C 11 C0 07 7C 5D 03 7C 7C 16 16 16 30 00 81 0C 12 C0 07 
[GHST RAW] len=24: 16 16 16 16 6A 00 81 0C 11 C0 07 7C 5F 03 7C 7C 16 16 16 CD 00 81 0C 12 
[GHST RAW] len=9: C0 07 7C 5F 03 7C 7C 7C 7C 
[GHST RAW] len=19: 0C 11 C0 07 7C 5F 03 7C 7C 16 16 16 CD 00 81 0C 12 C0 07 
[GHST RAW] len=24: 16 16 16 16 6A 00 81 0C 11 C0 07 7C 5F 03 7C 7C 16 16 16 CD 00 81 0C 12 
[GHST RAW] len=9: C0 07 7C 5F 03 7C 7C 7C 7C 
[GHST RAW] len=19: 0C 11 C0 07 7C 5F 03 7C 7C 16 16 16 CD 00 81 0C 12 C0 07 
[GHST RAW] len=24: 16 16 16 16 6A 00 81 0C 11 C0 07 7C 5F 03 7C 7C 16 16 16 CD 00 81 0C 12 
[GHST RAW] len=9: C0 07 7C 60 03 7C 7C 7C 7C 
[GHST RAW] len=19: 0C 11 C0 07 7C 60 03 7C 7C 16 16 16 C4 00 81 0C 12 C0 07 
[GHST RAW] len=24: 16 16 16 16 63 00 81 0C 11 C0 07 7C 60 03 7C 7C 16 16 16 C4 00 81 0C 12 
[GHST RAW] len=9: C0 07 7C 5F 03 7C 7C 7C 7C 
[GHST RAW] len=19: 0C 11 C0 07 7C 5F 03 7C 7C 16 16 16 CD 00 81 0C 12 C0 07 
[GHST RAW] len=24: 16 16 16 16 6A 00 81 0C 11 C0 07 7C 5F 03 7C 7C 16 16 16 CD 00 81 0C 12 
[GHST RAW] len=9: C0 07 7C 5F 03 7C 7C 7C 7C 
[GHST RAW] len=19: 0C 11 C0 07 7C 5D 03 7C 7C 16 16 16 30 00 81 0C 12 C0 07 
[GHST RAW] len=24: 16 16 16 16 97 00 81 0C 11 C0 07 7C 5D 03 7C 7C 16 16 16 30 00 81 0C 12 
[GHST RAW] len=9: C0 07 7C 5D 03 7C 7C 7C 7C 
[GHST RAW] len=38: 7C 24 00 81 0C 10 C0 07 7C 5D 03 7C 16 16 16 16 97 00 81 0C 11 C0 07 7C 5D 03 7C 7C 16 16 16 30 00 81 0C 12 C0 07 
[GHST RAW] len=24: 16 16 16 16 97 00 81 0C 11 C0 07 7C 5F 03 7C 7C 16 16 16 CD 00 81 0C 12 
[GHST RAW] len=9: C0 07 7C 5F 03 7C 7C 7C 7C 
[GHST RAW] len=19: 0C 11 C0 07 7C 88 03 7C 7C 16 16 16 73 00 81 0C 12 C0 07 
[GHST RAW] len=24: 16 16 16 16 44 00 81 0C 11 C0 07 7C D2 03 7C 7C 16 16 16 E3 00 81 0C 12 
[GHST RAW] len=9: C0 07 7C EF 03 7C 7C 7C 7C 
[GHST RAW] len=5: 7C 03 00 81 0C 
[GHST RAW] len=6: 45 04 7C 7C 16 16 
[GHST RAW] len=18: 0C 10 C0 07 7C A0 04 7C 16 16 16 16 45 00 81 0C 11 C0 
[GHST RAW] len=20: 0C 12 C0 07 7C BC 05 7C 7C 7C 7C 7C A3 00 81 0C 10 C0 07 7C 
[GHST RAW] len=7: BD 05 7C 16 16 16 16 
[GHST RAW] len=2: 84 00 
[GHST RAW] len=14: 81 0C 11 C0 07 7C E0 05 7C 7C 16 16 16 F5 
[GHST RAW] len=9: C0 07 7C 44 06 7C 16 16 16 
[GHST RAW] len=20: 0C 12 C0 07 7C A2 06 7C 7C 7C 7C 7C EE 00 81 0C 10 C0 07 7C 
[GHST RAW] len=8: B4 06 7C 16 16 16 16 33 
[ST RAW] len=9: C0 07 7C 0C 07 7C 7C 7C 7C 
[GHST RAW] len=19: 0C 11 C0 07 7C 64 07 7C 7C 16 16 16 F4 00 81 0C 12 C0 07 
GH