[GHST RAW] len=9: C0 07 7C B6 09 7C 7C 7C 7C 
[GHST RAW] len=35: 7C 21 00 81 0C 10 C0 07 7C B4 09 7C 16 16 16 16 6F 00 81 0C 11 C0 07 7C 99 09 7C 7C 16 16 16 80 00 81 0C 
[GHST RAW] len=11: 40 09 7C 16 16 16 16 15 00 81 0C 
[GHST RAW] len=10: DB 08 7C 7C 7C 7C 7C 7E 00 81 
[GHST RAW] len=18: 0C 10 C0 07 7C C8 08 7C 16 16 16 16 18 00 81 0C 11 C0 
[GHST RAW] len=20: 0C 12 C0 07 7C C4 07 7C 7C 7C 7C 7C 86 00 81 0C 10 C0 07 7C 
[GHST RAW] len=9: AA 07 7C 16 16 16 16 9B 00 
[GHST RAW] len=14: 81 0C 11 C0 07 7C 8D 07 7C 7C 16 16 16 D7 
[GHST RAW] len=9: C0 07 7C 00 07 7C 16 16 16 
[GHST RAW] len=20: 0C 12 C0 07 7C 6F 06 7C 7C 7C 7C 7C 4F 00 81 0C 10 C0 07 7C 
[GHST RAW] len=8: 52 06 7C 16 16 16 16 08 
[GHST RAW] len=9: C0 07 7C D2 05 7C 7C 7C 7C 
[GHST RAW] len=15: 7C 0D 00 81 0C 10 C0 07 7C BF 05 7C 16 16 16 
[GHST RAW] len=20: 0C 12 C0 07 7C 5A 05 7C 7C 7C 7C 7C 98 00 81 0C 10 C0 07 7C 
[GHST RAW] len=7: 48 05 7C 16 16 16 16 
[GHST RAW] len=2: 6A 00 
[GHST RAW] len=14: 81 0C 11 C0 07 7C 37 05 7C 7C 16 16 16 4B 
[GHST RAW] len=9: C0 07 7C E2 04 7C 16 16 16 
[GHST RAW] len=57: 16 37 00 81 0C 11 C0 07 7C D0 04 7C 7C 16 16 16 7C 00 81 0C 12 C0 07 7C BF 04 7C 7C 7C 7C 7C 52 00 81 0C 10 C0 07 7C AF 04 7C 16 16 16 16 5D 00 81 0C 11 C0 07 7C 9D 04 7C 
[GHST RAW] len=24: 7C 16 16 16 16 00 81 0C 12 C0 07 7C 8A 04 7C 7C 7C 7C 7C F8 00 81 0C 10 
[GHST RAW] len=9: C0 07 7C 88 04 7C 16 16 16 
[GHST RAW] len=20: 0C 12 C0 07 7C 22 04 7C 7C 7C 7C 7C C0 00 81 0C 10 C0 07 7C 
[GHST RAW] len=6: 20 04 7C 16 16 16 
[GHST RAW] len=20: 0C 12 C0 07 7C D2 03 7C 7C 7C 7C 7C F7 00 81 0C 10 C0 07 7C 
[GHST RAW] len=5: BA 03 7C 16 16 
[GHST RAW] len=24: 16 16 38 00 81 0C 11 C0 07 7C B8 03 7C 7C 16 16 16 62 00 81 0C 12 C0 07 
[GHST RAW] len=24: 16 16 16 16 64 00 81 0C 11 C0 07 7C 74 03 7C 7C 16 16 16 57 00 81 0C 12 
[GHST RAW] len=9: C0 07 7C 5F 03 7C 7C 7C 7C 
[GHST RAW] len=19: 0C 11 C0 07 7C 45 03 7C 7C 16 16 16 D2 00 81 0C 12 C0 07 
[GHST RAW] len=50: 7C 30 03 7C 7C 7C 7C 7C E3 00 81 0C 10 C0 07 7C 30 03 7C 16 16 16 16 50 00 81 0C 11 C0 07 7C 2F 03 7C 7C 16 16 16 53 00 81 0C 12 C0 07 7C 2F 03 7C 7C 
[GHST RAW] len=9: C0 07 7C E7 02 7C 7C 7C 7C 
[GHST RAW] len=19: 0C 11 C0 07 7C BA 02 7C 7C 16 16 16 07 00 81 0C 12 C0 07 
[GHST RAW] len=24: 16 16 16 16 F7 00 81 0C 11 C0 07 7C 8D 02 7C 7C 16 16 16 50 00 81 0C 12 
[GHST RAW] len=9: C0 07 7C 74 02 7C 7C 7C 7C 
[GHST RAW] len=19: 0C 11 C0 07 7C 5D 02 7C 7C 16 16 16 A8 00 81 0C 12 C0 07 
[GHST RAW] len=24: 16 16 16 16 E7 00 81 0C 11 C0 07 7C 22 02 7C 7C 16 16 16 2E 00 81 0C 12 
[GHST RAW] len=9: C0 07 7C 22 02 7C 7C 7C 7C 
[GHST RAW] len=60: 7C 3A 00 81 0C 10 C0 07 7C 22 02 7C 16 16 16 16 89 00 81 0C 11 C0 07 7C 12 02 7C 7C 16 16 16 3F 00 81 0C 12 C0 07 7C 10 02 7C 7C 7C 7C 7C D6 00 81 0C 10 C0 07 7C 10 02 7C 16 16 16 
[GHST RAW] len=20: 0C 12 C0 07 7C FD 01 7C 7C 7C 7C 7C A7 00 81 0C 10 C0 07 7C 
[GHST RAW] len=3: FC 01 7C 
[GHST RAW] len=24: 16 16 16 16 80 00 81 0C 11 C0 07 7C EC 01 7C 7C 16 16 16 9B 00 81 0C 12 
[GHST RAW] len=9: C0 07 7C EA 01 7C 7C 7C 7C 
[GHST RAW] len=19: 0C 11 C0 07 7C D5 01 7C 7C 16 16 16 40 00 81 0C 12 C0 07 
[GHST RAW] len=24: 16 16 16 16 CB 00 81 0C 11 C0 07 7C 9F 01 7C 7C 16 16 16 6C 00 81 0C 12 
[GHST RAW] len=9: C0 07 7C 8C 01 7C 7C 7C 7C 
[GHST RAW] len=19: 0C 11 C0 07 7C 65 01 7C 7C 16 16 16 9A 00 81 0C 12 C0 07 
[GHST RAW] len=24: 16 16 16 16 7B 00 81 0C 11 C0 07 7C 60 01 7C 7C 16 16 16 21 00 81 0C 12 
[GHST RAW] len=9: C0 07 7C 60 01 7C 7C 7C 7C 
[GHST RAW] len=55: 7C 35 00 81 0C 10 C0 07 7C 60 01 7C 16 16 16 16 86 00 81 0C 11 C0 07 7C 60 01 7C 7C 16 16 16 21 00 81 0C 12 C0 07 7C 5F 01 7C 7C 7C 7C 7C 3C 00 81 0C 10 C0 07 7C 5F 
[GHST RAW] len=24: 16 16 D5 00 81 0C 12 C0 07 7C 5D 01 7C 7C 7C 7C 7C C1 00 81 0C 10 C0 07 
[GHST RAW] len=24: 7C 16 16 16 41 00 81 0C 12 C0 07 7C 5C 01 7C 7C 7C 7C 7C 55 00 81 0C 10 
[GHST RAW] len=9: C0 07 7C 5C 01 7C 16 16 16 
[GHST RAW] len=20: 0C 12 C0 07 7C 5C 01 7C 7C 7C 7C 7C 55 00 81 0C 10 C0 07 7C 
[GHST RAW] len=3: 5C 01 7C 
[GHST RAW] len=24: 16 16 16 16 E6 00 81 0C 11 C0 07 7C 5C 01 7C 7C 16 16 16 41 00 81 0C 12 
[GHST RAW] len=9: C0 07 7C 5C 01 7C 7C 7C 7C 
[GHST RAW] len=19: 0C 11 C0 07 7C 5A 01 7C 7C 16 16 16 93 00 81 0C 12 C0 07 
[GHST RAW] len=24: 16 16 16 16 34 00 81 0C 11 C0 07 7C 5A 01 7C 7C 16 16 16 93 00 81 0C 12 
[GHST RAW] len=9: C0 07 7C 5A 01 7C 7C 7C 7C 
[GHST RAW] len=19: 0C 11 C0 07 7C 5A 01 7C 7C 16 16 16 93 00 81 0C 12 C0 07 
[GHST RAW] len=24: 16 16 16 16 34 00 81 0C 11 C0 07 7C 5A 01 7C 7C 16 16 16 93 00 81 0C 12 
[GHST RAW] len=9: C0 07 7C 5A 01 7C 7C 7C 7C 
[GHST RAW] len=19: 0C 11 C0 07 7C 5A 01 7C 7C 16 16 16 93 00 81 C[GHST RAW] len=24: 16 16 16 16 34 00 81 0C 11 C0 07C 16 16 16 93 00 81 0C 12 
[GHST RAW] len=9: C0 7 7C[GHST RAW] len=19: 0C 11 C0 07 7C 5A 01 7C 7C 16 16 16 93 00 81 0C 12 C0 07 
[GHST RAW] len=24: 16 16 16 16 34 00 81 0C 11 C0 07 7C 5A 01 7C 7C 16 16 16 93 00 81 0C 12 
[GHST RAW] len=9: C0 07 7C 5A 01 7C 7C 7C 7C 
[GHST RAW] len=19: 0C 11 C0 07 7C 5A 01 7C 7C 16 16 16 93 00 81 0C 12 C0 07 
[GHST RAW] len=24: 16 16 16 16 34 00 81 0C 11 C0 07 7C 5A 01 7C 7C 16 16 16 93 00 81 0C 12 
[GHST RAW] len=9: C0 07 7C 5A 01 7C 7C 7C 7C 
[GHST RAW] len=19: 0C 11 C0 07 7C 5A 01 7C 7C 16 16 16 93 00 81 0C 12 C0 07 
[GHST RAW] len=24: 16 16 16 16 34 00 81 0C 11 C0 07 7C 5A 01 7C 7C 16 16 16 93 00 81 0C 12 
[GHST RAW] len=9: C0 07 7C 5A 01 7C 7C 7C 7C 
[GHST RAW] len=19: 0C 11 C0 07 7C 5A 01 7C 7C 16 16 16 93 00 81 0C 12 C0 07 
[GHST RAW] len=24: 16 16 16 16 34 00 81 0C 11 C0 07 7C 5A 01 7C 7C 16 16 16 93 00 81 0C 12 
[GHST RAW] len=9: C0 07 7C 5A 01 7C 7C 7C 7C 
[GHST RAW] len=19: 0C 11 C0 07 7C 5A 01 7C 7C 16 16 16 93 00 81 0C 12 C0 07 
[GHST RAW] len=24: 16 16 16 16 34 00 81 0C 11 C0 07 7C 5A 01 7C 7C 16 16 16 93 00 81 0C 12 
[GHST RAW] len=9: C0 07 7C 5A 01 7C 7C 7C 7C 
[GHST RAW] len=19: 0C 11 C0 07 7C 5A 01 7C 7C 16 16 16 93 00 81 0C 12 C0 07 
[GHST RAW] len=24: 16 16 16 16 34 00 81 0C 11 C0 07 7C 5A 01 7C 7C 16 16 16 93 00 81 0C 12 
[GHST RAW] len=9: C0 07 7C 5A 01 7C 7C 7C 7C 
[GHST RAW] len=19: 0C 11 C0 07 7C 5A 01 7C 7C 16 16 16 93 00 81 0C 12 C0 07 
[GHST RAW] len=24: 16 16 16 16 34 00 81 0C 11 C0 07 7C 5A 01 7C 7C 16 16 16 93 00 81 0C 12 
[GHST RAW] len=9: C0 07 7C 5A 01 7C 7C 7C 7C 
[GHST RAW] len=19: 0C 11 C0 07 7C 5A 01 7C 7C 16 16 16 93 00 81 0C 12 C0 07 
[GHST RAW] len=24: 16 16 16 16 34 00 81 0C 11 C0 07 7C 5A 01 7C 7C 16 16 16 93 00 81 0C 12 
[GHST RAW] len=9: C0 07 7C 5A 01 7C 7C 7C 7C 
[GHST RAW] len=19: 0C 11 C0 07 7C 5A 01 7C 7C 16 16 16 93 00 81 0C 12 C0 07 
[GHST RAW] len=24: 16 16 16 16 34 00 81 0C 11 C0 07 7C 5A 01 7C 7C 16 16 16 93 00 81 0C 12 
[GHST RAW] len=9: C0 07 7C 5A 01 7C 7C 7C 7C 
[GHST RAW] len=19: 0C 11 C0 07 7C 5A 01 7C 7C 16 16 16 93 00 81 0C 12 C0 07 
[GHST RAW] len=24: 16 16 16 16 34 00 81 0C 11 C0 07 7C 5A 01 7C 7C 16 16 16 93 00 81 0C 12 
[GHST RAW] len=9: C0 07 7C 5A 01 7C 7C 7C 7C 
[GHST RAW] len=19: 0C 11 C0 07 7C 5A 01 7C 7C 16 16 16 93 00 81 0C 12 C0 07 
[GHST RAW] len=24: 16 16 16 16 34 00 81 0C 11 C0 07 7C 5A 01 7C 7C 16 16 16 93 00 81 0C 12 
[GHST RAW] len=9: C0 07 7C 5A 01 7C 7C 7C 7C 
[GHST RAW] len=19: 0C 11 C0 07 7C 5A 01 7C 7C 16 16 16 93 00 81 0C 12 C0 07 
[GHST RAW] len=24: 16 16 16 16 34 00 81 0C 11 C0 07 7C 5A 01 7C 7C 16 16 16 93 00 81 0C 12 
[GHST RAW] len=9: C0 07 7C 5A 01 7C 7C 7C 7C 
[GHST RAW] len=19: 0C 11 C0 07 7C 5A 01 7C 7C 16 16 16 93 00 81 0C 12 C0 07 
[GHST RAW] len=24: 16 16 16 16 34 00 81 0C 11 C0 07 7C 5A 01 7C 7C 16 16 16 93 00 81 0C 12 
[GHST RAW] len=9: C0 07 7C 5A 01 7C 7C 7C 7C 
[GHST RAW] len=19: 0C 11 C0 07 7C 5A 01 7C 7C 16 16 16 93 00 81 0C 12 C0 07 
[GHST RAW] len=24: 16 16 16 16 34 00 81 0C 11 C0 07 7C 5A 01 7C 7C 16 16 16 93 00 81 0C 12 
[GHST RAW] len=9: C0 07 7C 5A 01 7C 7C 7C 7C 
[GHST RAW] len=19: 0C 11 C0 07 7C 5A 01 7C 7C 16 16 16 93 00 81 0C 12 C0 07 
[GHST RAW] len=24: 16 16 16 16 34 00 81 0C 11 C0 07 7C 5A 01 7C 7C 16 16 16 93 00 81 0C 12 
[GHST RAW] len=9: C0 07 7C 5A 01 7C 7C 7C 7C 
[GHST RAW] len=19: 0C 11 C0 07 7C 5A 01 7C 7C 16 16 16 93 00 81 0C 12 C0 07 
[GHST RAW] len=24: 16 16 16 16 34 00 81 0C 11 C0 07 7C 5A 01 7C 7C 16 16 16 93 00 81 0C 12 
[GHST RAW] len=9: C0 07 7C 5A 01 7C 7C 7C 7C 
[GHST RAW] len=19: 0C 11 C0 07 7C 5A 01 7C 7C 16 16 16 93 00 81 0C 12 C0 07 
[GHST RAW] len=24: 16 16 16 16 34 00 81 0C 11 C0 07 7C 5A 01 7C 7C 16 16 16 93 00 81 0C 12 
[GHST RAW] len=9: C0 07 7C 5A 01 7C 7C 7C 7C 
[GHST RAW] len=19: 0C 11 C0 07 7C 5A 01 7C 7C 16 16 16 93 00 81 0C 12 C0 07 
[GHST RAW] len=24: 16 16 16 16 34 00 81 0C 11 C0 07 7C 5A 01 7C 7C 16 16 16 93 00 81 0C 12 
[GHST RAW] len=9: C0 07 7C 5A 01 7C 7C 7C 7C 
[GHST RAW] len=19: 0C 11 C0 07 7C 5A 01 7C 7C 16 16 16 93 00 81 0C 12 C0 07 
[GHST RAW] len=24: 16 16 16 16 34 00 81 0C 11 C0 07 7C 5A 01 7C 7C 16 16 16 93 00 81 0C 12 
[GHST RAW] len=9: C0 07 7C 5A 01 7C 7C 7C 7C 
[GHST RAW] len=19: 0C 11 C0 07 7C 5A 01 7C 7C 16 16 16 93 00 81 0C 12 C0 07 
[GHST RAW] len=24: 16 16 16 16 34 00 81 0C 11 C0 07 7C 5A 01 7C 7C 16 16 16 93 00 81 0C 12 
[GHST RAW] len=9: C0 07 7C 5A 01 7C 7C 7C 7C 
[GHST RAW] len=19: 0C 11 C0 07 7C 5A 01 7C 7C 16 16 16 93 00 81 0C 12 C0 07 
[GHST RAW] len=24: 16 16 16 16 34 00 81 0C 11 C0 07 7C 5A 01 7C 7C 16 16 16 93 00 81 0C 12 
[GHST RAW] len=9: C0 07 7C 5A 01 7C 7C 7C 7C 
[GHST RAW] len=19: 0C 11 C0 07 7C 5A 01 7C 7C 16 16 16 93 00 81 0C 12 C0 07 
[GHST RAW] len=24: 16 16 16 16 34 00 81 0C 11 C0 07 7C 5A 01 7C 7C 16 16 16 93 00 81 0C 12 
[GHST RAW] len=9: C0 07 7C 5A 01 7C 7C 7C 7C 
[GHST RAW] len=19: 0C 11 C0 07 7C 5A 01 7C 7C 16 16 16 93 00 81 0C 12 C0 07 
[GHST RAW] len=24: 16 16 16 16 34 00 81 0C 11 C0 07 7C 5A 01 7C 7C 16 16 16 93 00 81 0C 12 
[GHST RAW] len=9: C0 07 7C 5A 01 7C 7C 7C 7C 
[GHST RAW] len=19: 0C 11 C0 07 7C 5A 01 7C 7C 16 16 16 93 00 81 0C 12 C0 07 
[GHST RAW] len=24: 16 16 16 16 34 00 81 0C 11 C0 07 7C 5A 01 7C 7C 16 16 16 93 00 81 0C 12 
[GHST RAW] len=9: C0 07 7C 5A 01 7C 7C 7C 7C 
[GHST RAW] len=19: 0C 11 C0 07 7C 5A 01 7C 7C 16 16 16 93 00 81 0C 12 C0 07 
[GHST RAW] len=24: 16 16 16 16 34 00 81 0C 11 C0 07 7C 5A 01 7C 7C 16 16 16 93 00 81 0C 12 
[GHST RAW] len=9: C0 07 7C 5A 01 7C 7C 7C 7C 
[GHST RAW] len=19: 0C 11 C0 07 7C 5A 01 7C 7C 16 16 16 93 00 81 0C 12 C0 07 
[GHST RAW] len=24: 16 16 16 16 34 00 81 0C 11 C0 07 7C 5A 01 7C 7C 16 16 16 93 00 81 0C 12 
[GHST RAW] len=9: C0 07 7C 5A 01 7C 7C 7C 7C 
[GHST RAW] len=19: 0C 11 C0 07 7C 5A 01 7C 7C 16 16 16 93 00 81 0C 12 C0 07 
[GHST RAW] len=24: 16 16 16 16 34 00 81 0C 11 C0 07 7C 5A 01 7C 7C 16 16 16 93 00 81 0C 12 
[GHST RAW] len=9: C0 07 7C 5A 01 7C 7C 7C 7C 
[GHST RAW] len=19: 0C 11 C0 07 7C 5A 01 7C 7C 16 16 16 93 00 81 0C 12 C0 07 
[GHST RAW] len=24: 16 16 16 16 34 00 81 0C 11 C0 07 7C 5A 01 7C 7C 16 16 16 93 00 81 0C 12 
[GHST RAW] len=9: C0 07 7C 5A 01 7C 7C 7C 7C 
[GHST RAW] len=19: 0C 11 C0 07 7C 5A 01 7C 7C 16 16 16 93 00 81 0C 12 C0 07 
[GHST RAW] len=24: 16 16 16 16 34 00 81 0C 11 C0 07 7C 5A 01 7C 7C 16 16 16 93 00 81 0C 12 
[GHST RAW] len=9: C0 07 7C 5A 01 7C 7C 7C 7C 
[GHST RAW] len=19: 0C 11 C0 07 7C 5A 01 7C 7C 16 16 16 93 00 81 0C 12 C0 07 
[GHST RAW] len=24: 16 16 16 16 34 00 81 0C 11 C0 07 7C 5A 01 7C 7C 16 16 16 93 00 81 0C 12 
[GHST RAW] len=9: C0 07 7C 5A 01 7C 7C 7C 7C 
[GHST RAW] len=19: 0C 11 C0 07 7C 5A 01 7C 7C 16 16 16 93 00 81 0C 12 C0 07 
[GHST RAW] len=24: 16 16 16 16 34 00 81 0C 11 C0 07 7C 5A 01 7C 7C 16 16 16 93 00 81 0C 12 
[GHST RAW] len=9: C0 07 7C 5A 01 7C 7C 7C 7C 
[GHST RAW] len=19: 0C 11 C0 07 7C 5A 01 7C 7C 16 16 16 93 00 81 0C 12 C0 07 
[GHST RAW] len=24: 16 16 16 16 34 00 81 0C 11 C0 07 7C 5A 01 7C 7C 16 16 16 93 00 81 0C 12 
[GHST RAW] len=9: C0 07 7C 5A 01 7C 7C 7C 7C 
[GHST RAW] len=19: 0C 11 C0 07 7C 5A 01 7C 7C 16 16 16 93 00 81 0C 12 C0 07 
[GHST RAW] len=24: 16 16 16 16 34 00 81 0C 11 C0 07 7C 5A 01 7C 7C 16 16 16 93 00 81 0C 12 
[GHST RAW] len=9: C0 07 7C 5A 01 7C 7C 7C 7C 
[GHST RAW] len=19: 0C 11 C0 07 7C 5A 01 7C 7C 16 16 16 93 00 81 0C 12 C0 07 
[GHST RAW] len=24: 16 16 16 16 34 00 81 0C 11 C0 07 7C 5A 01 7C 7C 16 16 16 93 00 81 0C 12 
[GHST RAW] len=9: C0 07 7C 5A 01 7C 7C 7C 7C 
[GHST RAW] len=19: 0C 11 C0 07 7C 5A 01 7C 7C 16 16 16 93 00 81 0C 12 C0 07 
[GHST RAW] len=24: 16 16 16 16 34 00 81 0C 11 C0 07 7C 5A 01 7C 7C 16 16 16 93 00 81 0C 12 
[GHST RAW] len=9: C0 07 7C 5A 01 7C 7C 7C 7C 
[GHST RAW] len=19: 0C 11 C0 07 7C 5A 01 7C 7C 16 16 16 93 00 81 0C 12 C0 07 
[GHST RAW] len=24: 16 16 16 16 34 00 81 0C 11 C0 07 7C 5A 01 7C 7C 16 16 16 93 00 81 0C 12 
[GHST RAW] len=9: C0 07 7C 5A 01 7C 7C 7C 7C 
[GHST RAW] len=19: 0C 11 C0 07 7C 5A 01 7C 7C 16 16 16 93 00 81 0C 12 C0 07 
[GHST RAW] len=24: 16 16 16 16 34 00 81 0C 11 C0 07 7C 5A 01 7C 7C 16 16 16 93 00 81 0C 12 
[GHST RAW] len=9: C0 07 7C 5A 01 7C 7C 7C 7C 
[GHST RAW] len=19: 0C 11 C0 07 7C 5A 01 7C 7C 16 16 16 93 00 81 0C 12 C0 07 
[GHST RAW] len=24: 16 16 16 16 34 00 81 0C 11 C0 07 7C 5A 01 7C 7C 16 16 16 93 00 81 0C 12 
[GHST RAW] len=9: C0 07 7C 5A 01 7C 7C 7C 7C 
[GHST RAW] len=19: 0C 11 C0 07 7C 5A 01 7C 7C 16 16 16 93 00 81 0C 12 C0 07 
[GHST RAW] len=24: 16 16 16 16 34 00 81 0C 11 C0 07 7C 5A 01 7C 7C 16 16 16 93 00 81 0C 12 
[GHST RAW] len=9: C0 07 7C 5A 01 7C 7C 7C 7C 
[GHST RAW] len=19: 0C 11 C0 07 7C 5A 01 7C 7C 16 16 16 93 00 81 0C 12 C0 07 
[GHST RAW] len=24: 16 16 16 16 34 00 81 0C 11 C0 07 7C 5A 01 7C 7C 16 16 16 93 00 81 0C 12 
[GHST RAW] len=9: C0 07 7C 5A 01 7C 7C 7C 7C 
[GHST RAW] len=19: 0C 11 C0 07 7C 5A 01 7C 7C 16 16 16 93 00 81 0C 12 C0 07 
[GHST RAW] len=24: 16 16 16 16 34 00 81 0C 11 C0 07 7C 5A 01 7C 7C 16 16 16 93 00 81 0C 12 
[GHST RAW] len=9: C0 07 7C 5A 01 7C 7C 7C 7C 
[GHST RAW] len=19: 0C 11 C0 07 7C 5A 01 7C 7C 16 16 16 93 00 81 0C 12 C0 07 
[GHST RAW] len=24: 16 16 16 16 34 00 81 0C 11 C0 07 7C 5A 01 7C 7C 16 16 16 93 00 81 0C 12 
[GHST RAW] len=9: C0 07 7C 5A 01 7C 7C 7C 7C 
[GHST RAW] len=19: 0C 11 C0 07 7C 5A 01 7C 7C 16 16 16 93 00 81 0[GHST RAW] len=24: 16 16 16 16 34 00 81 0C 11 C0 07 7C 5A 01 7C 7C 16 16 16 93 00 81 0C 12 
[GHST RAW] len=9: C0 07 7C 5A 01 7C 7C 7C 7C 
[GHST RAW] len=19: 0C 11 C0 07 7C 6D 01 7C 7C 16 16 16 C4 00 81 0C 12 C0 07 
[GHST RAW] len=24: 16 16 16 16 95 00 81 0C 11 C0 07 7C 98 01 7C 7C 16 16 16 2A 00 81 0C 12 
[GHST RAW] len=9: C0 07 7C AC 01 7C 7C 7C 7C 
[GHST RAW] len=2: 7C 00 
[GHST RAW] len=9: C0 07 7C EC 01 7C 7C 16 16 
[GHST RAW] len=18: 0C 10 C0 07 7C 25 02 7C 16 16 16 16 CF 00 81 0C 11 C0 
[GHST RAW] len=20: 0C 12 C0 07 7C 02 03 7C 7C 7C 7C 7C 0F 00 81 0C 10 C0 07 7C 
[GHST RAW] len=5: 20 03 7C 16 16 
[GHST RAW] len=24: 16 16 EC 00 81 0C 11 C0 07 7C 35 03 7C 7C 16 16 16 4C 00 81 0C 12 C0 07 
[GHST RAW] len=55: 7C 35 03 7C 7C 7C 7C 7C 58 00 81 0C 10 C0 07 7C 55 03 7C 16 16 16 16 C9 00 81 0C 11 C0 07 7C 67 03 7C 7C 16 16 16 82 00 81 0C 12 C0 07 7C 78 03 7C 7C 7C 7C 7C 32 00 
[GHST RAW] len=14: 81 0C 10 C0 07 7C 8D 03 7C 16 16 16 16 6F 
[GHST RAW] len=9: C0 07 7C EA 03 7C 7C 7C 7C 
[GHST RAW] len=19: 0C 11 C0 07 7C 4A B4 7C 7C 16 16 16 66 00 81 0C 12 C0 07 
[GHST RAW] len=24: 16 16 16 16 99 00 81 0C 11 C0 07 7C B5 E4 7E 7C 16 16 16 CB 00 81 0C 12 
[GHST RAW] len=9: C0 07 7C C7 E4 7E 7C 7C 7C 
[GHST RAW] len=19: 0C 11 C0 07 7C 22 15 7F 7C 16 16 16 3F 00 81 0C 12 C0 07 
[GHST RAW] len=57: 7C 37 35 7F 7C 7C 7C 7C D4 00 81 0C 10 C0 07 7C 38 35 7F 16 16 16 16 7F 00 81 0C 11 C0 07 7C 60 45 7F 7C 16 16 16 14 00 81 0C 12 C0 07 7C 74 45 7F 7C 7C 7C 7C 93 00 81 0C 
[GHST RAW] len=9: C0 07 7C 1F B7 80 7C 7C 7C 
[GHST RAW] len=35: 7C 21 00 81 0C 10 C0 07 7C 3F C7 80 16 16 16 16 9E 00 81 0C 11 C0 07 7C 5D C7 80 7C 16 16 16 E6 00 81 0C 
[GHST RAW] len=9: E6 07 81 16 16 16 16 75 00 
[GHST RAW] len=14: 81 0C 11 C0 07 7C FC 07 81 7C 16 16 16 CD 
[GHST RAW] len=9: C0 07 7C 76 E8 7F 16 16 16 
[GHST RAW] len=20: 0C 12 C0 07 7C FB 38 7D 7C 7C 7C 7C E1 00 81 0C 10 C0 07 7C 
[GHST RAW] len=11: 16 09 7C 16 16 16 16 F4 00 81 0C 
[GHST RAW] len=11: 90 09 7C 7C 7C 7C 7C 5E 00 81 0C 
[GHST RAW] len=12: 01 0A 7C 7C 16 16 16 D4 00 81 0C 12 
[GHST RAW] len=9: C0 07 7C 16 0A 7C 7C 7C 7C 
[GHST RAW] len=60: 7C 3A 00 81 0C 10 C0 07 7C 2B 0A 7C 16 16 16 16 7D 00 81 0C 11 C0 07 7C 41 0A 7C 7C 16 16 16 5B 00 81 0C 12 C0 07 7C 54 0A 7C 7C 7C 7C 7C 48 00 81 0C 10 C0 07 7C 6B 0A 7C 16 16 16 
[GHST RAW] len=20: 0C 12 C0 07 7C CB 0A 7C 7C 7C 7C 7C 27 00 81 0C 10 C0 07 7C 
[GHST RAW] len=12: CB 0A 7C 16 16 16 16 94 00 81 0C 11 
[GHST RAW] len=9: C0 07 7C EB 0A 7C 7C 16 16 
[GHST RAW] len=18: 0C 10 C0 07 7C 40 0B 7C 16 16 16 16 F0 00 81 0C 11 C0 
[GHST RAW] len=48: 16 2E 00 81 0C 11 C0 07 7C BE 0B 7C 7C 16 16 16 8E 00 81 0C 12 C0 07 7C BE 0B 7C 7C 7C 7C 7C 9A 00 81 0C 10 C0 07 7C D4 0B 7C 16 16 16 16 A8 00 
[GHST RAW] len=14: 81 0C 11 C0 07 7C D4 0B 7C 7C 16 16 16 0F 
[GHST RAW] len=9: C0 07 7C 08 0C 7C 16 16 16 
[GHST RAW] len=20: 0C 12 C0 07 7C 28 0C 7C 7C 7C 7C 7C 5D 00 81 0C 10 C0 07 7C 
[GHST RAW] len=14: 28 0C 7C 16 16 16 16 EE 00 81 0C 11 C0 07 
[GHST RAW] len=61: 7C 3B 0C 7C 7C 16 16 16 9C 00 81 0C 12 C0 07 7C 3B 0C 7C 7C 7C 7C 7C 88 00 81 0C 10 C0 07 7C 3C 0C 7C 16 16 16 16 7D 00 81 0C 11 C0 07 7C 51 0C 7C 7C 16 16 16 1D 00 81 0C 12 C0 07 7C 
[GHST RAW] len=14: 51 0C 7C 7C 7C 7C 7C 09 00 81 0C 10 C0 07 
[GHST RAW] len=24: 7C 16 16 16 55 00 81 0C 12 C0 07 7C 7C 0C 7C 7C 7C 7C 7C 41 00 81 0C 10 
[GHST RAW] len=9: C0 07 7C 7E 0C 7C 16 16 16 
[GHST RAW] len=17: 16 0F 00 81 0C 11 C0 07 7C 94 0C 7C 7C 16 16 16 E2 
[GHST RAW] len=9: C0 07 7C A8 0C 7C 16 16 16 
[GHST RAW] len=39: 16 25 00 81 0C 11 C0 07 7C BB 0C 7C 7C 16 16 16 57 00 81 0C 12 C0 07 7C BB 0C 7C 7C 7C 7C 7C 43 00 81 0C 10 C0 07 7C 
[GHST RAW] len=14: BB 0C 7C 16 16 16 16 F0 00 81 0C 11 C0 07 
[GHST RAW] len=2: 9A 00 
[GHST RAW] len=14: 81 0C 11 C0 07 7C 0B 0D 7C 7C 16 16 16 15 
[GHST RAW] len=9: C0 07 7C 23 0D 7C 16 16 16 
[GHST RAW] len=20: 0C 12 C0 07 7C 36 0D 7C 7C 7C 7C 7C F5 00 81 0C 10 C0 07 7C 
[GHST RAW] len=15: 38 0D 7C 16 16 16 16 CA 00 81 0C 11 C0 07 7C 
[GHST RAW] len=15: 38 0D 7C 7C 16 16 16 6D 00 81 0C 12 C0 07 7C 
[GHST RAW] len=15: 4B 0D 7C 7C 7C 7C 7C 8E 00 81 0C 10 C0 07 7C 
[GHST RAW] len=15: 4B 0D 7C 16 16 16 16 3D 00 81 0C 11 C0 07 7C 
[GHST RAW] len=15: 4B 0D 7C 7C 16 16 16 9A 00 81 0C 12 C0 07 7C 
[GHST RAW] len=15: 4C 0D 7C 7C 7C 7C 7C C8 00 81 0C 10 C0 07 7C 
[GHST RAW] len=15: 4C 0D 7C 16 16 16 16 7B 00 81 0C 11 C0 07 7C 
[GHST RAW] len=15: 61 0D 7C 7C 16 16 16 94 00 81 0C 12 C0 07 7C 
[GHST RAW] len=15: 61 0D 7C 7C 7C 7C 7C 80 00 81 0C 10 C0 07 7C 
[GHST RAW] len=15: 61 0D 7C 16 16 16 16 33 00 81 0C 11 C0 07 7C 
[GHST RAW] len=15: 61 0D 7C 7C 16 16 16 94 00 81 0C 12 C0 07 7C 
[GHST RAW] len=15: 61 0D 7C 7C 7C 7C 7C 80 00 81 0C 10 C0 07 7C 
[GHST RAW] len=15: 61 0D 7C 16 16 16 16 33 00 81 0C 11 C0 07 7C 
[GHST RAW] len=15: 63 0D 7C 7C 16 16 16 69 00 81 0C 12 C0 07 7C 
[GHST RAW] len=15: 63 0D 7C 7C 7C 7C 7C 7D 00 81 0C 10 C0 07 7C 
[GHST RAW] len=15: 63 0D 7C 16 16 16 16 CE 00 81 0C 11 C0 07 7C 
[GHST RAW] len=15: 64 0D 7C 7C 16 16 16 2F 00 81 0C 12 C0 07 7C 
[GHST RAW] len=15: 64 0D 7C 7C 7C 7C 7C 3B 00 81 0C 10 C0 07 7C 
[GHST RAW] lC[GHST RAW] len=15: 79 0D 7C 7C 7C 7C 7C 62 00 81 0C 10 C0 07 7C 
[GHST RAW] len=15: 79 0D 7C 16 16 16 16 D1 00 81 0C 11 C0 07 7C 
[GHST RAW] len=15: 79 0D 7C 7C 16 16 16 76 00 81 0C 12 C0 07 7C 
[GHST RAW] len=15: 79 0D 7C 7C 7C 7C 7C 62 00 81 0C 10 C0 07 7C 
[GHST RAW] len=15: 79 0D 7C 16 16 16 16 D1 00 81 0C 11 C0 07 7C 
[GHST RAW] len=15: 79 0D 7C 7C 16 16 16 76 00 81 0C 12 C0 07 7C 
[GHST RAW] len=15: 79 0D 7C 7C 7C 7 0 C0 07 7C 
[GHST RAW] len=15: 79 0D 7C 16 1616 107 7C 
[GHST RAW] len=15: 79 0D 7C 7C 16 16 16 76 00 81 0C 12 C0 07 7C 
[GHST RAW] len=15: 79 0D 7C 7C 7C 7C 7C 62 00 81 0C 10 C0 07 7C 
[GHST RAW] len=15: 79 0D 7C 16 16 16 16 D1 00 81 0C 11 C0 07 7C 
[GHST RAW] len=15: 79 0D 7C 7C 16 16 16 76 00 81 0C 12 C0 07 7C 
[GHST RAW] len=15: 79 0D 7C 7C 7C 7C 7C 62 00 81 0C 10 C0 07 7C 
[GHST RAW] len=15: 78 0D 7C 16 16 16 16 45 00 81 0C 11 C0 07 7C 
[GHST RAW] len=15: 78 0D 7C 7C 16 16 16 E2 00 81 0C 12 C0 07 7C 
[GHST RAW] len=15: 78 0D 7C 7C 7C 7C 7C F6 00 81 0C 10 C0 07 7C 
[GHST RAW] len=15: 78 0D 7C 16 16 16 16 45 00 81 0C 11 C0 07 7C 
[GHST RAW] len=15: 76 0D 7C 7C 16 16 16 6E 00 81 0C 12 C0 07 7C 
[GHST RAW] len=15: 74 0D 7C 7C 7C 7C 7C 87 00 81 0C 10 C0 07 7C 
[GHST RAW] len=15: 74 0D 7C 16 16 16 16 34 00 81 0C 11 C0 07 7C 
[GHST RAW] len=15: 73 0D 7C 7C 16 16 16 D5 00 81 0C 12 C0 07 7C 
[GHST RAW] len=15: 60 0D 7C 7C 7C 7C 7C 14 00 81 0C 10 C0 07 7C 
[GHST RAW] len=15: 5E 0D 7C 16 16 16 16 3A 00 81 0C 11 C0 07 7C 
[GHST RAW] len=15: 5E 0D 7C 7C 16 16 16 9D 00 81 0C 12 C0 07 7C 
[GHST RAW] len=15: 5E 0D 7C 7C 7C 7C 7C 89 00 81 0C 10 C0 07 7C 
[GHST RAW] len=15: 5E 0D 7C 16 16 16 16 3A 00 81 0C 11 C0 07 7C 
[GHST RAW] len=15: 5C 0D 7C 7C 16 16 16 60 00 81 0C 12 C0 07 7C 
[GHST RAW] len=15: 49 0D 7C 7C 7C 7C 7C 73 00 81 0C 10 C0 07 7C 
[GHST RAW] len=15: 49 0D 7C 16 16 16 16 C0 00 81 0C 11 C0 07 7C 
[GHST RAW] len=15: 49 0D 7C 7C 16 16 16 67 00 81 0C 12 C0 07 7C 
[GHST RAW] len=15: 48 0D 7C 7C 7C 7C 7C E7 00 81 0C 10 C0 07 7C 
[GHST RAW] len=15: 48 0D 7C 16 16 16 16 54 00 81 0C 11 C0 07 7C 
[GHST RAW] len=15: 33 0D 7C 7C 16 16 16 5A 00 81 0C 12 C0 07 7C 
[GHST RAW] len=15: 31 0D 7C 7C 7C 7C 7C B3 00 81 0C 10 C0 07 7C 
[GHST RAW] len=15: 31 0D 7C 16 16 16 16 00 00 81 0C 11 C0 07 7C 
[GHST RAW] len=15: 30 0D 7C 7C 16 16 16 33 00 81 0C 12 C0 07 7C 
[GHST RAW] len=15: 1B 0D 7C 7C 7C 7C 7C BD 00 81 0C 10 C0 07 7C 
[GHST RAW] len=15: 1B 0D 7C 16 16 16 16 0E 00 81 0C 11 C0 07 7C 
[GHST RAW] len=15: 19 0D 7C 7C 16 16 16 54 00 81 0C 12 C0 07 7C 
[GHST RAW] len=15: 06 0D 7C 7C 7C 7C 7C E4 00 81 0C 10 C0 07 7C 
[GHST RAW] len=15: 06 0D 7C 16 16 16 16 57 00 81 0C 11 C0 07 7C 
[GHST RAW] len=14: F6 0C 7C 7C 16 16 16 3D 00 81 0C 12 C0 07 
[GHST RAW] len=24: 16 16 16 16 D5 00 81 0C 11 C0 07 7C B9 0C 7C 7C 16 16 16 AA 00 81 0C 12 
[GHST RAW] len=9: C0 07 7C B8 0C 7C 7C 7C 7C 
[GHST RAW] len=44: 7C 2A 00 81 0C 10 C0 07 7C 9E 0C 7C 16 16 16 16 E6 00 81 0C 11 C0 07 7C 9C 0C 7C 7C 16 16 16 BC 00 81 0C 12 C0 07 7C 81 0C 7C 7C 7C 
[GHST RAW] len=14: 81 0C 11 C0 07 7C 34 0C 7C 7C 16 16 16 84 
[GHST RAW] len=9: C0 07 7C EC 0B 7C 16 16 16 
[GHST RAW] len=2: EB 00 
[GHST RAW] len=14: 81 0C 11 C0 07 7C F1 08 7C 7C 16 16 16 64 
[GHST RAW] len=9: C0 07 7C 80 08 7C 16 16 16 
[GHST RAW] len=20: 0C 12 C0 07 7C 09 08 7C 7C 7C 7C 7C 7B 00 81 0C 10 C0 07 7C 
[GHST RAW] len=9: F3 07 7C 16 16 16 16 62 00 
[GHST RAW] len=14: 81 0C 11 C0 07 7C D9 07 7C 7C 16 16 16 CB 
[GHST RAW] len=9: C0 07 7C 58 07 7C 16 16 16 
[GHST RAW] len=53: 16 33 00 81 0C 11 C0 07 7C 3D 07 7C 7C 16 16 16 0D 00 81 0C 12 C0 07 7C 20 07 7C 7C 7C 7C 7C 40 00 81 0C 10 C0 07 7C 04 07 7C 16 16 16 16 71 00 81 0C 11 C0 07 
[GHST RAW] len=2: C6 00 
[GHST RAW] len=14: 81 0C 11 C0 07 7C E2 05 7C 7C 16 16 16 08 
[GHST RAW] len=9: C0 07 7C 5A 05 7C 16 16 16 
[GHST RAW] len=45: 16 2B 00 81 0C 11 C0 07 7C 40 05 7C 7C 16 16 16 93 00 81 0C 12 C0 07 7C 25 05 7C 7C 7C 7C 7C 1E 00 81 0C 10 C0 07 7C 07 05 7C 16 16 16 
[GHST RAW] len=20: 0C 12 C0 07 7C 82 04 7C 7C 7C 7C 7C A6 00 81 0C 10 C0 07 7C 
[GHST RAW] len=6: 64 04 7C 16 16 16 
[GHST RAW] len=48: 16 2E 00 81 0C 11 C0 07 7C 4C 04 7C 7C 16 16 16 7A 00 81 0C 12 C0 07 7C 30 04 7C 7C 7C 7C 7C 81 00 81 0C 10 C0 07 7C 14 04 7C 16 16 16 16 B0 00 
[GHST RAW] len=14: 81 0C 11 C0 07 7C F8 03 7C 7C 16 16 16 ED 
[GHST RAW] len=9: C0 07 7C 74 03 7C 16 16 16 
[GHST RAW] len=20: 0C 12 C0 07 7C EF 02 7C 7C 7C 7C 7C 9B 00 81 0C 10 C0 07 7C 
[GHST RAW] len=4: D0 02 7C 16 
[GHST RAW] len=24: 16 16 16 21 00 81 0C 11 C0 07 7C B8 02 7C 7C 16 16 16 FA 00 81 0C 12 C0 
[GHST RAW] len=24: 7C 16 16 16 16 32 00 81 0C 11 C0 07 7C 0D 02 7C 7C 16 16 16 9B 00 81 0C 
[GHST RAW] len=3: 77 01 7C 
[GHST RAW] len=24: 16 16 16 16 7C 00 81 0C 11 C0 07 7C 5D 01 7C 7C 16 16 16 D5 00 81 0C 12 
[GHST RAW] len=9: C0 07 7C 5C 01 7C 7C 7C 7C 
[GHST RAW] len=19: 0C 11 C0 07 7C 5C 01 7C 7C 16 16 16 41 00 81 0C 12 C0 07 
[GHST RAW] len=24: 16 16 16 16 E6 00 81 0C 11 C0 07 7C 5C 01 7C 7C 16 16 16 41 00 81 0C 12 
[GHST RAW] len=9: C0 07 7C 5A 01 7C 7C 7C 7C 
[GHST RAW] len=19: 0C 11 C0 07 7C 5A 01 7C 7C 16 16 16 93 00 81 0C 12 C0 07 
[GHST RAW] len=24: 16 16 16 16 34 00 81 0C 11 C0 07 7C 5A 01 7C 7C 16 16 16 93 00 81 0C 12 
[GHST RAW] len=9: C0 07 7C 5A 01 7C 7C 7C 7C 
[GHST RAW] len=19: 0C 11 C0 07 7C 5A 01 7C 7C 16 16 16 93 00 81 0C 12 C0 07 
[GHST RAW] len=24: 16 16 16 16 34 00 81 0C 11 C0 07 7C 5A 01 7C 7C 16 16 16 93 00 81 0C 12 
[GHST RAW] len=9: C0 07 7C 5A 01 7C 7C 7C 7C 
[GHST RAW] len=19: 0C 11 C0 07 7C 5A 01 7C 7C 16 16 16 93 00 81 0C 12 C0 07 
[GHST RAW] len=24: 16 16 16 16 34 00 81 0C 11 C0 07 7C 5A 01 7C 7