[GHST RAW] len=19: 0C 11 C0 07 7C 5A 01 7C 7C 16 16 16 93 00 81 0C 12 C0 07 
[GHST RAW] len=24: 16 16 16 16 34 00 81 0C 11 C0 07 7C 5A 01 7C 7C 16 16 16 93 00 81 0C 12 
[GHST RAW] len=9: C0 07 7C 5A 01 7C 7C 7C 7C 
[GHST RAW] len=19: 0C 11 C0 07 7C 5A 01 7C 7C 16 16 16 93 00 81 0C 12 C0 07 
[GHST RAW] len=24: 16 16 16 16 34 00 81 0C 11 C0 07 7C 5A 01 7C 7C 16 16 16 93 00 81 0C 12 
[GHST RAW] len=9: C0 07 7C 5A 01 7C 7C 7C 7C 
[GHST RAW] len=19: 0C 11 C0 07 7C 5A 01 7C 7C 16 16 16 93 00 81 0C 12 C0 07 
[GHST RAW] len=24: 16 16 16 16 34 00 81 0C 11 C0 07 7C 5A 01 7C 7C 16 16 16 93 00 81 0C 12 
[GHST RAW] len=9: C0 07 7C 5A 01 7C 7C 7C 7C 
[GHST RAW] len=19: 0C 11 C0 07 7C 5A 01 7C 7C 16 16 16 93 00 81 0C 12 C0 07 
[GHST RAW] len=24: 16 16 16 16 34 00 81 0C 11 C0 07 7C 5A 01 7C 7C 16 16 16 93 00 81 0C 12 
[GHST RAW] len=9: C0 07 7C 5A 01 7C 7C 7C 7C 
[GHST RAW] len=19: 0C 11 C0 07 7C 5A 01 7C 7C 16 16 16 93 00 81 0C 12 C0 07 
[GHST RAW] len=24: 16 16 16 16 34 00 81 0C 11 C0 07 7C 5A 01 7C 7C 16 16 16 93 00 81 0C 12 
[GHST RAW] len=9: C0 07 7C 5A 01 7C 7C 7C 7C 
[GHST RAW] len=19: 0C 11 C0 07 7C 5A 01 7C 7C 16 16 16 93 00 81 0C 12 C0 07 
[GHST RAW] len=24: 16 16 16 16 34 00 81 0C 11 C0 07 7C 5A 01 7C 7C 16 16 16 93 00 81 0C 12 
[GHST RAW] len=9: C0 07 7C 5A 01 7C 7C 7C 7C 
[GHST RAW] len=19: 0C 11 C0 07 7C 5A 01 7C 7C 16 16 16 93 00 81 0C 12 C0 07 
[GHST RAW] len=24: 16 16 16 16 34 00 81 0C 11 C0 07 7C 5A 01 7C 7C 16 16 16 93 00 81 0C 12 
[GHST RAW] len=9: C0 07 7C 5A 01 7C 7C 7C 7C 
[GHST RAW] len=19: 0C 11 C0 07 7C 5A 01 7C 7C 16 16 16 93 00 81 0C 12 C0 07 
[GHST RAW] len=24: 16 16 16 16 34 00 81 0C 11 C0 07 7C 5A 01 7C 7C 16 16 16 93 00 81 0C 12 
[GHST RAW] len=9: C0 07 7C 5A 01 7C 7C 7C 7C 
[GHST RAW] len=19: 0C 11 C0 07 7C 5A 01 7C 7C 16 16 16 93 00 81 0C 12 C0 07 
[GHST RAW] len=24: 16 16 16 16 63 00 81 0C 11 C0 07 7C 7F 01 7C 7C 16 16 16 85 00 81 0C 12 
[GHST RAW] len=9: C0 07 7C 7F 01 7C 7C 7C 7C 
[GHST RAW] len=19: 0C 11 C0 07 7C A4 01 7C 7C 16 16 16 4A 00 81 0C 12 C0 07 
[GHST RAW] len=24: 16 16 16 16 73 00 81 0C 11 C0 07 7C EC 01 7C 7C 16 16 16 9B 00 81 0C 12 
[GHST RAW] len=9: C0 07 7C EC 01 7C 7C 7C 7C 
[GHST RAW] len=19: 0C 11 C0 07 7C 45 02 7C 7C 16 16 16 4A 00 81 0C 12 C0 07 
[GHST RAW] len=24: 16 16 16 16 4C 00 81 0C 11 C0 07 7C AC 02 7C 7C 16 16 16 69 00 81 0C 12 
[GHST RAW] len=9: C0 07 7C BD 02 7C 7C 7C 7C 
[GHST RAW] len=19: 0C 11 C0 07 7C 25 03 7C 7C 16 16 16 F0 00 81 0C 12 C0 07 
[GHST RAW] len=62: 7C 3C 03 7C 7C 7C 7C 7C 92 00 81 0C 10 C0 07 7C 55 03 7C 16 16 16 16 C9 00 81 0C 11 C0 07 7C 68 03 7C 7C 16 16 16 9A 00 81 0C 12 C0 07 7C 80 03 7C 7C 7C 7C 7C 39 00 81 0C 10 C0 07 7C 97 
[GHST RAW] len=24: 16 16 04 00 81 0C 12 C0 07 7C 04 84 7C 7C 7C 7C 7C F5 00 81 0C 10 C0 07 
[GHST RAW] len=30: 7C 1C 84 7C 16 16 16 16 A4 00 81 0C 11 C0 07 7C 32 84 7C 7C 16 16 16 22 00 81 0C 12 C0 07 
[GHST RAW] len=24: 16 16 16 16 8B 00 81 0C 11 C0 07 7C BC C4 7C 7C 16 16 16 40 00 81 0C 12 
[GHST RAW] len=9: C0 07 7C D4 C4 7C 7C 7C 7C 
[GHST RAW] len=42: 7C 28 00 81 0C 10 C0 07 7C ED E4 7C 16 16 16 16 B8 00 81 0C 11 C0 07 7C 02 E5 7C 7C 16 16 16 76 00 81 0C 12 C0 07 7C 1C 05 7D 
[GHST RAW] len=2: 01 00 
[GHST RAW] len=14: 81 0C 11 C0 07 7C A0 15 7D 7C 16 16 16 B0 
[GHST RAW] len=9: C0 07 7C 25 06 7C 16 16 16 
[GHST RAW] len=20: 0C 12 C0 07 7C AF 06 7C 7C 7C 7C 7C 0B 00 81 0C 10 C0 07 7C 
[GHST RAW] len=8: CD 06 7C 16 16 16 16 67 
[GHST RAW] len=9: C0 07 7C 47 07 7C 7C 7C 7C 
[GHST RAW] len=38: 7C 24 00 81 0C 10 C0 07 7C 62 07 7C 16 16 16 16 81 00 81 0C 11 C0 07 7C 7F 07 7C 7C 16 16 16 7F 00 81 0C 12 C0 07 
[GHST RAW] len=24: 16 16 16 16 9F 00 81 0C 11 C0 07 7C 04 08 7C 7C 16 16 16 8A 00 81 0C 12 
[GHST RAW] len=9: C0 07 7C 1B 08 7C 7C 7C 7C 
[GHST RAW] len=60: 7C 3A 00 81 0C 10 C0 07 7C 30 08 7C 16 16 16 16 13 00 81 0C 11 C0 07 7C 40 08 7C 7C 16 16 16 2A 00 81 0C 12 C0 07 7C 56 08 7C 7C 7C 7C 7C 50 00 81 0C 10 C0 07 7C 6C 08 7C 16 16 16 
[GHST RAW] len=20: 0C 12 C0 07 7C C6 08 7C 7C 7C 7C 7C 27 00 81 0C 10 C0 07 7C 
[GHST RAW] len=10: DE 08 7C 16 16 16 16 76 00 81 
[GHST RAW] len=19: 0C 11 C0 07 7C F1 08 7C 7C 16 16 16 64 00 81 0C 12 C0 07 
[GHST RAW] len=5: 7C 03 09 7C 7C 
[GHST RAW] len=9: C0 07 7C 9E 09 7C 7C 7C 7C 
[GHST RAW] len=19: 0C 11 C0 07 7C 0C 0A 7C 7C 16 16 16 31 00 81 0C 12 C0 07 
[GHST RAW] len=30: 7C 1C 0A 7C 7C 7C 7C 7C 99 00 81 0C 10 C0 07 7C 2E 0A 7C 16 16 16 16 C6 00 81 0C 11 C0 07 
[GHST RAW] len=2: F0 00 
[GHST RAW] len=14: 81 0C 11 C0 07 7C C8 0A 7C 7C 16 16 16 5A 
[GHST RAW] len=9: C0 07 7C 01 0B 7C 16 16 16 
[GHST RAW] len=20: 0C 12 C0 07 7C 43 0B 7C 7C 7C 7C 7C 2A 00 81 0C 10 C0 07 7C 
[GHST RAW] len=13: 5C 0B 7C 16 16 16 16 3D 00 81 0C 11 C0 
[GHST RAW] len=20: 0C 12 C0 07 7C D1 0B 7C 7C 7C 7C 7C A0 00 81 0C 10 C0 07 7C 
[GHST RAW] len=13: E1 0B 7C 16 16 16 16 02 00 81 0C 11 C0 
[GHST RAW] len=20: 0C 12 C0 07 7C 5B 0C 7C 7C 7C 7C 7C AA 00 81 0C 10 C0 07 7C 
[GHST RAW] len=14: 5B 0C 7C 16 16 16 16 19 00 81 0C 11 C0 07 
[GHST RAW] len=2: 5D 00 
[GHST RAW] len=14: 81 0C 11 C0 07 7C 9B 0C 7C 7C 16 16 16 FA 
[GHST RAW] len=9: C0 07 7C C6 0C 7C 16 16 16 
[GHST RAW] len=20: 0C 12 C0 07 7C D6 0C 7C 7C 7C 7C 7C 84 00 81 0C 10 C0 07 7C 
[GHST RAW] len=14: D6 0C 7C 16 16 16 16 37 00 81 0C 11 C0 07 
[GHST RAW] len=2: F4 00 
[GHST RAW] len=14: 81 0C 11 C0 07 7C 0C 0D 7C 7C 16 16 16 53 
[GHST RAW] len=9: C0 07 7C 20 0D 7C 16 16 16 
[GHST RAW] len=42: 16 28 00 81 0C 11 C0 07 7C 21 0D 7C 7C 16 16 16 1B 00 81 0C 12 C0 07 7C 21 0D 7C 7C 7C 7C 7C 0F 00 81 0C 10 C0 07 7C 21 0D 7C 
[GHST RAW] len=24: 16 16 16 16 BC 00 81 0C 11 C0 07 7C 23 0D 7C 7C 16 16 16 E6 00 81 0C 12 
[GHST RAW] len=9: C0 07 7C 33 0D 7C 7C 7C 7C 
[GHST RAW] len=19: 0C 11 C0 07 7C 34 0D 7C 7C 16 16 16 1C 00 81 0C 12 C0 07 
[GHST RAW] len=54: 7C 34 0D 7C 7C 7C 7C 7C 08 00 81 0C 10 C0 07 7C 36 0D 7C 16 16 16 16 46 00 81 0C 11 C0 07 7C 36 0D 7C 7C 16 16 16 E1 00 81 0C 12 C0 07 7C 38 0D 7C 7C 7C 7C 7C 79 
[GHST RAW] len=9: C0 07 7C 4C 0D 7C 7C 16 16 
[GHST RAW] len=18: 0C 10 C0 07 7C 61 0D 7C 16 16 16 16 33 00 81 0C 11 C0 
[GHST RAW] len=20: 0C 12 C0 07 7C 8C 0D 7C 7C 7C 7C 7C 8C 00 81 0C 10 C0 07 7C 
[GHST RAW] len=15: 8C 0D 7C 16 16 16 16 3F 00 81 0C 11 C0 07 7C 
[GHST RAW] len=15: 8E 0D 7C 7C 16 16 16 65 00 81 0C 12 C0 07 7C 
[GHST RAW] len=15: A0 0D 7C 7C 7C 7C 7C 50 00 81 0C 10 C0 07 7C 
[GHST RAW] len=15: A0 0D 7C 16 16 16 16 E3 00 81 0C 11 C0 07 7C 
[GHST RAW] len=15: A0 0D 7C 7C 16 16 16 44 00 81 0C 12 C0 07 7C 
[GHST RAW] len=15: A0 0D 7C 7C 7C 7C 7C 50 00 81 0C 10 C0 07 7C 
[GHST RAW] len=15: A0 0D 7C 16 16 16 16 E3 00 81 0C 11 C0 07 7C 
[GHST RAW] len=15: A1 0D 7C 7C 16 16 16 D0 00 81 0C 12 C0 07 7C 
[GHST RAW] len=15: A1 0D 7C 7C 7C 7C 7C C4 00 81 0C 10 C0 07 7C 
[GHST RAW] len=15: A3 0D 7C 16 16 16 16 8A 00 81 0C 11 C0 07 7C 
[GHST RAW] len=15: B4 0D 7C 7C 16 16 16 D7 00 81 0C 12 C0 07 7C 
[GHST RAW] len=15: B4 0D 7C 7C 7C 7C 7C C3 00 81 0C 10 C0 07 7C 
[GHST RAW] len=15: B4 0D 7C 16 16 16 16 70 00 81 0C 11 C0 07 7C 
[GHST RAW] len=15: B4 0D 7C 7C 16 16 16 D7 00 81 0C 12 C0 07 7C 
[GHST RAW] len=15: B4 0D 7C 7C 7C 7C 7C C3 00 81 0C 10 C0 07 7C 
[GHST RAW] len=15: B6 0D 7C 16 16 16 16 8D 00 81 0C 11 C0 07 7C 
[GHST RAW] len=15: B6 0D 7C 7C 16 16 16 2A 00 81 0C 12 C0 07 7C 
[GHST RAW] len=15: B8 0D 7C 7C 7C 7C 7C B2 00 81 0C 10 C0 07 7C 
[GHST RAW] len=15: C8 0D 7C 16 16 16 16 9F 00 81 0C 11 C0 07 7C 
[GHST RAW] len=15: C8 0D 7C 7C 16 16 16 38 00 81 0C 12 C0 07 7C 
[GHST RAW] len=15: C8 0D 7C 7C 7C 7C 7C 2C 00 81 0C 10 C0 07 7C 
[GHST RAW] len=15: C8 0D 7C 16 16 16 16 9F 00 81 0C 11 C0 07 7C 
[GHST RAW] len=15: C8 0D 7C 7C 16 16 16 38 00 81 0C 12 C0 07 7C 
[GHST RAW] len=15: C9 0D 7C 7C 7C 7C 7C B8 00 81 0C 10 C0 07 7C 
[GHST RAW] len=15: C9 0D 7C 16 16 16 16 0B 00 81 0C 11 C0 07 7C 
[GHST RAW] len=15: CB 0D 7C 7C 16 16 16 51 00 81 0C 12 C0 07 7C 
[GHST RAW] len=15: CB 0D 7C 7C 7C 7C 7C 45 00 81 0C 10 C0 07 7C 
[GHST RAW] len=15: CC 0D 7C 16 16 16 16 B0 00 81 0C 11 C0 07 7C 
[GHST RAW] len=15: E0 0D 7C 7C 16 16 16 CB 00 81 0C 12 C0 07 7C 
[GHST RAW] len=15: E0 0D 7C 7C 7C 7C 7C DF 00 81 0C 10 C0 07 7C 
[GHST RAW] len=15: E0 0D 7C 16 16 16 16 6C 00 81 0C 11 C0 07 7C 
[GHST RAW] len=15: E0 0D 7C 7C 16 16 16 CB 00 81 0C 12 C0 07 7C 
[GHST RAW] len=15: E0 0D 7C 7C 7C 7C 7C DF 00 81 0C 10 C0 07 7C 
[GHST RAW] len=15: E1 0D 7C 16 16 16 16 F8 00 81 0C 11 C0 07 7C 
[GHST RAW] len=15: E1 0D 7C 7C 16 16 16 5F 00 81 0C 12 C0 07 7C 
[GHST RAW] len=15: E1 0D 7C 7C 7C 7C 7C 4B 00 81 0C 10 C0 07 7C 
[GHST RAW] len=15: E3 0D 7C 16 16 16 16 05 00 81 0C 11 C0 07 7C 
[GHST RAW] len=15: E3 0D 7C 7C 16 16 16 A2 00 81 0C 12 C0 07 7C 
[GHST RAW] len=15: F4 0D 7C 7C 7C 7C 7C 4C 00 81 0C 10 C0 07 7C 
[GHST RAW] len=15: F4 0D 7C 16 16 16 16 FF 00 81 0C 11 C0 07 7C 
[GHST RAW] len=15: F4 0D 7C 7C 16 16 16 58 00 81 0C 12 C0 07 7C 
[GHST RAW] len=15: F4 0D 7C 7C 7C 7C 7C 4C 00 81 0C 10 C0 07 7C 
[GHST RAW] len=15: F4 0D 7C 16 16 16 16 FF 00 81 0C 11 C0 07 7C 
[GHST RAW] len=15: F6 0D 7C 7C 16 16 16 A5 00 81 0C 12 C0 07 7C 
[GHST RAW] len=15: F6 0D 7C 7C 7C 7C 7C B1 00 81 0C 10 C0 07 7C 
[GHST RAW] len=15: F6 0D 7C 16 16 16 16 02 00 81 0C 11 C0 07 7C 
[GHST RAW] len=15: F8 0D 7C 7C 16 16 16 29 00 81 0C 12 C0 07 7C 
[GHST RAW] len=15: F9 0D 7C 7C 7C 7C 7C A9 00 81 0C 10 C0 07 7C 
[GHST RAW] len=16: 0B 0E 7C 16 16 16 16 CF 00 81 0C 11 C0 07 7C 0B 
[GHST RAW] len=14: 81 0C 11 C0 07 7C 1E 0E 7C 7C 16 16 16 6F 
[GHST RAW] len=9: C0 07 7C 21 0E 7C 16 16 16 
[GHST RAW] len=20: 0C 12 C0 07 7C 21 0E 7C 7C 7C 7C 7C 72 00 81 0C 10 C0 07 7C 
[GHST RAW] len=16: 23 0E 7C 16 16 16 16 3C 00 81 0C 11 C0 07 7C 23 
[GHST RAW] len=14: 81 0C 11 C0 07 7C 24 0E 7C 7C 16 16 16 DD 
[GHST RAW] len=9: C0 07 7C 24 0E 7C 16 16 16 
[GHST RAW] len=20: 0C 12 C0 07 7C 24 CE 7C 7C 7C 7C 7C A6 00 81 0C 10 C0 07 7C 
[GHST RAW] len=24: 16 16 16 B2 00 81 0C 12 C0 07 7C 24 CE 7C 7C 7C 7C 7C A6 00 81 0C 10 C0 
[ST RAW] len=19: 0C 11 C0 07 7C 26 0E 7C 7C 16 16 16 20 00 81 0C
[GHST RAW] len=40: 7C 26 0E 7C 7C 7C 7C 7C 34 00 8 026 0E 7C 16 16 16 16 87 00 81 0C 11 C0 07 7C 260E 700 
[GHST RAW] len=14: 81 0C 12 C0 07 7C 26 0E 7C 7C 7C 7C 7C 34 
[GHST RAW] len=9: C0 07 7C 26 0E 7C 7C 16 16 
[GHST RAW] len=34: 16 20 00 81 0C 12 C0 07 7C 26 0E 7C 7C 7C 7C 7C 34 00 81 0C 10 C0 07 7C 26 0E 7C 16 16 16 16 87 00 81 
[GHST RAW] len=19: 0C 11 C0 07 7C 26 0E 7C 7C 16 16 16 20 00 81 0C 12 C0 07 
[GHST RAW] len=40: 7C 26 0E 7C 7C 7C 7C 7C 34 00 81 0C 10 C0 07 7C 26 0E 7C 16 16 16 16 87 00 81 0C 11 C0 07 7C 26 0E 7C 7C 16 16 16 20 00 
[GHST RAW] len=14: 81 0C 12 C0 07 7C 26 0E 7C 7C 7C 7C 7C 34 
[GHST RAW] len=9: C0 07 7C 26 0E 7C 7C 16 16 
[GHST RAW] len=34: 16 20 00 81 0C 12 C0 07 7C 26 0E 7C 7C 7C 7C 7C 34 00 81 0C 10 C0 07 7C 26 0E 7C 16 16 16 16 87 00 81 
[GHST RAW] len=19: 0C 11 C0 07 7C 26 0E 7C 7C 16 16 16 20 00 81 0C 12 C0 07 
[GHST RAW] len=40: 7C 26 0E 7C 7C 7C 7C 7C 34 00 81 0C 10 C0 07 7C 26 0E 7C 16 16 16 16 87 00 81 0C 11 C0 07 7C 26 0E 7C 7C 16 16 16 20 00 
[GHST RAW] len=14: 81 0C 12 C0 07 7C 26 0E 7C 7C 7C 7C 7C 34 
[GHST RAW] len=9: C0 07 7C 26 0E 7C 7C 16 16 
[GHST RAW] len=34: 16 20 00 81 0C 12 C0 07 7C 26 0E 7C 7C 7C 7C 7C 34 00 81 0C 10 C0 07 7C 26 0E 7C 16 16 16 16 87 00 81 
[GHST RAW] len=19: 0C 11 C0 07 7C 26 0E 7C 7C 16 16 16 20 00 81 0C 12 C0 07 
[GHST RAW] len=40: 7C 26 0E 7C 7C 7C 7C 7C 34 00 81 0C 10 C0 07 7C 26 0E 7C 16 16 16 16 87 00 81 0C 11 C0 07 7C 26 0E 7C 7C 16 16 16 20 00 
[GHST RAW] len=14: 81 0C 12 C0 07 7C 26 0E 7C 7C 7C 7C 7C 34 
[GHST RAW] len=9: C0 07 7C 26 0E 7C 7C 16 16 
[GHST RAW] len=34: 16 20 00 81 0C 12 C0 07 7C 26 0E 7C 7C 7C 7C 7C 34 00 81 0C 10 C0 07 7C 26 0E 7C 16 16 16 16 87 00 81 
[GHST RAW] len=19: 0C 11 C0 07 7C 26 0E 7C 7C 16 16 16 20 00 81 0C 12 C0 07 
[GHST RAW] len=40: 7C 26 0E 7C 7C 7C 7C 7C 34 00 81 0C 10 C0 07 7C 26 0E 7C 16 16 16 16 87 00 81 0C 11 C0 07 7C 26 0E 7C 7C 16 16 16 20 00 
[GHST RAW] len=14: 81 0C 12 C0 07 7C 26 0E 7C 7C 7C 7C 7C 34 
[GHST RAW] len=9: C0 07 7C 26 0E 7C 7C 16 16 
[GHST RAW] len=34: 16 20 00 81 0C 12 C0 07 7C 26 0E 7C 7C 7C 7C 7C 34 00 81 0C 10 C0 07 7C 26 0E 7C 16 16 16 16 87 00 81 
[GHST RAW] len=19: 0C 11 C0 07 7C 26 0E 7C 7C 16 16 16 20 00 81 0C 12 C0 07 
[GHST RAW] len=40: 7C 26 0E 7C 7C 7C 7C 7C 34 00 81 0C 10 C0 07 7C 26 0E 7C 16 16 16 16 87 00 81 0C 11 C0 07 7C 26 0E 7C 7C 16 16 16 20 00 
[GHST RAW] len=14: 81 0C 12 C0 07 7C 26 0E 7C 7C 7C 7C 7C 34 
[GHST RAW] len=9: C0 07 7C 26 0E 7C 7C 16 16 
[GHST RAW] len=34: 16 20 00 81 0C 12 C0 07 7C 26 0E 7C 7C 7C 7C 7C 34 00 81 0C 10 C0 07 7C 26 0E 7C 16 16 16 16 87 00 81 
[GHST RAW] len=19: 0C 11 C0 07 7C 26 0E 7C 7C 16 16 16 20 00 81 0C 12 C0 07 
[GHST RAW] len=40: 7C 26 0E 7C 7C 7C 7C 7C 34 00 81 0C 10 C0 07 7C 26 0E 7C 16 16 16 16 87 00 81 0C 11 C0 07 7C 26 0E 7C 7C 16 16 16 20 00 
[GHST RAW] len=14: 81 0C 12 C0 07 7C 26 0E 7C 7C 7C 7C 7C 34 
[GHST RAW] len=9: C0 07 7C 26 0E 7C 7C 16 16 
[GHST RAW] len=34: 16 20 00 81 0C 12 C0 07 7C 26 0E 7C 7C 7C 7C 7C 34 00 81 0C 10 C0 07 7C 26 0E 7C 16 16 16 16 87 00 81 
[GHST RAW] len=19: 0C 11 C0 07 7C 26 0E 7C 7C 16 16 16 20 00 81 0C 12 C0 07 
[GHST RAW] len=40: 7C 26 0E 7C 7C 7C 7C 7C 34 00 81 0C 10 C0 07 7C 26 0E 7C 16 16 16 16 87 00 81 0C 11 C0 07 7C 26 0E 7C 7C 16 16 16 20 00 
[GHST RAW] len=14: 81 0C 12 C0 07 7C 26 0E 7C 7C 7C 7C 7C 34 
[GHST RAW] len=9: C0 07 7C 26 0E 7C 7C 16 16 
[GHST RAW] len=34: 16 20 00 81 0C 12 C0 07 7C 26 0E 7C 7C 7C 7C 7C 34 00 81 0C 10 C0 07 7C 26 0E 7C 16 16 16 16 87 00 81 
[GHST RAW] len=19: 0C 11 C0 07 7C 26 0E 7C 7C 16 16 16 20 00 81 0C 12 C0 07 
[GHST RAW] len=40: 7C 26 0E 7C 7C 7C 7C 7C 34 00 81 0C 10 C0 07 7C 24 0E 7C 16 16 16 16 7A 00 81 0C 11 C0 07 7C 24 0E 7C 7C 16 16 16 DD 00 
[GHST RAW] len=14: 81 0C 12 C0 07 7C 26 0E 7C 7C 7C 7C 7C 34 
[GHST RAW] len=9: C0 07 7C 26 0E 7C 7C 16 16 
[GHST RAW] len=34: 16 20 00 81 0C 12 C0 07 7C 26 0E 7C 7C 7C 7C 7C 34 00 81 0C 10 C0 07 7C 26 0E 7C 16 16 16 16 87 00 81 
[GHST RAW] len=19: 0C 11 C0 07 7C 26 0E 7C 7C 16 16 16 20 00 81 0C 12 C0 07 
[GHST RAW] len=40: 7C 26 0E 7C 7C 7C 7C 7C 34 00 81 0C 10 C0 07 7C 24 0E 7C 16 16 16 16 7A 00 81 0C 11 C0 07 7C 24 0E 7C 7C 16 16 16 DD 00 
[GHST RAW] len=14: 81 0C 12 C0 07 7C 24 0E 7C 7C 7C 7C 7C C9 
[GHST RAW] len=9: C0 07 7C 26 0E 7C 7C 16 16 
[GHST RAW] len=34: 16 20 00 81 0C 12 C0 07 7C 26 0E 7C 7C 7C 7C 7C 34 00 81 0C 10 C0 07 7C 26 0E 7C 16 16 16 16 87 00 81 
[GHST RAW] len=19: 0C 11 C0 07 7C 26 0E 7C 7C 16 16 16 20 00 81 0C 12 C0 07 
[GHST RAW] len=40: 7C 26 0E 7C 7C 7C 7C 7C 34 00 81 0C 10 C0 07 7C 24 0E 7C 16 16 16 16 7A 00 81 0C 11 C0 07 7C 24 0E 7C 7C 16 16 16 DD 00 
[GHST RAW] len=14: 81 0C 12 C0 07 7C 24 0E 7C 7C 7C 7C 7C C9 
[GHST RAW] len=9: C0 07 7C 26 0E 7C 7C 16 16 
[GHST RAW] len=34: 16 20 00 81 0C 12 C0 07 7C 26 0E 7C 7C 7C 7C 7C 34 00 81 0C 10 C0 07 7C 26 0E 7C 16 16 16 16 87 00 81 
[[GHST RAW] len=34: 16 20 00 81 0C 12 C0 07 7C 26 0E 7C 7C 7C 7C 7C 34 00 81 0C 10 C0 07 7C 24 0E 7C 16 16 16 16 7A 00 81 
[GHST RAW] len=19: 0C 11 C0 07 7C 24 0E 7C 7C 16 16 16 DD 00 81 0C 12 C0 07 
[GHST RAW] len=40: 7C 26 0E 7C 7C 7C 7C 7C 34 00 81 0C 10 C0 07 7C 26 0E 7C 16 16 16 16 87 00 81 0C 11 C0 07 7C 26 0E 7C 7C 16 16 16 20 00 
[GHST RAW] len=14: 81 0C 12 C0 07 7C 26 0E 7C 7C 7C 7C 7C 34 
[GHST RAW] len=9: C0 07 7C 24 0E 7C 7C 16 16 
[GHST RAW] len=18: 0C 10 C0 07 7C 26 0E 7C 16 16 16 16 87 00 81 0C 11 C0 
[GHST RAW] len=20: 0C 12 C0 07 7C 26 0E 7C 7C 7C 7C 7C 34 00 81 0C 10 C0 07 7C 
[GHST RAW] len=16: 26 0E 7C 16 16 16 16 87 00 81 0C 11 C0 07 7C 26 
[GHST RAW] len=14: 81 0C 11 C0 07 7C 26 0E 7C 7C 16 16 16 20 
[GHST RAW] len=9: C0 07 7C 26 0E 7C 16 16 16 
[GHST RAW] len=20: 0C 12 C0 07 7C 24 0E 7C 7C 7C 7C 7C C9 00 81 0C 10 C0 07 7C 
[GHST RAW] len=16: 24 0E 7C 16 16 16 16 7A 00 81 0C 11 C0 07 7C 24 
[GHST RAW] len=14: 81 0C 11 C0 07 7C 24 0E 7C 7C 16 16 16 DD 
[GHST RAW] len=9: C0 07 7C 26 0E 7C 16 16 16 
[GHST RAW] len=20: 0C 12 C0 07 7C 26 0E 7C 7C 7C 7C 7C 34 00 81 0C 10 C0 07 7C 
[GHST RAW] len=16: 24 0E 7C 16 16 16 16 7A 00 81 0C 11 C0 07 7C 24 
[GHST RAW] len=14: 81 0C 11 C0 07 7C 24 0E 7C 7C 16 16 16 DD 
[GHST RAW] len=9: C0 07 7C 24 0E 7C 16 16 16 
[GHST RAW] len=20: 0C 12 C0 07 7C 24 0E 7C 7C 7C 7C 7C C9 00 81 0C 10 C0 07 7C 
[GHST RAW] len=16: 24 0E 7C 16 16 16 16 7A 00 81 0C 11 C0 07 7C 24 
[GHST RAW] len=14: 81 0C 11 C0 07 7C 24 0E 7C 7C 16 16 16 DD 
[GHST RAW] len=9: C0 07 7C 24 0E 7C 16 16 16 
[GHST RAW] len=20: 0C 12 C0 07 7C 24 0E 7C 7C 7C 7C 7C C9 00 81 0C 10 C0 07 7C 
[GHST RAW] len=16: 24 0E 7C 16 16 16 16 7A 00 81 0C 11 C0 07 7C 24 
[GHST RAW] len=14: 81 0C 11 C0 07 7C 24 0E 7C 7C 16 16 16 DD 
[GHST RAW] len=9: C0 07 7C 23 0E 7C 16 16 16 
[GHST RAW] len=62: 16 3C 00 81 0C 11 C0 07 7C 23 0E 7C 7C 16 16 16 9B 00 81 0C 12 C0 07 7C 23 0E 7C 7C 7C 7C 7C 8F 00 81 0C 10 C0 07 7C 23 0E 7C 16 16 16 16 3C 00 81 0C 11 C0 07 7C 23 0E 7C 7C 16 16 16 9B 
[GHST RAW] len=9: C0 07 7C 23 0E 7C 16 16 16 
[GHST RAW] len=62: 16 3C 00 81 0C 11 C0 07 7C 23 0E 7C 7C 16 16 16 9B 00 81 0C 12 C0 07 7C 23 0E 7C 7C 7C 7C 7C 8F 00 81 0C 10 C0 07 7C 23 0E 7C 16 16 16 16 3C 00 81 0C 11 C0 07 7C 23 0E 7C 7C 16 16 16 9B 
[GHST RAW] len=9: C0 07 7C 23 0E 7C 16 16 16 
[GHST RAW] len=62: 16 3C 00 81 0C 11 C0 07 7C 23 0E 7C 7C 16 16 16 9B 00 81 0C 12 C0 07 7C 23 0E 7C 7C 7C 7C 7C 8F 00 81 0C 10 C0 07 7C 23 0E 7C 16 16 16 16 3C 00 81 0C 11 C0 07 7C 23 0E 7C 7C 16 16 16 9B 
[GHST RAW] len=9: C0 07 7C 21 0E 7C 16 16 16 
[GHST RAW] len=20: 0C 12 C0 07 7C 21 0E 7C 7C 7C 7C 7C 72 00 81 0C 10 C0 07 7C 
[GHST RAW] len=16: 21 0E 7C 16 16 16 16 C1 00 81 0C 11 C0 07 7C 21 
[GHST RAW] len=14: 81 0C 11 C0 07 7C 20 0E 7C 7C 16 16 16 F2 
[GHST RAW] len=9: C0 07 7C 1E 0E 7C 16 16 16 
[GHST RAW] len=20: 0C 12 C0 07 7C 1E 0E 7C 7C 7C 7C 7C 7B 00 81 0C 10 C0 07 7C 
[GHST RAW] len=16: 1E 0E 7C 16 16 16 16 C8 00 81 0C 11 C0 07 7C 1E 
[GHST RAW] len=14: 81 0C 11 C0 07 7C 1E 0E 7C 7C 16 16 16 6F 
[GHST RAW] len=9: C0 07 7C 1E 0E 7C 16 16 16 
[GHST RAW] len=20: 0C 12 C0 07 7C 1E 0E 7C 7C 7C 7C 7C 7B 00 81 0C 10 C0 07 7C 
[GHST RAW] len=16: 1E 0E 7C 16 16 16 16 C8 00 81 0C 11 C0 07 7C 1E 
[GHST RAW] len=14: 81 0C 11 C0 07 7C 1E 0E 7C 7C 16 16 16 6F 
[GHST RAW] len=9: C0 07 7C 1C 0E 7C 16 16 16 
[GHST RAW] len=55: 16 35 00 81 0C 11 C0 07 7C 1E 0E 7C 7C 16 16 16 6F 00 81 0C 12 C0 07 7C 1C 0E 7C 7C 7C 7C 7C 86 00 81 0C 10 C0 07 7C 1C 0E 7C 16 16 16 16 35 00 81 0C 11 C0 07 7C 1C 
[GHST RAW] len=14: 81 0C 11 C0 07 7C 1C 0E 7C 7C 16 16 16 92 
[GHST RAW] len=9: C0 07 7C 1C 0E 7C 16 16 16 
[GHST RAW] len=55: 16 35 00 81 0C 11 C0 07 7C 1C 0E 7C 7C 16 16 16 92 00 81 0C 12 C0 07 7C 1C 0E 7C 7C 7C 7C 7C 86 00 81 0C 10 C0 07 7C 1C 0E 7C 16 16 16 16 35 00 81 0C 11 C0 07 7C 1C 
[GHST RAW] len=14: 81 0C 11 C0 07 7C 1C 0E 7C 7C 16 16 16 92 
[GHST RAW] len=9: C0 07 7C 1C 0E 7C 16 16 16 
[GHST RAW] len=55: 16 35 00 81 0C 11 C0 07 7C 1C 0E 7C 7C 16 16 16 92 00 81 0C 12 C0 07 7C 1C 0E 7C 7C 7C 7C 7C 86 00 81 0C 10 C0 07 7C 1C 0E 7C 16 16 16 16 35 00 81 0C 11 C0 07 7C 1C 
[GHST RAW] len=14: 81 0C 11 C0 07 7C 1B 0E 7C 7C 16 16 16 D4 
[GHST RAW] len=9: C0 07 7C 19 0E 7C 16 16 16 
[GHST RAW] len=20: 0C 12 C0 07 7C 18 0E 7C 7C 7C 7C 7C A9 00 81 0C 10 C0 07 7C 
[GHST RAW] len=16: 18 0E 7C 16 16 16 16 1A 00 81 0C 11 C0 07 7C 18 
[GHST RAW] len=14: 81 0C 11 C0 07 7C 13 0E 7C 7C 16 16 16 8A 
[GHST RAW] len=9: C0 07 7C 11 0E 7C 16 16 16 
[GHST RAW] len=20: 0C 12 C0 07 7C 0E 0E 7C 7C 7C 7C 7C C7 00 81 0C 10 C0 07 7C 
[GHST RAW] len=16: 0E 0E 7C 16 16 16 16 74 00 81 0C 11 C0 07 7C 0C 
[GHST RAW] len=14: 81 0C 11 C0 07 7C 08 0E 7C 7C 16 16 16 01 
[GHST RAW] len=9: C0 07 7C 06 0E 7C 16 16 16 
[GHST RAW] len=44: 16 2A 00 81 0C 11 C0 07 7C 04 0E 7C 7C 16 16 16 70 00 81 0C 12 C0 07 7C 04 0E 7C 7C 7C 7C 7C 64 00 81 0C 10 C0 07 7C 04 0E 7C 16 16 
[GHST RAW] len=24: 16 16 D7 00 81 0C 11 C0 07 7C 04 0E 7C 7C 16 16 16 70 00 81 0C 12 C0 07 
[GHST RAW] len=5: 7C 03 0E 7C 7C 
[GHST RAW] len=9: C0 07 7C 00 0E 7C 7C 7C 7C 
[GHST RAW] len=19: 0C 11 C0 07 7C FE 0D 7C 7C 16 16 16 FB 00 81 0C 12 C0 07 
[GHST RAW] len=256: 7C FE C0 07 7C FE 0D 7C 7C 16 16 16 FB 00 81 0C 12 C0 07 0C 11 C0 07 7C FE 0D 7C 7C 16 16 16 FB 00 81 0C 12 C0 07 7C FE 0D 7C 7C 7C 7C 7C EF 00 81 0C 10 C0 07 7C FE 0D 7C 16 16 16 16 5C 00 81 54 15 24 57 D0 95 C9 3F 6C 92 CA 3F 00 00 00 00 00 00 00 00 00 00 00 00 00 00 00 00 00 00 00 00 00 00 00 00 00 00 00 00 00 00 00 00 E0 92 CA 3F 00 00 00 00 00 00 00 00 00 00 00 00 00 00 00 00 00 00 00 00 00 00 00 00 00 00 00 00 00 00 00 00 00 00 00 00 00 00 00 00 00 00 00 00 00 00 00 00 00 00 00 00 00 00 00 00 00 00 00 00 00 00 00 00 00 00 00 00 00 00 00 00 00 00 00 00 00 00 00 00 00 00 00 00 00 00 00 00 00 00 00 00 00 00 00 00 00 00 00 00 00 00 00 00 00 00 00 00 00 00 00 00 00 00 00 00 00 00 00 00 00 00 00 00 00 00 00 00 00 00 00 00 00 00 00 00 00 00 00 00 00 00 00 00 
[GHST RAW] len=24: 16 16 A1 00 81 0C 11 C0 07 7C FC 0D 7C 7C 16 16 16 06 00 81 0C 12 C0 07 
[GHST RAW] len=24: 16 16 16 16 E7 00 81 0C 11 C0 07 7C FB 0D 7C 7C 16 16 16 40 00 81 0C 12 
[GHST RAW] len=9: C0 07 7C FB 0D 7C 7C 7C 7C 
[GHST RAW] len=19: 0C 11 C0 07 7C F9 0D 7C 7C 16 16 16 BD 00 81 0C 12 C0 07 
[GHST RAW] len=24: 16 16 16 16 1A 00 81 0C 11 C0 07 7C F9 0D 7C 7C 16 16 16 BD 00 81 0C 12 
[GHST RAW] len=9: C0 07 7C F9 0D 7C 7C 7C 7C 
[GHST RAW] len=19: 0C 11 C0 07 7C F8 0D 7C 7C 16 16 16 29 00 81 0C 12 C0 07 
[GHST RAW] len=24: 16 16 16 16 8E 00 81 0C 11 C0 07 7C F6 0D 7C 7C 16 16 16 A5 00 81 0C 12 
[GHST RAW] len=9: C0 07 7C F6 0D 7C 7C 7C 7C 
[GHST RAW] len=19: 0C 11 C0 07 7C F6 0D 7C 7C 16 16 16 A5 00 81 0C 12 C0 07 
[GHST RAW] len=24: 16 16 16 16 02 00 81 0C 11 C0 07 7C F6 0D 7C 7C 16 16 16 A5 00 81 0C 12 
[GHST RAW] len=9: C0 07 7C F6 0D 7C 7C 7C 7C 
[GHST RAW] len=19: 0C 11 C0 07 7C F4 0D 7C 7C 16 16 16 58 00 81 0C 12 C0 07 
[GHST RAW] len=24: 16 16 16 16 FF 00 81 0C 11 C0 07 7C F3 0D 7C 7C 16 16 16 1E 00 81 0C 12 
[GHST RAW] len=9: C0 07 7C F3 0D 7C 7C 7C 7C 
[GHST RAW] len=12: 7C 0A 00 81 0C 10 C0 07 7C F3 0D 7C 
[GHST RAW] len=24: 16 16 16 16 B9 00 81 0C 11 C0 07 7C F3 0D 7C 7C 16 16 16 1E 00 81 0C 12 
[GHST RAW] len=9: C0 07 7C F3 0D 7C 7C 7C 7C 
[GHST RAW] len=12: 7C 0A 00 81 0C 10 C0 07 7C F3 0D 7C 
[GHST RAW] len=24: 16 16 16 16 B9 00 81 0C 11 C0 07 7C F3 0D 7C 7C 16 16 16 1E 00 81 0C 12 
[GHST RAW] len=9: C0 07 7C F3 0D 7C 7C 7C 7C 
[GHST RAW] len=12: 7C 0A 00 81 0C 10 C0 07 7C F3 0D 7C 
[GHST RAW] len=24: 16 16 16 16 B9 00 81 0C 11 C0 07 7C F3 0D 7C 7C 16 16 16 1E 00 81 0C 12 
[GHST RAW] len=9: C0 07 7C F3 0D 7C 7C 7C 7C 
[GHST RAW] len=12: 7C 0A 00 81 0C 10 C0 07 7C F3 0D 7C 
[GHST RAW] len=24: 16 16 16 16 B9 00 81 0C 11 C0 07 7C F3 0D 7C 7C 16 16 16 1E 00 81 0C 12 
[GHST RAW] len=9: C0 07 7C F3 0D 7C 7C 7C 7C 
[GHST RAW] len=12: 7C 0A 00 81 0C 10 C0 07 7C F3 0D 7C 
[GHST RAW] len=24: 16 16 16 16 B9 00 81 0C 11 C0 07 7C F1 0D 7C 7C 16 16 16 E3 00 81 0C 12 
[GHST RAW] len=9: C0 07 7C F1 0D 7C 7C 7C 7C 
[GHST RAW] len=19: 0C 11 C0 07 7C F1 0D 7C 7C 16 16 16 E3 00 81 0C 12 C0 07 
[GHST RAW] len=24: 16 16 16 16 D0 00 81 0C 11 C0 07 7C F0 0D 7C 7C 16 16 16 77 00 81 0C 12 
[GHST RAW] len=9: C0 07 7C F0 0D 7C 7C 7C 7C 
[GHST RAW] len=19: 0C 11 C0 07 7C EE 0D 7C 7C 16 16 16 47 00 81 0C 12 C0 07 
[GHST RAW] len=24: 16 16 16 16 1D 00 81 0C 11 C0 07 7C EC 0D 7C 7C 16 16 16 BA 00 81 0C 12 
[GHST RAW] len=9: C0 07 7C EC 0D 7C 7C 7C 7C 
[GHST RAW] len=19: 0C 11 C0 07 7C EC 0D 7C 7C 16 16 16 BA 00 81 0C 12 C0 07 
[GHST RAW] len=24: 16 16 16 16 1D 00 81 0C 11 C0 07 7C EC 0D 7C 7C 16 16 16 BA 00 81 0C 12 
[GHST RAW] len=9: C0 07 7C EC 0D 7C 7C 7C 7C 
[GHST RAW] len=19: 0C 11 C0 07 7C EB 0D 7C 7C 16 16 16 FC 00 81 0C 12 C0 07 
[GHST RAW] len=24: 16 16 16 16 A6 00 81 0C 11 C0 07 7C E9 0D 7C 7C 16 16 16 01 00 81 0C 12 
[GHST RAW] len=9: C0 07 7C E9 0D 7C 7C 7C 7C 
[GHST RAW] len=23: 7C 15 00 81 0C 10 C0 07 7C E9 0D 7C 16 16 16 16 A6 00 81 0C 11 C0 07 
[GHST RAW] len=2: 32 00 
[GHST RAW] len=14: 81 0C 11 C0 07 7C E8 0D 7C 7C 16 16 16 95 
[GHST RAW] len=9: C0 07 7C E8 0D 7C 16 16 16 
[GHST RAW] len=52: 16 32 00 81 0C 11 C0 07 7C E8 0D 7C 7C 16 16 16 95 00 81 0C 12 C0 07 7C E6 0D 7C 7C 7C 7C 7C 0D 00 81 0C 10 C0 07 7C E6 0D 7C 16 16 16 16 BE 00 81 0C 11 C0 
[GHST RAW] len=20: 0C 12 C0 07 7C E3 0D 7C 7C 7C 7C 7C B6 00 81 0C 10 C0 07 7C 
[GHST RAW] len=15: E3 0D 7C 16 16 16 16 05 00 81 0C 11 C0 07 7C 
[GHST RAW] len=15: E3 0D 7C 7C 16 16 16 A2 00 81 0C 12 C0 07 7C 
[GHST RAW] len=15: E1 0D 7C 7C 7C 7C 7C 4B 00 81 0C 10 C0 07 7C 
[GHST RAW] len=15: E1 0D 7C 16 16 16 16 F8 00 81 0C 11 C0 07 7C 
[GHST RAW] len=15: E1 0D 7C 7C 16 16 16 5F 00 81 0C 12 C0 07 7C 
[GHST RAW] len=15: E1 0D 7C 7C 7C 7C 7C 4B 00 81 0C 10 C0 07 7C 
[GHST RAW] len=15: E0 0D 7C 16 16 16 16 6C 00 81 0C 11 C0 07 7C 
[GHST RAW] len=15: E0 0D 7C 7C 16 16 16 CB 00 81 0C 12 C0 07 7C 
[GHST RAW] len=15: E0 0D 7C 7C 7C 7C 7C DF 00 81 0C 10 C0 07 7C 
[GHST RAW] len=15: E0 0D 7C 16 16 16 16 6C 00 81 0C 11 C0 07 7C 
[GHST RAW] len=15: DE 0D 7C 7C 16 16 16 56 00 81 0C 12 C0 07 7C 
[GHST RAW] len=15: DE 0D 7C 7C 7C 7C 7C 42 00 81 0C 10 C0 07 7C 
[GHST RAW] len=15: DE 0D 7C 16 16 16 16 F1 00 81 0C 11 C0 07 7C 
[GHST RAW] len=15: DC 0D 7C 7C 16 16 16 AB 00 81 0C 12 C0 07 7C 
[GHST RAW] len=15: DC 0D 7C 7C 7C 7C 7C BF 00 81 0C 10 C0 07 7C 
[GHST RAW] len=15: DC 0D 7C 16 16 16 16 0C 00 81 0C 11 C0 07 7C 
[GHST RAW] len=15: DB 0D 7C 7C 16 16 16 ED 00 81 0C 12 C0 07 7C 
[GHST RAW] len=15: DB 0D 7C 7C 7C 7C 7C F9 00 81 0C 10 C0 07 7C 
[GHST RAW] len=15: DB 0D 7C 16 16 16 16 4A 00 81 0C 11 C0 07 7C 
[GHST RAW] len=15: D9 0D 7C 7C 16 16 16 10 00 81 0C 12 C0 07 7C 
[GHST RAW] len=15: D9 0D 7C 7C 7C 7C 7C 04 00 81 0C 10 C0 07 7C 
[GHST RAW] len=15: D8 0D 7C 16 16 16 16 23 00 81 0C 11 C0 07 7C 
[GHST RAW] len=15: D8 0D 7C 7C 16 16 16 84 00 81 0C 12 C0 07 7C 
[GHST RAW] len=15: D8 0D 7C 7C 7C 7C 7C 90 00 81 0C 10 C0 07 7C 
[GHST RAW] len=15: D6 0D 7C 16 16 16 16 AF 00 81 0C 11 C0 07 7C 
[GHST RAW] len=15: D6 0D 7C 7C 16 16 16 08 00 81 0C 12 C0 07 7C 
[GHST RAW] len=15: D4 0D 7C 7C 7C 7C 7C E1 00 81 0C 10 C0 07 7C 
[GHST RAW] len=15: D4 0D 7C 16 16 16 16 52 00 81 0C 11 C0 07 7C 
[GHST RAW] len=15: D4 0D 7C 7C 16 16 16 F5 00 81 0C 12 C0 07 7C 
[GHST RAW] len=15: D3 0D 7C 7C 7C 7C 7C A7 00 81 0C 10 C0 07 7C 
[GHST RAW] len=15: D3 0D 7C 16 16 16 16 14 00 81 0C 11 C0 07 7C 
[GHST RAW] len=15: D1 0D 7C 7C 16 16 16 4E 00 81 0C 12 C0 07 7C 
[GHST RAW] len=15: D1 0D 7C 7C 7C 7C 7C 5A 00 81 0C 10 C0 07 7C 
[GHST RAW] len=15: D1 0D 7C 16 16 16 16 E9 00 81 0C 11 C0 07 7C 
[GHST RAW] len=15: D0 0D 7C 7C 16 16 16 DA 00 81 0C 12 C0 07 7C 
[GHST RAW] len=15: D0 0D 7C 7C 7C 7C 7C CE 00 81 0C 10 C0 07 7C 
[GHST RAW] len=15: D0 0D 7C 16 16 16 16 7D 00 81 0C 11 C0 07 7C 
[GHST RAW] len=15: CE 0D 7C 7C 16 16 16 EA 00 81 0C 12 C0 07 7C 
[GHST RAW] len=15: CE 0D 7C 7C 7C 7C 7C FE 00 81 0C 10 C0 07 7C 
[GHST RAW] len=15: CE 0D 7C 16 16 16 16 4D 00 81 0C 11 C0 07 7C 
[GHST RAW] len=15: CC 0D 7C 7C 16 16 16 17 00 81 0C 12 C0 07 7C 
[GHST RAW] len=15: CC 0D 7C 7C 7C 7C 7C 03 00 81 0C 10 C0 07 7C 
[GHST RAW] len=15: CB 0D 7C 16 16 16 16 F6 00 81 0C 11 C0 07 7C 
[GHST RAW] len=15: CB 0D 7C 7C 16 16 16 51 00 81 0C 12 C0 07 7C 
[GHST RAW] len=15: C9 0D 7C 7C 7C 7C 7C B8 00 81 0C 10 C0 07 7C 
[GHST RAW] len=15: C9 0D 7C 16 16 16 16 0B 00 81 0C 11 C0 07 7C 
[GHST RAW] len=15: C9 0D 7C 7C 16 16 16 AC 00 81 0C 12 C0 07 7C 
[GHST RAW] len=15: C8 0D 7C 7C 7C 7C 7C 2C 00 81 0C 10 C0 07 7C 
[GHST RAW] len=15: C8 0D 7C 16 16 16 16 9F 00 81 0C 11 C0 07 7C 
[GHST RAW] len=15: C6 0D 7C 7C 16 16 16 B4 00 81 0C 12 C0 07 7C 
[GHST RAW] len=15: C6 0D 7C 7C 7C 7C 7C A0 00 81 0C 10 C0 07 7C 
[GHST RAW] len=15: C6 0D 7C 16 16 16 16 13 00 81 0C 11 C0 07 7C 
[GHST RAW] len=15: C4 0D 7C 7C 16 16 16 49 00 81 0C 12 C0 07 7C 
[GHST RAW] len=15: C4 0D 7C 7C 7C 7C 7C 5D 00 81 0C 10 C0 07 7C 
[GHST RAW] len=15: C4 0D 7C 16 16 16 16 EE 00 81 0C 11 C0 07 7C 
[GHST RAW] len=15: C3 0D 7C 7C 16 16 16 0F 00 81 0C 12 C0 07 7C 
[GHST RAW] len=15: C3 0D 7C 7C 7C 7C 7C 1B 00 81 0C 10 C0 07 7C 
[GHST RAW] len=15: C3 0D 7C 16 16 16 16 A8 00 81 0C 11 C0 07 7C 
[GHST RAW] len=15: C1 0D 7C 7C 16 16 16 F2 00 81 0C 12 C0 07 7C 
[GHST RAW] len=15: C1 0D 7C 7C 7C 7C 7C E6 00 81 0C 10 C0 07 7C 
[GHST RAW] len=15: C1 0D 7C 16 16 16 16 55 00 81 0C 11 C0 07 7C 
[GHST RAW] len=15: C0 0D 7C 7C 16 16 16 66 00 81 0C 12 C0 07 7C 
[GHST RAW] len=15: C0 0D 7C 7C 7C 7C 7C 72 00 81 0C 10 C0 07 7C 
[GHST RAW] len=15: BE 0D 7C 16 16 16 16 D3 00 81 0C 11 C0 07 7C 
[GHST RAW] len=15: BE 0D 7C 7C 16 16 16 74 00 81 0C 12 C0 07 7C 
[GHST RAW] len=15: BE 0D 7C 7C 7C 7C 7C 60 00 81 0C 10 C0 07 7C 
[GHST RAW] len=15: BC 0D 7C 16 16 16 16 2E 00 81 0C 11 C0 07 7C 
[GHST RAW] len=15: BC 0D 7C 7C 16 16 16 89 00 81 0C 12 C0 07 7C 
[GHST RAW] len=15: BC 0D 7C 7C 7C 7C 7C 9D 00 81 0C 10 C0 07 7C 
[GHST RAW] len=15: BC 0D 7C 16 16 16 16 2E 00 81 0C 11 C0 07 7C 
[GHST RAW] len=15: BB 0D 7C 7C 16 16 16 CF 00 81 0C 12 C0 07 7C 
[GHST RAW] len=15: BB 0D 7C 7C 7C 7C 7C DB 00 81 0C 10 C0 07 7C 
[GHST RAW] len=15: BB 0D 7C 16 16 16 16 68 00 81 0C 11 C0 07 7C 
[GHST RAW] len=15: BB 0D 7C 7C 16 16 16 CF 00 81 0C 12 C0 07 7C 
[GHST RAW] len=15: B9 0D 7C 7C 7C 7C 7C 26 00 81 0C 10 C0 07 7C 
[GHST RAW] len=15: B9 0D 7C 16 16 16 16 95 00 81 0C 11 C0 07 7C 
[GHST RAW] len=15: B8 0D 7C 7C 16 16 16 A6 00 81 0C 12 C0 07 7C 
[GHST RAW] len=15: B8 0D 7C 7C 7C 7C 7C B2 00 81 0C 10 C0 07 7C 
[GHST RAW] len=15: B8 0D 7C 16 16 16 16 01 00 81 0C 11 C0 07 7C 
[GHST RAW] len=15: B8 0D 7C 7C 16 16 16 A6 00 81 0C 12 C0 07 7C 
[GHST RAW] len=15: B8 0D 7C 7C 7C 7C 7C B2 00 81 0C 10 C0 07 7C 
[GHST RAW] len=15: B6 0D 7C 16 16 16 16 8D 00 81 0C 11 C0 07 7C 
[GHST RAW] len=15: B6 0D 7C 7C 16 16 16 2A 00 81 0C 12 C0 07 7C 
[GHST RAW] len=15: B6 0D 7C 7C 7C 7C 7C 3E 00 81 0C 10 C0 07 7C 
[GHST RAW] len=15: B6 0D 7C 16 16 16 16 8D 00 81 0C 11 C0 07 7C 
[GHST RAW] len=15: B6 0D 7C 7C 16 16 16 2A 00 81 0C 12 C0 07 7C 
[GHST RAW] len=15: B4 0D 7C 7C 7C 7C 7C C3 00 81 0C 10 C0 07 7C 
[GHST RAW] len=15: B4 0D 7C 16 16 16 16 70 00 81 0C 11 C0 07 7C 
[GHST RAW] len=15: B4 0D 7C 7C 16 16 16 D7 00 81 0C 12 C0 07 7C 
[GHST RAW] len=15: B4 0D 7C 7C 7C 7C 7C C3 00 81 0C 10 C0 07 7C 
[GHST RAW] len=15: B4 0D 7C 16 16 16 16 70 00 81 0C 11 C0 07 7C 
[GHST RAW] len=15: B3 0D 7C 7C 16 16 16 91 7C 7C 16 16 16 6C 00 
[GHST RAW] len=14: 81 0C 12 C0 07 7C B0 0D 7C 7C 7C 7C 7C EC 
[GHST RAW] len=9: C0 07 7C AE 0D 7C 7C 16 16 
[GHST RAW] len=18: 0C 10 C0 07 7C AE 0D 7C 16 16 16 16 6F 00 81 0C 11 C0 
[GHST RAW] len=24: 16 16 16 96 00 81 0C 12 C0 07 7C A6 0D 7C 7C 7C 7C 7C 82 00 81 0C 10 C0 
[GHST RAW] len=59: 7C 39 00 81 0C 10 C0 07 7C A3 0D 7C 16 16 16 16 8A 00 81 0C 11 C0 07 7C A3 0D 7C 7C 16 16 16 2D 00 81 0C 12 C0 07 7C A1 0D 7C 7C 7C 7C 7C C4 00 81 0C 10 C0 07 7C A1 0D 7C 16 16 
[GHST RAW] len=24: 16 16 77 00 81 0C 11 C0 07 7C A1 0D 7C 7C 16 16 16 D0 00 81 0C 12 C0 07 
[GHST RAW] len=24: 16 16 16 16 E3 00 81 0C 11 C0 07 7C A0 0D 7C 7C 16 16 16 44 00 81 0C 12 
[GHST RAW] len=9: C0 07 7C A0 0D 7C 7C 7C 7C 
[GHST RAW] len=19: 0C 11 C0 07 7C 9E 0D 7C 7C 16 16 16 D9 00 81 0C 12 C0 07 
[GHST RAW] len=24: 16 16 16 16 7E 00 81 0C 11 C0 07 7C 9E 0D 7C 7C 16 16 16 D9 00 81 0C 12 
[GHST RAW] len=9: C0 07 7C 9E 0D 7C 7C 7C 7C 
[GHST RAW] len=19: 0C 11 C0 07 7C 9C 0D 7C 7C 16 16 16 24 00 81 0C 12 C0 07 
[GHST RAW] len=24: 16 16 16 16 83 00 81 0C 11 C0 07 7C 9C 0D 7C 7C 16 16 16 24 00 81 0C 12 
[GHST RAW] len=9: C0 07 7C 9C 0D 7C 7C 7C 7C 
[GHST RAW] len=50: 7C 30 00 81 0C 10 C0 07 7C 9C 0D 7C 16 16 16 16 83 00 81 0C 11 C0 07 7C 9C 0D 7C 7C 16 16 16 24 00 81 0C 12 C0 07 7C 9C 0D 7C 7C 7C 7C 7C 30 00 81 0C 
[GHST RAW] len=15: 9B 0D 7C 7C 16 16 16 62 00 81 0C 12 C0 07 7C 
[GHST RAW] len=15: 9B 0D 7C 7C 7C 7C 7C 76 00 81 0C 10 C0 07 7C 
[GHST RAW] len=15: 9B 0D 7C 16 16 16 16 C5 00 81 0C 11 C0 07 7C 
[GHST RAW] len=15: 9B 0D 7C 7C 16 16 16 62 00 81 0C 12 C0 07 7C 
[GHST RAW] len=15: 9B 0D 7C 7C 7C 7C 7C 76 00 81 0C 10 C0 07 7C 
[GHST RAW] len=15: 9B 0D 7C 16 16 16 16 C5 00 81 0C 11 C0 07 7C 
[GHST RAW] len=15: 9B 0D 7C 7C 16 16 16 62 00 81 0C 12 C0 07 7C 
[GHST RAW] len=15: 9B 0D 7C 7C 7C 7C 7C 76 00 81 0C 10 C0 07 7C 
[GHST RAW] len=15: 9B 0D 7C 16 16 16 16 C5 00 81 0C 11 C0 07 7C 
[GHST RAW] len=15: 99 0D 7C 7C 16 16 16 9F 00 81 0C 12 C0 07 7C 
[GHST RAW] len=15: 99 0D 7C 7C 7C 7C 7C 8B 00 81 0C 10 C0 07 7C 
[GHST RAW] len=15: 99 0D 7C 16 16 16 16 38 00 81 0C 11 C0 07 7C 
[GHST RAW] len=15: 99 0D 7C 7C 16 16 16 9F 00 81 0C 12 C0 07 7C 
[GHST RAW] len=15: 99 0D 7C 7C 7C 7C 7C 8B 00 81 0C 10 C0 07 7C 
[GHST RAW] len=15: 99 0D 7C 16 16 16 16 38 00 81 0C 11 C0 07 7C 
[GHST RAW] len=15: 99 0D 7C 7C 16 16 16 9F 00 81 0C 12 C0 07 7C 
[GHST RAW] len=15: 99 0D 7C 7C 7C 7C 7C 8B 00 81 0C 10 C0 07 7C 
[GHST RAW] len=15: 98 0D 7C 16 16 16 16 AC 00 81 0C 11 C0 07 7C 
[GHST RAW] len=15: 98 0D 7C 7C 16 16 16 0B 00 81 0C 12 C0 07 7C 
[GHST RAW] len=15: 98 0D 7C 7C 7C 7C 7C 1F 00 81 0C 10 C0 07 7C 
[GHST RAW] len=15: 98 0D 7C 16 16 16 16 AC 00 81 0C 11 C0 07 7C 
[GHST RAW] len=15: 98 0D 7C 7C 16 16 16 0B 00 81 0C 12 C0 07 7C 
[GHST RAW] len=15: 98 0D 7C 7C 7C 7C 7C 1F 00 81 0C 10 C0 07 7C 
[GHST RAW] len=15: 96 0D 7C 16 16 16 16 20 00 81 0C 11 C0 07 7C 
[GHST RAW] len=15: 96 0D 7C 7C 16 16 16 87 00 81 0C 12 C0 07 7C 
[GHST RAW] len=15: 96 0D 7C 7C 7C 7C 7C 93 00 81 0C 10 C0 07 7C 
[GHST RAW] len=15: 94 0D 7C 16 16 16 16 DD 00 81 0C 11 C0 07 7C 
[GHST RAW] len=15: 94 0D 7C 7C 16 16 16 7A 00 81 0C 12 C0 07 7C 
[GHST RAW] len=15: 94 0D 7C 7C 7C 7C 7C 6E 00 81 0C 10 C0 07 7C 
[GHST RAW] len=15: 94 0D 7C 16 16 16 16 DD 00 81 0C 11 C0 07 7C 
[GHST RAW] len=15: 93 0D 7C 7C 16 16 16 3C 00 81 0C 12 C0 07 7C 
[GHST RAW] len=15: 93 0D 7C 7C 7C 7C 7C 28 00 81 0C 10 C0 07 7C 
[GHST RAW] len=15: 91 0D 7C 16 16 16 16 66 00 81 0C 11 C0 07 7C 
[GHST RAW] len=15: 91 0D 7C 7C 16 16 16 C1 00 81 0C 12 C0 07 7C 
[GHST RAW] len=15: 91 0D 7C 7C 7C 7C 7C D5 00 81 0C 10 C0 07 7C 
[GHST RAW] len=15: 90 0D 7C 16 16 16 16 F2 00 81 0C 11 C0 07 7C 
[GHST RAW] len=15: 90 0D 7C 7C 16 16 16 55 00 81 0C 12 C0 07 7C 
[GHST RAW] len=15: 90 0D 7C 7C 7C 7C 7C 41 00 81 0C 10 C0 07 7C 
[GHST RAW] len=15: 8E 0D 7C 16 16 16 16 C2 00 81 0C 11 C0 07 7C 
[GHST RAW] len=15: 8E 0D 7C 7C 16 16 16 65 00 81 0C 12 C0 07 7C 
[GHST RAW] len=15: 8C 0D 7C 7C 7C 7C 7C 8C 00 81 0C 10 C0 07 7C 
[GHST RAW] len=15: 8C 0D 7C 16 16 16 16 3F 00 81 0C 11 C0 07 7C 
[GHST RAW] len=15: 8C 0D 7C 7C 16 16 16 98 00 81 0C 12 C0 07 7C 
[GHST RAW] len=15: 8B 0D 7C 7C 7C 7C 7C CA 00 81 0C 10 C0 07 7C 
[GHST RAW] len=15: 8B 0D 7C 16 16 16 16 79 00 81 0C 11 C0 07 7C 
[GHST RAW] len=15: 89 0D 7C 7C 16 16 16 23 00 81 0C 12 C0 07 7C 
[GHST RAW] len=15: 89 0D 7C 7C 7C 7C 7C 37 00 81 0C 10 C0 07 7C 
[GHST RAW] len=15: 88 0D 7C 16 16 16 16 10 00 81 0C 11 C0 07 7C 
[GHST RAW] len=15: 88 0D 7C 7C 16 16 16 B7 00 81 0C 12 C0 07 7C 
[GHST RAW] len=15: 86 0D 7C 7C 7C 7C 7C 2F 00 81 0C 10 C0 07 7C 
[GHST RAW] len=15: 86 0D 7C 16 16 16 16 9C 00 81 0C 11 C0 07 7C 
[GHST RAW] len=15: 84 0D 7C 7C 16 16 16 C6 00 81 0C 12 C0 07 7C 
[GHST RAW] len=15: 84 0D 7C 7C 7C 7C 7C D2 00 81 0C 10 C0 07 7C 
[GHST RAW] len=15: 83 0D 7C 16 16 16 16 27 00 81 0C 11 C0 07 7C 
[GHST RAW] len=15: 83 0D 7C 7C 16 16 16 80 00 81 0C 12 C0 07 7C 
[GHST RAW] len=15: 81 0D 7C 7C 7C 7C 7C 69 00 81 0C 10 C0 07 7C 
[GHST RAW] len=15: 81 0D 7C 16 16 16 16 DA 00 81 0C 11 C0 07 7C 
[GHST RAW] len=15: 80 0D 7C 7C 16 16 16 E9 00 81 0C 12 C0 07 7C 
[GHST RAW] len=15: 80 0D 7C 7C 7C 7C 7C FD 00 81 0C 10 C0 07 7C 
[GHST RAW] len=15: 7E 0D 7C 16 16 16 16 97 00 81 0C 11 C0 07 7C 
[GHST RAW] len=15: 7E 0D 7C 7C 16 16 16 30 00 81 0C 12 C0 07 7C 
[GHST RAW] len=15: 7E 0D 7C 7C 7C 7C 7C 24 00 81 0C 10 C0 07 7C 
[GHST RAW] len=15: 7C 0D 7C 16 16 16 16 6A 00 81 0C 11 C0 07 7C 
[GHST RAW] len=15: 7C 0D 7C 7C 16 16 16 CD 00 81 0C 12 C0 07 7C 
[GHST RAW] len=15: 7B 0D 7C 7C 7C 7C 7C 9F 00 81 0C 10 C0 07 7C 
[GHST RAW] len=15: 7B 0D 7C 16 16 16 16 2C 00 81 0C 11 C0 07 7C 
[GHST RAW] len=15: 79 0D 7C 7C 16 16 16 76 00 81 0C 12 C0 07 7C 
[GHST RAW] len=15: 79 0D 7C 7C 7C 7C 7C 62 00 81 0C 10 C0 07 7C 
[GHST RAW] len=15: 78 0D 7C 16 16 16 16 45 00 81 0C 11 C0  7 7C 
[GHST RAW] len=15: 66 0D 7C 7C 7C 7C[GHST RAW] len=15: 66 0D 7C 7C 16 16 16 D2 00 81 0C 12 C0 07 7C 
[GHST RAW] len=15: 66 0D 7C 7C 7C 7C 7C C6 00 81 0C 10 C0 07 7C 
[GHST RAW] len=15: 66 0D 7C 16 16 16 16 75 00 81 0C 11 C0 07 7C 
[GHST RAW] len=15: 66 0D 7C 7C 16 16 16 D2 00 81 0C 12 C0 07 7C 
[GHST RAW] len=15: 64 0D 7C 7C 7C 7C 7C 3B 00 81 0C 10 C0 07 7C 
[GHST RAW] len=15: 64 0D 7C 16 16 16 16 88 00 81 0C 11 C0 07 7C 
[GHST RAW] len=15: 64 0D 7C 7C 16 16 16 2F 00 81 0C 12 C0 07 7C 
[GHST RAW] len=15: 64 0D 7C 7C 7C 7C 7C 3B 00 81 0C 10 C0 07 7C 
[GHST RAW] len=15: 63 0D 7C 16 16 16 16 CE 00 81 0C 16 16 3A 00 
[GHST RAW] len=14: 81 0C 11 C0 07 7C 5C 0D 7C 7C 16 16 16 60 
[GHST RAW] len=9: C0 07 7C 49 0D 7C 16 16 16 
[GHST RAW] len=20: 0C 12 C0 07 7C 48 0D 7C 7C 7C 7C 7C E7 00 81 0C 10 C0 07 7C 
[GHST RAW] len=15: 34 0D 7C 16 16 16 16 BB 00 81 0C 11 C0 07 7C 
[GHST RAW] len=15: 34 0D 7C 7C 16 16 16 1C 00 81 0C 12 C0 07 7C 
[GHST RAW] len=15: 34 0D 7C 7C 7C 7C 7C 08 00 81 0C 10 C0 07 7C 
[GHST RAW] len=15: 33 0D 7C 16 16 16 16 FD 00 81 0C 11 C0 07 7C 
[GHST RAW] len=15: 1E 0D 7C 7C 16 7C E3 0C 7C 7C 16 16 16 3A 00 
[GHST RAW] len=14: 81 0C 12 C0 07 7C D3 0C 7C 7C 7C 7C 7C 3F 
[GHST RAW] len=9: C0 07 7C BC 0C 7C 7C 16 16 
[GHST RAW] len=19: 16 11 00 81 0C 12 C0 07 7C BB 0C 7C 7C 7C 7C 7C 43 00 81 
[GHST RAW] len=18: 0C 10 C0 07 7C A6 0C 7C 16 16 16 16 A9 00 81 0C 11 C0 
[GHST RAW] len=17: 16 0F 00 81 0C 11 C0 07 7C 7E 0C 7C 7C 16 16 16 A8 
[GHST RAW] len=9: C0 07 7C 6B 0C 7C 16 16 16 
[GHST RAW] len=10: 16 08 00 81 0C 11 C0 07 7C 6B 
[GHST RAW] len=14: 81 0C 11 C0 07 7C 53 0C 7C 7C 16 16 16 E0 
[GHST RAW] len=9: C0 07 7C 41 0C 7C 16 16 16 
[GHST RAW] len=8: 16 06 00 81 0C 11 C0 07 
[GHST RAW] len=2: FF 00 
[GHST RAW] len=14: 81 0C 11 C0 07 7C 18 0C 7C 7C 16 16 16 58 
[GHST RAW] len=9: C0 07 7C F3 0B 7C 16 16 16 
[GHST RAW] len=20: 0C 12 C0 07 7C DE 0B 7C 7C 7C 7C 7C B8 00 81 0C 10 C0 07 7C 
[GHST RAW] len=13: DE 0B 7C 16 16 16 16 0B 00 81 0C 11 C0 
[GHST RAW] len=20: 0C 12 C0 07 7C B1 0B 7C 7C 7C 7C 7C 82 00 81 0C 10 C0 07 7C 
[GHST RAW] len=13: B1 0B 7C 16 16 16 16 31 00 81 0C 11 C0 
[GHST RAW] len=20: 0C 12 C0 07 7C AB 0B 7C 7C 7C 7C 7C 9D 00 81 0C 10 C0 07 7C 
[GHST RAW] len=13: A9 0B 7C 16 16 16 16 D3 00 81 0C 11 C0 
[GHST RAW] len=56: 16 36 00 81 0C 11 C0 07 7C A4 0B 7C 7C 16 16 16 91 00 81 0C 12 C0 07 7C A4 0B 7C 7C 7C 7C 7C 85 00 81 0C 10 C0 07 7C A4 0B 7C 16 16 16 16 36 00 81 0C 11 C0 07 7C A4 0B 
[GHST RAW] len=19: 0C 11 C0 07 7C A8 0B 7C 7C 16 16 16 E0 00 81 0C 12 C0 07 
[GHST RAW] len=24: 16 16 16 16 FB 00 81 0C 11 C0 07 7C B9 0B 7C 7C 16 16 16 C8 00 81 0C 12 
[GHST RAW] len=9: C0 07 7C B9 0B 7C 7C 7C 7C 
[GHST RAW] len=19: 0C 11 C0 07 7C DE 0B 7C 7C 16 16 16 AC 00 81 0C 12 C0 07 
[GHST RAW] len=24: 16 16 16 16 9C 00 81 0C 11 C0 07 7C 01 0C 7D 7C 16 16 16 98 00 81 0C 12 
[GHST RAW] len=9: C0 07 7C 01 1C 7D 7C 7C 7C 
[GHST RAW] len=19: 0C 11 C0 07 7C 30 3C 7E 7C 16 16 16 96 00 81 0C 12 C0 07 
[GHST RAW] len=50: 7C 30 3C 7E 7C 7C 7C 7C 82 00 81 0C 10 C0 07 7C 44 3C 7E 16 16 16 16 80 00 81 0C 11 C0 07 7C 44 3C 7E 7C 16 16 16 27 00 81 0C 12 C0 07 7C 46 3C 7E 7C 
[GHST RAW] len=9: C0 07 7C 99 0C 7D 7C 7C 7C 
[GHST RAW] len=19: 0C 11 C0 07 7C BC 0C 7C 7C 16 16 16 11 00 81 0C 12 C0 07 
[GHST RAW] len=24: 16 16 16 16 60 00 81 0C 11 C0 07 7C E1 0C 7C 7C 16 16 16 C7 00 81 0C 12 
[GHST RAW] len=9: C0 07 7C F1 0C 7C 7C 7C 7C 
[GHST RAW] len=19: 0C 11 C0 07 7C 03 0D 7C 7C 16 16 16 4B 00 81 0C 12 C0 07 
[GHST RAW] len=22: 7C 14 0D 7C 7C 7C 7C 7C A5 00 81 0C 10 C0 07 7C 14 0D 7C 16 16 16 
[GHST RAW] len=24: 16 16 00 81 0C 11 C0 07 7C 16 0D 7C 7C 16 16 16 4C 00 81 0C 12 C0 07 7C 
[GHST RAW] len=15: 16 0D 7C 7C 7C 7C 7C 58 00 81 0C 10 C0 07 7C 
[GHST RAW] len=15: 2B 0D 7C 16 16 16 16 1F 00 81 0C 11 C0 07 7C 
[GHST RAW] len=15: 2B 0D 7C 7C 16 16 16 B8 00 81 0C 12 C0 07 7C 
[GHST RAW] len=15: 2C 0D 7C 7C 7C 7C 7C EA 00 81 0C 10 C0 07 7C 
[GHST RAW] len=15: 2C 0D 7C 16 16 16 16 59 00 81 0C 11 C0 07 7C 
[GHST RAW] len=15: 41 0D 7C 7C 16 16 16 39 00 81 0C 12 C0 07 7C 
[GHST RAW] len=15: 41 0D 7C 7C 7C 7C 7C 2D 00 81 0C 10 C0 07 7C 
[GHST RAW] len=15: 41 0D 7C 16 16 16 16 9E 00 81 0C 11 C0 07 7C 
[GHST RAW] len=15: 51 0D 7C 7C 16 16 16 85 00 81 0C 12 C0 07 7C 
[GHST RAW] len=15: 51 0D 7C 7C 7C 7C 7C 91 00 81 0C 10 C0 07 7C 
[GHST RAW] len=15: 53 0D 7C 16 16 16 16 DF 00 81 0C 11 C0 07 7C 
[GHST RAW] len=15: 53 0D 7C 7C 16 16 16 78 00 81 0C 12 C0 07 7C 
[GHST RAW] len=15: 66 0D 7C 7C 7C 7C 7C C6 00 81 0C 10 C0 07 7C 
[GHST RAW] len=15: 66 0D 7C 16 16 16 16 75 00 81 0C 11 C0 07 7C 
[GHST RAW] len=15: 66 0D 7C 7C 16 16 16 D2 00 81 0C 12 C0 07 7C 
[GHST RAW] len=15: 66 0D 7C 7C 7C 7C 7C C6 00 81 0C 10 C0 07 7C 
[GHST RAW] len=15: 78 0D 7C 16 16 16 16 45 00 81 0C 11 C0 07 7C 
[GHST RAW] len=15: 78 0D 7C 7C 16 16 16 E2 00 81 0C 12 C0 07 7C 
[GHST RAW] len=15: 78 0D 7C 7C 7C 7C 7C F6 00 81 0C 10 C0 07 7C 
[GHST RAW] len=15: 78 0D 7C 16 16 16 16 45 00 81 0C 11 C0 07 7C 
[GHST RAW] len=15: 79 0D 7C 7C 16 16 16 76 00 81 0C 12 C0 07 7C 
[GHST RAW] len=15: 79 0D 7C 7C 7C 7C 7C 62 00 81 0C 10 C0 07 7C 
[GHST RAW] len=15: 8B 0D 7C 16 16 16 16 79 00 81 0C 11 C0 07 7C 
[GHST RAW] len=15: 8B 0D 7C 7C 16 16 16 DE 00 81 0C 12 C0 07 7C 
[GHST RAW] len=15: 8B 0D 7C 7C 7C 7C 7C CA 00 81 0C 10 C0 07 7C 
[GHST RAW] len=15: 8B 0D 7C 16 16 16 16 79 00 81 0C 11 C0 07 7C 
[GHST RAW] len=15: 8C 0D 7C 7C 16 16 16 98 00 81 0C 12 C0 07 7C 
[GHST RAW] len=15: 8C 0D 7C 7C 7C 7C 7C 8C 00 81 0C 10 C0 07 7C 
[GHST RAW] len=15: 9E 0D 7C 16 16 16 16 7E 00 81 0C 11 C0 07 7C 
[GHST RAW] len=15: 9E 0D 7C 7C 16 16 16 D9 00 81 0C 12 C0 07 7C 
[GHST RAW] len=15: 9E 0D 7C 7C 7C 7C 7C CD 00 81 0C 10 C0 07 7C 
[GHST RAW] len=15: 9E 0D 7C 16 16 16 16 7E 00 81 0C 11 C0 07 7C 
[GHST RAW] len=15: A0 0D 7C 7C 16 16 16 44 00 81 0C 12 C0 07 7C 
[GHST RAW] len=15: A0 0D 7C 7C 7C 7C 7C 50 00 81 0C 10 C0 07 7C 
[GHST RAW] len=15: A0 0D 7C 16 16 16 16 E3 00 81 0C 11 C0 07 7C 
[GHST RAW] len=15: A1 0D 7C 7C 16 16 16 D0 00 81 0C 12 C0 07 7C 
[GHST RAW] len=15: A1 0D 7C 7C 7C 7C 7C C4 00 81 0C 10 C0 07 7C 
[GHST RAW] len=15: A3 0D 7C 16 16 16 16 8A 00 81 0C 11 C0 07 7C 
[GHST RAW] len=15: A3 0D 7C 7C 16 16 16 2D 00 81 0C 12 C0 07 7C 
[GHST RAW] len=15: B4 0D 7C 7C 7C 7C 7C C3 00 81 0C 10 C0 07 7C 
[GHST RAW] len=15: B4 0D 7C 16 16 16 16 70 00 81 0C 11 C0 07 7C 
[GHST RAW] len=15: B4 0D 7C 7C 16 16 16 D7 00 81 0C 12 C0 07 7C 
[GHST RAW] len=15: B4 0D 7C 7C 7C 7C 7C C3 00 81 0C 10 C0 07 7C 
[GHST RAW] len=15: B6 0D 7C 16 16 16 16 8D 00 81 0C 11 C0 07 7C 
[GHST RAW] len=15: B6 0D 7C 7C 16 16 16 2A 00 81 0C 12 C0 07 7C 
[GHST RAW] len=15: B6 0D 7C 7C 7C 7C 7C 3E 00 81 0C 10 C0 07 7C 
[GHST RAW] len=15: B8 0D 7C 16 16 16 16 01 00 81 0C 11 C0 07 7C 
[GHST RAW] len=15: B8 0D 7C 7C 16 16 16 A6 00 81 0C 12 C0 07 7C 
[GHST RAW] len=15: B8 0D 7C 7C 7C 7C 7C B2 00 81 0C 10 C0 07 7C 
[GHST RAW] len=15: B9 0D 7C 16 16 16 16 95 00 81 0C 11 C0 07 7C 
[GHST RAW] len=15: B9 0D 7C 7C 16 16 16 32 00 81 0C 12 C0 07 7C 
[GHST RAW] len=15: C9 0D 7C 7C 7C 7C 7C B8 00 81 0C 10 C0 07 7C 
[GHST RAW] len=15: C9 0D 7C 16 16 16 16 0B 00 81 0C 11 C0 07 7C 
[GHST RAW] len=15: C9 0D 7C 7C 16 16 16 AC 00 81 0C 12 C0 07 7C 
[GHST RAW] len=15: C9 0D 7C 7C 7C 7C 7C B8 00 81 0C 10 C0 07 7C 
[GHST RAW] len=15: C9 0D 7C 16 16 16 16 0B 00 81 0C 11 C0 07 7C 
[GHST RAW] len=15: CB 0D 7C 7C 16 16 16 51 00 81 0C 12 C0 07 7C 
[GHST RAW] len=15: CB 0D 7C 7C 7C 7C 7C 45 00 81 0C 10 C0 07 7C 
[GHST RAW] len=15: CB 0D 7C 16 16 16 16 F6 00 81 0C 11 C0 07 7C 
[GHST RAW] len=15: CB 0D 7C 7C 16 16 16 51 00 81 0C 12 C0 07 7C 
[GHST RAW] len=15: CC 0D 7C 7C 7C 7C 7C 03 00 81 0C 10 C0 07 7C 
[GHST RAW] len=15: CC 0D 7C 16 16 16 16 B0 00 81 0C 11 C0 07 7C 
[GHST RAW] len=15: CC 0D 7C 7C 16 16 16 17 00 81 0C 12 C0 07 7C 
[GHST RAW] len=15: CE 0D 7C 7C 7C 7C 7C FE 00 81 0C 10 C0 07 7C 
[GHST RAW] len=15: CE 0D 7C 16 16 16 16 4D 00 81 0C 11 C0 07 7C 
[GHST RAW] len=15: D0 0D 7C 7C 16 16 16 DA 00 81 0C 12 C0 07 7C 
[GHST RAW] len=15: D0 0D 7C 7C 7C 7C 7C CE 00 81 0C 10 C0 07 7C 
[GHST RAW] len=15: D1 0D 7C 16 16 16 16 E9 00 81 0C 11 C0 07 7C 
[GHST RAW] len=15: E1 0D 7C 7C 16 16 16 5F 00 81 0C 12 C0 07 7C 
[GHST RAW] len=15: E0 0D 7C 7C 7C 7C 7C DF 00 81 0C 10 C0 07 7C 
[GHST RAW] len=15: E0 0D 7C 16 16 16 16 6C 00 81 0C 11 C0 07 7C 
[GHST RAW] len=15: E0 0D 7C 7C 16 16 16 CB 00 81 0C 12 C0 07 7C 
[GHST RAW] len=15: E0 0D 7C 7C 7C 7C 7C DF 00 81 0C 10 C0 07 7C 
[GHST RAW] len=15: E0 0D 7C 16 16 16 16 6C 00 81 0C 11 C0 07 7C 
[GHST RAW] len=15: E1 0D 7C 7C 16 16 16 5F 00 81 0C 12 C0 07 7C 
[GHST RAW] len=15: E1 0D 7C 7C 7C 7C 7C 4B 00 81 0C 10 C0 07 7C 
[GHST RAW] len=15: E1 0D 7C 16 16 16 16 F8 00 81 0C 11 C0 07 7C 
[GHST RAW] len=15: E1 0D 7C 7C 16 16 16 5F 00 81 0C 12 C0 07 7C 
[GHST RAW] len=15: E1 0D 7C 7C 7C 7C 7C 4B 00 81 0C 10 C0 07 7C 
[GHST RAW] len=15: E3 0D 7C 16 16 16 16 05 00 81 0C 11 C0 07 7C 
[GHST RAW] len=15: E3 0D 7C 7C 16 16 16 A2 00 81 0C 12 C0 07 7C 
[GHST RAW] len=15: E3 0D 7C 7C 7C 7C 7C B6 00 81 0C 10 C0 07 7C 
[GHST RAW] len=15: E4 0D 7C 16 16 16 16 43 00 81 0C 11 C0 07 7C 
[GHST RAW] len=15: E4 0D 7C 7C 16 16 16 E4 00 81 0C 12 C0 07 7C 
[GHST RAW] len=15: E6 0D 7C 7C 7C 7C 7C 0D 00 81 0C 10 C0 07 7C 
[GHST RAW] len=15: E6 0D 7C 16 16 16 16 BE 00 81 0C 11 C0 07 7C 
[GHST RAW] len=15: E8 0D 7C 7C 16 16 16 95 00 81 0C 12 C0 07 00 
[GHST RAW] len=14: 81 0C 12 C0 07 7C F9 0D 7C 7C 7C 7C 7C A9 
[GHST RAW] len=9: C0 07 7C FC 0D 7C 7C 16 16 
[GHST RAW] len=8: 16 06 00 81 0C 12 C0 07 
[GHST RAW] len=24: 16 16 16 16 5C 00 81 0C 11 C0 07 7C FE 0D 7C 7C 16 16 16 FB 00 81 0C 12 
[GHST RAW] len=9: C0 07 7C 00 0E 7C 7C 7C 7C 
[GHST RAW] len=19: 0C 11 C0 07 7C 00 0E 7C 7C 16 16 16 5F 00 81 0C 12 C0 07 
[GHST RAW] len=2: 7C 00 
[GHST RAW] len=24: 16 16 6C 00 81 0C 11 C0 07 7C 01 0E 7C 7C 16 16 16 CB 11 C0 07 7C E8 0D 
[GHST RAW] len=15: 7C 0D 00 81 0C 10 C0 07 7C E6 0D 7C 16 16 16 
[GHST RAW] len=20: 0C 12 C0 07 7C D3 0D 7C 7C 7C 7C 7C A7 00 81 0C 10 C0 07 7C 
[GHST RAW] len=15: D1 0D 7C 16 16 16 16 E9 00 81 0C 11 C0 07 7C 
[GHST RAW] len=15: D1 0D 7C 7C 16 16 16 4E 00 81 0C 12 C0 07 7C 
[GHST RAW] len=15: D1 0D 7C 7C 7C 7C 7C 5A 00 81 0C 10 C0 07 7C 
[GHST RAW] len=15: D0 0D 7C 16 16 16 16 7D 00 81 0C 11 C0 07 7C 
[GHST RAW] len=15: CE 0D 7C 7C 16 16 16 EA 00 81 0C 12 C0 07 7C 
[GHST RAW] len=15: BE 0D 7C 7C 7C 7C 7C 60 00 81 0C 10 C0 07 7C 
[GHST RAW] len=15: BC 0D 7C 16 16 16 16 2E 00 81 0C 11 C0 07 7C 
[GHST RAW] len=15: BC 0D 7C 7C 16 16 16 89 00 81 0C 12 C0 07 7C 
[GHST RAW] len=15: BC 0D 7C 7C 7C 7C 7C 9D 00 81 0C 10 C0 07 7C 
[GHST RAW] len=15: BB 0D 7C 16 16 16 16 68 00 81 0C 11 C0 07 7C 
[GHST RAW] len=15: BB 0D 7C 7C 16 16 16 CF 00 81 0C 12 C0 07 7C 
[GHST RAW] len=15: AB 0D 7C 7C 7C 7C 7C 67 00 81 0C 10 C0 07 7C 
[GHST RAW] len=15: A9 0D 7C 16 16 16 16 29 00 81 0C 11 C0 07 7C 
[GHST RAW] len=15: A9 0D 7C 7C 16 16 16 8E 00 81 0C 12 C0 07 7C 
[GHST RAW] len=15: 98 0D 7C 7C 7C 7C 7C 1F 00 81 0C 10 C0 07 7C 
[GHST RAW] len=15: 98 0D 7C 16 16 16 16 AC 00 81 0C 11 C0 07 7C 
[GHST RAW] len=15: 98 0D 7C 7C 16 16 16 0B 00 81 0C 12 C0 07 7C 
[GHST RAW] len=15: 96 0D 7C 7C 7C 7C 7C 93 00 81 0C 10 C0 07 7C 
[GHST RAW] len=15: 83 0D 7C 16 16 16 16 27 00 81 0C 11 C0 07 7C 
[GHST RAW] len=15: 81 0D 7C 7C 16 16 16 7D 00 81 0C 12 C0 07 7C 
[GHST RAW] len=15: 81 0D 7C 7C 7C 7C 7C 69 00 81 0C 10 C0 07 7C 
[GHST RAW] len=15: 71 0D 7C 16 16 16 16 8F 00 81 0C 11 C0 07 7C 
[GHST RAW] len=15: 70 0D 7C 7C 16 16 16 BC 00 81 0C 12 C0 07 7C 
[GHST RAW] len=15: 70 0D 7C 7C 7C 7C 7C A8 00 81 0C 10 C0 07 7C 
[GHST RAW] len=15: 70 0D 7C 16 16 16 16 1B 00 81 0C 11 C0 07 7C 
[GHST RAW] len=15: 5B 0D 7C 7C 16 16 16 26 00 81 0C 12 C0 07 7C 
[GHST RAW] len=15: 5B 0D 7C 7C 7C 7C 7C 32 00 81 0C 10 C0 07 7C 
[GHST RAW] len=15: 59 0D 7C 16 16 16 16 7C 00 81 0C 11 C0 07 7C 
[GHST RAW] len=15: 59 0D 7C 7C 16 16 16 DB 00 81 0C 12 C0 07 7C 
[GHST RAW] len=15: 43 0D 7C 7C 7C 7C 7C D0 00 81 0C 10 C0 07 7C 
[GHST RAW] len=15: 41 0D 7C 16 16 16 16 9E 00 81 0C 11 C0 07 7C 
[GHST RAW] len=15: 41 0D 7C 7C 16 16 16 39 00 81 0C 12 C0 07 7C 
[GHST RAW] len=15: 2E 0D 7C 7C 7C 7C 7C 17 00 81 0C 10 C0 07 7C 
[GHST RAW] len=15: 2E 0D 7C 16 16 16 16 A4 00 81 0C 11 C0 07 7C 
[GHST RAW] len=15: 2E 0D 7C 7C 16 16 16 03 00 81 0C 12 C0 07 7C 
[GHST RAW] len=15: 1C 0D 7C 7C 7C 7C 7C FB 00 81 0C 10 C0 07 7C 
[GHST RAW] len=15: 1C 0D 7C 16 16 16 16 48 00 81 0C 11 C0 07 7C 
[GHST RAW] len=15: 1C 0D 7C 7C 16 16 16 EF 00 81 0C 12 C0 07 7C 
[GHST RAW] len=15: 1B 0D 7C 7C 7C 7C 7C BD 00 81 0C 10 C0 07 7C 
[GHST RAW] len=15: 03 0D 7C 16 16 16 16 EC 00 81 0C 11 C0 07 7C 
[GHST RAW] len=15: 03 0D 7C 7C 16 16 16 4B 00 81 0C 12 C0 07 7C 
[GHST RAW] len=15: 01 0D 7C 7C 7C 7C 7C A2 00 81 0C 10 C0 07 7C 
[GHST RAW] len=15: 01 0D 7C 16 16 16 16 11 00 81 0C 11 C0 07 7C 
[GHST RAW] len=14: E9 0C 7C 7C 16 16 16 99 00 81 0C 12 C0 07 
[GHST RAW] len=24: 16 16 16 16 4B 00 81 0C 11 C0 07 7C BC 0C 7C 7C 16 16 16 11 00 81 0C 12 
[GHST RAW] len=9: C0 07 7C A6 0C 7C 7C 7C 7C 
[GHST RAW] len=28: 7C 1A 00 81 0C 10 C0 07 7C A4 0C 7C 16 16 16 16 54 00 81 0C 11 C0 07 7C 8C 0C 7C 7C 
[GHST RAW] len=24: 16 16 16 00 00 81 0C 12 C0 07 7C 8C 0C 7C 7C 7C 7C 7C 14 00 81 0C 10 C0 
[GHST RAW] len=19: 0C 11 C0 07 7C D4 0B 7C 7C 16 16 16 0F 00 81 0C 12 C0 07 
[GHST RAW] len=24: 16 16 16 16 68 00 81 0C 11 C0 07 7C 99 0B 7C 7C 16 16 16 65 00 81 0C 12 
[GHST RAW] len=9: C0 07 7C 98 0B 7C 7C 7C 7C 
[GHST RAW] len=19: 0C 11 C0 07 7C 69 0B 7C 7C 16 16 16 30 00 81 0C 12 C0 07 
[GHST RAW] len=24: 16 16 16 16 BB 00 81 0C 11 C0 07 7C 21 0B 7C 7C 16 16 16 E1 00 81 0C 12 
[GHST RAW] len=9: C0 07 7C 08 0B 7C 7C 7C 7C 
[GHST RAW] len=19: 0C 11 C0 07 7C C0 0A 7C 7C 16 16 16 04 00 81 0C 12 C0 07 
[GHST RAW] len=24: 16 16 16 16 79 00 81 0C 11 C0 07 7C 6E 0A 7C 7C 16 16 16 EE 00 81 0C 12 
[GHST RAW] len=9: C0 07 7C 53 0A 7C 7C 7C 7C 
[GHST RAW] len=16: 7C 0E 00 81 0C 10 C0 07 7C 51 0A 7C 16 16 16 16 
[GHST RAW] len=2: 40 00 
[GHST RAW] len=14: 81 0C 11 C0 07 7C 38 0A 7C 7C 16 16 16 0F 
[GHST RAW] len=9: C0 07 7C EB 09 7C 16 16 16 
[GHST RAW] len=20: 0C 12 C0 07 7C 96 09 7C 7C 7C 7C 7C 8C 00 81 0C 10 C0 07 7C 
[GHST RAW] len=11: 86 09 7C 16 16 16 16 83 00 81 0C 
[GHST RAW] len=11: 34 09 7C 7C 7C 7C 7C 17 00 81 0C 
[GHST RAW] len=10: DE 08 7C 7C 16 16 16 D1 00 81 
[GHST RAW] len=20: 0C 12 C0 07 7C CE 08 7C 7C 7C 7C 7C 79 00 81 0C 10 C0 07 7C 
[GHST RAW] len=10: CC 08 7C 16 16 16 16 37 00 81 
[GHST RAW] len=19: 0C 11 C0 07 7C AE 08 7C 7C 16 16 16 4F 00 81 0C 12 C0 07 
[GHST RAW] len=24: 16 16 16 16 06 00 81 0C 11 C0 07 7C 46 08 7C 7C 16 16 16 F8 00 81 0C 12 
[GHST RAW] len=9: C0 07 7C 34 08 7C 7C 7C 7C 
[GHST RAW] len=19: 0C 11 C0 07 7C D8 07 7C 7C 16 16 16 5F 00 81 0C 12 C0 07 
[GHST RAW] len=24: 16 16 16 16 7C 00 81 0C 11 C0 07 7C 4C 07 7C 7C 16 16 16 07 00 81 0C 12 
[GHST RAW] len=9: C0 07 7C 32 07 7C 7C 7C 7C 
[GHST RAW] len=3: 7C 01 00 
[GHST RAW] len=14: 81 0C 10 C0 07 7C 1D 07 7C 16 16 16 16 07 
[GHST RAW] len=9: C0 07 7C A7 06 7C 7C 7C 7C 
[GHST RAW] len=19: 0C 11 C0 07 7C 32 06 7C 7C 16 16 16 8D 00 81 0C 12 C0 07 
[GHST RAW] len=25: 7C 17 06 7C 7C 7C 7C 7C 8F 00 81 0C 10 C0 07 7C 04 06 7C 16 16 16 16 E9 00 
[GHST RAW] len=14: 81 0C 11 C0 07 7C EC 05 7C 7C 16 16 16 84 
[GHST RAW] len=9: C0 07 7C 75 05 7C 16 16 16 
[GHST RAW] len=20: 0C 12 C0 07 7C 0F 05 7C 7C 7C 7C 7C 10 00 81 0C 10 C0 07 7C 
[GHST RAW] len=6: F7 04 7C 16 16 16 
[GHST RAW] len=50: 16 30 00 81 0C 11 C0 07 7C E0 04 7C 7C 16 16 16 6D 00 81 0C 12 C0 07 7C C8 04 7C 7C 7C 7C 7C 8A 00 81 0C 10 C0 07 7C B5 04 7C 16 16 16 16 42 00 81 0C 
[GHST RAW] len=6: 5D 04 7C 7C 7C 7C 
[GHST RAW] len=19: 0C 11 C0 07 7C 12 04 7C 7C 16 16 16 C5 00 81 0C 12 C0 07 
[GHST RAW] len=257: 7C FF C0 07 7C 12 04 7C 7C 16 16 16 C5 00 81 0C 12 C0 07 0C 11 C0 07 7C 3A 04 7C 7C 16 16 16 36 00 81 0C 12 C0 07 7C 28 04 7C 7C 7C 7C 7C 63 00 81 0C 10 C0 07 7C 12 04 7C 16 16 16 16 62 00 81 54 15 24 57 D0 95 C9 3F 6C 92 CA 3F 00 00 00 00 00 00 00 00 00 00 00 00 00 00 00 00 00 00 00 00 00 00 00 00 00 00 00 00 00 00 00 00 E0 92 CA 3F 00 00 00 00 00 00 00 00 00 00 00 00 00 00 00 00 00 00 00 00 00 00 00 00 00 00 00 00 00 00 00 00 00 00 00 00 00 00 00 00 00 00 00 00 00 00 00 00 00 00 00 00 00 00 00 00 00 00 00 00 00 00 00 00 00 00 00 00 00 00 00 00 00 00 00 00 00 00 00 00 00 00 00 00 00 00 00 00 00 00 00 00 00 00 00 00 00 00 00 00 00 00 00 00 00 00 00 00 00 00 00 00 00 00 00 00 00 00 00 00 00 00 00 00 00 00 00 00 00 00 00 00 00 00 00 00 00 00 00 00 00 00 00 00 00 
[GHST RAW] len=24: 16 16 5B 00 81 0C 11 C0 07 7C C7 03 7C 7C 16 16 16 E4 00 81 0C 12 C0 07 
[GHST RAW] len=24: 16 16 16 16 68 00 81 0C 11 C0 07 7C 84 03 7C 7C 16 16 16 02 00 81 0C 12 
[GHST RAW] len=9: C0 07 7C 84 03 7C 7C 7C 7C 
[GHST RAW] len=24: 7C 16 00 81 0C 10 C0 07 7C 82 03 7C 16 16 16 16 77 00 81 0C 11 C0 07 7C 
[GHST RAW] len=5: 6D 03 7C 7C 16 
[GHST RAW] len=24: 16 16 21 00 81 0C 12 C0 07 7C 6C 03 7C 7C 7C 7C 7C A1 00 81 0C 10 C0 07 
[GHST RAW] len=24: 7C 16 16 16 FA 00 81 0C 12 C0 07 7C 3C 03 7C 7C 7C 7C 7C 92 00 81 3A 03 7C 16 16 16 
[GHST RW] l C0 07 7C 00 03 7C 7C 7C 7C 7C F2 00 81 0C 10 C 07[GHST RAW] len=4: FF 02 7C 16 
[GHST RAW] len=24: 16 61 C0 07 7C FF 02 7C 7C 16 16 16 33 00 81 0C 1 C0 AW] len=24: 7C 16 16 16 16 78 00 81 0C 11 C0 07 7CB2 0 81 0C 
GHST RAW] [GHST RAW] len=24: 16 16 16 36 00 81 0C 11 C0 07 7C 7C 02 7C 7C 16 16 16 91 00 81 0C 12 C0 
[GHST RAW] len=24: 7C 16 16 16 16 EA 00 81 0C 11 C0 07 7C 3F 02 7C 7C 16 16 16 77 00 81 0C 
[GHST RAW] len=4: 18 02 7C 16 
[GHST RAW] len=24: 16 16 16 3B 00 81 0C 11 C0 07 7C 17 02 7C 7C 16 16 16 84 00 81 0C 12 C0 
[GHST RAW] len=24: 7C 16 16 16 16 DE 00 81 0C 11 C0 07 7C E2 01 7C 7C 16 16 16 17 00 81 0C 
[GHST RAW] len=3: BA 01 7C 
[GHST RAW] len=24: 16 16 16 16 DD 00 81 0C 11 C0 07 7C B8 01 7C 7C 16 16 16 87 00 81 0C 12 
[GHST RAW] len=9: C0 07 7C A5 01 7C 7C 7C 7C 
[GHST RAW] len=19: 0C 11 C0 07 7C 84 01 7C 7C 16 16 16 E7 00 81 0C 12 C0 07 
[GHST RAW] len=24: 16 16 16 16 8F 00 81 0C 11 C0 07 7C 5F 01 7C 7C 16 16 16 28 00 81 0C 12 
[GHST RAW] len=9: C0 07 7C 5D 01 7C 7C 7C 7C 
[GHST RAW] len=19: 0C 11 C0 07 7C 5D 01 7C 7C 16 16 16 D5 00 81 0C 12 C0 07 
[GHST RAW] len=24: 16 16 16 16 E6 00 81 0C 11 C0 07 7C 5C 01 7C 7C 16 16 16 41 00 81 0C 12 
[GHST RAW] len=9: C0 07 7C 5C 01 7C 7C 7C 7C 
[GHST RAW] len=19: 0C 11 C0 07 7C 5C 01 7C 7C 16 16 16 41 00 81 0C 12 C0 07 
[GHST RAW] len=24: 16 16 16 16 34 00 81 0C 11 C0 07 7C 5A 01 7C 7C 16 16 16 93 00 81 0C 12 
[GHST RAW] len=9: C0 07 7C 5A 01 7C 7C 7C 7C 
[GHST RAW] len=19: 0C 11 C0 07 7C 5A 01 7C 7C 16 16 16 93 00 81 0C 12 C0 07 
[GHST RAW] len=24: 16 16 16 16 34 00 81 0C 11 C0 07 7C 5A 01 7C 7C 16 16 16 93 00 81 0C 12 
[GHST RAW] len=9: C0 07 7C 5A 01 7C 7C 7C 7C 
[GHST RAW] len=19: 0C 11 C0 07 7C 5A 01 7C 7C 16 16 16 93 00 81 0C 12 C0 07 
[GHST RAW] len=24: 16 16 16 16 34 00 81 0C 11 C0 07 7C 5A 01 7C 7C 16 16 16 93 00 81 0C 12 
[GHST RAW] len=9: C0 07 7C 5A 01 7C 7C 7C 7C 
[GHST RAW] len=19: 0C 11 C0 07 7C 5A 01 7C 7C 16 16 16 93 00 81 0C 12 C0 07 
[GHST RAW] len=24: 16 16 16 16 34 00 81 0C 11 C0 07 7C 5A 01 7C 7C 16 16 16 93 00 81 0C 12 
[GHST RAW] len=9: C0 07 7C 5A 01 7C 7C 7C 7C 
[GHST RAW] len=19: 0C 11 C0 07 7C 5A 01 7C 7C 16 16 16 93 00 81 0C 12 C0 07 
[GHST RAW] len=24: 16 16 16 16 34 00 81 0C 11 C0 07 7C 5A 01 7C 7C 16 16 16 93 00 81 0C 12 
[GHST RAW] len=9: C0 07 7C 5A 01 7C 7C 7C 7C 
[GHST RAW] len=19: 0C 11 C0 07 7C 5A 01 7C 7C 16 16 16 93 00 81 0C 12 C0 07 
[GHST RAW] len=24: 16 16 16 16 34 00 81 0C 11 C0 07 7C 5A 01 7C 7C 16 16 16 93 00 81 0C 12 
[GHST RAW] len=9: C0 07 7C 5A 01 7C 7C 7C 7C 
[19: 0C 11 C0 07 7C 5A 01 7C 7C 16 16 16 93 00 81 C 1ST RAW] len=24: 16 16 16 16 34 00 81 0C 11 C0 07 7C 5A 01 7C 7C 16 16 16 93 00 81 0C 12 
[GHST RAW] len=9: C0 07 7C 5A 01 7C 7C 7C 7C 
[GHST RAW] len=19: 0C 11 C0 07 7C 5A 01 7C 7C 16 16 16 93 00 81 0C 12 C0 07 
[GHST RAW] len=24: 16 16 16 16 34 00 81 0C 11 C0 07 7C 5A 01 7C 7C 16 16 16 93 00 81 0C 12 
[GHST RAW] len=9: C0 07 7C 5A 01 7C 7C 7C 7C 
[GHST RAW] len=19: 0C 11 C0 07 7C 5A 01 7C 7C 16 16 16 93 00 81 0C 12 C0 07 
[GHST RAW] len=24: 16 16 16 16 34 00 81 0C 11 C0 07 7C 5A 01 7C 7C 16 16 16 93 00 81 0C 12 
[GHST RAW] len=9: C0 07 7C 5A 01 7C 7C 7C 7C 
[GHST RAW] len=19: 0C 11 C0 07 7C 5A 01 7C 7C 16 16 16 93 00 81 0C 12 C0 07 
[GHST RAW] len=24: 16 16 16 16 34 00 81 0C 11 C0 07 7C 5A 01 7C 7C 16 16 16 93 00 81 0C 12 
[GHST RAW] len=9: C0 07 7C 5A 01 7C 7C 7C 7C 
[GHST RAW] len=19: 0C 11 C0 07 7C 5A 01 7C 7C 16 16 16 93 00 81 0C 12 C0 07 
[GHST RAW] len=24: 16 16 16 16 34 00 81 0C 11 C0 07 7C 5A 01 7C 7C 16 16 16 93 00 81 0C 12 
[GHST RAW] len=9: C0 07 7C 5A 01 7C 7C 7C 7C 
[GHST RAW] len=19: 0C 11 C0 07 7C 5A 01 7C 7C 16 16 16 93 00 81 0C 12 C0 07 
[GHST RAW] len=24: 16 16 16 16 34 00 81 0C 11 C0 07 7C 5A 01 7C 7C 16 16 16 93 00 81 0C 12 
[GHST RAW] len=9: C0 07 7C 5A 01 7C 7C 7C 7C 
[GHST RAW] len=19: 0C 11 C0 07 7C 5A 01 7C 7C 16 16 16 93 00 81 0C 12 C0 07 
[GHST RAW] len=24: 16 16 16 16 34 00 81 0C 11 C0 07 7C 5A 01 7C 7C 16 16 16 93 00 81 0C 12 
[GHST RAW] len=9: C0 07 7C 5A 01 7C 7C 7C 7C 
[GHST RAW] len=19: 0C 11 C0 07 7C 5A 01 7C 7C 16 16 16 93 00 81 0C 12 C0 07 
[GHST RAW] len=24: 16 16 16 16 34 00 81 0C 11 C0 07 7C 5A 01 7C 7C 16 16 16 93 00 81 0C 12 
[GHST RAW] len=9: C0 07 7C 5A 01 7C 7C 7C 7C 
[GHST RAW] len=19: 0C 11 C0 07 7C 5A 01 7C 7C 16 16 16 93 00 81 0C 12 C0 07 
[GHST RAW] len=24: 16 16 16 16 34 00 81 0C 11 C0 07 7C 5A 01 7C 7C 16 16 16 93 00 81 0C 12 
[GHST RAW] len=9: C0 07 7C 5A 01 7C 7C 7C 7C 
[GHST RAW] len=19: 0C 11 C0 07 7C 5A 01 7C 7C 16 16 16 93 00 81 0C 12 C0 07 
[GHST RAW] len=24: 16 16 16 16 34 00 81 0C 11 C0 07 7C 5A 01 7C 7C 16 16 16 93 00 81 0C 12 
[GHST RAW] len=9: C0 07 7C 5A 01 7C 7C 7C 7C 
[GHST RAW] len=19: 0C 11 C0 07 7C 5A 01 7C 7C 16 16 16 93 00 81 0C 12 C0 07 
[GHST RAW] len=24: 16 16 16 16 34 00 81 0C 11 C0 07 7C 5A 01 7C 7C 16 16 16 93 00 81 0C 12 
[GHST RAW] len=9: C0 07 7C 5A 01 7C 7C 7C 7C 
[GHST RAW] len=19: 0C 11 C0 07 7C 5A 01 7C 7C 16 16 16 93 00 81 0C 12 C0 07 
[GHST RAW] len=24: 16 16 16 16 34 00 81 0C 11 C0 07 7C 5A 01 7C 7C 16 16 16 93 00 81 0C 12 
[GHST RAW] len=9: C0 07 7C 5A 01 7C 7C 7C 7C 
[GHST RAW] len=19: 0C 11 C0 07 7C 5A 01 7C 7C 16 16 16 93 00 81 0C 12 C0 07 
[GHST RAW] len=24: 16 16 16 16 34 00 81 0C 11 C0 07 7C 5A 01 7C 7C 16 16 16 93 00 81 0C 12 
[GHST RAW] len=9: C0 07 7C 5A 01 7C 7C 7C 7C 
[GHST RAW] len=19: 0C 11 C0 07 7C 5A 01 7C 7C 16 16 16 93 00 81 0C 12 C0 07 
[GHST RAW] len=24: 16 16 16 16 34 00 81 0C 11 C0 07 7C 5A 01 7C 7C 16 16 16 93 00 81 0C 12 
[GHST RAW] len=9: C0 07 7C 5A 01 7C 7C 7C 7C 
[GHST RAW] len=19: 0C 11 C0 07 7C 5A 01 7C 7C 16 16 16 93 00 81 0C 12 C0 07 
[GHST RAW] len=24: 16 16 16 16 34 00 81 0C 11 C0 07 7C 5A 01 7C 7C 16 16 16 93 00 81 0C 12 
[GHST RAW] len=9: C0 07 7C 5A 01 7C 7C 7C 7C 
[GHST RAW] len=19: 0C 11 C0 07 7C 5A 01 7C 7C 16 16 16 93 00 81 0C 12 C0 07 
[GHST RAW] len=24: 16 16 16 16 34 00 81 0C 11 C0 07 7C 5A 01 7C 7C 16 16 16 93 00 81 0C 12 
[GHST RAW] len=9: C0 07 7C 5A 01 7C 7C 7C 7C 
[GHST RAW] len=19: 0C 11 C0 07 7C 5A 01 7C 7C 16 16 16 93 00 81 0C 12 C0 07 
[GHST RAW] len=24: 16 16 16 16 34 00 81 0C 11 C0 07 7C 5A 01 7C 7C 16 16 16 93 00 81 0C 12 
[GHST RAW] len=9: C0 07 7C 5A 01 7C 7C 7C 7C 
[GHST RAW] len=19: 0C 11 C0 07 7C 5A 01 7C 7C 16 16 16 93 00 81 0C 12 C0 07 
[GHST RAW] len=24: 16 16 16 16 34 00 81 0C 11 C0 07 7C 5A 01 7C 7C 16 16 16 93 00 81 0C 12 
[GHST RAW] len=9: C0 07 7C 5A 01 7C 7C 7C 7C 
[GHST RAW] len=19: 0C 11 C0 07 7C 5A 01 7C 7C 16 16 16 93 00 81 0C 12 C0 07 
[GHST RAW] len=24: 16 16 16 16 34 00 81 0C 11 C0 07 7C 5A 01 7C 7C 16 16 16 93 00 81 0C 12 
[GHST RAW] len=9: C0 07 7C 5A 01 7C 7C 7C 7C 
[GHST RAW] len=19: 0C 11 C0 07 7C 5A 01 7C 7C 16 16 16 93 00 81 0C 12 C0 07 
[GHST RAW] len=24: 16 16 16 16 34 00 81 0C 11 C0 07 7C 5A 01 7C 7C 16 16 16 93 00 81 0C 12 
[GHST RAW] len=9: C0 07 7C 5A 01 7C 7C 7C 7C 
[GHST RAW] len=19: 0C 11 C0 07 7C 5A 01 7C 7C 16 16 16 93 00 81 0C 12 C0 07 
[GHST RAW] len=24: 16 16 16 16 34 00 81 0C 11 C0 07 7C 5A 01 7C 7C 16 16 16 93 00 81 0C 12 
[GHST RAW] len=9: C0 07 7C 5A 01 7C 7C 7C 7C 
[GHST RAW] len=19: 0C 11 C0 07 7C 5A 01 7C 7C 16 16 16 93 00 81 0C 12 C0 07 
[GHST RAW] len=24: 16 16 16 16 34 00 81 0C 11 C0 07 7C 5A 01 7C 7C 16 16 16 93 00 81 0C 12 
[GHST RAW] len=9: C0 07 7C 5A 01 7C 7C 7C 7C 
[GHST RAW] len=19: 0C 11 C0 07 7C 5A 01 7C 7C 16 16 16 93 00 81 0C 12 C0 07 
[GHST RAW] len=24: 16 16 16 16 34 00 81 0C 11 C0 07 7C 5A 01 7C 7C 16 16 16 93 00 81 0C 12 
[GHST RAW] len=9: C0 07 7C 5A 01 7C 7C 7C 7C 
[GHST RAW] len=19: 0C 11 C0 07 7C 5A 01 7C 7C 16 16 16 93 00 81 0C 12 C0 07 
[GHST RAW] len=24: 16 16 16 16 34 00 81 0C 11 C0 07 7C 5A 01 7C 7C 16 16 16 93 00 81 0C 12 
[GHST RAW] len=9: C0 07 7C 5A 01 7C 7C 7C 7C 
[GHST RAW] len=19: 0C 11 C0 07 7C 5A 01 7C 7C 16 16 16 93 00 81 0C 12 C0 07 
[GHST RAW] len=24: 16 16 16 16 34 00 81 0C 11 C0 07 7C 5A 01 7C 7C 16 16 16 93 00 81 0C 12 
[GHST RAW] len=9: C0 07 7C 5A 01 7C 7C 7C 7C 
[GHST RAW] len=19: 0C 11 C0 07 7C 5A 01 7C 7C 16 16 16 93 00 81 0C 12 C0 07 
[GHST RAW] len=24: 16 16 16 16 34 00 81 0C 11 C0 07 7C 5A 01 7C 7C 16 16 16 93 00 81 0C 12 
[GHST RAW] len=9: C0 07 7C 5A 01 7C 7C 7C 7C 
[GHST RAW] len=19: 0C 11 C0 07 7C 5A 01 7C 7C 16 16 16 93 00 81 0C 12 C0 07 
[GHST RAW] len=24: 16 16 16 16 34 00 81 0C 11 C0 07 7C 5A 01 7C 7C 16 16 16 93 00 81 0C 12 
[GHST RAW] len=9: C0 07 7C 5A 01 7C 7C 7C 7C 
[GHST RAW] len=19: 0C 11 C0 07 7C 5A 01 7C 7C 16 16 16 93 00 81 0C 12 C0 07 
[GHST RAW] len=24: 16 16 16 16 34 00 81 0C 11 C0 07 7C 5A 01 7C 7C 16 16 16 93 00 81 0C 12 
[GHST RAW] len=9: C0 07 7C 5A 01 7C 7C 7C 7C 
[GHST RAW] len=19: 0C 11 C0 07 7C 5A 01 7C 7C 16 16 16 93 00 81 0C 12 C0 07 
[GHST RAW] len=24: 16 16 16 16 34 00 81 0C 11 C0 07 7C 5A 01 7C 7C 16 16 16 93 00 81 0C 12 
[GHST RAW] len=9: C0 07 7C 5A 01 7C 7C 7C 7C 
[GHST RAW] len=19: 0C 11 C0 07 7C 5A 01 7C 7C 16 16 16 93 00 81 0C 12 C0 07 
[GHST RAW] len=24: 16 16 16 16 34 00 81 0C 11 C0 07 7C 5A 01 7C 7C 16 16 16 93 00 81 0C 12 
[GHST RAW] len=9: C0 07 7C 5A 01 7C 7C 7C 7C 
[GHST RAW] len=19: 0C 11 C0 07 7C 5A 01 7C 7C 16 16 16 93 00 81 0C 12 C0 07 
[GHST RAW] len=24: 16 16 16 16 34 00 81 0C 11 C0 07 7C 5A 01 7C 7C 16 16 16 93 00 81 0C 12 
[GHST RAW] len=9: C0 07 7C 5A 01 7C 7C 7C 7C 
[GHST RAW] len=19: 0C 11 C0 07 7C 5A 01 7C 7C 16 16 16 93 00 81 0C 12 C0 07 
[GHST RAW] len=24: 16 16 16 16 34 00 81 0C 11 C0 07 7C 5A 01 7C 7C 16 16 16 93 00 81 0C 12 
[GHST RAW] len=9: C0 07 7C 5A 01 7C 7C 7C 7C 
[GHST RAW] len=19: 0C 11 C0 07 7C 5A 01 7C 7C 16 16 16 93 00 81 0C 12 C0 07 
[GHST RAW] len=24: 16 16 16 16 34 00 81 0C 11 C0 07 7C 5A 01 7C 7C 16 16 16 93 00 81 0C 12 
[GHST RAW] len=9: C0 07 7C 5A 01 7C 7C 7C 7C 
[GHST RAW] len=19: 0C 11 C0 07 7C 5A 01 7C 7C 16 16 16 93 00 81 0C 12 C0 07 
[W] len=24: 16 16 16 16 34 00 81 0C 11 C0 07 7C 5A 01 7C 7C 16 16 16 93 00 81 0C 12 
[GHST RAW] len=9: C0 07 7C 5A 01 7C 7C 7C 7C 
[GHST RAW] len=19: 0C 11 C0 07 7C 5A 01 7C 7C 16 16 16 93 00 81 0C 12 C0 07 
[GHST RAW] len=24: 16 16 16 16 34 00 81 0C 11 C0 07 7C 5A 01 7C 7C 16 16 16 93 00 81 0C 12 
[GHST RAW] len=9: C0 07 7C 5A 01 7C 7C 7C 7C 
[GHST RAW] len=19: 0C 11 C0 07 7C 5A 01 7C 7C 16 16 16 93 00 81 0C 12 C0 07 
[GHST RAW] len=24: 16 16 16 16 34 00 81 0C 11 C0 07 7C 5A 01 7C 7C 16 16 16 93 00 81 0C 12 
[GHST RAW] len=9: C0 07 7C 5A 01 7C 7C 7C 7C 
[GHST RAW] len=19: 0C 11 C0 07 7C 5A 01 7C 7C 16 16 16 93 00 81 0C 12 C0 07 
[GHST RAW] len=24: 16 16 16 16 34 00 81 0C 11 C0 07 7C 5A 01 7C 7C 16 16 16 93 00 81 0C 12 
[GHST RAW] len=9: C0 07 7C 5A 01 7C 7C 7C 7C 
[GHST RAW] len=19: 0C 11 C0 07 7C 5A 01 7C 7C 16 16 16 93 00 81 0C 12 C0 07 
[GHST RAW] len=24: 16 16 16 16 34 00 81 0C 11 C0 07 7C 5A 01 7C 7C 16 16 16 93 00 81 0C 12 
[GHST RAW] len=9: C0 07 7C 5A 01 7C 7C 7C 7C 
[GHST RAW] len=19: 0C 11 C0 07 7C 5A 01 7C 7C 16 16 16 93 00 81 0C 12 C0 07 
[GHST RAW] len=24: 16 16 16 16 34 00 81 0C 11 C0 07 7C 5A 01 7C 7C 16 16 16 93 00 81 0C 12 
[GHST RAW] len=9: C0 07 7C 5A 01 7C 7C 7C 7C 
[GHST RAW] len=19: 0C 11 C0 07 7C 5A 01 7C 7C 16 16 16 93 00 81 0C 12 C0 07 
[GHST RAW] len=24: 16 16 16 16 34 00 81 0C 11 C0 07 7C 5A 01 7C 7C 16 16 16 93 00 81 0C 12 
[GHST RAW] len=9: C0 07 7C 5A 01 7C 7C 7C 7C 
[GHST RAW] len=19: 0C 11 C0 07 7C 5A 01 7C 7C 16 16 16 93 00 81 0C 12 C0 07 
[GHST RAW] len=24: 16 16 16 16 34 00 81 0C 11 C0 07 7C 5A 01 7C 7C 16 16 16 93 00 81 0C 12 
[GHST RAW] len=9: C0 07 7C 5A 01 7C 7C 7C 7C 
[GHST RAW] len=19: 0C 11 C0 07 7C 5A 01 7C 7C 16 16 16 93 00 81 0C 12 C0 07 
[GHST RAW] len=24: 16 16 16 16 34 00 81 0C 11 C0 07 7C 5A 01 7C 7C 16 16 16 93 00 81 0C 12 
[GHST RAW] len=9: C0 07 7C 5A 01 7C 7C 7C 7C 
[GHST RAW] len=19: 0C 11 C0 07 7C 5A 01 7C 7C 16 16 16 93 00 81 0C 12 C0 07 
[GHST RAW] len=24: 16 16 16 16 34 00 81 0C 11 C0 07 7C 5A 01 7C 7C 16 16 16 93 00 81 0C 12 
[GHST RAW] len=9: C0 07 7C 5A 01 7C 7C 7C 7C 
[GHST RAW] len=19: 0C 11 C0 07 7C 5A 01 7C 7C 16 16 16 93 00 81 0C 12 C0 07 
[GHST RAW] len=24: 16 16 16 16 34 00 81 0C 11 C0 07 7C 5A 01 7C 7C 16 16 16 93 00 81 0C 12 
[GHST RAW] len=9: C0 07 7C 5A 01 7C 7C 7C 7C 
[GHST RAW] len=19: 0C 11 C0 07 7C 5A 01 7C 7C 16 16 16 93 00 81 0C 12 C0 07 
[GHST RAW] len=24: 16 16 16 16 34 00 81 0C 11 C0 07 7C 5A 01 7C 7C 16 16 16 93 00 81 0C 12 
[GHST RAW] len=9: C0 07 7C 5A 01 7C 7C 7C 7C 
[GHST RAW] len=19: 0C 11 C0 07 7C 5A 01 7C 7C 16 16 16 93 00 81 0C 12 C0 07 
[GHST RAW] len=24: 16 16 16 16 34 00 81 0C 11 C0 07 7C 5A 01 7C 7C 16 16 16 93 00 81 0C 12 
[GHST RAW] len=9: C0 07 7C 5A 01 7C 7C 7C 7C 
[GHST RAW] len=19: 0C 11 C0 07 7C 5A 01 7C 7C 16 16 16 93 00 81 0C 12 C0 07 
[GHST RAW] len=24: 16 16 16 16 34 00 81 0C 11 C0 07 7C 5A 01 7C 7C 16 16 16 93 00 81 0C 12 
[GHST RAW] len=9: C0 07 7C 5A 01 7C 7C 7C 7C 
[GHST RAW] len=19: 0C 11 C0 07 7C 5A 01 7C 7C 16 16 16 93 00 81 0C 12 C0 07 
[GHST RAW] len=24: 16 16 16 16 34 00 81 0C 11 C0 07 7C 5A 01 7C 7C 16 16 16 93 00 81 0C 12 
[GHST RAW] len=9: C0 07 7C 5A 01 7C 7C 7C 7C 
[GHST RAW] len=19: 0C 11 C0 07 7C 5A 01 7C 7C 16 16 16 93 00 81 0C 12 C0 07 
[GHST RAW] len=24: 16 16 16 16 34 00 81 0C 11 C0 07 7C 5A 01 7C 7C 16 16 16 93 00 81 0C 12 
[GHST RAW] len=9: C0 07 7C 5A 01 7C 7C 7C 7C 
[GHST RAW] len=19: 0C 11 C0 07 7C 5A 01 7C 7C 16 16 16 93 00 81 0C 12 C0 07 
[GHST RAW] len=24: 16 16 16 16 34 00 81 0C 11 C0 07 7C 5A 01 7C 7C 16 16 16 93 00 81 0C 12 
[GHST RAW] len=9: C0 07 7C 5A 01 7C 7C 7C 7C 
[GHST RAW] len=19: 0C 11 C0 07 7C 5A 01 7C 7C 16 16 16 93 00 81 0C 12 C0 07 
[GHST RAW] len=24: 16 16 16 16 34 00 81 0C 11 C0 07 7C 5A 01 7C 7C 16 16 16 93 00 81 0C 12 
[GHST RAW] len=9: C0 07 7C 5A 01 7C 7C 7C 7C 
[GHST RAW] len=19: 0C 11 C0 07 7C 5A 01 7C 7C 16 16 16 93 00 81 0C 12 C0 07 
[GHST RAW] len=24: 16 16 16 16 34 00 81 0C 11 C0 07 7C 5A 01 7C 7C 16 16 16 93 00 81 0C 12 
[GHST RAW] len=9: C0 07 7C 5A 01 7C 7C 7C 7C 
[GHST RAW] len=19: 0C 11 C0 07 7C 5A 01 7C 7C 16 16 16 93 00 81 0C 12 C0 07 
[GHST RAW] len=24: 16 16 16 16 34 00 81 0C 11 C0 07 7C 5A 01 7C 7C 16 16 16 93 00 81 0C 12 
[GHST RAW] len=9: C0 07 7C 5A 01 7C 7C 7C 7C 
[GHST RAW] len=19: 0C 11 C0 07 7C 5A 01 7C 7C 16 16 16 93 00 81 0C 12 C0 07 
[GHST RAW] len=24: 16 16 16 16 34 00 81 0C 11 C0 07 7C 5A 01 7C 7C 16 16 16 93 00 81 0C 12 
[GHST RAW] len=9: C0 07 7C 5A 01 7C 7C 7C 7C 
[GHST RAW] len=19: 0C 11 C0 07 7C 5A 01 7C 7C 16 16 16 93 00 81 0C 12 C0 07 
[GHST RAW] len=24: 16 16 16 16 34 00 81 0C 11 C0 07 7C 5A 01 7C 7C 16 16 16 93 00 81 0C 12 
[GHST RAW] len=9: C0 07 7C 5A 01 7C 7C 7C 7C 
[GHST RAW] len=19: 0C 11 C0 07 7C 5A 01 7C 7C 16 16 16 93 00 81 0C 12 C0 07 
[GHST RAW] len=24: 16 16 16 16 34 00 81 0C 11 C0 07 7C 5A 01 7C 7C 16 16 16 93 00 81 0C 12 
[GHST RAW] len=9: C0 07 7C 5A 01 7C 7C 7C 7C 
[GHST RAW] len=19: 0C 11 C0 07 7C 5A 01 7C 7C 16 16 16 93 00 81 0C 12 C0 07 
[GHST RAW] len=24: 16 16 16 16 34 00 81 0C 11 C0 07 7C 5A 01 7C 7C 16 16 16 93 00 81 0C 12 
[GHST RAW] len=9: C0 07 7C 5A 01 7C 7C 7C 7C 
[GHST RAW] len=19: 0C 11 C0 07 7C 5A 01 7C 7C 16 16 16 93 00 81 0C 12 C0 07 
[GHST RAW] len=24: 16 16 16 16 34 00 81 0C 11 C0 07 7C 5A 01 7C 7C 16 16 16 93 00 81 0C 12 
[GHST RAW] len=9: C0 07 7C 5A 01 7C 7C 7C 7C 
[GHST RAW] len=19: 0C 11 C0 07 7C 5A 01 7C 7C 16 16 16 93 00 81 0C 12 C0 07 
[GHST RAW] len=24: 16 16 16 16 34 00 81 0C 11 C0 07 7C 5A 01 7C 7C 16 16 16 93 00 81 0C 12 
[GHST RAW] len=9: C0 07 7C 5A 01 7C 7C 7C 7C 
[GHST RAW] len=19: 0C 11 C0 07 7C 5A 01 7C 7C 16 16 16 93 00 81 0C 12 C0 07 
[GHST RAW] len=24: 16 16 16 16 34 00 81 0C 11 C0 07 7C 5A 01 7C 7C 16 16 16 93 00 81 0C 12 
[GHST RAW] len=9: C0 07 7C 5A 01 7C 7C 7C 7C 
[GHST RAW] len=19: 0C 11 C0 07 7C 5A 01 7C 7C 16 16 16 93 00 81 0C 12 C0 07 
[GHST RAW] len=24: 16 16 16 16 34 00 81 0C 11 C0 07 7C 5A 01 7C 7C 16 16 16 93 00 81 0C 12 
[GHST RAW] len=9: C0 07 7C 5A 01 7C 7C 7C 7C 
[GHST RAW] len=19: 0C 11 C0 07 7C 5A 01 7C 7C 16 16 16 93 00 81 0C 12 C0 07 
[GHST RAW] len=24: 16 16 16 16 34 00 81 0C 11 C0 07 7C 5A 01 7C 7 16 16 16 93 00 81 0C 12 
[GHST RAW] len=9: C0 07 7C 5A 01 7C 