23 6e f7 c8 41 a9 7f 14 9d aa c9 a9 a5 a9 a5 4b fd 83 1f 3f 78 d0 0a 46 6e f7 c8 41 a9 7f 14 9d aa c9 a9 a5 a9 a5 4b fd 83 1f 3f 78 d0 0a 23 6e f7 c8 41 a9 7f 14 9d aa c9 a9 a5 a9 a5 4b fd 83
1f 3f 78 d0 0a 46 6e f7 c8 41 a9 7f 14 9d aa c9 a9 a5 a9 a5 4b fd 83 1f 3f 78 d0 0a ff 46 6e f7 c8 41 a9 7f 14 9d aa c9 a9 a5 a9 a5 4b fd 83 1f 3f 78 d0 0a 23 6e f7 c8 41 a9 7f 14 9d aa c9 a9
a5 a9 a5 4b fd 83 1f 3f 78 d0 0a 23 6e f7 c8 41 a9 7f 14 9d aa c9 a9 a5 a9 a5 4b fd 83 1f 3f 78 d0 0a 23 6e f7 c8 41 a9 7f 14 9d aa c9 a9 a5 a9 a5 4b fd 83 1f 3f 78 d0 0a 46 6e f7 c8 41 a9 7f
14 9d aa c9 a9 a5 a9 a5 4b fd 83 1f 3f 78 d0 0a 46 6e f7 c8 41 a9 7f 14 9d aa c9 a9 a5 a9 a5 4b fd 83 1f 3f 78 d0 0a 23 6e f7 c8 41 a9 7f 14 9d aa c9 a9 a5 a9 a5 4b fd 83 1f 3f 78 d0 0a 46 6e
f7 c8 41 a9 7f 14 9d aa c9 a9 a5 a9 a5 4b fd 83 1f 3f 78 d0 0a ff 23 6e f7 c8 41 a9 7f 14 9d aa c9 a9 a5 a9 a5 4b fd 83 1f 3f 78 d0 0a 46 6e f7 c8 41 a9 7f 14 9d aa c9 a9 a5 a9 a5 4b fd 83 1f
3f 78 d0 0a 46 6e f7 c8 41 a9 7f 14 9d aa c9 a9 a5 a9 a5 4b fd 83 1f 3f 78 d0 0a 23 6e f7 c8 41 a9 7f 14 9d aa c9 a9 a5 a9 a5 4b fd 83 1f 3f 78 d0 0a 46 6e f7 c8 41 a9 7f 14 9d aa c9 a9 a5 a9
a5 4b fd 83 1f 3f 78 d0 0a 23 6e f7 c8 41 a9 7f 14 9d aa c9 a9 a5 a9 a5 4b fd 83 1f 3f 78 d0 0a 22 6e f7 c8 41 a9 7f 14 9d aa c9 a9 a5 a9 a5 4b fd 83 1f 3f 78 d0 0a ff 46 6e f7 c8 41 a9 7f 14
9d aa c9 a9 a5 a9 a5 4b fd 83 1f 3f 78 d0 0a ff 23 6e f7 c8 41 a9 7f 14 9d aa c9 a9 a5 a9 a5 4b fd 83 1f 3f 78 d0 0a 46 6e f7 c8 41 a9 7f 14 9d aa c9 a9 a5 a9 a5 4b fd 83 1f 3f 78 d0 0a 23 6e
f7 c8 41 a9 7f 14 9d aa c9 a9 a5 a9 a5 4b fd 83 1f 3f 78 d0 0a 46 6e f7 c8 41 a9 7f 14 9d aa c9 a9 a5 a9 a5 4b fd 83 1f 3f 78 d0 0a ff 46 6e f7 c8 41 a9 7f 14 9d aa c9 a9 a5 a9 a5 4b fd 83 1f
3f 78 d0 0a ff 23 6e f7 c8 41 a9 7f 14 9d aa c9 a9 a5 a9 a5 4b fd 83 1f 3f 78 d0 0a 46 6e f7 c8 41 a9 7f 14 9d aa c9 a9 a5 a9 a5 4b fd 83 1f 3f 78 d0 0a 23 6e f7 c8 41 a9 7f 14 9d aa c9 a9 a5
a9 a5 4b fd 83 1f 3f 78 d0 0a 46 6e f7 c8 41 a9 7f 14 9d aa c9 a9 a5 a9 a5 4b fd 83 1f 3f 78 d0 0a 46 6e f7 c8 41 a9 7f 14 9d aa c9 a9 a5 a9 a5 4b fd 83 1f 3f 78 d0 0a ff 23 6e f7 c8 41 a9 7f
14 9d aa c9 a9 a5 a9 a5 4b fd 83 1f 3f 78 d0 0a 23 6e f7 c8 41 a9 7f 14 9d aa c9 a9 a5 a9 a5 4b fd 83 1f 3f 78 d0 0a 23 6e f7 c8 41 a9 7f 14 9d aa c9 a9 a5 a9 a5 4b fd 83 1f 3f 78 d0 0a 46 6e
f7 c8 41 a9 7f 14 9d aa c9 a9 a5 a9 a5 4b fd 83 1f 3f 78 d0 0a 46 6e f7 c8 41 a9 7f 14 9d aa c9 a9 a5 a9 a5 4b fd 83 1f 3f 78 d0 0a 23 6e f7 c8 41 a9 7f 14 9d aa c9 a9 a5 a9 a5 4b fd 83 1f 3f
78 d0 0a 46 6e f7 c8 41 a9 7f 14 9d aa c9 a9 a5 a9 a5 4b fd 83 1f 3f 78 d0 0a 23 6e f7 c8 41 a9 7f 14 9d aa c9 a9 a5 a9 a5 4b fd 83 1f 3f 78 d0 0a 46 6e f7 c8 41 a9 7f 14 9d aa c9 a9 a5 a9 a5
4b fd 83 1f 3f 78 d0 0a 46 6e f7 c8 41 a9 7f 14 9d aa c9 a9 a5 a9 a5 4b fd 83 1f 3f 78 d0 0a 23 6e f7 c8 41 a9 7f 14 9d aa c9 a9 a5 a9 a5 4b fd 83 1f 3f 78 d0 0a 46 6e f7 c8 41 a9 7f 14 9d aa
c9 a9 a5 a9 a5 4b fd 83 1f 3f 78 d0 0a 23 6e f7 c8 41 a9 7f 14 9d aa c9 a9 a5 a9 a5 4b fd 83 1f 3f 78 d0 0a 46 6e f7 c8 41 a9 7f 14 9d aa c9 a9 a5 a9 a5 4b fd 83 1f 3f 78 d0 0a 46 6e f7 c8 41
a9 7f 14 9d aa c9 a9 a5 a9 a5 4b fd 83 1f 3f 78 d0 0a 23 6e f7 c8 41 a9 7f 14 9d aa c9 a9 a5 a9 a5 4b fd 83 1f 3f 78 d0 0a 46 6e f7 c8 41 a9 7f 14 9d aa c9 a9 a5 a9 a5 4b fd 83 1f 3f 78 d0 0a
23 6e f7 c8 41 a9 7f 14 9d aa c9 a9 a5 a9 a5 4b fd 83 1f 3f 78 d0 0a 46 6e f7 c8 41 a9 7f 14 9d aa c9 a9 a5 a9 a5 4b fd 83 1f 3f 78 d0 0a ff 46 6e f7 c8 41 a9 7f 14 9d aa c9 a9 a5 a9 a5 4b fd
83 1f 3f 78 d0 0a 23 6e f7 c8 41 a9 7f 14 9d aa c9 a9 a5 a9 a5 4b fd 83 1f 3f 78 d0 0a 46 6e f7 c8 41 a9 7f 14 9d aa c9 a9 a5 a9 a5 4b fd 83 1f 3f 78 d0 0a 23 6e f7 c8 41 a9 7f 14 9d aa c9 a9
a5 a9 a5 4b fd 83 1f 3f 78 d0 0a 46 6e f7 c8 41 a9 7f 14 9d aa c9 a9 a5 a9 a5 4b fd 83 1f 3f 78 d0 0a 46 6e f7 c8 41 a9 7f 14 9d aa c9 a9 a5 a9 a5 4b fd 83 1f 3f 78 d0 0a 23 6e f7 c8 41 a9 7f
14 9d aa c9 a9 a5 a9 a5 4b fd 83 1f 3f 78 d0 0a 23 6e f7 c8 41 a9 7f 14 9d aa c9 a9 a5 a9 a5 4b fd 83 1f 3f 78 d0 0a 23 6e f7 c8 41 a9 7f 14 9d aa c9 a9 a5 a9 a5 4b fd 83 1f 3f 78 d0 0a 46 6e
f7 c8 41 a9 7f 14 9d aa c9 a9 a5 a9 a5 4b fd 83 1f 3f 78 d0 0a 46 6e f7 c8 41 a9 7f 14 9d aa c9 a9 a5 a9 a5 4b fd 83 1f 3f 78 d0 0a 23 6e f7 c8 41 a9 7f 14 9d aa c9 a9 a5 a9 a5 4b fd 83 1f 3f
78 d0 0a 46 6e f7 c8 41 a9 7f 14 9d aa c9 a9 a5 a9 a5 4b fd 83 1f 3f 78 d0 0a 23 6e f7 c8 41 a9 7f 14 9d aa c9 a9 a5 a9 a5 4b fd 83 1f 3f 78 d0 0a 46 6e f7 c8 41 a9 7f 14 9d aa c9 a9 a5 a9 a5
4b fd 83 1f 3f 78 d0 0a 46 6e f7 c8 41 a9 7f 14 9d aa c9 a9 a5 a9 a5 4b fd 83 1f 3f 78 d0 0a 23 6e f7 c8 41 a9 7f 14 9d aa c9 a9 a5 a9 a5 4b fd 83 1f 3f 78 d0 0a 46 6e f7 c8 41 a9 7f 14 9d aa
c9 a9 a5 a9 a5 4b fd 83 1f 3f 78 d0 0a 23 6e f7 c8 41 a9 7f 14 9d aa c9 a9 a5 a9 a5 4b fd 83 1f 3f 78 d0 0a 23 6e f7 c8 41 a9 7f 14 9d aa c9 a9 a5 a9 a5 4b fd 83 1f 3f 78 d0 0a 23 6e f7 c8 41
a9 7f 14 9d aa c9 a9 a5 a9 a5 4b fd 83 1f 3f 78 d0 0a 23 6e f7 c8 41 a9 7f 14 9d aa c9 a9 a5 a9 a5 4b fd 83 1f 3f 78 d0 0a 46 6e f7 c8 41 a9 7f 14 9d aa c9 a9 a5 a9 a5 4b fd 83 1f 3f 78 d0 0a
23 6e f7 c8 41 a9 7f 14 9d aa c9 a9 a5 a9 a5 4b fd 83 1f 3f 78 d0 0a 46 6e f7 c8 41 a9 7f 14 9d aa c9 a9 a5 a9 a5 4b fd 83 1f 3f 78 d0 0a 46 6e f7 c8 41 a9 7f 14 9d aa c9 a9 a5 a9 a5 4b fd 83
1f 3f 78 d0 0a 23 6e f7 c8 41 a9 7f 14 9d aa c9 a9 a5 a9 a5 4b fd 83 1f 3f 78 d0 0a 46 6e f7 c8 41 a9 7f 14 9d aa c9 a9 a5 a9 a5 4b fd 83 1f 3f 78 d0 0a 23 6e f7 c8 41 a9 7f 14 9d aa c9 a9 a5
a9 a5 4b fd 83 1f 3f 78 d0 0a 46 6e f7 c8 41 a9 7f 14 9d aa c9 a9 a5 a9 a5 4b fd 83 1f 3f 78 d0 0a 46 6e f7 c8 41 a9 7f 14 9d aa c9 a9 a5 a9 a5 4b fd 83 1f 3f 78 d0 0a 23 6e f7 c8 41 a9 7f 14
9d aa c9 a9 a5 a9 a5 4b fd 83 1f 3f 78 d0 0a 23 6e f7 c8 41 a9 7f 14 9d aa c9 a9 a5 a9 a5 4b fd 83 1f 3f 78 d0 0a 23 6e f7 c8 41 a9 7f 14 9d aa c9 a9 a5 a9 a5 4b fd 83 1f 3f 78 d0 0a 46 6e f7
c8 41 a9 7f 14 9d aa c9 a9 a5 a9 a5 4b fd 83 1f 3f 78 d0 0a 46 6e f7 c8 41 a9 7f 14 9d aa c9 a9 a5 a9 a5 4b fd 83 1f 3f 78 d0 0a 23 6e f7 c8 41 a9 7f 14 9d aa c9 a9 a5 a9 a5 4b fd 83 1f 3f 78
d0 0a 46 6e f7 c8 41 a9 7f 14 9d aa c9 a9 a5 a9 a5 4b fd 83 1f 3f 78 d0 0a 23 6e f7 c8 41 a9 7f 14 9d aa c9 a9 a5 a9 a5 4b fd 83 1f 3f 78 d0 0a 46 6e f7 c8 41 a9 7f 14 9d aa c9 a9 a5 a9 a5 4b
fd 83 1f 3f 78 d0 0a 46 6e f7 c8 41 a9 7f 14 9d aa c9 a9 a5 a9 a5 4b fd 83 1f 3f 78 d0 0a 23 6e f7 c8 41 a9 7f 14 9d aa c9 a9 a5 a9 a5 4b fd 83 1f 3f 78 d0 0a 46 6e f7 c8 41 a9 7f 14 9d aa c9
a9 a5 a9 a5 4b fd 83 1f 3f 78 d0 0a 23 6e f7 c8 41 a9 7f 14 9d aa c9 a9 a5 a9 a5 4b fd 83 1f 3f 78 d0 0a 46 6e f7 c8 41 a9 7f 14 9d aa c9 a9 a5 a9 a5 4b fd 83 1f 3f 78 d0 0a 46 6e f7 c8 41 a9
7f 14 9d aa c9 a9 a5 a9 a5 4b fd 83 1f 3f 78 d0 0a 23 6e f7 c8 41 a9 7f 14 9d aa c9 a9 a5 a9 a5 4b fd 83 1f 3f 78 d0 0a ff 46 6e f7 c8 41 a9 7f 14 9d aa c9 a9 a5 a9 a5 4b fd 83 1f 3f 78 d0 0a
23 6e f7 c8 41 a9 7f 14 9d aa c9 a9 a5 a9 a5 4b fd 83 1f 3f 78 d0 0a 46 6e f7 c8 41 a9 7f 14 9d aa c9 a9 a5 a9 a5 4b fd 83 1f 3f 78 d0 0a 46 6e f7 c8 41 a9 7f 14 9d aa c9 a9 a5 a9 a5 4b fd 83
1f 3f 78 d0 0a 23 6e f7 c8 41 a9 7f 14 9d aa c9 a9 a5 a9 a5 4b fd 83 1f 3f 78 d0 0a 46 6e f7 c8 41 a9 7f 14 9d aa c9 a9 a5 a9 a5 4b fd 83 1f 3f 78 d0 0a 23 6e f7 c8 41 a9 7f 14 9d aa c9 a9 a5
a9 a5 4b fd 83 1f 3f 78 d0 0a 46 6e f7 c8 41 a9 7f 14 9d aa c9 a9 a5 a9 a5 4b fd 83 1f 3f 78 d0 0a 46 6e f7 c8 41 a9 7f 14 9d aa c9 a9 a5 a9 a5 4b fd 83 1f 3f 78 d0 0a 23 6e f7 c8 41 a9 7f 14
9d aa c9 a9 a5 a9 a5 4b fd 83 1f 3f 78 d0 0a 23 6e f7 c8 41 a9 7f 14 9d aa c9 a9 a5 a9 a5 4b fd 83 1f 3f 78 d0 0a 23 6e f7 c8 41 a9 7f 14 9d aa c9 a9 a5 a9 a5 4b fd 83 1f 3f 78 d0 0a 46 6e f7
c8 41 a9 7f 14 9d aa c9 a9 a5 a9 a5 4b fd 83 1f 3f 78 d0 0a 46 6e f7 c8 41 a9 7f 14 9d aa c9 a9 a5 a9 a5 4b fd 83 1f 3f 78 d0 0a 23 6e f7 c8 41 a9 7f 14 9d aa c9 a9 a5 a9 a5 4b fd 83 1f 3f 78
d0 0a 46 6e f7 c8 41 a9 7f 14 9d aa c9 a9 a5 a9 a5 4b fd 83 1f 3f 78 d0 0a 23 6e f7 c8 41 a9 7f 14 9d aa c9 a9 a5 a9 a5 4b fd 83 1f 3f 78 d0 0a 46 6e f7 c8 41 a9 7f 14 9d aa c9 a9 a5 a9 a5 4b
fd 83 1f 3f 78 d0 0a ff 46 6e f7 c8 41 a9 7f 14 9d aa c9 a9 a5 a9 a5 4b fd 83 1f 3f 78 d0 0a 23 6e f7 c8 41 a9 7f 14 9d aa c9 a9 a5 a9 a5 4b fd 83 1f 3f 78 d0 0a 46 6e f7 c8 41 a9 7f 14 9d aa
c9 a9 a5 a9 a5 4b fd 83 1f 3f 78 d0 0a 23 6e f7 c8 41 a9 7f 14 9d aa c9 a9 a5 a9 a5 4b fd 83 1f 3f 78 d0 0a 46 6e f7 c8 41 a9 7f 14 9d aa c9 a9 a5 a9 a5 4b fd 83 1f 3f 78 d0 0a 46 6e f7 c8 41
a9 7f 14 9d aa c9 a9 a5 a9 a5 4b fd 83 1f 3f 78 d0 0a ff 23 6e f7 c8 41 a9 7f 14 9d aa c9 a9 a5 a9 a5 4b fd 83 1f 3f 78 d0 0a 46 6e f7 c8 41 a9 7f 14 9d aa c9 a9 a5 a9 a5 4b fd 83 1f 3f 78 d0
0a 23 6e f7 c8 41 a9 7f 14 9d aa c9 a9 a5 a9 a5 4b fd 83 1f 3f 78 d0 0a ff 46 6e f7 c8 41 a9 7f 14 9d aa c9 a9 a5 a9 a5 4b fd 83 1f 3f 78 d0 0a ff 46 6e f7 c8 41 a9 7f 14 9d aa c9 a9 a5 a9 a5
4b fd 83 1f 3f 78 d0 0a 23 6e f7 c8 41 a9 7f 14 9d aa c9 a9 a5 a9 a5 4b fd 83 1f 3f 78 d0 0a 46 6e f7 c8 41 a9 7f 14 9d aa c9 a9 a5 a9 a5 4b fd 83 1f 3f 78 d0 0a 23 6e f7 c8 41 a9 7f 14 9d aa
c9 a9 a5 a9 a5 4b fd 83 1f 3f 78 d0 0a 46 6e f7 c8 41 a9 7f 14 9d aa c9 a9 a5 a9 a5 4b fd 83 1f 3f 78 d0 0a 46 6e f7 c8 41 a9 7f 14 9d aa c9 a9 a5 a9 a5 4b fd 83 1f 3f 78 d0 0a 23 6e f7 c8 41
a9 7f 14 9d aa c9 a9 a5 a9 a5 4b fd 83 1f 3f 78 d0 0a 23 6e f7 c8 41 a9 7f 14 9d aa c9 a9 a5 a9 a5 4b fd 83 1f 3f 78 d0 0a 23 6e f7 c8 41 a9 7f 14 9d aa c9 a9 a5 a9 a5 4b fd 83 1f 3f 78 d0 0a
46 6e f7 c8 41 a9 7f 14 9d aa c9 a9 a5 a9 a5 4b fd 83 1f 3f 78 d0 0a 46 6e f7 c8 41 a9 7f 14 9d aa c9 a9 a5 a9 a5 4b fd 83 1f 3f 78 d0 0a 23 6e f7 c8 41 a9 7f 14 9d aa c9 a9 a5 a9 a5 4b fd 83
1f 3f 78 d0 0a 46 6e f7 c8 41 a9 7f 14 9d aa c9 a9 a5 a9 a5 4b fd 83 1f 3f 78 d0 0a 23 6e f7 c8 41 a9 7f 14 9d aa c9 a9 a5 a9 a5 4b fd 83 1f 3f 78 d0 0a 46 6e f7 c8 41 a9 7f 14 9d aa c9 a9 a5
a9 a5 4b fd 83 1f 3f 78 d0 0a 46 6e f7 c8 41 a9 7f 14 9d aa c9 a9 a5 a9 a5 4b fd 83 1f 3f 78 d0 0a 23 6e f7 c8 41 a9 7f 14 9d aa c9 a9 a5 a9 a5 4b fd 83 1f 3f 78 d0 0a ff 46 6e f7 c8 41 a9 7f
14 9d aa c9 a9 a5 a9 a5 4b fd 83 1f 3f 78 d0 0a ff 23 6e f7 c8 41 a9 7f 14 9d aa c9 a9 a5 a9 a5 4b fd 83 1f 3f 78 d0 0a ff 46 6e f7 c8 41 a9 7f 14 9d aa c9 a9 a5 a9 a5 4b fd 83 1f 3f 78 d0 0a
ff 46 6e f7 c8 41 a9 7f 14 9d aa c9 a9 a5 a9 a5 4b fd 83 1f 3f 78 d0 0a 23 6e f7 c8 41 a9 7f 14 9d aa c9 a9 a5 a9 a5 4b fd 83 1f 3f 78 d0 0a 46 6e f7 c8 41 a9 7f 14 9d aa c9 a9 a5 a9 a5 4b fd
83 1f 3f 78 d0 0a 23 6e f7 c8 41 a9 7f 14 9d aa c9 a9 a5 a9 a5 4b fd 83 1f 3f 78 d0 0a 46 6e f7 c8 41 a9 7f 14 9d aa c9 a9 a5 a9 a5 4b fd 83 1f 3f 78 d0 0a 46 6e f7 c8 41 a9 7f 14 9d aa c9 a9
a5 a9 a5 4b fd 83 1f 3f 78 d0 0a ff 23 6e f7 c8 41 a9 7f 14 9d aa c9 a9 a5 a9 a5 4b fd 83 1f 3f 78 d0 0a 46 6e f7 c8 41 a9 7f 14 9d aa c9 a9 a5 a9 a5 4b fd 83 1f 3f 78 d0 0a 23 6e f7 c8 41 a9
7f 14 9d aa c9 a9 a5 a9 a5 4b fd 83 1f 3f 78 d0 0a ff 46 6e f7 c8 41 a9 7f 14 9d aa c9 a9 a5 a9 a5 4b fd 83 1f 3f 78 d0 0a 46 6e f7 c8 41 a9 7f 14 9d aa c9 a9 a5 a9 a5 4b fd 83 1f 3f 78 d0 0a
ff 23 6e f7 c8 41 a9 7f 14 9d aa c9 a9 a5 a9 a5 4b fd 83 1f 3f 78 d0 0a 23 6e f7 c8 41 a9 7f 14 9d aa c9 a9 a5 a9 a5 4b fd 83 1f 3f 78 d0 0a 23 6e f7 c8 41 a9 7f 14 9d aa c9 a9 a5 a9 a5 4b fd
83 1f 3f 78 d0 0a 46 6e f7 c8 41 a9 7f 14 9d aa c9 a9 a5 a9 a5 4b fd 83 1f 3f 78 d0 0a ff 46 6e f7 c8 41 a9 7f 14 9d aa c9 a9 a5 a9 a5 4b fd 83 1f 3f 78 d0 0a 23 6e f7 c8 41 a9 7f 14 9d aa c9
a9 a5 a9 a5 4b fd 83 1f 3f 78 d0 0a 46 6e f7 c8 41 a9 7f 14 9d aa c9 a9 a5 a9 a5 4b fd 83 1f 3f 78 d0 0a 23 6e f7 c8 41 a9 7f 14 9d aa c9 a9 a5 a9 a5 4b fd 83 1f 3f 78 d0 0a ff 46 6e f7 c8 41
a9 7f 14 9d aa c9 a9 a5 a9 a5 4b fd 83 1f 3f 78 d0 0a 46 6e f7 c8 41 a9 7f 14 9d aa c9 a9 a5 a9 a5 4b fd 83 1f 3f 78 d0 0a 23 6e f7 c8 41 a9 7f 14 9d aa c9 a9 a5 a9 a5 4b fd 83 1f 3f 78 d0 0a
46 6e f7 c8 41 a9 7f 14 9d aa c9 a9 a5 a9 a5 4b fd 83 1f 3f 78 d0 0a 23 6e f7 c8 41 a9 7f 14 9d aa c9 a9 a5 a9 a5 4b fd 83 1f 3f 78 d0 0a 46 6e f7 c8 41 a9 7f 14 9d aa c9 a9 a5 a9 a5 4b fd 83
1f 3f 78 d0 0a 46 6e f7 c8 41 a9 7f 14 9d aa c9 a9 a5 a9 a5 4b fd 83 1f 3f 78 d0 0a 23 6e f7 c8 41 a9 7f 14 9d aa c9 a9 a5 a9 a5 4b fd 83 1f 3f 78 d0 0a 46 6e f7 c8 41 a9 7f 14 9d aa c9 a9 a5
a9 a5 4b fd 83 1f 3f 78 d0 0a 23 6e f7 c8 41 a9 7f 14 9d aa c9 a9 a5 a9 a5 4b fd 83 1f 3f 78 d0 0a 46 6e f7 c8 41 a9 7f 14 9d aa c9 a9 a5 a9 a5 4b fd 83 1f 3f 78 d0 0a 46 6e f7 c8 41 a9 7f 14
9d aa c9 a9 a5 a9 a5 4b fd 83 1f 3f 78 d0 0a ff 23 6e f7 c8 41 a9 7f 14 9d aa c9 a9 a5 a9 a5 4b fd 83 1f 3f 78 d0 0a 46 6e f7 c8 41 a9 7f 14 9d aa c9 a9 a5 a9 a5 4b fd 83 1f 3f 78 d0 0a 23 6e
f7 c8 41 a9 7f 14 9d aa c9 a9 a5 a9 a5 4b fd 83 1f 3f 78 d0 0a 46 6e f7 c8 41 a9 7f 14 9d aa c9 a9 a5 a9 a5 4b fd 83 1f 3f 78 d0 0a 46 6e f7 c8 41 a9 7f 14 9d aa c9 a9 a5 a9 a5 4b fd 83 1f 3f
78 d0 0a 23 6e f7 c8 41 a9 7f 14 9d aa c9 a9 a5 a9 a5 4b fd 83 1f 3f 78 d0 0a 23 6e f7 c8 41 a9 7f 14 9d aa c9 a9 a5 a9 a5 4b fd 83 1f 3f 78 d0 0a 23 6e f7 c8 41 a9 7f 14 9d aa c9 a9 a5 a9 a5
4b fd 83 1f 3f 78 d0 0a 46 6e f7 c8 41 a9 7f 14 9d aa c9 a9 a5 a9 a5 4b fd 83 1f 3f 78 d0 0a ff 46 6e f7 c8 41 a9 7f 14 9d aa c9 a9 a5 a9 a5 4b fd 83 1f 3f 78 d0 0a 23 6e f7 c8 41 a9 7f 14 9d
aa c9 a9 a5 a9 a5 4b fd 83 1f 3f 78 d0 0a 46 6e f7 c8 41 a9 7f 14 9d aa c9 a9 a5 a9 a5 4b fd 83 1f 3f 78 d0 0a 23 6e f7 c8 41 a9 7f 14 9d aa c9 a9 a5 a9 a5 4b fd 83 1f 3f 78 d0 0a ff 46 6e f7
c8 41 a9 7f 14 9d aa c9 a9 a5 a9 a5 4b fd 83 1f 3f 78 d0 0a 46 6e f7 c8 41 a9 7f 14 9d aa c9 a9 a5 a9 a5 4b fd 83 1f 3f 78 d0 0a 23 6e f7 c8 41 a9 7f 14 9d aa c9 a9 a5 a9 a5 4b fd 83 1f 3f 78
d0 0a 46 6e f7 c8 41 a9 7f 14 9d aa c9 a9 a5 a9 a5 4b fd 83 1f 3f 78 d0 0a 23 6e f7 c8 41 a9 7f 14 9d aa c9 a9 a5 a9 a5 4b fd 83 1f 3f 78 d0 0a 23 6e f7 c8 41 a9 7f 14 9d aa c9 a9 a5 a9 a5 4b
fd 83 1f 3f 78 d0 0a 46 6e f7 c8 41 a9 7f 14 9d aa c9 a9 a5 a9 a5 4b fd 83 1f 3f 78 d0 0a 23 6e f7 c8 41 a9 7f 14 9d aa c9 a9 a5 a9 a5 4b fd 83 1f 3f 78 d0 0a 46 6e f7 c8 41 a9 7f 14 9d aa c9
a9 a5 a9 a5 4b fd 83 1f 3f 78 d0 0a 23 6e f7 c8 41 a9 7f 14 9d aa c9 a9 a5 a9 a5 4b fd 83 1f 3f 78 d0 0a ff 46 6e f7 c8 41 a9 7f 14 9d aa c9 a9 a5 a9 a5 4b fd 83 1f 3f 78 d0 0a 46 6e f7 c8 41
a9 7f 14 9d aa c9 a9 a5 a9 a5 4b fd 83 1f 3f 78 d0 0a 23 6e f7 c8 41 a9 7f 14 9d aa c9 a9 a5 a9 a5 4b fd 83 1f 3f 78 d0 0a 46 6e f7 c8 41 a9 7f 14 9d aa c9 a9 a5 a9 a5 4b fd 83 1f 3f 78 d0 0a
23 6e f7 c8 41 a9 7f 14 9d aa c9 a9 a5 a9 a5 4b fd 83 1f 3f 78 d0 0a ff 46 6e f7 c8 41 a9 7f 14 9d aa c9 a9 a5 a9 a5 4b fd 83 1f 3f 78 d0 0a ff 46 6e f7 c8 41 a9 7f 14 9d aa c9 a9 a5 a9 a5 4b
fd 83 1f 3f 78 d0 0a 23 6e f7 c8 41 a9 7f 14 9d aa c9 a9 a5 a9 a5 4b fd 83 1f 3f 78 d0 0a 46 6e f7 c8 41 a9 7f 14 9d aa c9 a9 a5 a9 a5 4b fd 83 1f 3f 78 d0 0a 23 6e f7 c8 41 a9 7f 14 9d aa c9
a9 a5 a9 a5 4b fd 83 1f 3f 78 d0 0a 46 6e f7 c8 41 a9 7f 14 9d aa c9 a9 a5 a9 a5 4b fd 83 1f 3f 78 d0 0a 46 6e f7 c8 41 a9 7f 14 9d aa c9 a9 a5 a9 a5 4b fd 83 1f 3f 78 d0 0a 23 6e f7 c8 41 a9
7f 14 9d aa c9 a9 a5 a9 a5 4b fd 83 1f 3f 78 d0 0a ff 46 6e f7 c8 41 a9 7f 14 9d aa c9 a9 a5 a9 a5 4b fd 83 1f 3f 78 d0 0a 23 6e f7 c8 41 a9 7f 14 9d aa c9 a9 a5 a9 a5 4b fd 83 1f 3f 78 d0 0a
46 6e f7 c8 41 a9 7f 14 9d aa c9 a9 a5 a9 a5 4b fd 83 1f 3f 78 d0 0a 46 6e f7 c8 41 a9 7f 14 9d aa c9 a9 a5 a9 a5 4b fd 83 1f 3f 78 d0 0a 23 6e f7 c8 41 a9 7f 14 9d aa c9 a9 a5 a9 a5 4b fd 83
1f 3f 78 d0 0a 46 6e f7 c8 41 a9 7f 14 9d aa c9 a9 a5 a9 a5 4b fd 83 1f 3f 78 d0 0a 23 6e f7 c8 41 a9 7f 14 9d aa c9 a9 a5 a9 a5 4b fd 83 1f 3f 78 d0 0a 46 6e f7 c8 41 a9 7f 14 9d aa c9 a9 a5
a9 a5 4b fd 83 1f 3f 78 d0 0a 46 6e f7 c8 41 a9 7f 14 9d aa c9 a9 a5 a9 a5 4b fd 83 1f 3f 78 d0 0a 23 6e f7 c8 41 a9 7f 14 9d aa c9 a9 a5 a9 a5 4b fd 83 1f 3f 78 d0 0a 46 6e f7 c8 41 a9 7f 14
9d aa c9 a9 a5 a9 a5 4b fd 83 1f 3f 78 d0 0a 23 6e f7 c8 41 a9 7f 14 9d aa c9 a9 a5 a9 a5 4b fd 83 1f 3f 78 d0 0a 46 6e f7 c8 41 a9 7f 14 9d aa c9 a9 a5 a9 a5 4b fd 83 1f 3f 78 d0 0a 46 6e f7
c8 41 a9 7f 14 9d aa c9 a9 a5 a9 a5 4b fd 83 1f 3f 78 d0 0a 23 6e f7 c8 41 a9 7f 14 9d aa c9 a9 a5 a9 a5 4b fd 83 1f 3f 78 d0 0a ff 46 6e f7 c8 41 a9 7f 14 9d aa c9 a9 a5 a9 a5 4b fd 83 1f 3f
78 d0 0a 23 6e f7 c8 41 a9 7f 14 9d aa c9 a9 a5 a9 a5 4b fd 83 1f 3f 78 d0 0a 46 6e f7 c8 41 a9 7f 14 9d aa c9 a9 a5 a9 a5 4b fd 83 1f 3f 78 d0 0a 46 6e f7 c8 41 a9 7f 14 9d aa c9 a9 a5 a9 a5
4b fd 83 1f 3f 78 d0 0a 23 6e f7 c8 41 a9 7f 14 9d aa c9 a9 a5 a9 a5 4b fd 83 1f 3f 78 d0 0a 23 6e f7 c8 41 a9 7f 14 9d aa c9 a9 a5 a9 a5 4b fd 83 1f 3f 78 d0 0a 23 6e f7 c8 41 a9 7f 14 9d aa
c9 a9 a5 a9 a5 4b fd 83 1f 3f 78 d0 0a 46 6e f7 c8 41 a9 7f 14 9d aa c9 a9 a5 a9 a5 4b fd 83 1f 3f 78 d0 0a 46 6e f7 c8 41 a9 7f 14 9d aa c9 a9 a5 a9 a5 4b fd 83 1f 3f 78 d0 0a 23 6e f7 c8 41
a9 7f 14 9d aa c9 a9 a5 a9 a5 4b fd 83 1f 3f 78 d0 0a 46 6e f7 c8 41 a9 7f 14 9d aa c9 a9 a5 a9 a5 4b fd 83 1f 3f 78 d0 0a ff 23 6e f7 c8 41 a9 7f 14 9d aa c9 a9 a5 a9 a5 4b fd 83 1f 3f 78 d0
0a 46 6e f7 c8 41 a9 7f 14 9d aa c9 a9 a5 a9 a5 4b fd 83 1f 3f 78 d0 0a 46 6e f7 c8 41 a9 7f 14 9d aa c9 a9 a5 a9 a5 4b fd 83 1f 3f 78 d0 0a ff 23 6e f7 c8 41 a9 7f 14 9d aa c9 a9 a5 a9 a5 4b
fd 83 1f 3f 78 d0 0a 46 6e f7 c8 41 a9 7f 14 9d aa c9 a9 a5 a9 a5 4b fd 83 1f 3f 78 d0 0a ff 23 6e f7 c8 41 a9 7f 14 9d aa c9 a9 a5 a9 a5 4b fd 83 1f 3f 78 d0 0a 23 6e f7 c8 41 a9 7f 14 9d aa
c9 a9 a5 a9 a5 4b fd 83 1f 3f 78 d0 0a 46 6e f7 c8 41 a9 7f 14 9d aa c9 a9 a5 a9 a5 4b fd 83 1f 3f 78 d0 0a 23 6e f7 c8 41 a9 7f 14 9d aa c9 a9 a5 a9 a5 4b fd 83 1f 3f 78 d0 0a 46 6e f7 c8 41
a9 7f 14 9d aa c9 a9 a5 a9 a5 4b fd 83 1f 3f 78 d0 0a 23 6e f7 c8 41 a9 7f 14 9d aa c9 a9 a5 a9 a5 4b fd 83 1f 3f 78 d0 0a 46 6e f7 c8 41 a9 7f 14 9d aa c9 a9 a5 a9 a5 4b fd 83 1f 3f 78 d0 0a
46 6e f7 c8 41 a9 7f 14 9d aa c9 a9 a5 a9 a5 4b fd 83 1f 3f 78 d0 0a 23 6e f7 c8 41 a9 7f 14 9d aa c9 a9 a5 a9 a5 4b fd 83 1f 3f 78 d0 0a 46 6e f7 c8 41 a9 7f 14 9d aa c9 a9 a5 a9 a5 4b fd 83
1f 3f 78 d0 0a ff 23 6e f7 c8 41 a9 7f 14 9d aa c9 a9 a5 a9 a5 4b fd 83 1f 3f 78 d0 0a 46 6e f7 c8 41 a9 7f 14 9d aa c9 a9 a5 a9 a5 4b fd 83 1f 3f 78 d0 0a 46 6e f7 c8 41 a9 7f 14 9d aa c9 a9
a5 a9 a5 4b fd 83 1f 3f 78 d0 0a 23 6e f7 c8 41 a9 7f 14 9d aa c9 a9 a5 a9 a5 4b fd 83 1f 3f 78 d0 0a 46 6e f7 c8 41 a9 7f 14 9d aa c9 a9 a5 a9 a5 4b fd 83 1f 3f 78 d0 0a 23 6e f7 c8 41 a9 7f
14 9d aa c9 a9 a5 a9 a5 4b fd 83 1f 3f 78 d0 0a 46 6e f7 c8 41 a9 7f 14 9d aa c9 a9 a5 a9 a5 4b fd 83 1f 3f 78 d0 0a 46 6e f7 c8 41 a9 7f 14 9d aa c9 a9 a5 a9 a5 4b fd 83 1f 3f 78 d0 0a ff 23
6e f7 c8 41 a9 7f 14 9d aa c9 a9 a5 a9 a5 4b fd 83 1f 3f 78 d0 0a ff 46 6e f7 c8 41 a9 7f 14 9d aa c9 a9 a5 a9 a5 4b fd 83 1f 3f 78 d0 0a 23 6e f7 c8 41 a9 7f 14 9d aa c9 a9 a5 a9 a5 4b fd 83
1f 3f 78 d0 0a ff 46 6e f7 c8 41 a9 7f 14 9d aa c9 a9 a5 a9 a5 4b fd 83 1f 3f 78 d0 0a 46 6e f7 c8 41 a9 7f 14 9d aa c9 a9 a5 a9 a5 4b fd 83 1f 3f 78 d0 0a 23 6e f7 c8 41 a9 7f 14 9d aa c9 a9
a5 a9 a5 4b fd 83 1f 3f 78 d0 0a ff 46 6e f7 c8 41 a9 7f 14 9d aa c9 a9 a5 a9 a5 4b fd 83 1f 3f 78 d0 0a 23 6e f7 c8 41 a9 7f 14 9d aa c9 a9 a5 a9 a5 4b fd 83 1f 3f 78 d0 0a 23 6e f7 c8 41 a9
7f 14 9d aa c9 a9 a5 a9 a5 4b fd 83 1f 3f 78 d0 0a ff 46 6e f7 c8 41 a9 7f 14 9d aa c9 a9 a5 a9 a5 4b fd 83 1f 3f 78 d0 0a ff 23 6e f7 c8 41 a9 7f 14 9d aa c9 a9 a5 a9 a5 4b fd 83 1f 3f 78 d0
0a 46 6e f7 c8 41 a9 7f 14 9d aa c9 a9 a5 a9 a5 4b fd 83 1f 3f 78 d0 0a 23 6e f7 c8 41 a9 7f 14 9d aa c9 a9 a5 a9 a5 4b fd 83 1f 3f 78 d0 0a 46 6e f7 c8 41 a9 7f 14 9d aa c9 a9 a5 a9 a5 4b fd
83 1f 3f 78 d0 0a 46 6e f7 c8 41 a9 7f 14 9d aa c9 a9 a5 a9 a5 4b fd 83 1f 3f 78 d0 0a 23 6e f7 c8 41 a9 7f 14 9d aa c9 a9 a5 a9 a5 4b fd 83 1f 3f 78 d0 0a 46 6e f7 c8 41 a9 7f 14 9d aa c9 a9
a5 a9 a5 4b fd 83 1f 3f 78 d0 0a 23 6e f7 c8 41 a9 7f 14 9d aa c9 a9 a5 a9 a5 4b fd 83 1f 3f 78 d0 0a ff 46 6e f7 c8 41 a9 7f 14 9d aa c9 a9 a5 a9 a5 4b fd 83 1f 3f 78 d0 0a 46 6e f7 c8 41 a9
7f 14 9d aa c9 a9 a5 a9 a5 4b fd 83 1f 3f 78 d0 0a 23 6e f7 c8 41 a9 7f 14 9d aa c9 a9 a5 a9 a5 4b fd 83 1f 3f 78 d0 0a 23 6e f7 c8 41 a9 7f 14 9d aa c9 a9 a5 a9 a5 4b fd 83 1f 3f 78 d0 0a 23
6e f7 c8 41 a9 7f 14 9d aa c9 a9 a5 a9 a5 4b fd 83 1f 3f 78 d0 0a 46 6e f7 c8 41 a9 7f 14 9d aa c9 a9 a5 a9 a5 4b fd 83 1f 3f 78 d0 0a 46 6e f7 c8 41 a9 7f 14 9d aa c9 a9 a5 a9 a5 4b fd 83 1f
3f 78 d0 0a 23 6e f7 c8 41 a9 7f 14 9d aa c9 a9 a5 a9 a5 4b fd 83 1f 3f 78 d0 0a 46 6e f7 c8 41 a9 7f 14 9d aa c9 a9 a5 a9 a5 4b fd 83 1f 3f 78 d0 0a 23 6e f7 c8 41 a9 7f 14 9d aa c9 a9 a5 a9
a5 4b fd 83 1f 3f 78 d0 0a 46 6e f7 c8 41 a9 7f 14 9d aa c9 a9 a5 a9 a5 4b fd 83 1f 3f 78 d0 0a 46 6e f7 c8 41 a9 7f 14 9d aa c9 a9 a5 a9 a5 4b fd 83 1f 3f 78 d0 0a 23 6e f7 c8 41 a9 7f 14 9d
aa c9 a9 a5 a9 a5 4b fd 83 1f 3f 78 d0 0a 46 6e f7 c8 41 a9 7f 14 9d aa c9 a9 a5 a9 a5 4b fd 83 1f 3f 78 d0 0a 23 6e f7 c8 41 a9 7f 14 9d aa c9 a9 a5 a9 a5 4b fd 83 1f 3f 78 d0 0a 23 6e f7 c8
41 a9 7f 14 9d aa c9 a9 a5 a9 a5 4b fd 83 1f 3f 78 d0 0a 46 6e f7 c8 41 a9 7f 14 9d aa c9 a9 a5 a9 a5 4b fd 83 1f 3f 78 d0 0a 23 6e f7 c8 41 a9 7f 14 9d aa c9 a9 a5 a9 a5 4b fd 83 1f 3f 78 d0
0a ff 46 6e f7 c8 41 a9 7f 14 9d aa c9 a9 a5 a9 a5 4b fd 83 1f 3f 78 d0 0a 23 6e f7 c8 41 a9 7f 14 9d aa c9 a9 a5 a9 a5 4b fd 83 1f 3f 78 d0 0a 46 6e f7 c8 41 a9 7f 14 9d aa c9 a9 a5 a9 a5 4b
fd 83 1f 3f 78 d0 0a 46 6e f7 c8 41 a9 7f 14 9d aa c9 a9 a5 a9 a5 4b fd 83 1f 3f 78 d0 0a 23 6e f7 c8 41 a9 7f 14 9d aa c9 a9 a5 a9 a5 4b fd 83 1f 3f 78 d0 0a ff 46 6e f7 c8 41 a9 7f 14 9d aa
c9 a9 a5 a9 a5 4b fd 83 1f 3f 78 d0 0a 23 6e f7 c8 41 a9 7f 14 9d aa c9 a9 a5 a9 a5 4b fd 83 1f 3f 78 d0 0a 46 6e f7 c8 41 a9 7f 14 9d aa c9 a9 a5 a9 a5 4b fd 83 1f 3f 78 d0 0a 46 6e f7 c8 41
a9 7f 14 9d aa c9 a9 a5 a9 a5 4b fd 83 1f 3f 78 d0 0a 23 6e f7 c8 41 a9 7f 14 9d aa c9 a9 a5 a9 a5 4b fd 83 1f 3f 78 d0 0a 46 6e f7 c8 41 a9 7f 14 9d aa c9 a9 a5 a9 a5 4b fd 83 1f 3f 78 d0 0a
23 6e f7 c8 41 a9 7f 14 9d aa c9 a9 a5 a9 a5 4b fd 83 1f 3f 78 d0 0a 46 6e f7 c8 41 a9 7f 14 9d aa c9 a9 a5 a9 a5 4b fd 83 1f 3f 78 d0 0a 46 6e f7 c8 41 a9 7f 14 9d aa c9 a9 a5 a9 a5 4b fd 83
1f 3f 78 d0 0a ff 23 6e f7 c8 41 a9 7f 14 9d aa c9 a9 a5 a9 a5 4b fd 83 1f 3f 78 d0 0a 46 6e f7 c8 41 a9 7f 14 9d aa c9 a9 a5 a9 a5 4b fd 83 1f 3f 78 d0 0a 23 6e f7 c8 41 a9 7f 14 9d aa c9 a9
a5 a9 a5 4b fd 83 1f 3f 78 d0 0a 46 6e f7 c8 41 a9 7f 14 9d aa c9 a9 a5 a9 a5 4b fd 83 1f 3f 78 d0 0a 46 6e f7 c8 41 a9 7f 14 9d aa c9 a9 a5 a9 a5 4b fd 83 1f 3f 78 d0 0a ff 23 6e f7 c8 41 a9
7f 14 9d aa c9 a9 a5 a9 a5 4b fd 83 1f 3f 78 d0 0a ff 46 6e f7 c8 41 a9 7f 14 9d aa c9 a9 a5 a9 a5 4b fd 83 1f 3f 78 d0 0a 23 6e f7 c8 41 a9 7f 14 9d aa c9 a9 a5 a9 a5 4b fd 83 1f 3f 78 d0 0a
46 6e f7 c8 41 a9 7f 14 9d aa c9 a9 a5 a9 a5 4b fd 83 1f 3f 78 d0 0a 23 6e f7 c8 41 a9 7f 14 9d aa c9 a9 a5 a9 a5 4b fd 83 1f 3f 78 d0 0a 23 6e f7 c8 41 a9 7f 14 9d aa c9 a9 a5 a9 a5 4b fd 83
1f 3f 78 d0 0a ff 46 6e f7 c8 41 a9 7f 14 9d aa c9 a9 a5 a9 a5 4b fd 83 1f 3f 78 d0 0a 23 6e f7 c8 41 a9 7f 14 9d aa c9 a9 a5 a9 a5 4b fd 83 1f 3f 78 d0 0a 46 6e f7 c8 41 a9 7f 14 9d aa c9 a9
a5 a9 a5 4b fd 83 1f 3f 78 d0 0a 46 6e f7 c8 41 a9 7f 14 9d aa c9 a9 a5 a9 a5 4b fd 83 1f 3f 78 d0 0a 23 6e f7 c8 41 a9 7f 14 9d aa c9 a9 a5 a9 a5 4b fd 83 1f 3f 78 d0 0a 46 6e f7 c8 41 a9 7f
14 9d aa c9 a9 a5 a9 a5 4b fd 83 1f 3f 78 d0 0a 23 6e f7 c8 41 a9 7f 14 9d aa c9 a9 a5 a9 a5 4b fd 83 1f 3f 78 d0 0a 46 6e f7 c8 41 a9 7f 14 9d aa c9 a9 a5 a9 a5 4b fd 83 1f 3f 78 d0 0a 46 6e
f7 c8 41 a9 7f 14 9d aa c9 a9 a5 a9 a5 4b fd 83 1f 3f 78 d0 0a 23 6e f7 c8 41 a9 7f 14 9d aa c9 a9 a5 a9 a5 4b fd 83 1f 3f 78 d0 0a ff 23 6e f7 c8 41 a9 7f 14 9d aa c9 a9 a5 a9 a5 4b fd 83 1f
3f 78 d0 0a ff 23 6e f7 c8 41 a9 7f 14 9d aa c9 a9 a5 a9 a5 4b fd 83 1f 3f 78 d0 0a 46 6e f7 c8 41 a9 7f 14 9d aa c9 a9 a5 a9 a5 4b fd 83 1f 3f 78 d0 0a 46 6e f7 c8 41 a9 7f 14 9d aa c9 a9 a5
a9 a5 4b fd 83 1f 3f 78 d0 0a 23 6e f7 c8 41 a9 7f 14 9d aa c9 a9 a5 a9 a5 4b fd 83 1f 3f 78 d0 0a 46 6e f7 c8 41 a9 7f 14 9d aa c9 a9 a5 a9 a5 4b fd 83 1f 3f 78 d0 0a ff 23 6e f7 c8 41 a9 7f
14 9d aa c9 a9 a5 a9 a5 4b fd 83 1f 3f 78 d0 0a 46 6e f7 c8 41 a9 7f 14 9d aa c9 a9 a5 a9 a5 4b fd 83 1f 3f 78 d0 0a 46 6e f7 c8 41 a9 7f 14 9d aa c9 a9 a5 a9 a5 4b fd 83 1f 3f 78 d0 0a 23 6e
f7 c8 41 a9 7f 14 9d aa c9 a9 a5 a9 a5 4b fd 83 1f 3f 78 d0 0a 46 6e f7 c8 41 a9 7f 14 9d aa c9 a9 a5 a9 a5 4b fd 83 1f 3f 78 d0 0a 23 6e f7 c8 41 a9 7f 14 9d aa c9 a9 a5 a9 a5 4b fd 83 1f 3f
78 d0 0a 23 6e f7 c8 41 a9 7f 14 9d aa c9 a9 a5 a9 a5 4b fd 83 1f 3f 78 d0 0a 46 6e f7 c8 41 a9 7f 14 9d aa c9 a9 a5 a9 a5 4b fd 83 1f 3f 78 d0 0a 23 6e f7 c8 41 a9 7f 14 9d aa c9 a9 a5 a9 a5
4b fd 83 1f 3f 78 d0 0a 46 6e f7 c8 41 a9 7f 14 9d aa c9 a9 a5 a9 a5 4b fd 83 1f 3f 78 d0 0a 23 6e f7 c8 41 a9 7f 14 9d aa c9 a9 a5 a9 a5 4b fd 83 1f 3f 78 d0 0a 46 6e f7 c8 41 a9 7f 14 9d aa
c9 a9 a5 a9 a5 4b fd 83 1f 3f 78 d0 0a 46 6e f7 c8 41 a9 7f 14 9d aa c9 a9 a5 a9 a5 4b fd 83 1f 3f 78 d0 0a 23 6e f7 c8 41 a9 7f 14 9d aa c9 a9 a5 a9 a5 4b fd 83 1f 3f 78 d0 0a 46 6e f7 c8 41
a9 7f 14 9d aa c9 a9 a5 a9 a5 4b fd 83 1f 3f 78 d0 0a 23 6e f7 c8 41 a9 7f 14 9d aa c9 a9 a5 a9 a5 4b fd 83 1f 3f 78 d0 0a 46 6e f7 c8 41 a9 7f 14 9d aa c9 a9 a5 a9 a5 4b fd 83 1f 3f 78 d0 0a
46 6e f7 c8 41 a9 7f 14 9d aa c9 a9 a5 a9 a5 4b fd 83 1f 3f 78 d0 0a ff 23 6e f7 c8 41 a9 7f 14 9d aa c9 a9 a5 a9 a5 4b fd 83 1f 3f 78 d0 0a 23 6e f7 c8 41 a9 7f 14 9d aa c9 a9 a5 a9 a5 4b fd
83 1f 3f 78 d0 0a 23 6e f7 c8 41 a9 7f 14 9d aa c9 a9 a5 a9 a5 4b fd 83 1f 3f 78 d0 0a 46 6e f7 c8 41 a9 7f 14 9d aa c9 a9 a5 a9 a5 4b fd 83 1f 3f 78 d0 0a 46 6e f7 c8 41 a9 7f 14 9d aa c9 a9
a5 a9 a5 4b fd 83 1f 3f 78 d0 0a 23 6e f7 c8 41 a9 7f 14 9d aa c9 a9 a5 a9 a5 4b fd 83 1f 3f 78 d0 0a ff 46 6e f7 c8 41 a9 7f 14 9d aa c9 a9 a5 a9 a5 4b fd 83 1f 3f 78 d0 0a 23 6e f7 c8 41 a9
7f 14 9d aa c9 a9 a5 a9 a5 4b fd 83 1f 3f 78 d0 0a 46 6e f7 c8 41 a9 7f 14 9d aa c9 a9 a5 a9 a5 4b fd 83 1f 3f 78 d0 0a 46 6e f7 c8 41 a9 7f 14 9d aa c9 a9 a5 a9 a5 4b fd 83 1f 3f 78 d0 0a 23
6e f7 c8 41 a9 7f 14 9d aa c9 a9 a5 a9 a5 4b fd 83 1f 3f 78 d0 0a ff 46 6e f7 c8 41 a9 7f 14 9d aa c9 a9 a5 a9 a5 4b fd 83 1f 3f 78 d0 0a 23 6e f7 c8 41 a9 7f 14 9d aa c9 a9 a5 a9 a5 4b fd 83
1f 3f 78 d0 0a 46 6e f7 c8 41 a9 7f 14 9d aa c9 a9 a5 a9 a5 4b fd 83 1f 3f 78 d0 0a 46 6e f7 c8 41 a9 7f 14 9d aa c9 a9 a5 a9 a5 4b fd 83 1f 3f 78 d0 0a 23 6e f7 c8 41 a9 7f 14 9d aa c9 a9 a5
a9 a5 4b fd 83 1f 3f 78 d0 0a 46 6e f7 c8 41 a9 7f 14 9d aa c9 a9 a5 a9 a5 4b fd 83 1f 3f 78 d0 0a 23 6e f7 c8 41 a9 7f 14 9d aa c9 a9 a5 a9 a5 4b fd 83 1f 3f 78 d0 0a 46 6e f7 c8 41 a9 7f 14
9d aa c9 a9 a5 a9 a5 4b fd 83 1f 3f 78 d0 0a 46 6e f7 c8 41 a9 7f 14 9d aa c9 a9 a5 a9 a5 4b fd 83 1f 3f 78 d0 0a ff 23 6e f7 c8 41 a9 7f 14 9d aa c9 a9 a5 a9 a5 4b fd 83 1f 3f 78 d0 0a 46 6e
f7 c8 41 a9 7f 14 9d aa c9 a9 a5 a9 a5 4b fd 83 1f 3f 78 d0 0a 23 6e f7 c8 41 a9 7f 14 9d aa c9 a9 a5 a9 a5 4b fd 83 1f 3f 78 d0 0a 46 6e f7 c8 41 a9 7f 14 9d aa c9 a9 a5 a9 a5 4b fd 83 1f 3f
78 d0 0a 46 6e f7 c8 41 a9 7f 14 9d aa c9 a9 a5 a9 a5 4b fd 83 1f 3f 78 d0 0a 23 6e f7 c8 41 a9 7f 14 9d aa c9 a9 a5 a9 a5 4b fd 83 1f 3f 78 d0 0a 23 6e f7 c8 41 a9 7f 14 9d aa c9 a9 a5 a9 a5
4b fd 83 1f 3f 78 d0 0a 23 6e f7 c8 41 a9 7f 14 9d aa c9 a9 a5 a9 a5 4b fd 83 1f 3f 78 d0 0a 46 6e f7 c8 41 a9 7f 14 9d aa c9 a9 a5 a9 a5 4b fd 83 1f 3f 78 d0 0a 46 6e f7 c8 41 a9 7f 14 9d aa
c9 a9 a5 a9 a5 4b fd 83 1f 3f 78 d0 0a 23 6e f7 c8 41 a9 7f 14 9d aa c9 a9 a5 a9 a5 4b fd 83 1f 3f 78 d0 0a 46 6e f7 c8 41 a9 7f 14 9d aa c9 a9 a5 a9 a5 4b fd 83 1f 3f 78 d0 0a 23 6e f7 c8 41
a9 7f 14 9d aa c9 a9 a5 a9 a5 4b fd 83 1f 3f 78 d0 0a 46 6e f7 c8 41 a9 7f 14 9d aa c9 a9 a5 a9 a5 4b fd 83 1f 3f 78 d0 0a 46 6e f7 c8 41 a9 7f 14 9d aa c9 a9 a5 a9 a5 4b fd 83 1f 3f 78 d0 0a
23 6e f7 c8 41 a9 7f 14 9d aa c9 a9 a5 a9 a5 4b fd 83 1f 3f 78 d0 0a ff 46 6e f7 c8 41 a9 7f 14 9d aa c9 a9 a5 a9 a5 4b fd 83 1f 3f 78 d0 0a 23 6e f7 c8 41 a9 7f 14 9d aa c9 a9 a5 a9 a5 4b fd
83 1f 3f 78 d0 0a 46 6e f7 c8 41 a9 7f 14 9d aa c9 a9 a5 a9 a5 4b fd 83 1f 3f 78 d0 0a 46 6e f7 c8 41 a9 7f 14 9d aa c9 a9 a5 a9 a5 4b fd 83 1f 3f 78 d0 0a 23 6e f7 c8 41 a9 7f 14 9d aa c9 a9
a5 a9 a5 4b fd 83 1f 3f 78 d0 0a 46 6e f7 c8 41 a9 7f 14 9d aa c9 a9 a5 a9 a5 4b fd 83 1f 3f 78 d0 0a 23 6e f7 c8 41 a9 7f 14 9d aa c9 a9 a5 a9 a5 4b fd 83 1f 3f 78 d0 0a 46 6e f7 c8 41 a9 7f
14 9d aa c9 a9 a5 a9 a5 4b fd 83 1f 3f 78 d0 0a 46 6e f7 c8 41 a9 7f 14 9d aa c9 a9 a5 a9 a5 4b fd 83 1f 3f 78 d0 0a 23 6e f7 c8 41 a9 7f 14 9d aa c9 a9 a5 a9 a5 4b fd 83 1f 3f 78 d0 0a ff 46
6e f7 c8 41 a9 7f 14 9d aa c9 a9 a5 a9 a5 4b fd 83 1f 3f 78 d0 0a 23 6e f7 c8 41 a9 7f 14 9d aa c9 a9 a5 a9 a5 4b fd 83 1f 3f 78 d0 0a ff 46 6e f7 c8 41 a9 7f 14 9d aa c9 a9 a5 a9 a5 4b fd 83
1f 3f 78 d0 0a 46 6e f7 c8 41 a9 7f 14 9d aa c9 a9 a5 a9 a5 4b fd 83 1f 3f 78 d0 0a 23 6e f7 c8 41 a9 7f 14 9d aa c9 a9 a5 a9 a5 4b fd 83 1f 3f 78 d0 0a ff 23 6e f7 c8 41 a9 7f 14 9d aa c9 a9
a5 a9 a5 4b fd 83 1f 3f 78 d0 0a 23 6e f7 c8 41 a9 7f 14 9d aa c9 a9 a5 a9 a5 4b fd 83 1f 3f 78 d0 0a ff 46 6e f7 c8 41 a9 7f 14 9d aa c9 a9 a5 a9 a5 4b fd 83 1f 3f 78 d0 0a 46 6e f7 c8 41 a9
7f 14 9d aa c9 a9 a5 a9 a5 4b fd 83 1f 3f 78 d0 0a 23 6e f7 c8 41 a9 7f 14 9d aa c9 a9 a5 a9 a5 4b fd 83 1f 3f 78 d0 0a 46 6e f7 c8 41 a9 7f 14 9d aa c9 a9 a5 a9 a5 4b fd 83 1f 3f 78 d0 0a 23
6e f7 c8 41 a9 7f 14 9d aa c9 a9 a5 a9 a5 4b fd 83 1f 3f 78 d0 0a ff 46 6e f7 c8 41 a9 7f 14 9d aa c9 a9 a5 a9 a5 4b fd 83 1f 3f 78 d0 0a 46 6e f7 c8 41 a9 7f 14 9d aa c9 a9 a5 a9 a5 4b fd 83
1f 3f 78 d0 0a 23 6e f7 c8 41 a9 7f 14 9d aa c9 a9 a5 a9 a5 4b fd 83 1f 3f 78 d0 0a 46 6e f7 c8 41 a9 7f 14 9d aa c9 a9 a5 a9 a5 4b fd 83 1f 3f 78 d0 0a 23 6e f7 c8 41 a9 7f 14 9d aa c9 a9 a5
a9 a5 4b fd 83 1f 3f 78 d0 0a ff 46 6e f7 c8 41 a9 7f 14 9d aa c9 a9 a5 a9 a5 4b fd 83 1f 3f 78 d0 0a 46 6e f7 c8 41 a9 7f 14 9d aa c9 a9 a5 a9 a5 4b fd 83 1f 3f 78 d0 0a 23 6e f7 c8 41 a9 7f
14 9d aa c9 a9 a5 a9 a5 4b fd 83 1f 3f 78 d0 0a 46 6e f7 c8 41 a9 7f 14 9d aa c9 a9 a5 a9 a5 4b fd 83 1f 3f 78 d0 0a 23 6e f7 c8 41 a9 7f 14 9d aa c9 a9 a5 a9 a5 4b fd 83 1f 3f 78 d0 0a 46 6e
f7 c8 41 a9 7f 14 9d aa c9 a9 a5 a9 a5 4b fd 83 1f 3f 78 d0 0a 46 6e f7 c8 41 a9 7f 14 9d aa c9 a9 a5 a9 a5 4b fd 83 1f 3f 78 d0 0a 23 6e f7 c8 41 a9 7f 14 9d aa c9 a9 a5 a9 a5 4b fd 83 1f 3f
78 d0 0a 46 6e f7 c8 41 a9 7f 14 9d aa c9 a9 a5 a9 a5 4b fd 83 1f 3f 78 d0 0a ff 23 6e f7 c8 41 a9 7f 14 9d aa c9 a9 a5 a9 a5 4b fd 83 1f 3f 78 d0 0a 46 6e f7 c8 41 a9 7f 14 9d aa c9 a9 a5 a9
a5 4b fd 83 1f 3f 78 d0 0a 46 6e f7 c8 41 a9 7f 14 9d aa c9 a9 a5 a9 a5 4b fd 83 1f 3f 78 d0 0a 23 6e f7 c8 41 a9 7f 14 9d aa c9 a9 a5 a9 a5 4b fd 83 1f 3f 78 d0 0a 23 6e f7 c8 41 a9 7f 14 9d
aa c9 a9 a5 a9 a5 4b fd 83 1f 3f 78 d0 0a 23 6e f7 c8 41 a9 7f 14 9d aa c9 a9 a5 a9 a5 4b fd 83 1f 3f 78 d0 0a 46 6e f7 c8 41 a9 7f 14 9d aa c9 a9 a5 a9 a5 4b fd 83 1f 3f 78 d0 0a 46 6e f7 c8
41 a9 7f 14 9d aa c9 a9 a5 a9 a5 4b fd 83 1f 3f 78 d0 0a 23 6e f7 c8 41 a9 7f 14 9d aa c9 a9 a5 a9 a5 4b fd 83 1f 3f 78 d0 0a 46 6e f7 c8 41 a9 7f 14 9d aa c9 a9 a5 a9 a5 4b fd 83 1f 3f 78 d0
0a 46 6e f7 c8 41 a9 7f 14 9d aa c9 a9 a5 a9 a5 4b fd 83 1f 3f 78 d0 0a 46 6e f7 c8 41 a9 7f 14 9d aa c9 a9 a5 a9 a5 4b fd 83 1f 3f 78 d0 0a 46 6e f7 c8 41 a9 7f 14 9d aa c9 a9 a5 a9 a5 4b fd
83 1f 3f 78 d0 0a 23 6e f7 c8 41 a9 7f 14 9d aa c9 a9 a5 a9 a5 4b fd 83 1f 3f 78 d0 0a 46 6e f7 c8 41 a9 7f 14 9d aa c9 a9 a5 a9 a5 4b fd 83 1f 3f 78 d0 0a 23 6e f7 c8 41 a9 7f 14 9d aa c9 a9
a5 a9 a5 4b fd 83 1f 3f 78 d0 0a 46 6e f7 c8 41 a9 7f 14 9d aa c9 a9 a5 a9 a5 4b fd 83 1f 3f 78 d0 0a 46 6e f7 c8 41 a9 7f 14 9d aa c9 a9 a5 a9 a5 4b fd 83 1f 3f 78 d0 0a 23 6e f7 c8 41 a9 7f
14 9d aa c9 a9 a5 a9 a5 4b fd 83 1f 3f 78 d0 0a 46 6e f7 c8 41 a9 7f 14 9d aa c9 a9 a5 a9 a5 4b fd 83 1f 3f 78 d0 0a 23 6e f7 c8 41 a9 7f 14 9d aa c9 a9 a5 a9 a5 4b fd 83 1f 3f 78 d0 0a 46 6e
f7 c8 41 a9 7f 14 9d aa c9 a9 a5 a9 a5 4b fd 83 1f 3f 78 d0 0a 46 6e f7 c8 41 a9 7f 14 9d aa c9 a9 a5 a9 a5 4b fd 83 1f 3f 78 d0 0a 23 6e f7 c8 41 a9 7f 14 9d aa c9 a9 a5 a9 a5 4b fd 83 1f 3f
78 d0 0a 46 6e f7 c8 41 a9 7f 14 9d aa c9 a9 a5 a9 a5 4b fd 83 1f 3f 78 d0 0a 23 6e f7 c8 41 a9 7f 14 9d aa c9 a9 a5 a9 a5 4b fd 83 1f 3f 78 d0 0a 46 6e f7 c8 41 a9 7f 14 9d aa c9 a9 a5 a9 a5
4b fd 83 1f 3f 78 d0 0a 46 6e f7 c8 41 a9 7f 14 9d aa c9 a9 a5 a9 a5 4b fd 83 1f 3f 78 d0 0a 23 6e f7 c8 41 a9 7f 14 9d aa c9 a9 a5 a9 a5 4b fd 83 1f 3f 78 d0 0a 23 6e f7 c8 41 a9 7f 14 9d aa
c9 a9 a5 a9 a5 4b fd 83 1f 3f 78 d0 0a 23 6e f7 c8 41 a9 7f 14 9d aa c9 a9 a5 a9 a5 4b fd 83 1f 3f 78 d0 0a 46 6e f7 c8 41 a9 7f 14 9d aa c9 a9 a5 a9 a5 4b fd 83 1f 3f 78 d0 0a 46 6e f7 c8 41
a9 7f 14 9d aa c9 a9 a5 a9 a5 4b fd 83 1f 3f 78 d0 0a ff 23 6e f7 c8 41 a9 7f 14 9d aa c9 a9 a5 a9 a5 4b fd 83 1f 3f 78 d0 0a 46 6e f7 c8 41 a9 7f 14 9d aa c9 a9 a5 a9 a5 4b fd 83 1f 3f 78 d0
0a 23 6e f7 c8 41 a9 7f 14 9d aa c9 a9 a5 a9 a5 4b fd 83 1f 3f 78 d0 0a 46 6e f7 c8 41 a9 7f 14 9d aa c9 a9 a5 a9 a5 4b fd 83 1f 3f 78 d0 0a 46 6e f7 c8 41 a9 7f 14 9d aa c9 a9 a5 a9 a5 4b fd
83 1f 3f 78 d0 0a 23 6e f7 c8 41 a9 7f 14 9d aa c9 a9 a5 a9 a5 4b fd 83 1f 3f 78 d0 0a 46 6e f7 c8 41 a9 7f 14 9d aa c9 a9 a5 a9 a5 4b fd 83 1f 3f 78 d0 0a 23 6e f7 c8 41 a9 7f 14 9d aa c9 a9
a5 a9 a5 4b fd 83 1f 3f 78 d0 0a 23 6e f7 c8 41 a9 7f 14 9d aa c9 a9 a5 a9 a5 4b fd 83 1f 3f 78 d0 0a 46 6e f7 c8 41 a9 7f 14 9d aa c9 a9 a5 a9 a5 4b fd 83 1f 3f 78 d0 0a 23 6e f7 c8 41 a9 7f
14 9d aa c9 a9 a5 a9 a5 4b fd 83 1f 3f 78 d0 0a 46 6e f7 c8 41 a9 7f 14 9d aa c9 a9 a5 a9 a5 4b fd 83 1f 3f 78 d0 0a 23 6e f7 c8 41 a9 7f 14 9d aa c9 a9 a5 a9 a5 4b fd 83 1f 3f 78 d0 0a 46 6e
f7 c8 41 a9 7f 14 9d aa c9 a9 a5 a9 a5 4b fd 83 1f 3f 78 d0 0a 46 6e f7 c8 41 a9 7f 14 9d aa c9 a9 a5 a9 a5 4b fd 83 1f 3f 78 d0 0a 23 6e f7 c8 41 a9 7f 14 9d aa c9 a9 a5 a9 a5 4b fd 83 1f 3f
78 d0 0a 46 6e f7 c8 41 a9 7f 14 9d aa c9 a9 a5 a9 a5 4b fd 83 1f 3f 78 d0 0a 23 6e f7 c8 41 a9 7f 14 9d aa c9 a9 a5 a9 a5 4b fd 83 1f 3f 78 d0 0a 46 6e f7 c8 41 a9 7f 14 9d aa c9 a9 a5 a9 a5
4b fd 83 1f 3f 78 d0 0a 46 6e f7 c8 41 a9 7f 14 9d aa c9 a9 a5 a9 a5 4b fd 83 1f 3f 78 d0 0a 23 6e f7 c8 41 a9 7f 14 9d aa c9 a9 a5 a9 a5 4b fd 83 1f 3f 78 d0 0a 23 6e f7 c8 41 a9 7f 14 9d aa
c9 a9 a5 a9 a5 4b fd 83 1f 3f 78 d0 0a 23 6e f7 c8 41 a9 7f 14 9d aa c9 a9 a5 a9 a5 4b fd 83 1f 3f 78 d0 0a 46 6e f7 c8 41 a9 7f 14 9d aa c9 a9 a5 a9 a5 4b fd 83 1f 3f 78 d0 0a 46 6e f7 c8 41
a9 7f 14 9d aa c9 a9 a5 a9 a5 4b fd 83 1f 3f 78 d0 0a 23 6e f7 c8 41 a9 7f 14 9d aa c9 a9 a5 a9 a5 4b fd 83 1f 3f 78 d0 0a 46 6e f7 c8 41 a9 7f 14 9d aa c9 a9 a5 a9 a5 4b fd 83 1f 3f 78 d0 0a
23 6e f7 c8 41 a9 7f 14 9d aa c9 a9 a5 a9 a5 4b fd 83 1f 3f 78 d0 0a 46 6e f7 c8 41 a9 7f 14 9d aa c9 a9 a5 a9 a5 4b fd 83 1f 3f 78 d0 0a 46 6e f7 c8 41 a9 7f 14 9d aa c9 a9 a5 a9 a5 4b fd 83
1f 3f 78 d0 0a 23 6e f7 c8 41 a9 7f 14 9d aa c9 a9 a5 a9 a5 4b fd 83 1f 3f 78 d0 0a 46 6e f7 c8 41 a9 7f 14 9d aa c9 a9 a5 a9 a5 4b fd 83 1f 3f 78 d0 0a 23 6e f7 c8 41 a9 7f 14 9d aa c9 a9 a5
a9 a5 4b fd 83 1f 3f 78 d0 0a 23 6e f7 c8 41 a9 7f 14 9d aa c9 a9 a5 a9 a5 4b fd 83 1f 3f 78 d0 0a 46 6e f7 c8 41 a9 7f 14 9d aa c9 a9 a5 a9 a5 4b fd 83 1f 3f 78 d0 0a 23 6e f7 c8 41 a9 7f 14
9d aa c9 a9 a5 a9 a5 4b fd 83 1f 3f 78 d0 0a 46 6e f7 c8 41 a9 7f 14 9d aa c9 a9 a5 a9 a5 4b fd 83 1f 3f 78 d0 0a 23 6e f7 c8 41 a9 7f 14 9d aa c9 a9 a5 a9 a5 4b fd 83 1f 3f 78 d0 0a 46 6e f7
c8 41 a9 7f 14 9d aa c9 a9 a5 a9 a5 4b fd 83 1f 3f 78 d0 0a 46 6e f7 c8 41 a9 7f 14 9d aa c9 a9 a5 a9 a5 4b fd 83 1f 3f 78 d0 0a 23 6e f7 c8 41 a9 7f 14 9d aa c9 a9 a5 a9 a5 4b fd 83 1f 3f 78
d0 0a 46 6e f7 c8 41 a9 7f 14 9d aa c9 a9 a5 a9 a5 4b fd 83 1f 3f 78 d0 0a 23 6e f7 c8 41 a9 7f 14 9d aa c9 a9 a5 a9 a5 4b fd 83 1f 3f 78 d0 0a 46 6e f7 c8 41 a9 7f 14 9d aa c9 a9 a5 a9 a5 4b
fd 83 1f 3f 78 d0 0a 46 6e f7 c8 41 a9 7f 14 9d aa c9 a9 a5 a9 a5 4b fd 83 1f 3f 78 d0 0a 23 6e f7 c8 41 a9 7f 14 9d aa c9 a9 a5 a9 a5 4b fd 83 1f 3f 78 d0 0a 22 6e f7 c8 41 a9 7f 14 9d aa c9
a9 a5 a9 a5 4b fd 83 1f 3f 78 d0 0a 23 6e f7 c8 41 a9 7f 14 9d aa c9 a9 a5 a9 a5 4b fd 83 1f 3f 78 d0 0a 46 6e f7 c8 41 a9 7f 14 9d aa c9 a9 a5 a9 a5 4b fd 83 1f 3f 78 d0 0a 46 6e f7 c8 41 a9
7f 14 9d aa c9 a9 a5 a9 a5 4b fd 83 1f 3f 78 d0 0a 23 6e f7 c8 41 a9 7f 14 9d aa c9 a9 a5 a9 a5 4b fd 83 1f 3f 78 d0 0a 46 6e f7 c8 41 a9 7f 14 9d aa c9 a9 a5 a9 a5 4b fd 83 1f 3f 78 d0 0a 23
6e f7 c8 41 a9 7f 14 9d aa c9 a9 a5 a9 a5 4b fd 83 1f 3f 78 d0 0a 46 6e f7 c8 41 a9 7f 14 9d aa c9 a9 a5 a9 a5 4b fd 83 1f 3f 78 d0 0a 46 6e f7 c8 41 a9 7f 14 9d aa c9 a9 a5 a9 a5 4b fd 83 1f
3f 78 d0 0a 23 6e f7 c8 41 a9 7f 14 9d aa c9 a9 a5 a9 a5 4b fd 83 1f 3f 78 d0 0a ff 46 6e f7 c8 41 a9 7f 14 9d aa c9 a9 a5 a9 a5 4b fd 83 1f 3f 78 d0 0a 23 6e f7 c8 41 a9 7f 14 9d aa c9 a9 a5
a9 a5 4b fd 83 1f 3f 78 d0 0a 46 6e f7 c8 41 a9 7f 14 9d aa c9 a9 a5 a9 a5 4b fd 83 1f 3f 78 d0 0a 46 6e f7 c8 41 a9 7f 14 9d aa c9 a9 a5 a9 a5 4b fd 83 1f 3f 78 d0 0a 23 6e f7 c8 41 a9 7f 14
9d aa c9 a9 a5 a9 a5 4b fd 83 1f 3f 78 d0 0a 46 6e f7 c8 41 a9 7f 14 9d aa c9 a9 a5 a9 a5 4b fd 83 1f 3f 78 d0 0a 23 6e f7 c8 41 a9 7f 14 9d aa c9 a9 a5 a9 a5 4b fd 83 1f 3f 78 d0 0a ff 46 6e
f7 c8 41 a9 7f 14 9d aa c9 a9 a5 a9 a5 4b fd 83 1f 3f 78 d0 0a ff 46 6e f7 c8 41 a9 7f 14 9d aa c9 a9 a5 a9 a5 4b fd 83 1f 3f 78 d0 0a 23 6e f7 c8 41 a9 7f 14 9d aa c9 a9 a5 a9 a5 4b fd 83 1f
3f 78 d0 0a 46 6e f7 c8 41 a9 7f 14 9d aa c9 a9 a5 a9 a5 4b fd 83 1f 3f 78 d0 0a 23 6e f7 c8 41 a9 7f 14 9d aa c9 a9 a5 a9 a5 4b fd 83 1f 3f 78 d0 0a 46 6e f7 c8 41 a9 7f 14 9d aa c9 a9 a5 a9
a5 4b fd 83 1f 3f 78 d0 0a 46 6e f7 c8 41 a9 7f 14 9d aa c9 a9 a5 a9 a5 4b fd 83 1f 3f 78 d0 0a 23 6e f7 c8 41 a9 7f 14 9d aa c9 a9 a5 a9 a5 4b fd 83 1f 3f 78 d0 0a 23 6e f7 c8 41 a9 7f 14 9d
aa c9 a9 a5 a9 a5 4b fd 83 1f 3f 78 d0 0a 23 6e f7 c8 41 a9 7f 14 9d aa c9 a9 a5 a9 a5 4b fd 83 1f 3f 78 d0 0a ff 46 6e f7 c8 41 a9 7f 14 9d aa c9 a9 a5 a9 a5 4b fd 83 1f 3f 78 d0 0a 46 6e f7
c8 41 a9 7f 14 9d aa c9 a9 a5 a9 a5 4b fd 83 1f 3f 78 d0 0a 23 6e f7 c8 41 a9 7f 14 9d aa c9 a9 a5 a9 a5 4b fd 83 1f 3f 78 d0 0a 46 6e f7 c8 41 a9 7f 14 9d aa c9 a9 a5 a9 a5 4b fd 83 1f 3f 78
d0 0a 23 6e f7 c8 41 a9 7f 14 9d aa c9 a9 a5 a9 a5 4b fd 83 1f 3f 78 d0 0a 46 6e f7 c8 41 a9 7f 14 9d aa c9 a9 a5 a9 a5 4b fd 83 1f 3f 78 d0 0a ff 46 6e f7 c8 41 a9 7f 14 9d aa c9 a9 a5 a9 a5
4b fd 83 1f 3f 78 d0 0a 23 6e f7 c8 41 a9 7f 14 9d aa c9 a9 a5 a9 a5 4b fd 83 1f 3f 78 d0 0a ff 46 6e f7 c8 41 a9 7f 14 9d aa c9 a9 a5 a9 a5 4b fd 83 1f 3f 78 d0 0a 23 6e f7 c8 41 a9 7f 14 9d
aa c9 a9 a5 a9 a5 4b fd 83 1f 3f 78 d0 0a 23 6e f7 c8 41 a9 7f 14 9d aa c9 a9 a5 a9 a5 4b fd 83 1f 3f 78 d0 0a 46 6e f7 c8 41 a9 7f 14 9d aa c9 a9 a5 a9 a5 4b fd 83 1f 3f 78 d0 0a 23 6e f7 c8
41 a9 7f 14 9d aa c9 a9 a5 a9 a5 4b fd 83 1f 3f 78 d0 0a 46 6e f7 c8 41 a9 7f 14 9d aa c9 a9 a5 a9 a5 4b fd 83 1f 3f 78 d0 0a 23 6e f7 c8 41 a9 7f 14 9d aa c9 a9 a5 a9 a5 4b fd 83 1f 3f 78 d0
0a 46 6e f7 c8 41 a9 7f 14 9d aa c9 a9 a5 a9 a5 4b fd 83 1f 3f 78 d0 0a ff 46 6e f7 c8 41 a9 7f 14 9d aa c9 a9 a5 a9 a5 4b fd 83 1f 3f 78 d0 0a 23 6e f7 c8 41 a9 7f 14 9d aa c9 a9 a5 a9 a5 4b
fd 83 1f 3f 78 d0 0a 46 6e f7 c8 41 a9 7f 14 9d aa c9 a9 a5 a9 a5 4b fd 83 1f 3f 78 d0 0a ff 23 6e f7 c8 41 a9 7f 14 9d aa c9 a9 a5 a9 a5 4b fd 83 1f 3f 78 d0 0a 46 6e f7 c8 41 a9 7f 14 9d aa
c9 a9 a5 a9 a5 4b fd 83 1f 3f 78 d0 0a 46 6e f7 c8 41 a9 7f 14 9d aa c9 a9 a5 a9 a5 4b fd 83 1f 3f 78 d0 0a 23 6e f7 c8 41 a9 7f 14 9d aa c9 a9 a5 a9 a5 4b fd 83 1f 3f 78 d0 0a ff 23 6e f7 c8
41 a9 7f 14 9d aa c9 a9 a5 a9 a5 4b fd 83 1f 3f 78 d0 0a 23 6e f7 c8 41 a9 7f 14 9d aa c9 a9 a5 a9 a5 4b fd 83 1f 3f 78 d0 0a 23 6e f7 c8 41 a9 7f 14 9d aa c9 a9 a5 a9 a5 4b fd 83 1f 3f 78 d0
0a ff 23 6e f7 c8 41 a9 7f 14 9d aa c9 a9 a5 a9 a5 4b fd 83 1f 3f 78 d0 0a 23 6e f7 c8 41 a9 7f 14 9d aa c9 a9 a5 a9 a5 4b fd 83 1f 3f 78 d0 0a 23 6e f7 c8 41 a9 7f 14 9d aa c9 a9 a5 a9 a5 4b
fd 83 1f 3f 78 d0 0a 23 6e f7 c8 41 a9 7f 14 9d aa c9 a9 a5 a9 a5 4b fd 83 1f 3f 78 d0 0a 46 6e f7 c8 41 a9 7f 14 9d aa c9 a9 a5 a9 a5 4b fd 83 1f 3f 78 d0 0a 23 6e f7 c8 41 a9 7f 14 9d aa c9
a9 a5 a9 a5 4b fd 83 1f 3f 78 d0 0a 23 6e f7 c8 41 a9 7f 14 9d aa c9 a9 a5 a9 a5 4b fd 83 1f 3f 78 d0 0a ff 46 6e f7 c8 41 a9 7f 14 9d aa c9 a9 a5 a9 a5 4b fd 83 1f 3f 78 d0 0a 23 6e f7 c8 41
a9 7f 14 9d aa c9 a9 a5 a9 a5 4b fd 83 1f 3f 78 d0 0a 23 6e f7 c8 41 a9 7f 14 9d aa c9 a9 a5 a9 a5 4b fd 83 1f 3f 78 d0 0a 23 6e f7 c8 41 a9 7f 14 9d aa c9 a9 a5 a9 a5 4b fd 83 1f 3f 78 d0 0a
23 6e f7 c8 41 a9 7f 14 9d aa c9 a9 a5 a9 a5 4b fd 83 1f 3f 78 d0 0a 46 6e f7 c8 41 a9 7f 14 9d aa c9 a9 a5 a9 a5 4b fd 83 1f 3f 78 d0 0a 23 6e f7 c8 41 a9 7f 14 9d aa c9 a9 a5 a9 a5 4b fd 83
1f 3f 78 d0 0a 46 6e f7 c8 41 a9 7f 14 9d aa c9 a9 a5 a9 a5 4b fd 83 1f 3f 78 d0 0a 23 6e f7 c8 41 a9 7f 14 9d aa c9 a9 a5 a9 a5 4b fd 83 1f 3f 78 d0 0a 23 6e f7 c8 41 a9 7f 14 9d aa c9 a9 a5
a9 a5 4b fd 83 1f 3f 78 d0 0a 46 6e f7 c8 41 a9 7f 14 9d aa c9 a9 a5 a9 a5 4b fd 83 1f 3f 78 d0 0a 23 6e f7 c8 41 a9 7f 14 9d aa c9 a9 a5 a9 a5 4b fd 83 1f 3f 78 d0 0a 46 6e f7 c8 41 a9 7f 14
9d aa c9 a9 a5 a9 a5 4b fd 83 1f 3f 78 d0 0a 46 6e f7 c8 41 a9 7f 14 9d aa c9 a9 a5 a9 a5 4b fd 83 1f 3f 78 d0 0a ff 23 6e f7 c8 41 a9 7f 14 9d aa c9 a9 a5 a9 a5 4b fd 83 1f 3f 78 d0 0a 46 6e
f7 c8 41 a9 7f 14 9d aa c9 a9 a5 a9 a5 4b fd 83 1f 3f 78 d0 0a 23 6e f7 c8 41 a9 7f 14 9d aa c9 a9 a5 a9 a5 4b fd 83 1f 3f 78 d0 0a 46 6e f7 c8 41 a9 7f 14 9d aa c9 a9 a5 a9 a5 4b fd 83 1f 3f
78 d0 0a 46 6e f7 c8 41 a9 7f 14 9d aa c9 a9 a5 a9 a5 4b fd 83 1f 3f 78 d0 0a 23 6e f7 c8 41 a9 7f 14 9d aa c9 a9 a5 a9 a5 4b fd 83 1f 3f 78 d0 0a 46 6e f7 c8 41 a9 7f 14 9d aa c9 a9 a5 a9 a5
4b fd 83 1f 3f 78 d0 0a ff 23 6e f7 c8 41 a9 7f 14 9d aa c9 a9 a5 a9 a5 4b fd 83 1f 3f 78 d0 0a 46 6e f7 c8 41 a9 7f 14 9d aa c9 a9 a5 a9 a5 4b fd 83 1f 3f 78 d0 0a 46 6e f7 c8 41 a9 7f 14 9d
aa c9 a9 a5 a9 a5 4b fd 83 1f 3f 78 d0 0a 23 6e f7 c8 41 a9 7f 14 9d aa c9 a9 a5 a9 a5 4b fd 83 1f 3f 78 d0 0a 46 6e f7 c8 41 a9 7f 14 9d aa c9 a9 a5 a9 a5 4b fd 83 1f 3f 78 d0 0a 23 6e f7 c8
41 a9 7f 14 9d aa c9 a9 a5 a9 a5 4b fd 83 1f 3f 78 d0 0a 46 6e f7 c8 41 a9 7f 14 9d aa c9 a9 a5 a9 a5 4b fd 83 1f 3f 78 d0 0a 46 6e f7 c8 41 a9 7f 14 9d aa c9 a9 a5 a9 a5 4b fd 83 1f 3f 78 d0
0a 23 6e f7 c8 41 a9 7f 14 9d aa c9 a9 a5 a9 a5 4b fd 83 1f 3f 78 d0 0a 46 6e f7 c8 41 a9 7f 14 9d aa c9 a9 a5 a9 a5 4b fd 83 1f 3f 78 d0 0a ff 23 6e f7 c8 41 a9 7f 14 9d aa c9 a9 a5 a9 a5 4b
fd 83 1f 3f 78 d0 0a ff 46 6e f7 c8 41 a9 7f 14 9d aa c9 a9 a5 a9 a5 4b fd 83 1f 3f 78 d0 0a 46 6e f7 c8 41 a9 7f 14 9d aa c9 a9 a5 a9 a5 4b fd 83 1f 3f 78 d0 0a ff 23 6e f7 c8 41 a9 7f 14 9d
aa c9 a9 a5 a9 a5 4b fd 83 1f 3f 78 d0 0a 23 6e f7 c8 41 a9 7f 14 9d aa c9 a9 a5 a9 a5 4b fd 83 1f 3f 78 d0 0a 23 6e f7 c8 41 a9 7f 14 9d aa c9 a9 a5 a9 a5 4b fd 83 1f 3f 78 d0 0a 46 6e f7 c8
41 a9 7f 14 9d aa c9 a9 a5 a9 a5 4b fd 83 1f 3f 78 d0 0a 46 6e f7 c8 41 a9 7f 14 9d aa c9 a9 a5 a9 a5 4b fd 83 1f 3f 78 d0 0a 23 6e f7 c8 41 a9 7f 14 9d aa c9 a9 a5 a9 a5 4b fd 83 1f 3f 78 d0
0a 46 6e f7 c8 41 a9 7f 14 9d aa c9 a9 a5 a9 a5 4b fd 83 1f 3f 78 d0 0a 23 6e f7 c8 41 a9 7f 14 9d aa c9 a9 a5 a9 a5 4b fd 83 1f 3f 78 d0 0a 46 6e f7 c8 41 a9 7f 14 9d aa c9 a9 a5 a9 a5 4b fd
83 1f 3f 78 d0 0a 46 6e f7 c8 41 a9 7f 14 9d aa c9 a9 a5 a9 a5 4b fd 83 1f 3f 78 d0 0a 23 6e f7 c8 41 a9 7f 14 9d aa c9 a9 a5 a9 a5 4b fd 83 1f 3f 78 d0 0a 46 6e f7 c8 41 a9 7f 14 9d aa c9 a9
a5 a9 a5 4b fd 83 1f 3f 78 d0 0a ff 23 6e f7 c8 41 a9 7f 14 9d aa c9 a9 a5 a9 a5 4b fd 83 1f 3f 78 d0 0a 46 6e f7 c8 41 a9 7f 14 9d aa c9 a9 a5 a9 a5 4b fd 83 1f 3f 78 d0 0a 23 6e f7 c8 41 a9
7f 14 9d aa c9 a9 a5 a9 a5 4b fd 83 1f 3f 78 d0 0a 23 6e f7 c8 41 a9 7f 14 9d aa c9 a9 a5 a9 a5 4b fd 83 1f 3f 78 d0 0a 46 6e f7 c8 41 a9 7f 14 9d aa c9 a9 a5 a9 a5 4b fd 83 1f 3f 78 d0 0a ff
23 6e f7 c8 41 a9 7f 14 9d aa c9 a9 a5 a9 a5 4b fd 83 1f 3f 78 d0 0a 46 6e f7 c8 41 a9 7f 14 9d aa c9 a9 a5 a9 a5 4b fd 83 1f 3f 78 d0 0a 46 6e f7 c8 41 a9 7f 14 9d aa c9 a9 a5 a9 a5 4b fd 83
1f 3f 78 d0 0a 23 6e f7 c8 41 a9 7f 14 9d aa c9 a9 a5 a9 a5 4b fd 83 1f 3f 78 d0 0a 46 6e f7 c8 41 a9 7f 14 9d aa c9 a9 a5 a9 a5 4b fd 83 1f 3f 78 d0 0a 23 6e f7 c8 41 a9 7f 14 9d aa c9 a9 a5
a9 a5 4b fd 83 1f 3f 78 d0 0a 46 6e f7 c8 41 a9 7f 14 9d aa c9 a9 a5 a9 a5 4b fd 83 1f 3f 78 d0 0a 46 6e f7 c8 41 a9 7f 14 9d aa c9 a9 a5 a9 a5 4b fd 83 1f 3f 78 d0 0a 23 6e f7 c8 41 a9 7f 14
9d aa c9 a9 a5 a9 a5 4b fd 83 1f 3f 78 d0 0a 46 6e f7 c8 41 a9 7f 14 9d aa c9 a9 a5 a9 a5 4b fd 83 1f 3f 78 d0 0a 23 6e f7 c8 41 a9 7f 14 9d aa c9 a9 a5 a9 a5 4b fd 83 1f 3f 78 d0 0a 46 6e f7
c8 41 a9 7f 14 9d aa c9 a9 a5 a9 a5 4b fd 83 1f 3f 78 d0 0a 46 6e f7 c8 41 a9 7f 14 9d aa c9 a9 a5 a9 a5 4b fd 83 1f 3f 78 d0 0a 23 6e f7 c8 41 a9 7f 14 9d aa c9 a9 a5 a9 a5 4b fd 83 1f 3f 78
d0 0a 46 6e f7 c8 41 a9 7f 14 9d aa c9 a9 a5 a9 a5 4b fd 83 1f 3f 78 d0 0a 23 6e f7 c8 41 a9 7f 14 9d aa c9 a9 a5 a9 a5 4b fd 83 1f 3f 78 d0 0a 46 6e f7 c8 41 a9 7f 14 9d aa c9 a9 a5 a9 a5 4b
fd 83 1f 3f 78 d0 0a 46 6e f7 c8 41 a9 7f 14 9d aa c9 a9 a5 a9 a5 4b fd 83 1f 3f 78 d0 0a 23 6e f7 c8 41 a9 7f 14 9d aa c9 a9 a5 a9 a5 4b fd 83 1f 3f 78 d0 0a 46 6e f7 c8 41 a9 7f 14 9d aa c9
a9 a5 a9 a5 4b fd 83 1f 3f 78 d0 0a ff 23 6e f7 c8 41 a9 7f 14 9d aa c9 a9 a5 a9 a5 4b fd 83 1f 3f 78 d0 0a 46 6e f7 c8 41 a9 7f 14 9d aa c9 a9 a5 a9 a5 4b fd 83 1f 3f 78 d0 0a ff 23 6e f7 c8
41 a9 7f 14 9d aa c9 a9 a5 a9 a5 4b fd 83 1f 3f 78 d0 0a 23 6e f7 c8 41 a9 7f 14 9d aa c9 a9 a5 a9 a5 4b fd 83 1f 3f 78 d0 0a 46 6e f7 c8 41 a9 7f 14 9d aa c9 a9 a5 a9 a5 4b fd 83 1f 3f 78 d0
0a 23 6e f7 c8 41 a9 7f 14 9d aa c9 a9 a5 a9 a5 4b fd 83 1f 3f 78 d0 0a 46 6e f7 c8 41 a9 7f 14 9d aa c9 a9 a5 a9 a5 4b fd 83 1f 3f 78 d0 0a 46 6e f7 c8 41 a9 7f 14 9d aa c9 a9 a5 a9 a5 4b fd
83 1f 3f 78 d0 0a 23 6e f7 c8 41 a9 7f 14 9d aa c9 a9 a5 a9 a5 4b fd 83 1f 3f 78 d0 0a 46 6e f7 c8 41 a9 7f 14 9d aa c9 a9 a5 a9 a5 4b fd 83 1f 3f 78 d0 0a 23 6e f7 c8 41 a9 7f 14 9d aa c9 a9
a5 a9 a5 4b fd 83 1f 3f 78 d0 0a 46 6e f7 c8 41 a9 7f 14 9d aa c9 a9 a5 a9 a5 4b fd 83 1f 3f 78 d0 0a 46 6e f7 c8 41 a9 7f 14 9d aa c9 a9 a5 a9 a5 4b fd 83 1f 3f 78 d0 0a 23 6e f7 c8 41 a9 7f
14 9d aa c9 a9 a5 a9 a5 4b fd 83 1f 3f 78 d0 0a 46 6e f7 c8 41 a9 7f 14 9d aa c9 a9 a5 a9 a5 4b fd 83 1f 3f 78 d0 0a 23 6e f7 c8 41 a9 7f 14 9d aa c9 a9 a5 a9 a5 4b fd 83 1f 3f 78 d0 0a 46 6e
f7 c8 41 a9 7f 14 9d aa c9 a9 a5 a9 a5 4b fd 83 1f 3f 78 d0 0a 46 6e f7 c8 41 a9 7f 14 9d aa c9 a9 a5 a9 a5 4b fd 83 1f 3f 78 d0 0a 23 6e f7 c8 41 a9 7f 14 9d aa c9 a9 a5 a9 a5 4b fd 83 1f 3f
78 d0 0a 46 6e f7 c8 41 a9 7f 14 9d aa c9 a9 a5 a9 a5 4b fd 83 1f 3f 78 d0 0a ff 23 6e f7 c8 41 a9 7f 14 9d aa c9 a9 a5 a9 a5 4b fd 83 1f 3f 78 d0 0a 46 6e f7 c8 41 a9 7f 14 9d aa c9 a9 a5 a9
a5 4b fd 83 1f 3f 78 d0 0a 46 6e f7 c8 41 a9 7f 14 9d aa c9 a9 a5 a9 a5 4b fd 83 1f 3f 78 d0 0a 23 6e f7 c8 41 a9 7f 14 9d aa c9 a9 a5 a9 a5 4b fd 83 1f 3f 78 d0 0a 46 6e f7 c8 41 a9 7f 14 9d
aa c9 a9 a5 a9 a5 4b fd 83 1f 3f 78 d0 0a 23 6e f7 c8 41 a9 7f 14 9d aa c9 a9 a5 a9 a5 4b fd 83 1f 3f 78 d0 0a ff 46 6e f7 c8 41 a9 7f 14 9d aa c9 a9 a5 a9 a5 4b fd 83 1f 3f 78 d0 0a 23 6e f7
c8 41 a9 7f 14 9d aa c9 a9 a5 a9 a5 4b fd 83 1f 3f 78 d0 0a 23 6e f7 c8 41 a9 7f 14 9d aa c9 a9 a5 a9 a5 4b fd 83 1f 3f 78 d0 0a ff 46 6e f7 c8 41 a9 7f 14 9d aa c9 a9 a5 a9 a5 4b fd 83 1f 3f
78 d0 0a ff 23 6e f7 c8 41 a9 7f 14 9d aa c9 a9 a5 a9 a5 4b fd 83 1f 3f 78 d0 0a ff 46 6e f7 c8 41 a9 7f 14 9d aa c9 a9 a5 a9 a5 4b fd 83 1f 3f 78 d0 0a 46 6e f7 c8 41 a9 7f 14 9d aa c9 a9 a5
a9 a5 4b fd 83 1f 3f 78 d0 0a 23 6e f7 c8 41 a9 7f 14 9d aa c9 a9 a5 a9 a5 4b fd 83 1f 3f 78 d0 0a 46 6e f7 c8 41 a9 7f 14 9d aa c9 a9 a5 a9 a5 4b fd 83 1f 3f 78 d0 0a ff 23 6e f7 c8 41 a9 7f
14 9d aa c9 a9 a5 a9 a5 4b fd 83 1f 3f 78 d0 0a 46 6e f7 c8 41 a9 7f 14 9d aa c9 a9 a5 a9 a5 4b fd 83 1f 3f 78 d0 0a 46 6e f7 c8 41 a9 7f 14 9d aa c9 a9 a5 a9 a5 4b fd 83 1f 3f 78 d0 0a ff 23
6e f7 c8 41 a9 7f 14 9d aa c9 a9 a5 a9 a5 4b fd 83 1f 3f 78 d0 0a 46 6e f7 c8 41 a9 7f 14 9d aa c9 a9 a5 a9 a5 4b fd 83 1f 3f 78 d0 0a 23 6e f7 c8 41 a9 7f 14 9d aa c9 a9 a5 a9 a5 4b fd 83 1f
3f 78 d0 0a 46 6e f7 c8 41 a9 7f 14 9d aa c9 a9 a5 a9 a5 4b fd 83 1f 3f 78 d0 0a 46 6e f7 c8 41 a9 7f 14 9d aa c9 a9 a5 a9 a5 4b fd 83 1f 3f 78 d0 0a 23 6e f7 c8 41 a9 7f 14 9d aa c9 a9 a5 a9
a5 4b fd 83 1f 3f 78 d0 0a 46 6e f7 c8 41 a9 7f 14 9d aa c9 a9 a5 a9 a5 4b fd 83 1f 3f 78 d0 0a 23 6e f7 c8 41 a9 7f 14 9d aa c9 a9 a5 a9 a5 4b fd 83 1f 3f 78 d0 0a 46 6e f7 c8 41 a9 7f 14 9d
aa c9 a9 a5 a9 a5 4b fd 83 1f 3f 78 d0 0a 46 6e f7 c8 41 a9 7f 14 9d aa c9 a9 a5 a9 a5 4b fd 83 1f 3f 78 d0 0a 23 6e f7 c8 41 a9 7f 14 9d aa c9 a9 a5 a9 a5 4b fd 83 1f 3f 78 d0 0a 46 6e f7 c8
41 a9 7f 14 9d aa c9 a9 a5 a9 a5 4b fd 83 1f 3f 78 d0 0a 23 6e f7 c8 41 a9 7f 14 9d aa c9 a9 a5 a9 a5 4b fd 83 1f 3f 78 d0 0a 46 6e f7 c8 41 a9 7f 14 9d aa c9 a9 a5 a9 a5 4b fd 83 1f 3f 78 d0
0a 46 6e f7 c8 41 a9 7f 14 9d aa c9 a9 a5 a9 a5 4b fd 83 1f 3f 78 d0 0a 23 6e f7 c8 41 a9 7f 14 9d aa c9 a9 a5 a9 a5 4b fd 83 1f 3f 78 d0 0a 46 6e f7 c8 41 a9 7f 14 9d aa c9 a9 a5 a9 a5 4b fd
83 1f 3f 78 d0 0a ff 23 6e f7 c8 41 a9 7f 14 9d aa c9 a9 a5 a9 a5 4b fd 83 1f 3f 78 d0 0a 46 6e f7 c8 41 a9 7f 14 9d aa c9 a9 a5 a9 a5 4b fd 83 1f 3f 78 d0 0a 46 6e f7 c8 41 a9 7f 14 9d aa c9
a9 a5 a9 a5 4b fd 83 1f 3f 78 d0 0a 23 6e f7 c8 41 a9 7f 14 9d aa c9 a9 a5 a9 a5 4b fd 83 1f 3f 78 d0 0a 46 6e f7 c8 41 a9 7f 14 9d aa c9 a9 a5 a9 a5 4b fd 83 1f 3f 78 d0 0a 23 6e f7 c8 41 a9
7f 14 9d aa c9 a9 a5 a9 a5 4b fd 83 1f 3f 78 d0 0a 46 6e f7 c8 41 a9 7f 14 9d aa c9 a9 a5 a9 a5 4b fd 83 1f 3f 78 d0 0a 46 6e f7 c8 41 a9 7f 14 9d aa c9 a9 a5 a9 a5 4b fd 83 1f 3f 78 d0 0a 23
6e f7 c8 41 a9 7f 14 9d aa c9 a9 a5 a9 a5 4b fd 83 1f 3f 78 d0 0a 46 6e f7 c8 41 a9 7f 14 9d aa c9 a9 a5 a9 a5 4b fd 83 1f 3f 78 d0 0a 23 6e f7 c8 41 a9 7f 14 9d aa c9 a9 a5 a9 a5 4b fd 83 1f
3f 78 d0 0a 46 6e f7 c8 41 a9 7f 14 9d aa c9 a9 a5 a9 a5 4b fd 83 1f 3f 78 d0 0a 46 6e f7 c8 41 a9 7f 14 9d aa c9 a9 a5 a9 a5 4b fd 83 1f 3f 78 d0 0a ff 23 6e f7 c8 41 a9 7f 14 9d aa c9 a9 a5
a9 a5 4b fd 83 1f 3f 78 d0 0a 46 6e f7 c8 41 a9 7f 14 9d aa c9 a9 a5 a9 a5 4b fd 83 1f 3f 78 d0 0a 23 6e f7 c8 41 a9 7f 14 9d aa c9 a9 a5 a9 a5 4b fd 83 1f 3f 78 d0 0a 46 6e f7 c8 41 a9 7f 14
9d aa c9 a9 a5 a9 a5 4b fd 83 1f 3f 78 d0 0a 46 6e f7 c8 41 a9 7f 14 9d aa c9 a9 a5 a9 a5 4b fd 83 1f 3f 78 d0 0a 23 6e f7 c8 41 a9 7f 14 9d aa c9 a9 a5 a9 a5 4b fd 83 1f 3f 78 d0 0a 46 6e f7
c8 41 a9 7f 14 9d aa c9 a9 a5 a9 a5 4b fd 83 1f 3f 78 d0 0a 23 6e f7 c8 41 a9 7f 14 9d aa c9 a9 a5 a9 a5 4b fd 83 1f 3f 78 d0 0a 23 6e f7 c8 41 a9 7f 14 9d aa c9 a9 a5 a9 a5 4b fd 83 1f 3f 78
d0 0a 23 6e f7 c8 41 a9 7f 14 9d aa c9 a9 a5 a9 a5 4b fd 83 1f 3f 78 d0 0a 23 6e f7 c8 41 a9 7f 14 9d aa c9 a9 a5 a9 a5 4b fd 83 1f 3f 78 d0 0a ff 46 6e f7 c8 41 a9 7f 14 9d aa c9 a9 a5 a9 a5
4b fd 83 1f 3f 78 d0 0a 23 6e f7 c8 41 a9 7f 14 9d aa c9 a9 a5 a9 a5 4b fd 83 1f 3f 78 d0 0a 46 6e f7 c8 41 a9 7f 14 9d aa c9 a9 a5 a9 a5 4b fd 83 1f 3f 78 d0 0a 46 6e f7 c8 41 a9 7f 14 9d aa
c9 a9 a5 a9 a5 4b fd 83 1f 3f 78 d0 0a ff 23 6e f7 c8 41 a9 7f 14 9d aa c9 a9 a5 a9 a5 4b fd 83 1f 3f 78 d0 0a 46 6e f7 c8 41 a9 7f 14 9d aa c9 a9 a5 a9 a5 4b fd 83 1f 3f 78 d0 0a 23 6e f7 c8
41 a9 7f 14 9d aa c9 a9 a5 a9 a5 4b fd 83 1f 3f 78 d0 0a 46 6e f7 c8 41 a9 7f 14 9d aa c9 a9 a5 a9 a5 4b fd 83 1f 3f 78 d0 0a 46 6e f7 c8 41 a9 7f 14 9d aa c9 a9 a5 a9 a5 4b fd 83 1f 3f 78 d0
0a ff 23 6e f7 c8 41 a9 7f 14 9d aa c9 a9 a5 a9 a5 4b fd 83 1f 3f 78 d0 0a 23 6e f7 c8 41 a9 7f 14 9d aa c9 a9 a5 a9 a5 4b fd 83 1f 3f 78 d0 0a 23 6e f7 c8 41 a9 7f 14 9d aa c9 a9 a5 a9 a5 4b
fd 83 1f 3f 78 d0 0a ff 46 6e f7 c8 41 a9 7f 14 9d aa c9 a9 a5 a9 a5 4b fd 83 1f 3f 78 d0 0a 46 6e f7 c8 41 a9 7f 14 9d aa c9 a9 a5 a9 a5 4b fd 83 1f 3f 78 d0 0a 23 6e f7 c8 41 a9 7f 14 9d aa
c9 a9 a5 a9 a5 4b fd 83 1f 3f 78 d0 0a 46 6e f7 c8 41 a9 7f 14 9d aa c9 a9 a5 a9 a5 4b fd 83 1f 3f 78 d0 0a 23 6e f7 c8 41 a9 7f 14 9d aa c9 a9 a5 a9 a5 4b fd 83 1f 3f 78 d0 0a 46 6e f7 c8 41
a9 7f 14 9d aa c9 a9 a5 a9 a5 4b fd 83 1f 3f 78 d0 0a 46 6e f7 c8 41 a9 7f 14 9d aa c9 a9 a5 a9 a5 4b fd 83 1f 3f 78 d0 0a 23 6e f7 c8 41 a9 7f 14 9d aa c9 a9 a5 a9 a5 4b fd 83 1f 3f 78 d0 0a
46 6e f7 c8 41 a9 7f 14 9d aa c9 a9 a5 a9 a5 4b fd 83 1f 3f 78 d0 0a 23 6e f7 c8 41 a9 7f 14 9d aa c9 a9 a5 a9 a5 4b fd 83 1f 3f 78 d0 0a 46 6e f7 c8 41 a9 7f 14 9d aa c9 a9 a5 a9 a5 4b fd 83
1f 3f 78 d0 0a 23 6e f7 c8 41 a9 7f 14 9d aa c9 a9 a5 a9 a5 4b fd 83 1f 3f 78 d0 0a 23 6e f7 c8 41 a9 7f 14 9d aa c9 a9 a5 a9 a5 4b fd 83 1f 3f 78 d0 0a ff 46 6e f7 c8 41 a9 7f 14 9d aa c9 a9
a5 a9 a5 4b fd 83 1f 3f 78 d0 0a ff 23 6e f7 c8 41 a9 7f 14 9d aa c9 a9 a5 a9 a5 4b fd 83 1f 3f 78 d0 0a 46 6e f7 c8 41 a9 7f 14 9d aa c9 a9 a5 a9 a5 4b fd 83 1f 3f 78 d0 0a 46 6e f7 c8 41 a9
7f 14 9d aa c9 a9 a5 a9 a5 4b fd 83 1f 3f 78 d0 0a ff 23 6e f7 c8 41 a9 7f 14 9d aa c9 a9 a5 a9 a5 4b fd 83 1f 3f 78 d0 0a 46 6e f7 c8 41 a9 7f 14 9d aa c9 a9 a5 a9 a5 4b fd 83 1f 3f 78 d0 0a
ff 23 6e f7 c8 41 a9 7f 14 9d aa c9 a9 a5 a9 a5 4b fd 83 1f 3f 78 d0 0a 46 6e f7 c8 41 a9 7f 14 9d aa c9 a9 a5 a9 a5 4b fd 83 1f 3f 78 d0 0a 46 6e f7 c8 41 a9 7f 14 9d aa c9 a9 a5 a9 a5 4b fd
83 1f 3f 78 d0 0a 23 6e f7 c8 41 a9 7f 14 9d aa c9 a9 a5 a9 a5 4b fd 83 1f 3f 78 d0 0a 23 6e f7 c8 41 a9 7f 14 9d aa c9 a9 a5 a9 a5 4b fd 83 1f 3f 78 d0 0a 23 6e f7 c8 41 a9 7f 14 9d aa c9 a9
a5 a9 a5 4b fd 83 1f 3f 78 d0 0a ff 46 6e f7 c8 41 a9 7f 14 9d aa c9 a9 a5 a9 a5 4b fd 83 1f 3f 78 d0 0a 46 6e f7 c8 41 a9 7f 14 9d aa c9 a9 a5 a9 a5 4b fd 83 1f 3f 78 d0 0a 23 6e f7 c8 41 a9
7f 14 9d aa c9 a9 a5 a9 a5 4b fd 83 1f 3f 78 d0 0a 46 6e f7 c8 41 a9 7f 14 9d aa c9 a9 a5 a9 a5 4b fd 83 1f 3f 78 d0 0a 23 6e f7 c8 41 a9 7f 14 9d aa c9 a9 a5 a9 a5 4b fd 83 1f 3f 78 d0 0a 46
6e f7 c8 41 a9 7f 14 9d aa c9 a9 a5 a9 a5 4b fd 83 1f 3f 78 d0 0a 46 6e f7 c8 41 a9 7f 14 9d aa c9 a9 a5 a9 a5 4b fd 83 1f 3f 78 d0 0a 23 6e f7 c8 41 a9 7f 14 9d aa c9 a9 a5 a9 a5 4b fd 83 1f
3f 78 d0 0a 46 6e f7 c8 41 a9 7f 14 9d aa c9 a9 a5 a9 a5 4b fd 83 1f 3f 78 d0 0a 23 6e f7 c8 41 a9 7f 14 9d aa c9 a9 a5 a9 a5 4b fd 83 1f 3f 78 d0 0a 23 6e f7 c8 41 a9 7f 14 9d aa c9 a9 a5 a9
a5 4b fd 83 1f 3f 78 d0 0a 23 6e f7 c8 41 a9 7f 14 9d aa c9 a9 a5 a9 a5 4b fd 83 1f 3f 78 d0 0a 23 6e f7 c8 41 a9 7f 14 9d aa c9 a9 a5 a9 a5 4b fd 83 1f 3f 78 d0 0a ff 46 6e f7 c8 41 a9 7f 14
9d aa c9 a9 a5 a9 a5 4b fd 83 1f 3f 78 d0 0a 23 6e f7 c8 41 a9 7f 14 9d aa c9 a9 a5 a9 a5 4b fd 83 1f 3f 78 d0 0a ff 46 6e f7 c8 41 a9 7f 14 9d aa c9 a9 a5 a9 a5 4b fd 83 1f 3f 78 d0 0a 46 6e
f7 c8 41 a9 7f 14 9d aa c9 a9 a5 a9 a5 4b fd 83 1f 3f 78 d0 0a 23 6e f7 c8 41 a9 7f 14 9d aa c9 a9 a5 a9 a5 4b fd 83 1f 3f 78 d0 0a ff 46 6e f7 c8 41 a9 7f 14 9d aa c9 a9 a5 a9 a5 4b fd 83 1f
3f 78 d0 0a 23 6e f7 c8 41 a9 7f 14 9d aa c9 a9 a5 a9 a5 4b fd 83 1f 3f 78 d0 0a 46 6e f7 c8 41 a9 7f 14 9d aa c9 a9 a5 a9 a5 4b fd 83 1f 3f 78 d0 0a 46 6e f7 c8 41 a9 7f 14 9d aa c9 a9 a5 a9
a5 4b fd 83 1f 3f 78 d0 0a 23 6e f7 c8 41 a9 7f 14 9d aa c9 a9 a5 a9 a5 4b fd 83 1f 3f 78 d0 0a 23 6e f7 c8 41 a9 7f 14 9d aa c9 a9 a5 a9 a5 4b fd 83 1f 3f 78 d0 0a 23 6e f7 c8 41 a9 7f 14 9d
aa c9 a9 a5 a9 a5 4b fd 83 1f 3f 78 d0 0a 46 6e f7 c8 41 a9 7f 14 9d aa c9 a9 a5 a9 a5 4b fd 83 1f 3f 78 d0 0a 46 6e f7 c8 41 a9 7f 14 9d aa c9 a9 a5 a9 a5 4b fd 83 1f 3f 78 d0 0a 23 6e f7 c8
41 a9 7f 14 9d aa c9 a9 a5 a9 a5 4b fd 83 1f 3f 78 d0 0a 46 6e f7 c8 41 a9 7f 14 9d aa c9 a9 a5 a9 a5 4b fd 83 1f 3f 78 d0 0a 23 6e f7 c8 41 a9 7f 14 9d aa c9 a9 a5 a9 a5 4b fd 83 1f 3f 78 d0
0a 46 6e f7 c8 41 a9 7f 14 9d aa c9 a9 a5 a9 a5 4b fd 83 1f 3f 78 d0 0a 46 6e f7 c8 41 a9 7f 14 9d aa c9 a9 a5 a9 a5 4b fd 83 1f 3f 78 d0 0a ff 23 6e f7 c8 41 a9 7f 14 9d aa c9 a9 a5 a9 a5 4b
fd 83 1f 3f 78 d0 0a 46 6e f7 c8 41 a9 7f 14 9d aa c9 a9 a5 a9 a5 4b fd 83 1f 3f 78 d0 0a 23 6e f7 c8 41 a9 7f 14 9d aa c9 a9 a5 a9 a5 4b fd 83 1f 3f 78 d0 0a 23 6e f7 c8 41 a9 7f 14 9d aa c9
a9 a5 a9 a5 4b fd 83 1f 3f 78 d0 0a 23 6e f7 c8 41 a9 7f 14 9d aa c9 a9 a5 a9 a5 4b fd 83 1f 3f 78 d0 0a 23 6e f7 c8 41 a9 7f 14 9d aa c9 a9 a5 a9 a5 4b fd 83 1f 3f 78 d0 0a 46 6e f7 c8 41 a9
7f 14 9d aa c9 a9 a5 a9 a5 4b fd 83 1f 3f 78 d0 0a 23 6e f7 c8 41 a9 7f 14 9d aa c9 a9 a5 a9 a5 4b fd 83 1f 3f 78 d0 0a 46 6e f7 c8 41 a9 7f 14 9d aa c9 a9 a5 a9 a5 4b fd 83 1f 3f 78 d0 0a 46
6e f7 c8 41 a9 7f 14 9d aa c9 a9 a5 a9 a5 4b fd 83 1f 3f 78 d0 0a 23 6e f7 c8 41 a9 7f 14 9d aa c9 a9 a5 a9 a5 4b fd 83 1f 3f 78 d0 0a 46 6e f7 c8 41 a9 7f 14 9d aa c9 a9 a5 a9 a5 4b fd 83 1f
3f 78 d0 0a ff 23 6e f7 c8 41 a9 7f 14 9d aa c9 a9 a5 a9 a5 4b fd 83 1f 3f 78 d0 0a 46 6e f7 c8 41 a9 7f 14 9d aa c9 a9 a5 a9 a5 4b fd 83 1f 3f 78 d0 0a 46 6e f7 c8 41 a9 7f 14 9d aa c9 a9 a5
a9 a5 4b fd 83 1f 3f 78 d0 0a 23 6e f7 c8 41 a9 7f 14 9d aa c9 a9 a5 a9 a5 4b fd 83 1f 3f 78 d0 0a 23 6e f7 c8 41 a9 7f 14 9d aa c9 a9 a5 a9 a5 4b fd 83 1f 3f 78 d0 0a 23 6e f7 c8 41 a9 7f 14
9d aa c9 a9 a5 a9 a5 4b fd 83 1f 3f 78 d0 0a ff 46 6e f7 c8 41 a9 7f 14 9d aa c9 a9 a5 a9 a5 4b fd 83 1f 3f 78 d0 0a 46 6e f7 c8 41 a9 7f 14 9d aa c9 a9 a5 a9 a5 4b fd 83 1f 3f 78 d0 0a 23 6e
f7 c8 41 a9 7f 14 9d aa c9 a9 a5 a9 a5 4b fd 83 1f 3f 78 d0 0a ff 46 6e f7 c8 41 a9 7f 14 9d aa c9 a9 a5 a9 a5 4b fd 83 1f 3f 78 d0 0a 23 6e f7 c8 41 a9 7f 14 9d aa c9 a9 a5 a9 a5 4b fd 83 1f
3f 78 d0 0a 46 6e f7 c8 41 a9 7f 14 9d aa c9 a9 a5 a9 a5 4b fd 83 1f 3f 78 d0 0a 46 6e f7 c8 41 a9 7f 14 9d aa c9 a9 a5 a9 a5 4b fd 83 1f 3f 78 d0 0a 23 6e f7 c8 41 a9 7f 14 9d aa c9 a9 a5 a9
a5 4b fd 83 1f 3f 78 d0 0a 46 6e f7 c8 41 a9 7f 14 9d aa c9 a9 a5 a9 a5 4b fd 83 1f 3f 78 d0 0a 23 6e f7 c8 41 a9 7f 14 9d aa c9 a9 a5 a9 a5 4b fd 83 1f 3f 78 d0 0a 23 6e f7 c8 41 a9 7f 14 9d
aa c9 a9 a5 a9 a5 4b fd 83 1f 3f 78 d0 0a 23 6e f7 c8 41 a9 7f 14 9d aa c9 a9 a5 a9 a5 4b fd 83 1f 3f 78 d0 0a 23 6e f7 c8 41 a9 7f 14 9d aa c9 a9 a5 a9 a5 4b fd 83 1f 3f 78 d0 0a 46 6e f7 c8
41 a9 7f 14 9d aa c9 a9 a5 a9 a5 4b fd 83 1f 3f 78 d0 0a 23 6e f7 c8 41 a9 7f 14 9d aa c9 a9 a5 a9 a5 4b fd 83 1f 3f 78 d0 0a 46 6e f7 c8 41 a9 7f 14 9d aa c9 a9 a5 a9 a5 4b fd 83 1f 3f 78 d0
0a 46 6e f7 c8 41 a9 7f 14 9d aa c9 a9 a5 a9 a5 4b fd 83 1f 3f 78 d0 0a 23 6e f7 c8 41 a9 7f 14 9d aa c9 a9 a5 a9 a5 4b fd 83 1f 3f 78 d0 0a 46 6e f7 c8 41 a9 7f 14 9d aa c9 a9 a5 a9 a5 4b fd
83 1f 3f 78 d0 0a 23 6e f7 c8 41 a9 7f 14 9d aa c9 a9 a5 a9 a5 4b fd 83 1f 3f 78 d0 0a ff 46 6e f7 c8 41 a9 7f 14 9d aa c9 a9 a5 a9 a5 4b fd 83 1f 3f 78 d0 0a 46 6e f7 c8 41 a9 7f 14 9d aa c9
a9 a5 a9 a5 4b fd 83 1f 3f 78 d0 0a 23 6e f7 c8 41 a9 7f 14 9d aa c9 a9 a5 a9 a5 4b fd 83 1f 3f 78 d0 0a 23 6e f7 c8 41 a9 7f 14 9d aa c9 a9 a5 a9 a5 4b fd 83 1f 3f 78 d0 0a 46 6e f7 c8 41 a9
7f 14 9d aa c9 a9 a5 a9 a5 4b fd 83 1f 3f 78 d0 0a 46 6e f7 c8 41 a9 7f 14 9d aa c9 a9 a5 a9 a5 4b fd 83 1f 3f 78 d0 0a 46 6e f7 c8 41 a9 7f 14 9d aa c9 a9 a5 a9 a5 4b fd 83 1f 3f 78 d0 0a 23
6e f7 c8 41 a9 7f 14 9d aa c9 a9 a5 a9 a5 4b fd 83 1f 3f 78 d0 0a ff 46 6e f7 c8 41 a9 7f 14 9d aa c9 a9 a5 a9 a5 4b fd 83 1f 3f 78 d0 0a 23 6e f7 c8 41 a9 7f 14 9d aa c9 a9 a5 a9 a5 4b fd 83
1f 3f 78 d0 0a ff 46 6e f7 c8 41 a9 7f 14 9d aa c9 a9 a5 a9 a5 4b fd 83 1f 3f 78 d0 0a 46 6e f7 c8 41 a9 7f 14 9d aa c9 a9 a5 a9 a5 4b fd 83 1f 3f 78 d0 0a 23 6e f7 c8 41 a9 7f 14 9d aa c9 a9
a5 a9 a5 4b fd 83 1f 3f 78 d0 0a 46 6e f7 c8 41 a9 7f 14 9d aa c9 a9 a5 a9 a5 4b fd 83 1f 3f 78 d0 0a 23 6e f7 c8 41 a9 7f 14 9d aa c9 a9 a5 a9 a5 4b fd 83 1f 3f 78 d0 0a 46 6e f7 c8 41 a9 7f
14 9d aa c9 a9 a5 a9 a5 4b fd 83 1f 3f 78 d0 0a 46 6e f7 c8 41 a9 7f 14 9d aa c9 a9 a5 a9 a5 4b fd 83 1f 3f 78 d0 0a 23 6e f7 c8 41 a9 7f 14 9d aa c9 a9 a5 a9 a5 4b fd 83 1f 3f 78 d0 0a 46 6e
f7 c8 41 a9 7f 14 9d aa c9 a9 a5 a9 a5 4b fd 83 1f 3f 78 d0 0a 23 6e f7 c8 41 a9 7f 14 9d aa c9 a9 a5 a9 a5 4b fd 83 1f 3f 78 d0 0a 46 6e f7 c8 41 a9 7f 14 9d aa c9 a9 a5 a9 a5 4b fd 83 1f 3f
78 d0 0a 46 6e f7 c8 41 a9 7f 14 9d aa c9 a9 a5 a9 a5 4b fd 83 1f 3f 78 d0 0a 23 6e f7 c8 41 a9 7f 14 9d aa c9 a9 a5 a9 a5 4b fd 83 1f 3f 78 d0 0a 46 6e f7 c8 41 a9 7f 14 9d aa c9 a9 a5 a9 a5
4b fd 83 1f 3f 78 d0 0a 23 6e f7 c8 41 a9 7f 14 9d aa c9 a9 a5 a9 a5 4b fd 83 1f 3f 78 d0 0a 46 6e f7 c8 41 a9 7f 14 9d aa c9 a9 a5 a9 a5 4b fd 83 1f 3f 78 d0 0a 46 6e f7 c8 41 a9 7f 14 9d aa
c9 a9 a5 a9 a5 4b fd 83 1f 3f 78 d0 0a ff 23 6e f7 c8 41 a9 7f 14 9d aa c9 a9 a5 a9 a5 4b fd 83 1f 3f 78 d0 0a ff 46 6e f7 c8 41 a9 7f 14 9d aa c9 a9 a5 a9 a5 4b fd 83 1f 3f 78 d0 0a ff 23 6e
f7 c8 41 a9 7f 14 9d aa c9 a9 a5 a9 a5 4b fd 83 1f 3f 78 d0 0a 46 6e f7 c8 41 a9 7f 14 9d aa c9 a9 a5 a9 a5 4b fd 83 1f 3f 78 d0 0a ff 46 6e f7 c8 41 a9 7f 14 9d aa c9 a9 a5 a9 a5 4b fd 83 1f
3f 78 d0 0a ff 23 6e f7 c8 41 a9 7f 14 9d aa c9 a9 a5 a9 a5 4b fd 83 1f 3f 78 d0 0a 46 6e f7 c8 41 a9 7f 14 9d aa c9 a9 a5 a9 a5 4b fd 83 1f 3f 78 d0 0a 23 6e f7 c8 41 a9 7f 14 9d aa c9 a9 a5
a9 a5 4b fd 83 1f 3f 78 d0 0a 46 6e f7 c8 41 a9 7f 14 9d aa c9 a9 a5 a9 a5 4b fd 83 1f 3f 78 d0 0a ff 46 6e f7 c8 41 a9 7f 14 9d aa c9 a9 a5 a9 a5 4b fd 83 1f 3f 78 d0 0a 23 6e f7 c8 41 a9 7f
14 9d aa c9 a9 a5 a9 a5 4b fd 83 1f 3f 78 d0 0a ff 46 6e f7 c8 41 a9 7f 14 9d aa c9 a9 a5 a9 a5 4b fd 83 1f 3f 78 d0 0a 23 6e f7 c8 41 a9 7f 14 9d aa c9 a9 a5 a9 a5 4b fd 83 1f 3f 78 d0 0a 23
6e f7 c8 41 a9 7f 14 9d aa c9 a9 a5 a9 a5 4b fd 83 1f 3f 78 d0 0a 46 6e f7 c8 41 a9 7f 14 9d aa c9 a9 a5 a9 a5 4b fd 83 1f 3f 78 d0 0a 23 6e f7 c8 41 a9 7f 14 9d aa c9 a9 a5 a9 a5 4b fd 83 1f
3f 78 d0 0a 46 6e f7 c8 41 a9 7f 14 9d aa c9 a9 a5 a9 a5 4b fd 83 1f 3f 78 d0 0a 23 6e f7 c8 41 a9 7f 14 9d aa c9 a9 a5 a9 a5 4b fd 83 1f 3f 78 d0 0a 46 6e f7 c8 41 a9 7f 14 9d aa c9 a9 a5 a9
a5 4b fd 83 1f 3f 78 d0 0a 46 6e f7 c8 41 a9 7f 14 9d aa c9 a9 a5 a9 a5 4b fd 83 1f 3f 78 d0 0a 23 6e f7 c8 41 a9 7f 14 9d aa c9 a9 a5 a9 a5 4b fd 83 1f 3f 78 d0 0a 46 6e f7 c8 41 a9 7f 14 9d
aa c9 a9 a5 a9 a5 4b fd 83 1f 3f 78 d0 0a 23 6e f7 c8 41 a9 7f 14 9d aa c9 a9 a5 a9 a5 4b fd 83 1f 3f 78 d0 0a 46 6e f7 c8 41 a9 7f 14 9d aa c9 a9 a5 a9 a5 4b fd 83 1f 3f 78 d0 0a 46 6e f7 c8
41 a9 7f 14 9d aa c9 a9 a5 a9 a5 4b fd 83 1f 3f 78 d0 0a 23 6e f7 c8 41 a9 7f 14 9d aa c9 a9 a5 a9 a5 4b fd 83 1f 3f 78 d0 0a 23 6e f7 c8 41 a9 7f 14 9d aa c9 a9 a5 a9 a5 4b fd 83 1f 3f 78 d0
0a 23 6e f7 c8 41 a9 7f 14 9d aa c9 a9 a5 a9 a5 4b fd 83 1f 3f 78 d0 0a 46 6e f7 c8 41 a9 7f 14 9d aa c9 a9 a5 a9 a5 4b fd 83 1f 3f 78 d0 0a 46 6e f7 c8 41 a9 7f 14 9d aa c9 a9 a5 a9 a5 4b fd
83 1f 3f 78 d0 0a 23 6e f7 c8 41 a9 7f 14 9d aa c9 a9 a5 a9 a5 4b fd 83 1f 3f 78 d0 0a 46 6e f7 c8 41 a9 7f 14 9d aa c9 a9 a5 a9 a5 4b fd 83 1f 3f 78 d0 0a ff 23 6e f7 c8 41 a9 7f 14 9d aa c9
a9 a5 a9 a5 4b fd 83 1f 3f 78 d0 0a 46 6e f7 c8 41 a9 7f 14 9d aa c9 a9 a5 a9 a5 4b fd 83 1f 3f 78 d0 0a 46 6e f7 c8 41 a9 7f 14 9d aa c9 a9 a5 a9 a5 4b fd 83 1f 3f 78 d0 0a 23 6e f7 c8 41 a9
7f 14 9d aa c9 a9 a5 a9 a5 4b fd 83 1f 3f 78 d0 0a 46 6e f7 c8 41 a9 7f 14 9d aa c9 a9 a5 a9 a5 4b fd 83 1f 3f 78 d0 0a 23 6e f7 c8 41 a9 7f 14 9d aa c9 a9 a5 a9 a5 4b fd 83 1f 3f 78 d0 0a 23
6e f7 c8 41 a9 7f 14 9d aa c9 a9 a5 a9 a5 4b fd 83 1f 3f 78 d0 0a 23 6e f7 c8 41 a9 7f 14 9d aa c9 a9 a5 a9 a5 4b fd 83 1f 3f 78 d0 0a 23 6e f7 c8 41 a9 7f 14 9d aa c9 a9 a5 a9 a5 4b fd 83 1f
3f 78 d0 0a 46 6e f7 c8 41 a9 7f 14 9d aa c9 a9 a5 a9 a5 4b fd 83 1f 3f 78 d0 0a 23 6e f7 c8 41 a9 7f 14 9d aa c9 a9 a5 a9 a5 4b fd 83 1f 3f 78 d0 0a 46 6e f7 c8 41 a9 7f 14 9d aa c9 a9 a5 a9
a5 4b fd 83 1f 3f 78 d0 0a 46 6e f7 c8 41 a9 7f 14 9d aa c9 a9 a5 a9 a5 4b fd 83 1f 3f 78 d0 0a 23 6e f7 c8 41 a9 7f 14 9d aa c9 a9 a5 a9 a5 4b fd 83 1f 3f 78 d0 0a 46 6e f7 c8 41 a9 7f 14 9d
aa c9 a9 a5 a9 a5 4b fd 83 1f 3f 78 d0 0a 23 6e f7 c8 41 a9 7f 14 9d aa c9 a9 a5 a9 a5 4b fd 83 1f 3f 78 d0 0a 46 6e f7 c8 41 a9 7f 14 9d aa c9 a9 a5 a9 a5 4b fd 83 1f 3f 78 d0 0a 46 6e f7 c8
41 a9 7f 14 9d aa c9 a9 a5 a9 a5 4b fd 83 1f 3f 78 d0 0a 23 6e f7 c8 41 a9 7f 14 9d aa c9 a9 a5 a9 a5 4b fd 83 1f 3f 78 d0 0a 46 6e f7 c8 41 a9 7f 14 9d aa c9 a9 a5 a9 a5 4b fd 83 1f 3f 78 d0
0a 23 6e f7 c8 41 a9 7f 14 9d aa c9 a9 a5 a9 a5 4b fd 83 1f 3f 78 d0 0a 46 6e f7 c8 41 a9 7f 14 9d aa c9 a9 a5 a9 a5 4b fd 83 1f 3f 78 d0 0a 46 6e f7 c8 41 a9 7f 14 9d aa c9 a9 a5 a9 a5 4b fd
83 1f 3f 78 d0 0a 23 6e f7 c8 41 a9 7f 14 9d aa c9 a9 a5 a9 a5 4b fd 83 1f 3f 78 d0 0a 46 6e f7 c8 41 a9 7f 14 9d aa c9 a9 a5 a9 a5 4b fd 83 1f 3f 78 d0 0a 23 6e f7 c8 41 a9 7f 14 9d aa c9 a9
a5 a9 a5 4b fd 83 1f 3f 78 d0 0a 46 6e f7 c8 41 a9 7f 14 9d aa c9 a9 a5 a9 a5 4b fd 83 1f 3f 78 d0 0a 46 6e f7 c8 41 a9 7f 14 9d aa c9 a9 a5 a9 a5 4b fd 83 1f 3f 78 d0 0a ff 23 6e f7 c8 41 a9
7f 14 9d aa c9 a9 a5 a9 a5 4b fd 83 1f 3f 78 d0 0a 46 6e f7 c8 41 a9 7f 14 9d aa c9 a9 a5 a9 a5 4b fd 83 1f 3f 78 d0 0a 23 6e f7 c8 41 a9 7f 14 9d aa c9 a9 a5 a9 a5 4b fd 83 1f 3f 78 d0 0a 23
6e f7 c8 41 a9 7f 14 9d aa c9 a9 a5 a9 a5 4b fd 83 1f 3f 78 d0 0a 23 6e f7 c8 41 a9 7f 14 9d aa c9 a9 a5 a9 a5 4b fd 83 1f 3f 78 d0 0a 23 6e f7 c8 41 a9 7f 14 9d aa c9 a9 a5 a9 a5 4b fd 83 1f
3f 78 d0 0a 46 6e f7 c8 41 a9 7f 14 9d aa c9 a9 a5 a9 a5 4b fd 83 1f 3f 78 d0 0a 23 6e f7 c8 41 a9 7f 14 9d aa c9 a9 a5 a9 a5 4b fd 83 1f 3f 78 d0 0a ff 46 6e f7 c8 41 a9 7f 14 9d aa c9 a9 a5
a9 a5 4b fd 83 1f 3f 78 d0 0a 46 6e f7 c8 41 a9 7f 14 9d aa c9 a9 a5 a9 a5 4b fd 83 1f 3f 78 d0 0a 23 6e f7 c8 41 a9 7f 14 9d aa c9 a9 a5 a9 a5 4b fd 83 1f 3f 78 d0 0a 46 6e f7 c8 41 a9 7f 14
9d aa c9 a9 a5 a9 a5 4b fd 83 1f 3f 78 d0 0a 23 6e f7 c8 41 a9 7f 14 9d aa c9 a9 a5 a9 a5 4b fd 83 1f 3f 78 d0 0a 46 6e f7 c8 41 a9 7f 14 9d aa c9 a9 a5 a9 a5 4b fd 83 1f 3f 78 d0 0a 46 6e f7
c8 41 a9 7f 14 9d aa c9 a9 a5 a9 a5 4b fd 83 1f 3f 78 d0 0a 23 6e f7 c8 41 a9 7f 14 9d aa c9 a9 a5 a9 a5 4b fd 83 1f 3f 78 d0 0a 46 6e f7 c8 41 a9 7f 14 9d aa c9 a9 a5 a9 a5 4b fd 83 1f 3f 78
d0 0a 23 6e f7 c8 41 a9 7f 14 9d aa c9 a9 a5 a9 a5 4b fd 83 1f 3f 78 d0 0a 46 6e f7 c8 41 a9 7f 14 9d aa c9 a9 a5 a9 a5 4b fd 83 1f 3f 78 d0 0a ff 46 6e f7 c8 41 a9 7f 14 9d aa c9 a9 a5 a9 a5
4b fd 83 1f 3f 78 d0 0a 23 6e f7 c8 41 a9 7f 14 9d aa c9 a9 a5 a9 a5 4b fd 83 1f 3f 78 d0 0a 46 6e f7 c8 41 a9 7f 14 9d aa c9 a9 a5 a9 a5 4b fd 83 1f 3f 78 d0 0a 23 6e f7 c8 41 a9 7f 14 9d aa
c9 a9 a5 a9 a5 4b fd 83 1f 3f 78 d0 0a 46 6e f7 c8 41 a9 7f 14 9d aa c9 a9 a5 a9 a5 4b fd 83 1f 3f 78 d0 0a 46 6e f7 c8 41 a9 7f 14 9d aa c9 a9 a5 a9 a5 4b fd 83 1f 3f 78 d0 0a 23 6e f7 c8 41
a9 7f 14 9d aa c9 a9 a5 a9 a5 4b fd 83 1f 3f 78 d0 0a 46 6e f7 c8 41 a9 7f 14 9d aa c9 a9 a5 a9 a5 4b fd 83 1f 3f 78 d0 0a ff 23 6e f7 c8 41 a9 7f 14 9d aa c9 a9 a5 a9 a5 4b fd 83 1f 3f 78 d0
0a 23 6e f7 c8 41 a9 7f 14 9d aa c9 a9 a5 a9 a5 4b fd 83 1f 3f 78 d0 0a 23 6e f7 c8 41 a9 7f 14 9d aa c9 a9 a5 a9 a5 4b fd 83 1f 3f 78 d0 0a 23 6e f7 c8 41 a9 7f 14 9d aa c9 a9 a5 a9 a5 4b fd
83 1f 3f 78 d0 0a 46 6e f7 c8 41 a9 7f 14 9d aa c9 a9 a5 a9 a5 4b fd 83 1f 3f 78 d0 0a 23 6e f7 c8 41 a9 7f 14 9d aa c9 a9 a5 a9 a5 4b fd 83 1f 3f 78 d0 0a 46 6e f7 c8 41 a9 7f 14 9d aa c9 a9
a5 a9 a5 4b fd 83 1f 3f 78 d0 0a ff 46 6e f7 c8 41 a9 7f 14 9d aa c9 a9 a5 a9 a5 4b fd 83 1f 3f 78 d0 0a 23 6e f7 c8 41 a9 7f 14 9d aa c9 a9 a5 a9 a5 4b fd 83 1f 3f 78 d0 0a 46 6e f7 c8 41 a9
7f 14 9d aa c9 a9 a5 a9 a5 4b fd 83 1f 3f 78 d0 0a 23 6e f7 c8 41 a9 7f 14 9d aa c9 a9 a5 a9 a5 4b fd 83 1f 3f 78 d0 0a 46 6e f7 c8 41 a9 7f 14 9d aa c9 a9 a5 a9 a5 4b fd 83 1f 3f 78 d0 0a 46
6e f7 c8 41 a9 7f 14 9d aa c9 a9 a5 a9 a5 4b fd 83 1f 3f 78 d0 0a ff 23 6e f7 c8 41 a9 7f 14 9d aa c9 a9 a5 a9 a5 4b fd 83 1f 3f 78 d0 0a 46 6e f7 c8 41 a9 7f 14 9d aa c9 a9 a5 a9 a5 4b fd 83
1f 3f 78 d0 0a 23 6e f7 c8 41 a9 7f 14 9d aa c9 a9 a5 a9 a5 4b fd 83 1f 3f 78 d0 0a 46 6e f7 c8 41 a9 7f 14 9d aa c9 a9 a5 a9 a5 4b fd 83 1f 3f 78 d0 0a 46 6e f7 c8 41 a9 7f 14 9d aa c9 a9 a5
a9 a5 4b fd 83 1f 3f 78 d0 0a 23 6e f7 c8 41 a9 7f 14 9d aa c9 a9 a5 a9 a5 4b fd 83 1f 3f 78 d0 0a 46 6e f7 c8 41 a9 7f 14 9d aa c9 a9 a5 a9 a5 4b fd 83 1f 3f 78 d0 0a 23 6e f7 c8 41 a9 7f 14
9d aa c9 a9 a5 a9 a5 4b fd 83 1f 3f 78 d0 0a 46 6e f7 c8 41 a9 7f 14 9d aa c9 a9 a5 a9 a5 4b fd 83 1f 3f 78 d0 0a 46 6e f7 c8 41 a9 7f 14 9d aa c9 a9 a5 a9 a5 4b fd 83 1f 3f 78 d0 0a 23 6e f7
c8 41 a9 7f 14 9d aa c9 a9 a5 a9 a5 4b fd 83 1f 3f 78 d0 0a 46 6e f7 c8 41 a9 7f 14 9d aa c9 a9 a5 a9 a5 4b fd 83 1f 3f 78 d0 0a 23 6e f7 c8 41 a9 7f 14 9d aa c9 a9 a5 a9 a5 4b fd 83 1f 3f 78
d0 0a 46 6e f7 c8 41 a9 7f 14 9d aa c9 a9 a5 a9 a5 4b fd 83 1f 3f 78 d0 0a ff 23 6e f7 c8 41 a9 7f 14 9d aa c9 a9 a5 a9 a5 4b fd 83 1f 3f 78 d0 0a 23 6e f7 c8 41 a9 7f 14 9d aa c9 a9 a5 a9 a5
4b fd 83 1f 3f 78 d0 0a 46 6e f7 c8 41 a9 7f 14 9d aa c9 a9 a5 a9 a5 4b fd 83 1f 3f 78 d0 0a 23 6e f7 c8 41 a9 7f 14 9d aa c9 a9 a5 a9 a5 4b fd 83 1f 3f 78 d0 0a 46 6e f7 c8 41 a9 7f 14 9d aa
c9 a9 a5 a9 a5 4b fd 83 1f 3f 78 d0 0a 46 6e f7 c8 41 a9 7f 14 9d aa c9 a9 a5 a9 a5 4b fd 83 1f 3f 78 d0 0a 23 6e f7 c8 41 a9 7f 14 9d aa c9 a9 a5 a9 a5 4b fd 83 1f 3f 78 d0 0a 46 6e f7 c8 41
a9 7f 14 9d aa c9 a9 a5 a9 a5 4b fd 83 1f 3f 78 d0 0a 23 6e f7 c8 41 a9 7f 14 9d aa c9 a9 a5 a9 a5 4b fd 83 1f 3f 78 d0 0a 46 6e f7 c8 41 a9 7f 14 9d aa c9 a9 a5 a9 a5 4b fd 83 1f 3f 78 d0 0a
46 6e f7 c8 41 a9 7f 14 9d aa c9 a9 a5 a9 a5 4b fd 83 1f 3f 78 d0 0a 23 6e f7 c8 41 a9 7f 14 9d aa c9 a9 a5 a9 a5 4b fd 83 1f 3f 78 d0 0a 23 6e f7 c8 41 a9 7f 14 9d aa c9 a9 a5 a9 a5 4b fd 83
1f 3f 78 d0 0a 23 6e f7 c8 41 a9 7f 14 9d aa c9 a9 a5 a9 a5 4b fd 83 1f 3f 78 d0 0a 46 6e f7 c8 41 a9 7f 14 9d aa c9 a9 a5 a9 a5 4b fd 83 1f 3f 78 d0 0a 46 6e f7 c8 41 a9 7f 14 9d aa c9 a9 a5
a9 a5 4b fd 83 1f 3f 78 d0 0a 23 6e f7 c8 41 a9 7f 14 9d aa c9 a9 a5 a9 a5 4b fd 83 1f 3f 78 d0 0a 46 6e f7 c8 41 a9 7f 14 9d aa c9 a9 a5 a9 a5 4b fd 83 1f 3f 78 d0 0a 23 6e f7 c8 41 a9 7f 14
9d aa c9 a9 a5 a9 a5 4b fd 83 1f 3f 78 d0 0a 46 6e f7 c8 41 a9 7f 14 9d aa c9 a9 a5 a9 a5 4b fd 83 1f 3f 78 d0 0a 46 6e f7 c8 41 a9 7f 14 9d aa c9 a9 a5 a9 a5 4b fd 83 1f 3f 78 d0 0a 23 6e f7
c8 41 a9 7f 14 9d aa c9 a9 a5 a9 a5 4b fd 83 1f 3f 78 d0 0a 46 6e f7 c8 41 a9 7f 14 9d aa c9 a9 a5 a9 a5 4b fd 83 1f 3f 78 d0 0a 23 6e f7 c8 41 a9 7f 14 9d aa c9 a9 a5 a9 a5 4b fd 83 1f 3f 78
d0 0a 46 6e f7 c8 41 a9 7f 14 9d aa c9 a9 a5 a9 a5 4b fd 83 1f 3f 78 d0 0a 46 6e f7 c8 41 a9 7f 14 9d aa c9 a9 a5 a9 a5 4b fd 83 1f 3f 78 d0 0a 23 6e f7 c8 41 a9 7f 14 9d aa c9 a9 a5 a9 a5 4b
fd 83 1f 3f 78 d0 0a 46 6e f7 c8 41 a9 7f 14 9d aa c9 a9 a5 a9 a5 4b fd 83 1f 3f 78 d0 0a 23 6e f7 c8 41 a9 7f 14 9d aa c9 a9 a5 a9 a5 4b fd 83 1f 3f 78 d0 0a 46 6e f7 c8 41 a9 7f 14 9d aa c9
a9 a5 a9 a5 4b fd 83 1f 3f 78 d0 0a 46 6e f7 c8 41 a9 7f 14 9d aa c9 a9 a5 a9 a5 4b fd 83 1f 3f 78 d0 0a 23 6e f7 c8 41 a9 7f 14 9d aa c9 a9 a5 a9 a5 4b fd 83 1f 3f 78 d0 0a 46 6e f7 c8 41 a9
7f 14 9d aa c9 a9 a5 a9 a5 4b fd 83 1f 3f 78 d0 0a 23 6e f7 c8 41 a9 7f 14 9d aa c9 a9 a5 a9 a5 4b fd 83 1f 3f 78 d0 0a 46 6e f7 c8 41 a9 7f 14 9d aa c9 a9 a5 a9 a5 4b fd 83 1f 3f 78 d0 0a 46
6e f7 c8 41 a9 7f 14 9d aa c9 a9 a5 a9 a5 4b fd 83 1f 3f 78 d0 0a 23 6e f7 c8 41 a9 7f 14 9d aa c9 a9 a5 a9 a5 4b fd 83 1f 3f 78 d0 0a 23 6e f7 c8 41 a9 7f 14 9d aa c9 a9 a5 a9 a5 4b fd 83 1f
3f 78 d0 0a 23 6e f7 c8 41 a9 7f 14 9d aa c9 a9 a5 a9 a5 4b fd 83 1f 3f 78 d0 0a ff 46 6e f7 c8 41 a9 7f 14 9d aa c9 a9 a5 a9 a5 4b fd 83 1f 3f 78 d0 0a 46 6e f7 c8 41 a9 7f 14 9d aa c9 a9 a5
a9 a5 4b fd 83 1f 3f 78 d0 0a 23 6e f7 c8 41 a9 7f 14 9d aa c9 a9 a5 a9 a5 4b fd 83 1f 3f 78 d0 0a 46 6e f7 c8 41 a9 7f 14 9d aa c9 a9 a5 a9 a5 4b fd 83 1f 3f 78 d0 0a 23 6e f7 c8 41 a9 7f 14
9d aa c9 a9 a5 a9 a5 4b fd 83 1f 3f 78 d0 0a ff 46 6e f7 c8 41 a9 7f 14 9d aa c9 a9 a5 a9 a5 4b fd 83 1f 3f 78 d0 0a 46 6e f7 c8 41 a9 7f 14 9d aa c9 a9 a5 a9 a5 4b fd 83 1f 3f 78 d0 0a 23 6e
f7 c8 41 a9 7f 14 9d aa c9 a9 a5 a9 a5 4b fd 83 1f 3f 78 d0 0a 46 6e f7 c8 41 a9 7f 14 9d aa c9 a9 a5 a9 a5 4b fd 83 1f 3f 78 d0 0a 23 6e f7 c8 41 a9 7f 14 9d aa c9 a9 a5 a9 a5 4b fd 83 1f 3f
78 d0 0a 27 6e f7 c8 41 a9 7f 14 9d aa c9 a9 a5 a9 a5 4b fd 83 1f 3f 78 d0 0a 23 6e f7 c8 41 a9 7f 14 9d aa c9 a9 a5 a9 a5 4b fd 83 1f 3f 78 d0 0a 23 6e f7 c8 41 a9 7f 14 9d aa c9 a9 a5 a9 a5
4b fd 83 1f 3f 78 d0 0a 46 6e f7 c8 41 a9 7f 14 9d aa c9 a9 a5 a9 a5 4b fd 83 1f 3f 78 d0 0a 23 6e f7 c8 41 a9 7f 14 9d aa c9 a9 a5 a9 a5 4b fd 83 1f 3f 78 d0 0a ff 46 6e f7 c8 41 a9 7f 14 9d
aa c9 a9 a5 a9 a5 4b fd 83 1f 3f 78 d0 0a 46 6e f7 c8 41 a9 7f 14 9d aa c9 a9 a5 a9 a5 4b fd 83 1f 3f 78 d0 0a 23 6e f7 c8 41 a9 7f 14 9d aa c9 a9 a5 a9 a5 4b fd 83 1f 3f 78 d0 0a 46 6e f7 c8
41 a9 7f 14 9d aa c9 a9 a5 a9 a5 4b fd 83 1f 3f 78 d0 0a 23 6e f7 c8 41 a9 7f 14 9d aa c9 a9 a5 a9 a5 4b fd 83 1f 3f 78 d0 0a 46 6e f7 c8 41 a9 7f 14 9d aa c9 a9 a5 a9 a5 4b fd 83 1f 3f 78 d0
0a 46 6e f7 c8 41 a9 7f 14 9d aa c9 a9 a5 a9 a5 4b fd 83 1f 3f 78 d0 0a 23 6e f7 c8 41 a9 7f 14 9d aa c9 a9 a5 a9 a5 4b fd 83 1f 3f 78 d0 0a ff 23 6e f7 c8 41 a9 7f 14 9d aa c9 a9 a5 a9 a5 4b
fd 83 1f 3f 78 d0 0a 23 6e f7 c8 41 a9 7f 14 9d aa c9 a9 a5 a9 a5 4b fd 83 1f 3f 78 d0 0a 46 6e f7 c8 41 a9 7f 14 9d aa c9 a9 a5 a9 a5 4b fd 83 1f 3f 78 d0 0a 46 6e f7 c8 41 a9 7f 14 9d aa c9
a9 a5 a9 a5 4b fd 83 1f 3f 78 d0 0a 23 6e f7 c8 41 a9 7f 14 9d aa c9 a9 a5 a9 a5 4b fd 83 1f 3f 78 d0 0a 46 6e f7 c8 41 a9 7f 14 9d aa c9 a9 a5 a9 a5 4b fd 83 1f 3f 78 d0 0a 23 6e f7 c8 41 a9
7f 14 9d aa c9 a9 a5 a9 a5 4b fd 83 1f 3f 78 d0 0a 46 6e f7 c8 41 a9 7f 14 9d aa c9 a9 a5 a9 a5 4b fd 83 1f 3f 78 d0 0a 46 6e f7 c8 41 a9 7f 14 9d aa c9 a9 a5 a9 a5 4b fd 83 1f 3f 78 d0 0a 23
6e f7 c8 41 a9 7f 14 9d aa c9 a9 a5 a9 a5 4b fd 83 1f 3f 78 d0 0a 46 6e f7 c8 41 a9 7f 14 9d aa c9 a9 a5 a9 a5 4b fd 83 1f 3f 78 d0 0a 23 6e f7 c8 41 a9 7f 14 9d aa c9 a9 a5 a9 a5 4b fd 83 1f
3f 78 d0 0a 23 6e f7 c8 41 a9 7f 14 9d aa c9 a9 a5 a9 a5 4b fd 83 1f 3f 78 d0 0a 23 6e f7 c8 41 a9 7f 14 9d aa c9 a9 a5 a9 a5 4b fd 83 1f 3f 78 d0 0a 23 6e f7 c8 41 a9 7f 14 9d aa c9 a9 a5 a9
a5 4b fd 83 1f 3f 78 d0 0a 46 6e f7 c8 41 a9 7f 14 9d aa c9 a9 a5 a9 a5 4b fd 83 1f 3f 78 d0 0a 23 6e f7 c8 41 a9 7f 14 9d aa c9 a9 a5 a9 a5 4b fd 83 1f 3f 78 d0 0a 46 6e f7 c8 41 a9 7f 14 9d
aa c9 a9 a5 a9 a5 4b fd 83 1f 3f 78 d0 0a 46 6e f7 c8 41 a9 7f 14 9d aa c9 a9 a5 a9 a5 4b fd 83 1f 3f 78 d0 0a 23 6e f7 c8 41 a9 7f 14 9d aa c9 a9 a5 a9 a5 4b fd 83 1f 3f 78 d0 0a 46 6e f7 c8
41 a9 7f 14 9d aa c9 a9 a5 a9 a5 4b fd 83 1f 3f 78 d0 0a 23 6e f7 c8 41 a9 7f 14 9d aa c9 a9 a5 a9 a5 4b fd 83 1f 3f 78 d0 0a 46 6e f7 c8 41 a9 7f 14 9d aa c9 a9 a5 a9 a5 4b fd 83 1f 3f 78 d0
0a 46 6e f7 c8 41 a9 7f 14 9d aa c9 a9 a5 a9 a5 4b fd 83 1f 3f 78 d0 0a 23 6e f7 c8 41 a9 7f 14 9d aa c9 a9 a5 a9 a5 4b fd 83 1f 3f 78 d0 0a 22 6e f7 c8 41 a9 7f 14 9d aa c9 a9 a5 a9 a5 4b fd
83 1f 3f 78 d0 0a 23 6e f7 c8 41 a9 7f 14 9d aa c9 a9 a5 a9 a5 4b fd 83 1f 3f 78 d0 0a 46 6e f7 c8 41 a9 7f 14 9d aa c9 a9 a5 a9 a5 4b fd 83 1f 3f 78 d0 0a 46 6e f7 c8 41 a9 7f 14 9d aa c9 a9
a5 a9 a5 4b fd 83 1f 3f 78 d0 0a 23 6e f7 c8 41 a9 7f 14 9d aa c9 a9 a5 a9 a5 4b fd 83 1f 3f 78 d0 0a 46 6e f7 c8 41 a9 7f 14 9d aa c9 a9 a5 a9 a5 4b fd 83 1f 3f 78 d0 0a 23 6e f7 c8 41 a9 7f
14 9d aa c9 a9 a5 a9 a5 4b fd 83 1f 3f 78 d0 0a 46 6e f7 c8 41 a9 7f 14 9d aa c9 a9 a5 a9 a5 4b fd 83 1f 3f 78 d0 0a 46 6e f7 c8 41 a9 7f 14 9d aa c9 a9 a5 a9 a5 4b fd 83 1f 3f 78 d0 0a 23 6e
f7 c8 41 a9 7f 14 9d aa c9 a9 a5 a9 a5 4b fd 83 1f 3f 78 d0 0a 46 6e f7 c8 41 a9 7f 14 9d aa c9 a9 a5 a9 a5 4b fd 83 1f 3f 78 d0 0a ff 23 6e f7 c8 41 a9 7f 14 9d aa c9 a9 a5 a9 a5 4b fd 83 1f
3f 78 d0 0a 23 6e f7 c8 41 a9 7f 14 9d aa c9 a9 a5 a9 a5 4b fd 83 1f 3f 78 d0 0a 23 6e f7 c8 41 a9 7f 14 9d aa c9 a9 a5 a9 a5 4b fd 83 1f 3f 78 d0 0a 23 6e f7 c8 41 a9 7f 14 9d aa c9 a9 a5 a9
a5 4b fd 83 1f 3f 78 d0 0a 46 6e f7 c8 41 a9 7f 14 9d aa c9 a9 a5 a9 a5 4b fd 83 1f 3f 78 d0 0a 23 6e f7 c8 41 a9 7f 14 9d aa c9 a9 a5 a9 a5 4b fd 83 1f 3f 78 d0 0a 46 6e f7 c8 41 a9 7f 14 9d
aa c9 a9 a5 a9 a5 4b fd 83 1f 3f 78 d0 0a 46 6e f7 c8 41 a9 7f 14 9d aa c9 a9 a5 a9 a5 4b fd 83 1f 3f 78 d0 0a 23 6e f7 c8 41 a9 7f 14 9d aa c9 a9 a5 a9 a5 4b fd 83 1f 3f 78 d0 0a 46 6e f7 c8
41 a9 7f 14 9d aa c9 a9 a5 a9 a5 4b fd 83 1f 3f 78 d0 0a 23 6e f7 c8 41 a9 7f 14 9d aa c9 a9 a5 a9 a5 4b fd 83 1f 3f 78 d0 0a 46 6e f7 c8 41 a9 7f 14 9d aa c9 a9 a5 a9 a5 4b fd 83 1f 3f 78 d0
0a 46 6e f7 c8 41 a9 7f 14 9d aa c9 a9 a5 a9 a5 4b fd 83 1f 3f 78 d0 0a 23 6e f7 c8 41 a9 7f 14 9d aa c9 a9 a5 a9 a5 4b fd 83 1f 3f 78 d0 0a 46 6e f7 c8 41 a9 7f 14 9d aa c9 a9 a5 a9 a5 4b fd
83 1f 3f 78 d0 0a 23 6e f7 c8 41 a9 7f 14 9d aa c9 a9 a5 a9 a5 4b fd 83 1f 3f 78 d0 0a 46 6e f7 c8 41 a9 7f 14 9d aa c9 a9 a5 a9 a5 4b fd 83 1f 3f 78 d0 0a 46 6e f7 c8 41 a9 7f 14 9d aa c9 a9
a5 a9 a5 4b fd 83 1f 3f 78 d0 0a 23 6e f7 c8 41 a9 7f 14 9d aa c9 a9 a5 a9 a5 4b fd 83 1f 3f 78 d0 0a 46 6e f7 c8 41 a9 7f 14 9d aa c9 a9 a5 a9 a5 4b fd 83 1f 3f 78 d0 0a 23 6e f7 c8 41 a9 7f
14 9d aa c9 a9 a5 a9 a5 4b fd 83 1f 3f 78 d0 0a 46 6e f7 c8 41 a9 7f 14 9d aa c9 a9 a5 a9 a5 4b fd 83 1f 3f 78 d0 0a 46 6e f7 c8 41 a9 7f 14 9d aa c9 a9 a5 a9 a5 4b fd 83 1f 3f 78 d0 0a 23 6e
f7 c8 41 a9 7f 14 9d aa c9 a9 a5 a9 a5 4b fd 83 1f 3f 78 d0 0a 46 6e f7 c8 41 a9 7f 14 9d aa c9 a9 a5 a9 a5 4b fd 83 1f 3f 78 d0 0a 23 6e f7 c8 41 a9 7f 14 9d aa c9 a9 a5 a9 a5 4b fd 83 1f 3f
78 d0 0a 23 6e f7 c8 41 a9 7f 14 9d aa c9 a9 a5 a9 a5 4b fd 83 1f 3f 78 d0 0a 23 6e f7 c8 41 a9 7f 14 9d aa c9 a9 a5 a9 a5 4b fd 83 1f 3f 78 d0 0a ff 23 6e f7 c8 41 a9 7f 14 9d aa c9 a9 a5 a9
a5 4b fd 83 1f 3f 78 d0 0a 46 6e f7 c8 41 a9 7f 14 9d aa c9 a9 a5 a9 a5 4b fd 83 1f 3f 78 d0 0a 23 6e f7 c8 41 a9 7f 14 9d aa c9 a9 a5 a9 a5 4b fd 83 1f 3f 78 d0 0a 46 6e f7 c8 41 a9 7f 14 9d
aa c9 a9 a5 a9 a5 4b fd 83 1f 3f 78 d0 0a 46 6e f7 c8 41 a9 7f 14 9d aa c9 a9 a5 a9 a5 4b fd 83 1f 3f 78 d0 0a 23 6e f7 c8 41 a9 7f 14 9d aa c9 a9 a5 a9 a5 4b fd 83 1f 3f 78 d0 0a 46 6e f7 c8
41 a9 7f 14 9d aa c9 a9 a5 a9 a5 4b fd 83 1f 3f 78 d0 0a 23 6e f7 c8 41 a9 7f 14 9d aa c9 a9 a5 a9 a5 4b fd 83 1f 3f 78 d0 0a 46 6e f7 c8 41 a9 7f 14 9d aa c9 a9 a5 a9 a5 4b fd 83 1f 3f 78 d0
0a 46 6e f7 c8 41 a9 7f 14 9d aa c9 a9 a5 a9 a5 4b fd 83 1f 3f 78 d0 0a 23 6e f7 c8 41 a9 7f 14 9d aa c9 a9 a5 a9 a5 4b fd 83 1f 3f 78 d0 0a 46 6e f7 c8 41 a9 7f 14 9d aa c9 a9 a5 a9 a5 4b fd
83 1f 3f 78 d0 0a 23 6e f7 c8 41 a9 7f 14 9d aa c9 a9 a5 a9 a5 4b fd 83 1f 3f 78 d0 0a ff 46 6e f7 c8 41 a9 7f 14 9d aa c9 a9 a5 a9 a5 4b fd 83 1f 3f 78 d0 0a 46 6e f7 c8 41 a9 7f 14 9d aa c9
a9 a5 a9 a5 4b fd 83 1f 3f 78 d0 0a ff 23 6e f7 c8 41 a9 7f 14 9d aa c9 a9 a5 a9 a5 4b fd 83 1f 3f 78 d0 0a 46 6e f7 c8 41 a9 7f 14 9d aa c9 a9 a5 a9 a5 4b fd 83 1f 3f 78 d0 0a ff 23 6e f7 c8
41 a9 7f 14 9d aa c9 a9 a5 a9 a5 4b fd 83 1f 3f 78 d0 0a 46 6e f7 c8 41 a9 7f 14 9d aa c9 a9 a5 a9 a5 4b fd 83 1f 3f 78 d0 0a 46 6e f7 c8 41 a9 7f 14 9d aa c9 a9 a5 a9 a5 4b fd 83 1f 3f 78 d0
0a 23 6e f7 c8 41 a9 7f 14 9d aa c9 a9 a5 a9 a5 4b fd 83 1f 3f 78 d0 0a 46 6e f7 c8 41 a9 7f 14 9d aa c9 a9 a5 a9 a5 4b fd 83 1f 3f 78 d0 0a 23 6e f7 c8 41 a9 7f 14 9d aa c9 a9 a5 a9 a5 4b fd
83 1f 3f 78 d0 0a 46 6e f7 c8 41 a9 7f 14 9d aa c9 a9 a5 a9 a5 4b fd 83 1f 3f 78 d0 0a ff 46 6e f7 c8 41 a9 7f 14 9d aa c9 a9 a5 a9 a5 4b fd 83 1f 3f 78 d0 0a 23 6e f7 c8 41 a9 7f 14 9d aa c9
a9 a5 a9 a5 4b fd 83 1f 3f 78 d0 0a 46 6e f7 c8 41 a9 7f 14 9d aa c9 a9 a5 a9 a5 4b fd 83 1f 3f 78 d0 0a 23 6e f7 c8 41 a9 7f 14 9d aa c9 a9 a5 a9 a5 4b fd 83 1f 3f 78 d0 0a 46 6e f7 c8 41 a9
7f 14 9d aa c9 a9 a5 a9 a5 4b fd 83 1f 3f 78 d0 0a 46 6e f7 c8 41 a9 7f 14 9d aa c9 a9 a5 a9 a5 4b fd 83 1f 3f 78 d0 0a 23 6e f7 c8 41 a9 7f 14 9d aa c9 a9 a5 a9 a5 4b fd 83 1f 3f 78 d0 0a 46
6e f7 c8 41 a9 7f 14 9d aa c9 a9 a5 a9 a5 4b fd 83 1f 3f 78 d0 0a 23 6e f7 c8 41 a9 7f 14 9d aa c9 a9 a5 a9 a5 4b fd 83 1f 3f 78 d0 0a ff 46 6e f7 c8 41 a9 7f 14 9d aa c9 a9 a5 a9 a5 4b fd 83
1f 3f 78 d0 0a 46 6e f7 c8 41 a9 7f 14 9d aa c9 a9 a5 a9 a5 4b fd 83 1f 3f 78 d0 0a 23 6e f7 c8 41 a9 7f 14 9d aa c9 a9 a5 a9 a5 4b fd 83 1f 3f 78 d0 0a 23 6e f7 c8 41 a9 7f 14 9d aa c9 a9 a5
a9 a5 4b fd 83 1f 3f 78 d0 0a 23 6e f7 c8 41 a9 7f 14 9d aa c9 a9 a5 a9 a5 4b fd 83 1f 3f 78 d0 0a 46 6e f7 c8 41 a9 7f 14 9d aa c9 a9 a5 a9 a5 4b fd 83 1f 3f 78 d0 0a ff 46 6e f7 c8 41 a9 7f
14 9d aa c9 a9 a5 a9 a5 4b fd 83 1f 3f 78 d0 0a 23 6e f7 c8 41 a9 7f 14 9d aa c9 a9 a5 a9 a5 4b fd 83 1f 3f 78 d0 0a 46 6e f7 c8 41 a9 7f 14 9d aa c9 a9 a5 a9 a5 4b fd 83 1f 3f 78 d0 0a 23 6e
f7 c8 41 a9 7f 14 9d aa c9 a9 a5 a9 a5 4b fd 83 1f 3f 78 d0 0a ff 46 6e f7 c8 41 a9 7f 14 9d aa c9 a9 a5 a9 a5 4b fd 83 1f 3f 78 d0 0a 46 6e f7 c8 41 a9 7f 14 9d aa c9 a9 a5 a9 a5 4b fd 83 1f
3f 78 d0 0a 23 6e f7 c8 41 a9 7f 14 9d aa c9 a9 a5 a9 a5 4b fd 83 1f 3f 78 d0 0a 46 6e f7 c8 41 a9 7f 14 9d aa c9 a9 a5 a9 a5 4b fd 83 1f 3f 78 d0 0a 23 6e f7 c8 41 a9 7f 14 9d aa c9 a9 a5 a9
a5 4b fd 83 1f 3f 78 d0 0a 46 6e f7 c8 41 a9 7f 14 9d aa c9 a9 a5 a9 a5 4b fd 83 1f 3f 78 d0 0a ff 46 6e f7 c8 41 a9 7f 14 9d aa c9 a9 a5 a9 a5 4b fd 83 1f 3f 78 d0 0a ff 23 6e f7 c8 41 a9 7f
14 9d aa c9 a9 a5 a9 a5 4b fd 83 1f 3f 78 d0 0a 46 6e f7 c8 41 a9 7f 14 9d aa c9 a9 a5 a9 a5 4b fd 83 1f 3f 78 d0 0a 23 6e f7 c8 41 a9 7f 14 9d aa c9 a9 a5 a9 a5 4b fd 83 1f 3f 78 d0 0a ff 46
6e f7 c8 41 a9 7f 14 9d aa c9 a9 a5 a9 a5 4b fd 83 1f 3f 78 d0 0a 46 6e f7 c8 41 a9 7f 14 9d aa c9 a9 a5 a9 a5 4b fd 83 1f 3f 78 d0 0a 23 6e f7 c8 41 a9 7f 14 9d aa c9 a9 a5 a9 a5 4b fd 83 1f
3f 78 d0 0a 46 6e f7 c8 41 a9 7f 14 9d aa c9 a9 a5 a9 a5 4b fd 83 1f 3f 78 d0 0a 23 6e f7 c8 41 a9 7f 14 9d aa c9 a9 a5 a9 a5 4b fd 83 1f 3f 78 d0 0a 46 6e f7 c8 41 a9 7f 14 9d aa c9 a9 a5 a9
a5 4b fd 83 1f 3f 78 d0 0a 46 6e f7 c8 41 a9 7f 14 9d aa c9 a9 a5 a9 a5 4b fd 83 1f 3f 78 d0 0a 23 6e f7 c8 41 a9 7f 14 9d aa c9 a9 a5 a9 a5 4b fd 83 1f 3f 78 d0 0a ff 23 6e f7 c8 41 a9 7f 14
9d aa c9 a9 a5 a9 a5 4b fd 83 1f 3f 78 d0 0a 23 6e f7 c8 41 a9 7f 14 9d aa c9 a9 a5 a9 a5 4b fd 83 1f 3f 78 d0 0a 46 6e f7 c8 41 a9 7f 14 9d aa c9 a9 a5 a9 a5 4b fd 83 1f 3f 78 d0 0a ff 46 6e
f7 c8 41 a9 7f 14 9d aa c9 a9 a5 a9 a5 4b fd 83 1f 3f 78 d0 0a 23 6e f7 c8 41 a9 7f 14 9d aa c9 a9 a5 a9 a5 4b fd 83 1f 3f 78 d0 0a 46 6e f7 c8 41 a9 7f 14 9d aa c9 a9 a5 a9 a5 4b fd 83 1f 3f
78 d0 0a ff 23 6e f7 c8 41 a9 7f 14 9d aa c9 a9 a5 a9 a5 4b fd 83 1f 3f 78 d0 0a 46 6e f7 c8 41 a9 7f 14 9d aa c9 a9 a5 a9 a5 4b fd 83 1f 3f 78 d0 0a 46 6e f7 c8 41 a9 7f 14 9d aa c9 a9 a5 a9
a5 4b fd 83 1f 3f 78 d0 0a 23 6e f7 c8 41 a9 7f 14 9d aa c9 a9 a5 a9 a5 4b fd 83 1f 3f 78 d0 0a 46 6e f7 c8 41 a9 7f 14 9d aa c9 a9 a5 a9 a5 4b fd 83 1f 3f 78 d0 0a ff 23 6e f7 c8 41 a9 7f 14
9d aa c9 a9 a5 a9 a5 4b fd 83 1f 3f 78 d0 0a 23 6e f7 c8 41 a9 7f 14 9d aa c9 a9 a5 a9 a5 4b fd 83 1f 3f 78 d0 0a 23 6e f7 c8 41 a9 7f 14 9d aa c9 a9 a5 a9 a5 4b fd 83 1f 3f 78 d0 0a 23 6e f7
c8 41 a9 7f 14 9d aa c9 a9 a5 a9 a5 4b fd 83 1f 3f 78 d0 0a 46 6e f7 c8 41 a9 7f 14 9d aa c9 a9 a5 a9 a5 4b fd 83 1f 3f 78 d0 0a ff 23 6e f7 c8 41 a9 7f 14 9d aa c9 a9 a5 a9 a5 4b fd 83 1f 3f
78 d0 0a 46 6e f7 c8 41 a9 7f 14 9d aa c9 a9 a5 a9 a5 4b fd 83 1f 3f 78 d0 0a 46 6e f7 c8 41 a9 7f 14 9d aa c9 a9 a5 a9 a5 4b fd 83 1f 3f 78 d0 0a ff 23 6e f7 c8 41 a9 7f 14 9d aa c9 a9 a5 a9
a5 4b fd 83 1f 3f 78 d0 0a 46 6e f7 c8 41 a9 7f 14 9d aa c9 a9 a5 a9 a5 4b fd 83 1f 3f 78 d0 0a 23 6e f7 c8 41 a9 7f 14 9d aa c9 a9 a5 a9 a5 4b fd 83 1f 3f 78 d0 0a 46 6e f7 c8 41 a9 7f 14 9d
aa c9 a9 a5 a9 a5 4b fd 83 1f 3f 78 d0 0a 46 6e f7 c8 41 a9 7f 14 9d aa c9 a9 a5 a9 a5 4b fd 83 1f 3f 78 d0 0a 23 6e f7 c8 41 a9 7f 14 9d aa c9 a9 a5 a9 a5 4b fd 83 1f 3f 78 d0 0a 46 6e f7 c8
41 a9 7f 14 9d aa c9 a9 a5 a9 a5 4b fd 83 1f 3f 78 d0 0a ff 23 6e f7 c8 41 a9 7f 14 9d aa c9 a9 a5 a9 a5 4b fd 83 1f 3f 78 d0 0a 46 6e f7 c8 41 a9 7f 14 9d aa c9 a9 a5 a9 a5 4b fd 83 1f 3f 78
d0 0a 46 6e f7 c8 41 a9 7f 14 9d aa c9 a9 a5 a9 a5 4b fd 83 1f 3f 78 d0 0a 23 6e f7 c8 41 a9 7f 14 9d aa c9 a9 a5 a9 a5 4b fd 83 1f 3f 78 d0 0a 46 6e f7 c8 41 a9 7f 14 9d aa c9 a9 a5 a9 a5 4b
fd 83 1f 3f 78 d0 0a 23 6e f7 c8 41 a9 7f 14 9d aa c9 a9 a5 a9 a5 4b fd 83 1f 3f 78 d0 0a 46 6e f7 c8 41 a9 7f 14 9d aa c9 a9 a5 a9 a5 4b fd 83 1f 3f 78 d0 0a 46 6e f7 c8 41 a9 7f 14 9d aa c9
a9 a5 a9 a5 4b fd 83 1f 3f 78 d0 0a 23 6e f7 c8 41 a9 7f 14 9d aa c9 a9 a5 a9 a5 4b fd 83 1f 3f 78 d0 0a 46 6e f7 c8 41 a9 7f 14 9d aa c9 a9 a5 a9 a5 4b fd 83 1f 3f 78 d0 0a ff 23 6e f7 c8 41
a9 7f 14 9d aa c9 a9 a5 a9 a5 4b fd 83 1f 3f 78 d0 0a 46 6e f7 c8 41 a9 7f 14 9d aa c9 a9 a5 a9 a5 4b fd 83 1f 3f 78 d0 0a 23 6e f7 c8 41 a9 7f 14 9d aa c9 a9 a5 a9 a5 4b fd 83 1f 3f 78 d0 0a
23 6e f7 c8 41 a9 7f 14 9d aa c9 a9 a5 a9 a5 4b fd 83 1f 3f 78 d0 0a 46 6e f7 c8 41 a9 7f 14 9d aa c9 a9 a5 a9 a5 4b fd 83 1f 3f 78 d0 0a ff 23 6e f7 c8 41 a9 7f 14 9d aa c9 a9 a5 a9 a5 4b fd
83 1f 3f 78 d0 0a 46 6e f7 c8 41 a9 7f 14 9d aa c9 a9 a5 a9 a5 4b fd 83 1f 3f 78 d0 0a 46 6e f7 c8 41 a9 7f 14 9d aa c9 a9 a5 a9 a5 4b fd 83 1f 3f 78 d0 0a ff 23 6e f7 c8 41 a9 7f 14 9d aa c9
a9 a5 a9 a5 4b fd 83 1f 3f 78 d0 0a 46 6e f7 c8 41 a9 7f 14 9d aa c9 a9 a5 a9 a5 4b fd 83 1f 3f 78 d0 0a 23 6e f7 c8 41 a9 7f 14 9d aa c9 a9 a5 a9 a5 4b fd 83 1f 3f 78 d0 0a 46 6e f7 c8 41 a9
7f 14 9d aa c9 a9 a5 a9 a5 4b fd 83 1f 3f 78 d0 0a 46 6e f7 c8 41 a9 7f 14 9d aa c9 a9 a5 a9 a5 4b fd 83 1f 3f 78 d0 0a 23 6e f7 c8 41 a9 7f 14 9d aa c9 a9 a5 a9 a5 4b fd 83 1f 3f 78 d0 0a 23
6e f7 c8 41 a9 7f 14 9d aa c9 a9 a5 a9 a5 4b fd 83 1f 3f 78 d0 0a 23 6e f7 c8 41 a9 7f 14 9d aa c9 a9 a5 a9 a5 4b fd 83 1f 3f 78 d0 0a 46 6e f7 c8 41 a9 7f 14 9d aa c9 a9 a5 a9 a5 4b fd 83 1f
3f 78 d0 0a ff 46 6e f7 c8 41 a9 7f 14 9d aa c9 a9 a5 a9 a5 4b fd 83 1f 3f 78 d0 0a 23 6e f7 c8 41 a9 7f 14 9d aa c9 a9 a5 a9 a5 4b fd 83 1f 3f 78 d0 0a 46 6e f7 c8 41 a9 7f 14 9d aa c9 a9 a5
a9 a5 4b fd 83 1f 3f 78 d0 0a 23 6e f7 c8 41 a9 7f 14 9d aa c9 a9 a5 a9 a5 4b fd 83 1f 3f 78 d0 0a 46 6e f7 c8 41 a9 7f 14 9d aa c9 a9 a5 a9 a5 4b fd 83 1f 3f 78 d0 0a 46 6e f7 c8 41 a9 7f 14
9d aa c9 a9 a5 a9 a5 4b fd 83 1f 3f 78 d0 0a 23 6e f7 c8 41 a9 7f 14 9d aa c9 a9 a5 a9 a5 4b fd 83 1f 3f 78 d0 0a 46 6e f7 c8 41 a9 7f 14 9d aa c9 a9 a5 a9 a5 4b fd 83 1f 3f 78 d0 0a 23 6e f7
c8 41 a9 7f 14 9d aa c9 a9 a5 a9 a5 4b fd 83 1f 3f 78 d0 0a 23 6e f7 c8 41 a9 7f 14 9d aa c9 a9 a5 a9 a5 4b fd 83 1f 3f 78 d0 0a 23 6e f7 c8 41 a9 7f 14 9d aa c9 a9 a5 a9 a5 4b fd 83 1f 3f 78
d0 0a 23 6e f7 c8 41 a9 7f 14 9d aa c9 a9 a5 a9 a5 4b fd 83 1f 3f 78 d0 0a 46 6e f7 c8 41 a9 7f 14 9d aa c9 a9 a5 a9 a5 4b fd 83 1f 3f 78 d0 0a 23 6e f7 c8 41 a9 7f 14 9d aa c9 a9 a5 a9 a5 4b
fd 83 1f 3f 78 d0 0a 46 6e f7 c8 41 a9 7f 14 9d aa c9 a9 a5 a9 a5 4b fd 83 1f 3f 78 d0 0a 46 6e f7 c8 41 a9 7f 14 9d aa c9 a9 a5 a9 a5 4b fd 83 1f 3f 78 d0 0a ff 23 6e f7 c8 41 a9 7f 14 9d aa
c9 a9 a5 a9 a5 4b fd 83 1f 3f 78 d0 0a 46 6e f7 c8 41 a9 7f 14 9d aa c9 a9 a5 a9 a5 4b fd 83 1f 3f 78 d0 0a ff 23 6e f7 c8 41 a9 7f 14 9d aa c9 a9 a5 a9 a5 4b fd 83 1f 3f 78 d0 0a 46 6e f7 c8
41 a9 7f 14 9d aa c9 a9 a5 a9 a5 4b fd 83 1f 3f 78 d0 0a ff 46 6e f7 c8 41 a9 7f 14 9d aa c9 a9 a5 a9 a5 4b fd 83 1f 3f 78 d0 0a 23 6e f7 c8 41 a9 7f 14 9d aa c9 a9 a5 a9 a5 4b fd 83 1f 3f 78
d0 0a 23 6e f7 c8 41 a9 7f 14 9d aa c9 a9 a5 a9 a5 4b fd 83 1f 3f 78 d0 0a ff 23 6e f7 c8 41 a9 7f 14 9d aa c9 a9 a5 a9 a5 4b fd 83 1f 3f 78 d0 0a 46 6e f7 c8 41 a9 7f 14 9d aa c9 a9 a5 a9 a5
4b fd 83 1f 3f 78 d0 0a 46 6e f7 c8 41 a9 7f 14 9d aa c9 a9 a5 a9 a5 4b fd 83 1f 3f 78 d0 0a ff 23 6e f7 c8 41 a9 7f 14 9d aa c9 a9 a5 a9 a5 4b fd 83 1f 3f 78 d0 0a 46 6e f7 c8 41 a9 7f 14 9d
aa c9 a9 a5 a9 a5 4b fd 83 1f 3f 78 d0 0a 23 6e f7 c8 41 a9 7f 14 9d aa c9 a9 a5 a9 a5 4b fd 83 1f 3f 78 d0 0a 46 6e f7 c8 41 a9 7f 14 9d aa c9 a9 a5 a9 a5 4b fd 83 1f 3f 78 d0 0a 46 6e f7 c8
41 a9 7f 14 9d aa c9 a9 a5 a9 a5 4b fd 83 1f 3f 78 d0 0a 23 6e f7 c8 41 a9 7f 14 9d aa c9 a9 a5 a9 a5 4b fd 83 1f 3f 78 d0 0a 46 6e f7 c8 41 a9 7f 14 9d aa c9 a9 a5 a9 a5 4b fd 83 1f 3f 78 d0
0a 23 6e f7 c8 41 a9 7f 14 9d aa c9 a9 a5 a9 a5 4b fd 83 1f 3f 78 d0 0a 46 6e f7 c8 41 a9 7f 14 9d aa c9 a9 a5 a9 a5 4b fd 83 1f 3f 78 d0 0a 46 6e f7 c8 41 a9 7f 14 9d aa c9 a9 a5 a9 a5 4b fd
83 1f 3f 78 d0 0a 23 6e f7 c8 41 a9 7f 14 9d aa c9 a9 a5 a9 a5 4b fd 83 1f 3f 78 d0 0a 46 6e f7 c8 41 a9 7f 14 9d aa c9 a9 a5 a9 a5 4b fd 83 1f 3f 78 d0 0a 23 6e f7 c8 41 a9 7f 14 9d aa c9 a9
a5 a9 a5 4b fd 83 1f 3f 78 d0 0a 46 6e f7 c8 41 a9 7f 14 9d aa c9 a9 a5 a9 a5 4b fd 83 1f 3f 78 d0 0a 46 6e f7 c8 41 a9 7f 14 9d aa c9 a9 a5 a9 a5 4b fd 83 1f 3f 78 d0 0a ff 23 6e f7 c8 41 a9
7f 14 9d aa c9 a9 a5 a9 a5 4b fd 83 1f 3f 78 d0 0a 46 6e f7 c8 41 a9 7f 14 9d aa c9 a9 a5 a9 a5 4b fd 83 1f 3f 78 d0 0a 23 6e f7 c8 41 a9 7f 14 9d aa c9 a9 a5 a9 a5 4b fd 83 1f 3f 78 d0 0a 46
6e f7 c8 41 a9 7f 14 9d aa c9 a9 a5 a9 a5 4b fd 83 1f 3f 78 d0 0a ff 46 6e f7 c8 41 a9 7f 14 9d aa c9 a9 a5 a9 a5 4b fd 83 1f 3f 78 d0 0a ff 23 6e f7 c8 41 a9 7f 14 9d aa c9 a9 a5 a9 a5 4b fd
83 1f 3f 78 d0 0a 23 6e f7 c8 41 a9 7f 14 9d aa c9 a9 a5 a9 a5 4b fd 83 1f 3f 78 d0 0a ff 23 6e f7 c8 41 a9 7f 14 9d aa c9 a9 a5 a9 a5 4b fd 83 1f 3f 78 d0 0a 46 6e f7 c8 41 a9 7f 14 9d aa c9
a9 a5 a9 a5 4b fd 83 1f 3f 78 d0 0a 46 6e f7 c8 41 a9 7f 14 9d aa c9 a9 a5 a9 a5 4b fd 83 1f 3f 78 d0 0a 23 6e f7 c8 41 a9 7f 14 9d aa c9 a9 a5 a9 a5 4b fd 83 1f 3f 78 d0 0a 46 6e f7 c8 41 a9
7f 14 9d aa c9 a9 a5 a9 a5 4b fd 83 1f 3f 78 d0 0a 23 6e f7 c8 41 a9 7f 14 9d aa c9 a9 a5 a9 a5 4b fd 83 1f 3f 78 d0 0a 46 6e f7 c8 41 a9 7f 14 9d aa c9 a9 a5 a9 a5 4b fd 83 1f 3f 78 d0 0a 46
6e f7 c8 41 a9 7f 14 9d aa c9 a9 a5 a9 a5 4b fd 83 1f 3f 78 d0 0a 23 6e f7 c8 41 a9 7f 14 9d aa c9 a9 a5 a9 a5 4b fd 83 1f 3f 78 d0 0a 46 6e f7 c8 41 a9 7f 14 9d aa c9 a9 a5 a9 a5 4b fd 83 1f
3f 78 d0 0a ff 23 6e f7 c8 41 a9 7f 14 9d aa c9 a9 a5 a9 a5 4b fd 83 1f 3f 78 d0 0a 46 6e f7 c8 41 a9 7f 14 9d aa c9 a9 a5 a9 a5 4b fd 83 1f 3f 78 d0 0a 23 6e f7 c8 41 a9 7f 14 9d aa c9 a9 a5
a9 a5 4b fd 83 1f 3f 78 d0 0a 23 6e f7 c8 41 a9 7f 14 9d aa c9 a9 a5 a9 a5 4b fd 83 1f 3f 78 d0 0a 46 6e f7 c8 41 a9 7f 14 9d aa c9 a9 a5 a9 a5 4b fd 83 1f 3f 78 d0 0a 23 6e f7 c8 41 a9 7f 14
9d aa c9 a9 a5 a9 a5 4b fd 83 1f 3f 78 d0 0a 46 6e f7 c8 41 a9 7f 14 9d aa c9 a9 a5 a9 a5 4b fd 83 1f 3f 78 d0 0a 46 6e f7 c8 41 a9 7f 14 9d aa c9 a9 a5 a9 a5 4b fd 83 1f 3f 78 d0 0a 23 6e f7
c8 41 a9 7f 14 9d aa c9 a9 a5 a9 a5 4b fd 83 1f 3f 78 d0 0a 46 6e f7 c8 41 a9 7f 14 9d aa c9 a9 a5 a9 a5 4b fd 83 1f 3f 78 d0 0a ff 23 6e f7 c8 41 a9 7f 14 9d aa c9 a9 a5 a9 a5 4b fd 83 1f 3f
78 d0 0a 46 6e f7 c8 41 a9 7f 14 9d aa c9 a9 a5 a9 a5 4b fd 83 1f 3f 78 d0 0a 46 6e f7 c8 41 a9 7f 14 9d aa c9 a9 a5 a9 a5 4b fd 83 1f 3f 78 d0 0a 23 6e f7 c8 41 a9 7f 14 9d aa c9 a9 a5 a9 a5
4b fd 83 1f 3f 78 d0 0a 46 6e f7 c8 41 a9 7f 14 9d aa c9 a9 a5 a9 a5 4b fd 83 1f 3f 78 d0 0a 23 6e f7 c8 41 a9 7f 14 9d aa c9 a9 a5 a9 a5 4b fd 83 1f 3f 78 d0 0a 46 6e f7 c8 41 a9 7f 14 9d aa
c9 a9 a5 a9 a5 4b fd 83 1f 3f 78 d0 0a 46 6e f7 c8 41 a9 7f 14 9d aa c9 a9 a5 a9 a5 4b fd 83 1f 3f 78 d0 0a ff 23 6e f7 c8 41 a9 7f 14 9d aa c9 a9 a5 a9 a5 4b fd 83 1f 3f 78 d0 0a 46 6e f7 c8
41 a9 7f 14 9d aa c9 a9 a5 a9 a5 4b fd 83 1f 3f 78 d0 0a 23 6e f7 c8 41 a9 7f 14 9d aa c9 a9 a5 a9 a5 4b fd 83 1f 3f 78 d0 0a 46 6e f7 c8 41 a9 7f 14 9d aa c9 a9 a5 a9 a5 4b fd 83 1f 3f 78 d0
0a 46 6e f7 c8 41 a9 7f 14 9d aa c9 a9 a5 a9 a5 4b fd 83 1f 3f 78 d0 0a 23 6e f7 c8 41 a9 7f 14 9d aa c9 a9 a5 a9 a5 4b fd 83 1f 3f 78 d0 0a 46 6e f7 c8 41 a9 7f 14 9d aa c9 a9 a5 a9 a5 4b fd
83 1f 3f 78 d0 0a 23 6e f7 c8 41 a9 7f 14 9d aa c9 a9 a5 a9 a5 4b fd 83 1f 3f 78 d0 0a 46 6e f7 c8 41 a9 7f 14 9d aa c9 a9 a5 a9 a5 4b fd 83 1f 3f 78 d0 0a 46 6e f7 c8 41 a9 7f 14 9d aa c9 a9
a5 a9 a5 4b fd 83 1f 3f 78 d0 0a 23 6e f7 c8 41 a9 7f 14 9d aa c9 a9 a5 a9 a5 4b fd 83 1f 3f 78 d0 0a 46 6e f7 c8 41 a9 7f 14 9d aa c9 a9 a5 a9 a5 4b fd 83 1f 3f 78 d0 0a 23 6e f7 c8 41 a9 7f
14 9d aa c9 a9 a5 a9 a5 4b fd 83 1f 3f 78 d0 0a 46 6e f7 c8 41 a9 7f 14 9d aa c9 a9 a5 a9 a5 4b fd 83 1f 3f 78 d0 0a 46 6e f7 c8 41 a9 7f 14 9d aa c9 a9 a5 a9 a5 4b fd 83 1f 3f 78 d0 0a ff 23
6e f7 c8 41 a9 7f 14 9d aa c9 a9 a5 a9 a5 4b fd 83 1f 3f 78 d0 0a 46 6e f7 c8 41 a9 7f 14 9d aa c9 a9 a5 a9 a5 4b fd 83 1f 3f 78 d0 0a 23 6e f7 c8 41 a9 7f 14 9d aa c9 a9 a5 a9 a5 4b fd 83 1f
3f 78 d0 0a 46 6e f7 c8 41 a9 7f 14 9d aa c9 a9 a5 a9 a5 4b fd 83 1f 3f 78 d0 0a 46 6e f7 c8 41 a9 7f 14 9d aa c9 a9 a5 a9 a5 4b fd 83 1f 3f 78 d0 0a 23 6e f7 c8 41 a9 7f 14 9d aa c9 a9 a5 a9
a5 4b fd 83 1f 3f 78 d0 0a 06 6e f7 c8 41 a9 7f 14 9d aa c9 a9 a5 a9 a5 4b fd 83 1f 3f 78 d0 0a 23 6e f7 c8 41 a9 7f 14 9d aa c9 a9 a5 a9 a5 4b fd 83 1f 3f 78 d0 0a 46 6e f7 c8 41 a9 7f 14 9d
aa c9 a9 a5 a9 a5 4b fd 83 1f 3f 78 d0 0a ff 46 6e f7 c8 41 a9 7f 14 9d aa c9 a9 a5 a9 a5 4b fd 83 1f 3f 78 d0 0a 23 6e f7 c8 41 a9 7f 14 9d aa c9 a9 a5 a9 a5 4b fd 83 1f 3f 78 d0 0a 46 6e f7
c8 41 a9 7f 14 9d aa c9 a9 a5 a9 a5 4b fd 83 1f 3f 78 d0 0a 23 6e f7 c8 41 a9 7f 14 9d aa c9 a9 a5 a9 a5 4b fd 83 1f 3f 78 d0 0a ff 46 6e f7 c8 41 a9 7f 14 9d aa c9 a9 a5 a9 a5 4b fd 83 1f 3f
78 d0 0a 46 6e f7 c8 41 a9 7f 14 9d aa c9 a9 a5 a9 a5 4b fd 83 1f 3f 78 d0 0a 23 6e f7 c8 41 a9 7f 14 9d aa c9 a9 a5 a9 a5 4b fd 83 1f 3f 78 d0 0a 46 6e f7 c8 41 a9 7f 14 9d aa c9 a9 a5 a9 a5
4b fd 83 1f 3f 78 d0 0a 23 6e f7 c8 41 a9 7f 14 9d aa c9 a9 a5 a9 a5 4b fd 83 1f 3f 78 d0 0a 46 6e f7 c8 41 a9 7f 14 9d aa c9 a9 a5 a9 a5 4b fd 83 1f 3f 78 d0 0a 06 6e f7 c8 41 a9 7f 14 9d aa
c9 a9 a5 a9 a5 4b fd 83 1f 3f 78 d0 0a 23 6e f7 c8 41 a9 7f 14 9d aa c9 a9 a5 a9 a5 4b fd 83 1f 3f 78 d0 0a 46 6e f7 c8 41 a9 7f 14 9d aa c9 a9 a5 a9 a5 4b fd 83 1f 3f 78 d0 0a 23 6e f7 c8 41
a9 7f 14 9d aa c9 a9 a5 a9 a5 4b fd 83 1f 3f 78 d0 0a 46 6e f7 c8 41 a9 7f 14 9d aa c9 a9 a5 a9 a5 4b fd 83 1f 3f 78 d0 0a 46 6e f7 c8 41 a9 7f 14 9d aa c9 a9 a5 a9 a5 4b fd 83 1f 3f 78 d0 0a
23 6e f7 c8 41 a9 7f 14 9d aa c9 a9 a5 a9 a5 4b fd 83 1f 3f 78 d0 0a 46 6e f7 c8 41 a9 7f 14 9d aa c9 a9 a5 a9 a5 4b fd 83 1f 3f 78 d0 0a ff 23 6e f7 c8 41 a9 7f 14 9d aa c9 a9 a5 a9 a5 4b fd
83 1f 3f 78 d0 0a 46 6e f7 c8 41 a9 7f 14 9d aa c9 a9 a5 a9 a5 4b fd 83 1f 3f 78 d0 0a 46 6e f7 c8 41 a9 7f 14 9d aa c9 a9 a5 a9 a5 4b fd 83 1f 3f 78 d0 0a ff 23 6e f7 c8 41 a9 7f 14 9d aa c9
a9 a5 a9 a5 4b fd 83 1f 3f 78 d0 0a 27 6e f7 c8 41 a9 7f 14 9d aa c9 a9 a5 a9 a5 4b fd 83 1f 3f 78 d0 0a 23 6e f7 c8 41 a9 7f 14 9d aa c9 a9 a5 a9 a5 4b fd 83 1f 3f 78 d0 0a 46 6e f7 c8 41 a9
7f 14 9d aa c9 a9 a5 a9 a5 4b fd 83 1f 3f 78 d0 0a ff 46 6e f7 c8 41 a9 7f 14 9d aa c9 a9 a5 a9 a5 4b fd 83 1f 3f 78 d0 0a 23 6e f7 c8 41 a9 7f 14 9d aa c9 a9 a5 a9 a5 4b fd 83 1f 3f 78 d0 0a
ff 46 6e f7 c8 41 a9 7f 14 9d aa c9 a9 a5 a9 a5 4b fd 83 1f 3f 78 d0 0a 23 6e f7 c8 41 a9 7f 14 9d aa c9 a9 a5 a9 a5 4b fd 83 1f 3f 78 d0 0a 46 6e f7 c8 41 a9 7f 14 9d aa c9 a9 a5 a9 a5 4b fd
83 1f 3f 78 d0 0a 46 6e f7 c8 41 a9 7f 14 9d aa c9 a9 a5 a9 a5 4b fd 83 1f 3f 78 d0 0a 23 6e f7 c8 41 a9 7f 14 9d aa c9 a9 a5 a9 a5 4b fd 83 1f 3f 78 d0 0a 46 6e f7 c8 41 a9 7f 14 9d aa c9 a9
a5 a9 a5 4b fd 83 1f 3f 78 d0 0a 23 6e f7 c8 41 a9 7f 14 9d aa c9 a9 a5 a9 a5 4b fd 83 1f 3f 78 d0 0a 23 6e f7 c8 41 a9 7f 14 9d aa c9 a9 a5 a9 a5 4b fd 83 1f 3f 78 d0 0a 23 6e f7 c8 41 a9 7f
14 9d aa c9 a9 a5 a9 a5 4b fd 83 1f 3f 78 d0 0a 23 6e f7 c8 41 a9 7f 14 9d aa c9 a9 a5 a9 a5 4b fd 83 1f 3f 78 d0 0a 46 6e f7 c8 41 a9 7f 14 9d aa c9 a9 a5 a9 a5 4b fd 83 1f 3f 78 d0 0a 23 6e
f7 c8 41 a9 7f 14 9d aa c9 a9 a5 a9 a5 4b fd 83 1f 3f 78 d0 0a ff 46 6e f7 c8 41 a9 7f 14 9d aa c9 a9 a5 a9 a5 4b fd 83 1f 3f 78 d0 0a 46 6e f7 c8 41 a9 7f 14 9d aa c9 a9 a5 a9 a5 4b fd 83 1f
3f 78 d0 0a 23 6e f7 c8 41 a9 7f 14 9d aa c9 a9 a5 a9 a5 4b fd 83 1f 3f 78 d0 0a 46 6e f7 c8 41 a9 7f 14 9d aa c9 a9 a5 a9 a5 4b fd 83 1f 3f 78 d0 0a 23 6e f7 c8 41 a9 7f 14 9d aa c9 a9 a5 a9
a5 4b fd 83 1f 3f 78 d0 0a 46 6e f7 c8 41 a9 7f 14 9d aa c9 a9 a5 a9 a5 4b fd 83 1f 3f 78 d0 0a 46 6e f7 c8 41 a9 7f 14 9d aa c9 a9 a5 a9 a5 4b fd 83 1f 3f 78 d0 0a 23 6e f7 c8 41 a9 7f 14 9d
aa c9 a9 a5 a9 a5 4b fd 83 1f 3f 78 d0 0a 23 6e f7 c8 41 a9 7f 14 9d aa c9 a9 a5 a9 a5 4b fd 83 1f 3f 78 d0 0a 23 6e f7 c8 41 a9 7f 14 9d aa c9 a9 a5 a9 a5 4b fd 83 1f 3f 78 d0 0a 46 6e f7 c8
41 a9 7f 14 9d aa c9 a9 a5 a9 a5 4b fd 83 1f 3f 78 d0 0a 46 6e f7 c8 41 a9 7f 14 9d aa c9 a9 a5 a9 a5 4b fd 83 1f 3f 78 d0 0a 23 6e f7 c8 41 a9 7f 14 9d aa c9 a9 a5 a9 a5 4b fd 83 1f 3f 78 d0
0a 46 6e f7 c8 41 a9 7f 14 9d aa c9 a9 a5 a9 a5 4b fd 83 1f 3f 78 d0 0a 23 6e f7 c8 41 a9 7f 14 9d aa c9 a9 a5 a9 a5 4b fd 83 1f 3f 78 d0 0a 46 6e f7 c8 41 a9 7f 14 9d aa c9 a9 a5 a9 a5 4b fd
83 1f 3f 78 d0 0a 46 6e f7 c8 41 a9 7f 14 9d aa c9 a9 a5 a9 a5 4b fd 83 1f 3f 78 d0 0a ff 23 6e f7 c8 41 a9 7f 14 9d aa c9 a9 a5 a9 a5 4b fd 83 1f 3f 78 d0 0a 46 6e f7 c8 41 a9 7f 14 9d aa c9
a9 a5 a9 a5 4b fd 83 1f 3f 78 d0 0a 23 6e f7 c8 41 a9 7f 14 9d aa c9 a9 a5 a9 a5 4b fd 83 1f 3f 78 d0 0a 46 6e f7 c8 41 a9 7f 14 9d aa c9 a9 a5 a9 a5 4b fd 83 1f 3f 78 d0 0a 23 6e f7 c8 41 a9
7f 14 9d aa c9 a9 a5 a9 a5 4b fd 83 1f 3f 78 d0 0a 23 6e f7 c8 41 a9 7f 14 9d aa c9 a9 a5 a9 a5 4b fd 83 1f 3f 78 d0 0a 46 6e f7 c8 41 a9 7f 14 9d aa c9 a9 a5 a9 a5 4b fd 83 1f 3f 78 d0 0a 23
6e f7 c8 41 a9 7f 14 9d aa c9 a9 a5 a9 a5 4b fd 83 1f 3f 78 d0 0a ff 46 6e f7 c8 41 a9 7f 14 9d aa c9 a9 a5 a9 a5 4b fd 83 1f 3f 78 d0 0a 46 6e f7 c8 41 a9 7f 14 9d aa c9 a9 a5 a9 a5 4b fd 83