[GHST RAW] len=24: 16 16 16 16 34 00 81 0C 11 C0 07 7C 5A 01 7C 7C 16 16 16 93 00 81 0C 12 
[GHST RAW] len=9: C0 07 7C 5A 01 7C 7C 7C 7C 
[GHST RAW] len=19: 0C 11 C0 07 7C 5A 01 7C 7C 16 16 16 93 00 81 0C 12 C0 07 
[GHST RAW] len=24: 16 16 16 16 34 00 81 0C 11 C0 07 7C 5A 01 7C 7C 16 16 16 93 00 81 0C 12 
[GHST RAW] len=9: C0 07 7C 5A 01 7C 7C 7C 7C 
[GHST RAW] len=19: 0C 11 C0 07 7C 5A 01 7C 7C 16 16 16 93 00 81 0C 12 C0 07 
[GHST RAW] len=24: 16 16 16 16 34 00 81 0C 11 C0 07 7C 5A 01 7C 7C 16 16 16 93 00 81 0C 12 
[GHST RAW] len=9: C0 07 7C 5A 01 7C 7C 7C 7C 
[GHST RAW] len=19: 0C 11 C0 07 7C 5A 01 7C 7C 16 16 16 93 00 81 0C 12 C0 07 
[GHST RAW] len=24: 16 16 16 16 34 00 81 0C 11 C0 07 7C 5A 01 7C 7C 16 16 16 93 00 81 0C 12 
[GHST RAW] len=9: C0 07 7C 5A 01 7C 7C 7C 7C 
[GHST RAW] len=19: 0C 11 C0 07 7C 5A 01 7C 7C 16 16 16 93 00 81 0C 12 C0 07 
[GHST RAW] len=24: 16 16 16 16 34 00 81 0C 11 C0 07 7C 5A 01 7C 7C 16 16 16 93 00 81 0C 12 
[GHST RAW] len=9: C0 07 7C 5A 01 7C 7C 7C 7C 
[GHST RAW] len=19: 0C 11 C0 07 7C 5A 01 7C 7C 16 16 16 93 00 81 0C 12 C0 07 
[GHST RAW] len=24: 16 16 16 16 34 00 81 0C 11 C0 07 7C 5A 01 7C 7C 16 16 16 93 00 81 0C 12 
[GHST RAW] len=9: C0 07 7C 5A 01 7C 7C 7C 7C 
[GHST RAW] len=19: 0C 11 C0 07 7C 5A 01 7C 7C 16 16 16 93 00 81 0C 12 C0 07 
[GHST RAW] len=24: 16 16 16 16 34 00 81 0C 11 C0 07 7C 5A 01 7C 7C 16 16 16 93 00 81 0C 12 
[GHST RAW] len=9: C0 07 7C 5A 01 7C 7C 7C 7C 
[GHST RAW] len=19: 0C 11 C0 07 7C 5A 01 7C 7C 16 16 16 93 00 81 0C 12 C0 07 
[GHST RAW] len=24: 16 16 16 16 34 00 81 0C 11 C0 07 7C 5A 01 7C 7C 16 16 16 93 00 81 0C 12 
[GHST RAW] len=9: C0 07 7C 5A 01 7C 7C 7C 7C 
[GHST RAW] len=19: 0C 11 C0 07 7C 5A 01 7C 7C 16 16 16 93 00 81 0C 12 C0 07 
[GHST RAW] len=24: 16 16 16 16 34 00 81 0C 11 C0 07 7C 5A 01 7C 7C 16 16 16 93 00 81 0C 12 
[GHST RAW] len=9: C0 07 7C 5A 01 7C 7C 7C 7C 
[GHST RAW] len=19: 0C 11 C0 07 7C 5A 01 7C 7C 16 16 16 93 00 81 0C 12 C0 07 
[GHST RAW] len=24: 16 16 16 16 34 00 81 0C 11 C0 07 7C 5A 01 7C 7C 16 16 16 93 00 81 0C 12 
[GHST RAW] len=9: C0 07 7C 5A 01 7C 7C 7C 7C 
[GHST RAW] len=19: 0C 11 C0 07 7C 5A 01 7C 7C 16 16 16 93 00 81 0C 12 C0 07 
[GHST RAW] len=24: 16 16 16 16 34 00 81 0C 11 C0 07 7C 5A 01 7C 7C 16 16 16 93 00 81 0C 12 
[GHST RAW] len=9: C0 07 7C 5A 01 7C 7C 7C 7C 
[GHST RAW] len=19: 0C 11 C0 07 7C 5A 01 7C 7C 16 16 16 93 00 81 0C 12 C0 07 
[GHST RAW] len=24: 16 16 16 16 34 00 81 0C 11 C0 07 7C 5A 01 7C 7C 16 16 16 93 00 81 0C 12 
[GHST RAW] len=9: C0 07 7C 5A 01 7C 7C 7C 7C 
[GHST RAW] len=19: 0C 11 C0 07 7C 5A 01 7C 7C 16 16 16 93 00 81 0C 12 C0 07 
[GHST RAW] len=24: 16 16 16 16 34 00 81 0C 11 C0 07 7C 5A 01 7C 7C 16 16 16 93 00 81 0C 12 
[GHST RAW] len=9: C0 07 7C 5A 01 7C 7C 7C 7C 
[GHST RAW] len=19: 0C 11 C0 07 7C 5A 01 7C 7C 16 16 16 93 00 81 0C 12 C0 07 
[GHST RAW] len=24: 16 16 16 16 34 00 81 0C 11 C0 07 7C 5A 01 7C 7C 16 16 16 93 00 81 0C 12 
[GHST RAW] len=9: C0 07 7C 5A 01 7C 7C 7C 7C 
[GHST RAW] len=19: 0C 11 C0 07 7C 5A 01 7C 7C 16 16 16 93 00 81 0C 12 C0 07 
[GHST RAW] len=24: 16 16 16 16 34 00 81 0C 11 C0 07 7C 5A 01 7C 7C 16 16 16 93 00 81 0C 12 
[GHST RAW] len=9: C0 07 7C 5A 01 7C 7C 7C 7C 
[GHST RAW] len=19: 0C 11 C0 07 7C 5A 01 7C 7C 16 16 16 93 00 81 0C 12 C0 07 
[GHST RAW] len=24: 16 16 16 16 34 00 81 0C 11 C0 07 7C 5A 01 7C 7C 16 16 16 93 00 81 0C 12 
[GHST RAW] len=9: C0 07 7C 5A 01 7C 7C 7C 7C 
[GHST RAW] len=19: 0C 11 C0 07 7C 5A 01 7C 7C 16 16 16 93 00 81 0C 12 C0 07 
[GHST RAW] len=24: 16 16 16 16 34 00 81 0C 11 C0 07 7C 5A 01 7C 7C 16 16 16 93 00 81 0C 12 
[GHST RAW] len=9: C0 07 7C 5A 01 7C 7C 7C 7C 
[GHST RAW] len=19: 0C 11 C0 07 7C 5A 01 7C 7C 16 16 16 93 00 81 0C 12 C0 07 
[GHST RAW] len=24: 16 16 16 16 34 00 81 0C 11 C0 07 7C 5A 01 7C 7C 16 16 16 93 00 81 0C 12 
[GHST RAW] len=9: C0 07 7C 5A 01 7C 7C 7C 7C 
[GHST RAW] len=19: 0C 11 C0 07 7C 5A 01 7C 7C 16 16 16 93 00 81 0C 12 C0 07 
[GHST RAW] len=24: 16 16 16 16 34 00 81 0C 11 C0 07 7C 5A 01 7C 7[GHST RAW] len=9: C0 07 7C 5A 01 7C 7C 7C 7C 
[GHST RAW] len=19: 0C 11 C0 07 7C 5A 01 7C 7C 16 16 16 93 00 81 0C 12 C0 07 
[GHST RAW] len=24: 16 16 16 16 34 00 81 0C 11 C0 07 7C 5A 01 7C 7C 16 16 16 93 00 81 0C 12 
[GHST RAW] len=9: C0 07 7C 5A 01 7C 7C 7C 7C 
[GHST RAW] len=19: 0C 11 C0 07 7C 5A 01 7C 7C 16 16 16 93 00 81 0C 12 C0 07 
[GHST RAW] len=24: 16 16 16 16 34 00 81 0C 11 C0 07 7C 5A 01 7C 7C 16 16 16 93 00 81 0C 12 
[GHST RAW] len=9: C0 07 7C 5A 01 7C 7C 7C 7C 
[GHST RAW] len=19: 0C 11 C0 07 7C 5A 01 7C 7C 16 16 16 93 00 81 0C 12 C0 07 
[GHST RAW] len=24: 16 16 16 16 34 00 81 0C 11 C0 07 7C 5A 01 7C 7C 16 16 16 93 00 81 0C 12 
[GHST RAW] len=9: C0 07 7C 5A 01 7C 7C 7C 7C 
[GHST RAW] len=19: 0C 11 C0 07 7C 5A 01 7C 7C 16 16 16 93 00 81 0C 12 C0 07 
[GHST RAW] len=24: 16 16 16 16 34 00 81 0C 11 C0 07 7C 5A 01 7C 7C 16 16 16 93 00 81 0C 12 
[GHST RAW] len=9: C0 07 7C 5A 01 7C 7C 7C 7C 
[GHST RAW] len=19: 0C 11 C0 07 7C 5A 01 7C 7C 16 16 16 93 00 81 0C 12 C0 07 
[GHST RAW] len=24: 16 16 16 16 34 00 81 0C 11 C0 07 7C 5A 01 7C 7C 16 16 16 93 00 81 0C 12 
[GHST RAW] len=9: C0 07 7C 5A 01 7C 7C 7C 7C 
[GHST RAW] len=19: 0C 11 C0 07 7C 5A 01 7C 7C 16 16 16 93 00 81 0C 12 C0 07 
[GHST RAW] len=24: 16 16 16 16 34 00 81 0C 11 C0 07 7C 5A 01 7C 7C 16 16 16 93 00 81 0C 12 
[GHST RAW] len=9: C0 07 7C 5A 01 7C 7C 7C 7C 
[GHST RAW] len=19: 0C 11 C0 07 7C 5A 01 7C 7C 16 16 16 93 00 81 0C 12 C0 07 
[GHST RAW] len=24: 16 16 16 16 34 00 81 0C 11 C0 07 7C 5A 01 7C 7C 16 16 16 93 00 81 0C 12 
[GHST RAW] len=9: C0 07 7C 5A 01 7C 7C 7C 7C 
[GHST RAW] len=19: 0C 11 C0 07 7C 5A 01 7C 7C 16 16 16 93 00 81 0C 12 C0 07 
[GHST RAW] len=24: 16 16 16 16 34 00 81 0C 11 C0 07 7C 5A 01 7C 7C 16 16 16 93 00 81 0C 12 
[GHST RAW] len=9: C0 07 7C 5A 01 7C 7C 7C 7C 
[GHST RAW] len=19: 0C 11 C0 07 7C 5A 01 7C 7C 16 16 16 93 00 81 0C 12 C0 07 
[GHST RAW] len=24: 16 16 16 16 34 00 81 0C 11 C0 07 7C 5A 01 7C 7C 16 16 16 93 00 81 0C 12 
[GHST RAW] len=9: C0 07 7C 5A 01 7C 7C 7C 7C 
[GHST RAW] len=19: 0C 11 C0 07 7C 5A 01 7C 7C 16 16 16 93 00 81 0C 12 C0 07 
[GHST RAW] len=24: 16 16 16 16 34 00 81 0C 11 C0 07 7C 5A 01 7C 7C 16 16 16 93 00 81 0C 12 
[GHST RAW] len=9: C0 07 7C 5A 01 7C 7C 7C 7C 
[GHST RAW] len=19: 0C 11 C0 07 7C 5A 01 7C 7C 16 16 16 93 00 81 0C 12 C0 07 
[GHST RAW] len=24: 16 16 16 16 34 00 81 0C 11 C0 07 7C 5A 01 7C 7C 16 16 16 93 00 81 0C 12 
[GHST RAW] len=9: C0 07 7C 5A 01 7C 7C 7C 7C 
[GHST RAW] len=19: 0C 11 C0 07 7C 5A 01 7C 7C 16 16 16 93 00 81 0C 12 C0 07 
[GHST RAW] len=24: 16 16 16 16 34 00 81 0C 11 C0 07 7C 5A 01 7C 7C 16 16 16 93 00 81 0C 12 
[GHST RAW] len=9: C0 07 7C 5A 01 7C 7C 7C 7C 
[GHST RAW] len=19: 0C 11 C0 07 7C 5A 01 7C 7C 16 16 16 93 00 81 0C 12 C0 07 
[GHST RAW] len=24: 16 16 16 16 34 00 81 0C 11 C0 07 7C 5A 01 7C 7C 16 16 16 93 00 81 0C 12 
[GHST RAW] len=9: C0 07 7C 5A 01 7C 7C 7C 7C 
[GHST RAW] len=24: 16 16 16 16 34 00 81 0C 11 C0 07 7C 5A 01 7C 7C 16 16 16 93 00 81 0C 12 
[GHST RAW] len=9: C0 07 7C 5A 01 7C 7C 7C 7C 
[GHST RAW] len=19: 0C 11 C0 07 7C 5A 01 7C 7C 16 16 16 93 00 81 0C 12 C0 07 
[GHST RAW] len=24: 16 16 16 16 34 00 81 0C 11 C0 07 7C 5A 01 7C 7C 16 16 16 93 00 81 0C 12 
[GHST RAW] len=9: C0 07 7C 5A 01 7C 7C 7C 7C 
[GHST RAW] len=19: 0C 11 C0 07 7C 5A 01 7C 7C 16 16 16 93 00 81 0C 12 C0 07 
[GHST RAW] len=24: 16 16 16 16 34 00 81 0C 11 C0 07 7C 5A 01 7C 7C 16 16 16 93 00 81 0C 12 
[GHST RAW] len=9: C0 07 7C 5A 01 7C 7C 7C 7C 
[GHST RAW] len=19: 0C 11 C0 07 7C 5A 01 7C 7C 16 16 16 93 00 81 007 
[GHST RAW] len=24: 16 16 16 16 34 00 81 0C 11 C0 07 7C 5A 01 7C 7C 16 16 16 93 00 81 0C 12 
[GHST RAW] len=9: C0 07 7C 5A 01 7C 7C 7C 7C 
[GHST RAW] len=19: 0C 11 C0 07 7C 5A 01 7C 7C 16 16 16 93 00 81 0C 12 C0 07 
[GHST RAW] len=24: 16 16 16 16 34 00 81 0C 11 C0 07 7C 5A 01 7C 7C 16 16 16 93 00 81 0C 12 
[GHST RAW] len=9: C0 07 7C 5A 01 7C 7C 7C 7C 
[GHST RAW] len=19: 0C 11 C0 07 7C 5A 01 7C 7C 16 16 16 93 00 81 0C 12 C0 07 
[GHST RAW] len=24: 16 16 16 16 34 00 81 0C 11 C0 07 7C 5A 01 7C 7C 16 16 16 93 00 81 0C 12 
[GHST RAW] len=9: C0 07 7C 5A 01 7C 7C 7C 7C 
[GHST RAW] len=19: 0C 11 C0 07 7C 5A 01 7C 7C 16 16 16 93 00 81 0C 12 C0 07 
[GHST RAW] len=24: 16 16 16 16 34 00 81 0C 11 C0 07 7C 5A 01 7C 7C 16 16 16 93 00 81 0C 12 
[GHST RAW] len=9: C0 07 7C 5A 01 7C 7C 7C 7C 
[GHST RAW] len=19: 0C 11 C0 07 7C 5A 01 7C 7C 16 16 16 93 00 81 0C 12 C0 07 
[GHST RAW] len=24: 16 16 16 16 34 00 81 0C 11 C0 07 7C 5A 01 7C 7C 16 16 16 93 00 81 0C 12 
[GHST RAW] len=9: C0 07 7C 5A 01 7C 7C 7C 7C 
[GHST RAW] len=19: 0C 11 C0 07 7C 5A 01 7C 7C 16 16 16 93 00 81 0C 12 C0 07 
[GHST RAW] len=24: 16 16 16 16 34 00 81 0C 11 C0 07 7C 5A 01 7C 7C 16 16 16 93 00 81 0C 12 
[GHST RAW] len=9: C0 07 7C 5A 01 7C 7C 7C 7C 
[GHST RAW] len=19: 0C 11 C0 07 7C 5A 01 7C 7C 16 16 16 93 00 81 0C 12 C0 07 
[GHST RAW] len=24: 16 16 16 16 34 00 81 0C 11 C0 07 7C 5A 01 7C 7C 16 16 16 93 00 81 0C 12 
[GHST RAW] len=9: C0 07 7C 5A 01 7C 7C 7C 7C 
[GHST RAW] len=19: 0C 11 C0 07 7C 5A 01 7C 7C 16 16 16 93 00 81 0C 12 C0 07 
[GHST RAW] len=24: 16 16 16 16 34 00 81 0C 11 C0 07 7C 5A 01 7C 7C 16 16 16 93 00 81 0C 12 
[GHST RAW] len=9: C0 07 7C 5A 01 7C 7C 7C 7C 
[GHST RAW] len=19: 0C 11 C0 07 7C 5A 01 7C 7C 16 16 16 93 00 81 0C 12 C0 07 
[GHST RAW] len=24: 16 16 16 16 34 00 81 0C 11 C0 07 7C 5A 01 7C 7C 16 16 16 93 00 81 0C 12 
[GHST RAW] len=9: C0 07 7C 5A 01 7C 7C 7C 7C 
[GHST RAW] len=19: 0C 11 C0 07 7C 5A 01 7C 7C 16 16 16 93 00 81 0C 12 C0 07 
[GHST RAW] len=24: 16 16 16 16 34 00 81 0C 11 C0 07 7C 5A 01 7C 7C 16 16 16 93 00 81 0C 12 
[GHST RAW] len=9: C0 07 7C 5A 01 7C 7C 7C 7C 
[GHST RAW] len=19: 0C 11 C0 07 7C 5A 01 7C 7C 16 16 16 93 00 81 0C 12 C0 07 
[GHST RAW] len=24: 16 16 16 16 34 00 81 0C 11 C0 07 7C 5A 01 7C 7C 16 16 16 93 00 81 0C 12 
[GHST RAW] len=9: C0 07 7C 5A 01 7C 7C 7C 7C 
[GHST RAW] len=19: 0C 11 C0 07 7C 5A 01 7C 7C 16 16 16 93 00 81 0C 12 C0 07 
[GHST RAW] len=24: 16 16 16 16 34 00 81 0C 11 C0 07 7C 5A 01 7C 7C 16 16 16 93 00 81 0C 12 
[GHST RAW] len=9: C0 07 7C 5A 01 7C 7C 7C 7C 
[GHST RAW] len=19: 0C 11 C0 07 7C 5A 01 7C 7C 16 16 16 93 00 81 0C 12 C0 07 
[GHST RAW] len=24: 16 16 16 16 34 00 81 0C 11 C0 07 7C 5A 01 7C 7C 16 16 16 93 00 81 0C 12 
[GHST RAW] len=9: C0 07 7C 5A 01 7C 7C 7C 7C 
[GHST RAW] len=19: 0C 11 C0 07 7C 5A 01 7C 7C 16 16 16 93 00 81 0C 12 C0 07 
[GHST RAW] len=24: 16 16 16 16 34 00 81 0C 11 C0 07 7C 5A 01 7C 7C 16 16 16 93 00 81 0C 12 
[GHST RAW] len=9: C0 07 7C 5A 01 7C 7C 7C 7C 
[GHST RAW] len=19: 0C 11 C0 07 7C 5A 01 7C 7C 16 16 16 93 00 81 0C 12 C0 07 
[GHST RAW] len=24: 16 16 16 16 34 00 81 0C 11 C0 07 7C 5A 01 7C 7C 16 16 16 93 00 81 0C 12 
[GHST RAW] len=9: C0 07 7C 5A 01 7C 7C 7C 7C 
[GHST RAW] len=19: 0C 11 C0 07 7C 5A 01 7C 7C 16 16 16 93 00 81 0C 12 C0 07 
[GHST RAW] len=24: 16 16 16 16 34 00 81 0C 11 C0 07 7C 5A 01 7C 7C 16 16 16 93 00 81 0C 12 
[GHST RAW] len=9: C0 07 7C 5A 01 7C 7C 7C 7C 
[GHST RAW] len=19: 0C 11 C0 07 7C 5A 01 7C 7C 16 16 16 93 00 81 0C 12 C0 07 
[GHST RAW] len=24: 16 16 16 16 34 00 81 0C 11 C0 07 7C 5A 01 7C 7C 16 16 16 93 00 81 0C 12 
[GHST RAW] len=9: C0 07 7C 5A 01 7C 7C 7C 7C 
[GHST RAW] len=19: 0C 11 C0 07 7C 5A 01 7C 7C 16 16 16 93 00 81 0C 12 C0 07 
[GHST RAW] len=24: 16 16 16 16 34 00 81 0C 11 C0 07 7C 5A 01 7C 7C 16 16 16 93 00 81 0C 12 
[GHST RAW] len=9: C0 07 7C 5A 01 7C 7C 7C 7C 
[GHST RAW] len=19: 0C 11 C0 07 7C 5A 01 7C 7C 16 16 16 93 00 81 0C 12 C0 07 
[GHST RAW] len=24: 16 16 16 16 34 00 81 0C 11 C0 07 7C 5A 01 7C 7C 16 16 16 93 00 81 0C 12 
[GHST RAW] len=9: C0 07 7C 5A 01 7C 7C 7C 7C 
[GHST RAW] len=19: 0C 11 C0 07 7C 5A 01 7C 7C 16 16 16 93 00 81 0C 12 C0 07 
[GHST RAW] len=24: 16 16 16 16 34 00 81 0C 11 C0 07 7C 5A 01 7C 7C 16 16 16 93 00 81 0C 12 
[GHST RAW] len=9: C0 07 7C 5A 01 7C 7C 7C 7C 
[GHST RAW] len=19: 0C 11 C0 07 7C 5A 01 7C 7C 16 16 16 93 00 81 0C 12 C0 07 
[GHST RAW] len=24: 16 16 16 16 34 00 81 0C 11 C0 07 7C 5A 01 7C 7C 16 16 16 93 00 81 0C 12 
[GHST RAW] len=9: C0 07 7C 5A 01 7C 7C 7C 7C 
[GHST RAW] len=19: 0C 11 C0 07 7C 5A 01 7C 7C 16 16 16 93 00 81 0C 12 C0 07 
[GHST RAW] len=24: 16 16 16 16 34 00 81 0C 11 C0 07 7C 5A 01 7C 7C 16 16 16 93 00 81 0C 12 
[GHST RAW] len=9: C0 07 7C 5A 01 7C 7C 7C 7C 
[GHST RAW] len=19: 0C 11 C0 07 7C 5A 01 7C 7C 16 16 16 93 00 81 0C 12 C0 07 
[GHST RAW] len=24: 16 16 16 16 34 00 81 0C 11 C0 07 7C 5A 01 7C 7C 16 16 16 93 00 81 0C 12 
[GHST RAW] len=9: C0 07 7C 5A 01 7C 7C 7C 7C 
[GHST RAW] len=19: 0C 11 C0 07 7C 5A 01 7C 7C 16 16 16 93 00 81 0C 12 C0 07 
[GHST RAW] len=24: 16 16 16 16 34 00 81 0C 11 C0 07 7C 5A 01 7C 7C 16 16 16 93 00 81 0C 12 
[GHST RAW] len=9: C0 07 7C 5A 01 7C 7C 7C 7C 
[GHST RAW] len=19: 0C 11 C0 07 7C 5A 01 7C 7C 16 16 16 93 00 81 0C 12 C0 07 
[GHST RAW] len=24: 16 16 16 16 34 00 81 0C 11 C0 07 7C 5A 01 7C 7C 16 16 16 93 00 81 0C 12 
[GHST RAW] len=9: C0 07 7C 5A 01 7C 7C 7C 7C 
[GHST RAW] len=19: 0C 11 C0 07 7C 5A 01 7C 7C 16 16 16 93 00 81 0C 12 C0 07 
[GHST RAW] len=24: 16 16 16 16 34 00 81 0C 11 C0 07 7C 5A 01 7C 7C 16 16 16 93 00 81 0C 12 
[GHST RAW] len=9: C0 07 7C 5A 01 7C 7C 7C 7C 
[GHST RAW] len=19: 0C 11 C0 07 7C 5A 01 7C 7C 16 16 16 93 00 81 0C 12 C0 07 
[GHST RAW] len=24: 16 16 16 16 34 00 81 0C 11 C0 07 7C 5A 01 7C 7C 16 16 16 93 00 81 0C 12 
[GHST RAW] len=9: C0 07 7C 5A 01 7C 7C 7C 7C 
[GHST RAW] len=19: 0C 11 C0 07 7C 5A 01 7C 7C 16 16 16 93 00 81 0C 12 C0 07 
[GHST RAW] len=24: 16 16 16 16 34 00 81 0C 11 C0 07 7C 5A 01 7C 7C 16 16 16 93 00 81 0C 12 
[GHST RAW] len=9: C0 07 7C 5A 01 7C 7C 7C 7C 
[GHST RAW] len=19: 0C 11 C0 07 7C 5A 01 7C 7C 16 16 16 93 00 81 0C 12 C0 07 
[GHST RAW] len=24: 16 16 16 16 34 00 81 0C 11 C0 07 7C 5A 01 7C 7C 16 16 16 93 00 81 0C 12 
[GHST RAW] len=9: C0 07 7C 5A 01 7C 7C 7C 7C 
[GHST RAW] len=19: 0C 11 C0 07 7C 5A 01 7C 7C 16 16 16 93 00 81 0C 12 C0 07 
[GHST RAW] len=24: 16 16 16 16 34 00 81 0C 11 C0 07 7C 5A 01 7C 7C 16 16 16 93 00 81 0C 12 
[GHST RAW] len=9: C0 07 7C 5A 01 7C 7C 7C 7C 
[GHST RAW] len=19: 0C 11 C0 07 7C 5A 01 7C 7C 16 16 16 93 00 81 0C 12 C0 07 
[GHST RAW] len=24: 16 16 16 16 34 00 81 0C 11 C0 07 7C 5A 01 7C 7C 16 16 16 93 00 81 0C 12 
[GHST RAW] len=9: C0 07 7C 5A 01 7C 7C 7C 7C 
[GHST RAW] len=19: 0C 11 C0 07 7C 5A 01 7C 7C 16 16 16 93 00 81 0C 12 C0 07 
[GHST RAW] len=24: 16 16 16 16 34 00 81 0C 11 C0 07 7C 5A 01 7C 7C 16 16 16 93 00 81 0C 12 
[GHST RAW] len=9: C0 07 7C 5A 01 7C 7C 7C 7C 
[GHST RAW] len=19: 0C 11 C0 07 7C 5A 01 7C 7C 16 16 16 93 00 81 0C 12 C0 07 
[GHST RAW] len=24: 16 16 16 16 34 00 81 0C 11 C0 07 7C 5A 01 7C 7C 16 16 16 93 00 81 0C 12 
[GHST RAW] len=9: C0 07 7C 5A 01 7C 7C 7C 7C 
[GHST RAW] len=19: 0C 11 C0 07 7C 5A 01 7C 7C 16 16 16 93 00 81 0C 12 C0 07 
[GHST RAW] len=24: 16 16 16 16 34 00 81 0C 11 C0 07 7C 5A 01 7C 7C 16 16 16 93 00 81 0C 12 
[GHST RAW] len=9: C0 07 7C 5A 01 7C 7C 7C 7C 
[GHST RAW] len=19: 0C 11 C0 07 7C 5A 01 7C 7C 16 16 16 93 00 81 0C 12 C0 07 
[GHST RAW] len=24: 16 16 16 16 34 00 81 0C 11 C0 07 7C 5A 01 7C 7C 16 16 16 93 00 81 0C 12 
[GHST RAW] len=9: C0 07 7C 5A 01 7C 7C 7C 7C 
[GHST RAW] len=19: 0C 11 C0 07 7C 5A 01 7C 7C 16 16 16 93 00 81 0C 12 C0 07 
[GHST RAW] len=24: 16 16 16 16 34 00 81 0C 11 C0 07 7C 5A 01 7C 7C 16 16 16 93 00 81 0C 12 
[GHST RAW] len=9: C0 07 7C 5A 01 7C 7C 7C 7C 
[GHST RAW] len=19: 0C 11 C0 07 7C 5A 01 7C 7C 16 16 16 93 00 81 0C 12 C0 07 
[GHST RAW] len=24: 16 16 16 16 34 00 81 0C 11 C0 07 7C 5A 01 7C 7C 16 16 16 93 00 81 0C 12 
[GHST RAW] len=9: C0 07 7C 5A 01 7C 7C 7C 7C 
[GHST RAW] len=19: 0C 11 C0 07 7C 5A 01 7C 7C 16 16 16 93 00 81 0C 12 C0 07 
[GHST RAW] len=24: 16 16 16 16 34 00 81 0C 11 C0 07 7C 5A 01 7C 7C 16 16 16 93 00 81 0C 12 
[GHST RAW] len=9: C0 07 7C 5A 01 7C 7C 7C 7C 
[GHST RAW] len=19: 0C 11 C0 07 7C 5A 01 7C 7C 16 16 16 93 00 81 0C 12 C0 07 
[GHST RAW] len=24: 16 16 16 16 34 00 81 0C 11 C0 07 7C 5A 01 7C 7C 16 16 16 93 00 81 0C 12 
[GHST RAW] len=9: C0 07 7C 5A 01 7C 7C 7C 7C 
[GHST RAW] len=19: 0C 11 C0 07 7C 5A 01 7C 7C 16 16 16 93 00 81 0C 12 C0 07 
[GHST RAW] len=24: 16 16 16 16 34 00 81 0C 11 C0 07 7C 5A 01 7C 7C 16 16 16 93 00 81 0C 12 
[GHST RAW] len=9: C0 07 7C 5A 01 7C 7C 7C 7C 
[GHST RAW] len=19: 0C 11 C0 07 7C 5A 01 7C 7C 16 16 16 93 00 81 0C 12 C0 07 
[GHST RAW] len=24: 16 16 16 16 34 00 81 0C 11 C0 07 7C 5A 01 7C 7C 16 16 16 93 00 81 0C 12 
[GHST RAW] len=9: C0 07 7C 5A 01 7C 7C 7C 7C 
[GHST RAW] len=19: 0C 11 C0 07 7C 5A 01 7C 7C 16 16 16 93 00 81 0C 12 C0 07 
[GHST RAW] len=24: 16 16 16 16 34 00 81 0C 11 C0 07 7C 5A 01 7C 7C 16 16 16 93 00 81 0C 12 
[GHST RAW] len=9: C0 07 7C 5A 01 7C 7C 7C 7C 
[GHST RAW] len=19: 0C 11 C0 07 7C 5A 01 7C 7C 16 16 16 93 00 81 0C 12 C0 07 
[GHST RAW] len=24: 16 16 16 16 34 00 81 0C 11 C0 07 7C 5A 01 7C 7C 16 16 16 93 00 81 0C 12 
[GHST RAW] len=9: C0 07 7C 5A 01 7C 7C 7C 7C 
[GHST RAW] len=19: 0C 11 C0 07 7C 5A 01 7C 7C 16 16 16 93 00 81 0C 12 C0 07 
[GHST RAW] len=24: 16 16 16 16 34 00 81 0C 11 C0 07 7C 5A 01 7C 7C 16 16 16 93 00 81 0C 12 
[GHST RAW] len=9: C0 07 7C 5A 01 7C 7C 7C 7C 
[GHST RAW] len=19: 0C 11 C0 07 7C 5A 01 7C 7C 16 16 16 93 00 81 0C 12 C0 07 
[GHST RAW] len=24: 16 16 16 16 34 00 81 0C 11 C0 07 7C 5A 01 7C 7C 16 16 16 93 00 81 0C 12 
[GHST RAW] len=9: C0 07 7C 5A 01 7C 7C 7C 7C 
[GHST RAW] len=19: 0C 11 C0 07 7C 5A 01 7C 7C 16 16 16 93 00 81 0C 12 C0 07 
[GHST RAW] len=24: 16 16 16 16 34 00 81 0C 11 C0 07 7C 5A 01 7C 7C 16 16 16 93 00 81 0C 12 
[GHST RAW] len=9: C0 07 7C 5A 01 7C 7C 7C 7C 
[GHST RAW] len=19: 0C 11 C0 07 7C 5A 01 7C 7C 16 16 16 93 00 81 0C 12 C0 07 
[GHST RAW] len=24: 16 16 16 16 34 00 81 0C 11 C0 07 7C 5A 01 7C 7C 16 16 16 93 00 81 0C 12 
[GHST RAW] len=9: C0 07 7C 5A 01 7C 7C 7C 7C 
[GHST RAW] len=19: 0C 11 C0 07 7C 5A 01 7C 7C 16 16 16 93 00 81 0C 12 C0 07 
[GHST RAW] len=24: 16 16 16 16 34 00 81 0C 11 C0 07 7C 5A 01 7C 7C 16 16 16 93 00 81 0C 12 
[GHST RAW] len=9: C0 07 7C 5A 01 7C 7C 7C 7C 
[GHST RAW] len=19: 0C 11 C0 07 7C 5A 01 7C 7C 16 16 16 93 00 81 0C 12 C0 07 
[GHST RAW] len=24: 16 16 16 16 34 00 81 0C 11 C0 07 7C 5A 01 7C 7C 16 16 16 93 00 81 0C 12 
[GHST RAW] len=9: C0 07 7C 5A 01 7C 7C 7C 7C 
[GHST RAW] len=19: 0C 11 C0 07 7C 5A 01 7C 7C 16 16 16 93 00 81 0C 12 C0 07 
[GHST RAW] len=24: 16 16 16 16 34 00 81 0C 11 C0 07 7C 5A 01 7C 7C 16 16 16 93 00 81 0C 12 
[GHST RAW] len=9: C0 07 7C 5A 01 7C 7C 7C 7C 
[GHST RAW] len=19: 0C 11 C0 07 7C 5A 01 7C 7C 16 16 16 93 00 81 0 12 C0 07 
[GHST RAW] len=24: 16 16 16 16 34 00 81 0C 11 C0 07 7C 5A 01 7C 7C 16 16 16 93 00 81 0C 12 
[GHST RAW] len=9: C0 07 7C 5A 01 7C 7C 7C 7C 
[GHST RAW] len=19: 0C 11 C0 07 7C 5A 01 7C 7C 16 16 16 93 00 81 0C 12 C0 07 
[GHST RAW] len=24: 16 16 16 16 34 00 81 0C 11 C0 07 7C 5A 01 7C 7C 16 16 16 93 00 81 0C 12 
[GHST RAW] len=9: C0 07 7C 5A 01 7C 7C 7C 7C 
[GHST RAW] len=19: 0C 11 C0 07 7C 5A 01 7C 7C 16 16 16 93 00 81 0C 12 C0 07 
[GHST RAW] len=24: 16 16 16 16 34 00 81 0C 11 C0 07C 7C 16 16 16 93 00 81 0C 12 
[GHST RAW] len=9: C0 7 7[GHST RAW] len=19: 0C 11 C0 07 7C 5A 01 7C 7C 16 16 16 93 00 81 0C 12 C0 07 
[GHST RAW] len=24: 16 16 16 16 34 00 81 0C 11 C0 07 7C 5A 01 7C 7C 16 16 16 93 00 81 0C 12 
[GHST RAW] len=9: C0 07 7C 5A 01 7C 7C 7C 7C 
[GHST RAW] len=19: 0C 11 C0 07 7C 5A 01 7C 7C 16 16 16 93 00 81 0C 12 C0 07 
[GHST RAW] len=24: 16 16 16 16 34 00 81 0C 11 C0 07 7C 5A 01 7C 7C 16 16 16 93 00 81 0C 12 
[GHST RAW] len=9: C0 07 7C 5A 01 7C 7C 7C 7C 
[GHST RAW] len=19: 0C 11 C0 07 7C 5A 01 7C 7C 16 16 16 93 00 81 0C 12 C0 07 
G16 16 16 34 00 81 0C 11 C0 07 7C 5A 01 7C 7C 16 16 16 93 00 81 0C 12 
[GHST RAW] len=9: C0 07 7C 5A 01 7C 7C 7C 7C 
[GHST RAW] len=19: 0C 11 C0 07 7C 5A 01 7C 7C 16 16 16 93 00 81 0C 12 C0 07 
[GHST RAW] len=24: 16 16 16 16 34 00 81 0C 11 C0 07 7C 5A 01 7C 7C 16 16 16 93 00 81 0C 12 
[GHST RAW] len=9: C0 07 7C 5A 01 7C 7C 7C 7C 
[GHST RAW] len=19: 0C 11 C0 07 7C 5A 01 7C 7C 16 16 16 93 00 81 0C 12 C0 07 
[GHST RAW] len=24: 16 16 16 16 34 00 81 0C 11 C0 07 7C 5A 01 7C 7C 16 16 16 93 00 81 0C 12 
[GHST RAW] len=9: C0 07 7C 5A 01 7C 7C 7C 7C 
[GHST RAW] len=19: 0C 11 C0 07 7C 5A 01 7C 7C 16 16 16 93 00 81 0C 12 C0 07 
[GHST RAW] len=24: 16 16 16 16 34 00 81 0C 11 C0 07 7C 5A 01 7C 7C 16 16 16 93 00 81 0C 12 
[GHST RAW] len=9: C0 07 7C 5A 01 7C 7C 7C 7C 
[GHST RAW] len=19: 0C 11 C0 07 7C 5A 01 7C 7C 16 16 16 93 00 81 0C 12 C0 07 
[GHST RAW] len=24: 16 16 16 16 34 00 81 0C 11 C0 07 7C 5A 01 7C 7C 16 16 16 93 00 81 0C 12 
[GHST RAW] len=9: C0 07 7C 5A 01 7CC 
GHS 11 C0 07 7C 5A 01 7C 7C 16 16 16 93 00 81 0C 12 C0 07 
[GHST RAW] len=24: 16 16 16 16 34 00 81 0C 11 C0 07 7C 5A 01 7C 7C 16 16 16 93 00 81 0C 12 
[GHST RAW] len=9: C0 07 7C 5A 01 7C 7C 7C 7C 
[GHST RAW] len=19: 0C 11 C0 07 7C 5A 01 7C 7C 16 16 16 93 00 81 0C 12 C0 07 
[GHST RAW] len=24: 16 16 16 16 34 00 81 0C 11 C0 07 7C 5A 01 7C 7C 16 16 16 93 00 81 0C 12 
[GHST RAW] len=9: C0 07 7C 5A 01 7C 7C 7C 7C 
[GHST RAW] len=19: 0C 11 C0 07 7C 5A 01 7C 7C 16 16 16 93 00 81 0C 12 C0 07 
[GHST RAW] len=24: 16 16 16 16 34 00 81 0C 11 C0 07 7C 5A 01 7C 7C 16 16 16 93 00 81 0C 12 
[GHST RAW] len=9: C0 07 7C 5A 01 7C 7C 7C 7C 
[GHST RAW] len=19: 0C 11 C0 07 7C 5A 01 7C 7C 16 16 16 93 00 81 0C 12 C0 07 
[GHST RAW] len=24: 16 16 16 16 34 00 81 0C 11 C0 07 7C 5A 01 7C 7C 16 16 16 93 00 81 0C 12 
[GHST RAW] len=9: C0 07 7C 5A 01 7C 7C 7C 7C 
[GHST RAW] len=19: 0C 11 C0 07 7C 5A 01 7C 7C 16 16 16 93 00 81 0C 12 C0 07 
[GHST RAW] len=24: 16 16 16 16 34 00 81 0C 11 C0 07 7C 5A 01 7C 7C 16 16 16 93 00 81 0C 12 
[GHST RAW] len=9: C0 07 7C 5A 01 7C 7C 7C 7C 
[GHST RAW] len=19: 0C 11 C0 07 7C 5A 01 7C 7C 16 16 16 93 00 81 0C 12 C0 07 
[GHST RAW] len=24: 16 16 16 16 34 00 81 0C 11 C0 07 7C 5A 01 7C 7C 16 16 16 93 00 81 0C 12 
[GHST RAW] len=9: C0 07 7C 5A 01 7C 7C 7C 7C 
[GHST RAW] len=19: 0C 11 C0 07 7C 5A 01 7C 7C 16 16 16 93 00 81 0C 12 C0 07 
[GHST RAW] len=24: 16 16 16 16 34 00 81 0C 11 C0 07 7C 5A 01 7C 7C 16 16 16 93 00 81 0C 12 
[GHST RAW] len=9: C0 07 7C 5A 01 7C 7C 7C 7C 
[GHST RAW] len=19: 0C 11 C0 07 7C 5A 01 7C 7C 16 16 16 93 00 81 0C 12 C0 07 
[GHST RAW] len=24: 16 16 16 16 34 00 81 0C 11 C0 07 7C 5A 01 7C 7C 16 16 16 93 00 81 0C 12 
[GHST RAW] len=9: C0 07 7C 5A 01 7C 7C 7C 7C 
[GHST RAW] len=19: 0C 11 C0 07 7C 5A 01 7C 7C 16 16 16 93 00 81 0C 12 C0 07 
[GHST RAW] len=24: 16 16 16 16 34 00 81 0C 11 C0 07 7C 5A 01 7C 7C 16 16 16 93 00 81 0C 12 
[GHST RAW] len=9: C0 07 7C 5A 01 7C 7C 7C 7C 
[GHST RAW] len=19: 0C 11 C0 07 7C 5A 01 7C 7C 16 16 16 93 00 81 0C 12 C0 07 
[GHST RAW] len=24: 16 16 16 16 34 00 81 0C 11 C0 07 7C 5A 01 7C 7C 16 16 16 93 00 81 0C 12 
[GHST RAW] len=9: C0 07 7C 5A 01 7C 7C 7C 7C 
[GHST RAW] len=19: 0C 11 C0 07 7C 5A 01 7C 7C 16 16 16 93 00 81 0C 12 C0 07 
[GHST RAW] len=24: 16 16 16 16 34 00 81 0C 11 C0 07 7C 5A 01 7C 7C 16 16 16 93 00 81 0C 12 
[GHST RAW] len=9: C0 07 7C 5A 01 7C 7C 7C 7C 
[GHST RAW] len=19: 0C 11 C0 07 7C 5A 01 7C 7C 16 16 16 93 00 81 0C 12 C0 07 
[GHST RAW] len=24: 16 16 16 16 34 00 81 0C 11 C0 07 7C 5A 01 7C 7C 16 16 16 93 00 81 0C 12 
[GHST RAW] len=9: C0 07 7C 5A 01 7C 7C 7C 7C 
[GHST RAW] len=19: 0C 11 C0 07 7C 5A 01 7C 7C 16 16 16 93 00 81 0C 12 C0 07 
[GHST RAW] len=24: 16 16 16 16 34 00 81 0C 11 C0 07 7C 5A 01 7C 7C 16 16 16 93 00 81 0C 12 
[GHST RAW] len=9: C0 07 7C 5A 01 7C 7C 7C 7C 
[GHST RAW] len=19: 0C 11 C0 07 7C 5A 01 7C 7C 16 16 16 93 00 81 0C 12 C0 07 
[GHST RAW] len=24: 16 16 16 16 34 00 81 0C 11 C0 07 7C 5A 01 7C 7C 16 16 16 93 00 81 0C 12 
[GHST RAW] len=9: C0 07 7C 5A 01 7C 7C 7C 7C 
[GHST RAW] len=19: 0C 11 C0 07 7C 5A 01 7C 7C 16 16 16 93 00 81 0C 12 C0 07 
[GHST RAW] len=24: 16 16 16 16 34 00 81 0C 11 C0 07 7C 5A 01 7C 7C 16 16 16 93 00 81 0C 12 
[GHST RAW] len=9: C0 07 7C 5A 01 7C 7C 7C 7C 
[GHST RAW] len=19: 0C 11 C0 07 7C 5A 01 7C 7C 16 16 16 93 00 81 0C 12 C0 07 
[GHST RAW] len=24: 16 16 16 16 34 00 81 0C 11 C0 07 7C 5A 01 7C 7C 16 16 16 93 00 81 0C 12 
[GHST RAW] len=9: C0 07 7C 5A 01 7C 7C 7C 7C 
[GHST RAW] len=19: 0C 11 C0 07 7C 5A 01 7C 7C 16 16 16 93 00 81 0C 12 C0 07 
[GHST RAW] len=24: 16 16 16 16 34 00 81 0C 11 C0 07 7C 5A 01 7C 7C 16 16 16 93 00 81 0C 12 
[GHST RAW] len=9: C0 07 7C 5A 01 7C 7C 7C 7C 
[GHST RAW] len=19: 0C 11 C0 07 7C 5A 01 7C 7C 16 16 16 93 00 81 0C 12 C0 07 
[GHST RAW] len=24: 16 16 16 16 34 00 81 0C 11 C0 07 7C 5A 01 7C 7C 16 16 16 93 00 81 0C 12 
[GHST RAW] len=9: C0 07 7C 5A 01 7C 7C 7C 7C 
[GHST RAW] len=19: 0C 11 C0 07 7C 5A 01 7C 7C 16 16 16 93 00 81 0C 12 C0 07 
[GHST RAW] len=24: 16 16 16 16 34 00 81 0C 11 C0 07 7C 5A 01 7C 7C 16 16 16 93 00 81 0C 12 
[GHST RAW] len=9: C0 07 7C 5A 01 7C 7C 7C 7C 
[GHST RAW] len=24: 16 16 16 16 34 00 81 0C 11 C0 07 7C 5A 01 7C 7C 16 16 16 93 00 81 0C 12 
[GHST RAW] len=9: C0 07 7C 5A 01 7C 7C 7C 7C 
[GHST RAW] len=19: 0C 11 C0 07 7C 5A 01 7C 7C 16 16 16 93 00 81 0C 12 C0 07 
[GHST RAW] len=24: 16 16 16 16 34 00 81 0C 11 C0 07 7C 5A 01 7C 7C 16 16 16 93 00 81 0C 12 
[GHST RAW] len=9: C0 07 7C 5A 01 7C 7C 7C 7C 
[GHST RAW] len=19: 0C 11 C0 07 7C 5A 01 7C 7C 16 16 16 93 00 81 0C 12 C0 07 
[GHST RAW] len=24: 16 16 16 16 34 00 81 0C 11 C0 07 7C 5A 01 7C 7C 16 16 16 93 00 81 0C 12 
[GHST RAW] len=9: C0 07 7C 5A 01 7C 7C 7C 7C 
[GHST RAW] len=19: 0C 11 C0 07 7C 5A 01 7C 7C 16 16 16 93 00 81 0C 12 C0 07 
[GHST RAW] len=24: 16 16 16 16 34 00 81 0C 11 C0 07 7C 5A 01 7C 7C 16 16 16 93 00 81 0C 12 
[GHST RAW] len=9: C0 07 7C 5A 01 7C 7C 7C 7C 
[GHST RAW] len=19: 0C 11 C0 07 7C 5A 01 7C 7C 16 16 16 93 00 81 0C 12 C0 07 
[GHST RAW] len=24: 16 16 16 16 34 00 81 0C 11 C0 07 7C 5A 01 7C 7C 16 16 16 93 00 81 0C 12 
[GHST RAW] len=9: C0 07 7C 5A 01 7C 7C 7C 7C 
[GHST RAW] len=19: 0C 11 C0 07 7C 5A 01 7C 7C 16 16 16 93 00 81 0C 12 C0 07 
[GHST RAW] len=24: 16 16 16 16 34 00 81 0C 11 C0 07 7C 5A 01 7C 7C 16 16 16 93 00 81 0C 12 
[GHST RAW] len=9: C0 07 7C 5A 01 7C 7C 7C 7C 
[GHST RAW] len=19: 0C 11 C0 07 7C 5A 01 7C 7C 16 16 16 93 00 81 0C 12 C0 07 
[GHST RAW] len=24: 16 16 16 16 34 00 81 0C 11 C0 07 7C 5A 01 7C 7C 16 16 16 93 00 81 0C 12 
[GHST RAW] len=9: C0 07 7C 5A 01 7C 7C 7C 7C 
[GHST RAW] len=19: 0C 11 C0 07 7C 5A 01 7C 7C 16 16 16 93 00 81 0C 12 C0 07 
[GHST RAW] len=24: 16 16 16 16 34 00 81 0C 11 C0 07 7C 5A 01 7C 7C 16 16 16 93 00 81 0C 12 
[GHST RAW] len=9: C0 07 7C 5A 01 7C 7C 7C 7C 
[GHST RAW] len=19: 0C 11 C0 07 7C 5A 01 7C 7C 16 16 16 93 00 81 0C 12 C0 07 
[GHST RAW] len=24: 16 16 16 16 34 00 81 0C 11 C0 07 7C 5A 01 7C 7C 16 16 16 93 00 81 0C 12 
[GHST RAW] len=9: C0 07 7C 5A 01 7C 7C 7C 7C 
[GHST RAW] len=19: 0C 11 C0 07 7C 5A 01 7C 7C 16 16 16 93 00 81 0C 12 C0 07 
[GHST RAW] len=24: 16 16 16 16 34 00 81 0C 11 C0 07 7C 5A 01 7C 7C 16 16 16 93 00 81 0C 12 
[GHST RAW] len=9: C0 07 7C 5A 01 7C 7C 7C 7C 
[GHST RAW] len=19: 0C 11 C0 07 7C 5A 01 7C 7C 16 16 16 93 00 81 0C 12 C0 07 
[GHST RAW] len=24: 16 16 16 16 34 00 81 0C 11 C0 07 7C 5A 01 7C 7C 16 16 16 93 00 81 0C 12 
[GHST RAW] len=9: C0 07 7C 5A 01 7C 7C 7C 7C 
[GHST RAW] len=19: 0C 11 C0 07 7C 5A 01 7C 7C 16 16 16 93 00 81 0C 12 C0 07 
[GHST RAW] len=24: 16 16 16 16 34 00 81 0C 11 C0 07 7C 5A 01 7C 7C 16 16 16 93 00 81 0C 12 
[GHST RAW] len=9: C0 07 7C 5A 01 7C 7C 7C 7C 
[GHST RAW] len=19: 0C 11 C0 07 7C 5A 01 7C 7C 16 16 16 93 00 81 0C 12 C0 07 
[GHST RAW] len=24: 16 16 16 16 34 00 81 0C 11 C0 07 7C 5A 01 7C 7C 16 16 16 93 00 81 0C 12 
[GHST RAW] len=9: C0 07 7C 5A 01 7C 7C 7C 7C 
[GHST RAW] len=19: 0C 11 C0 07 7C 5A 01 7C 7C 16 16 16 93 00 81 0C 12 C0 07 
[GHST RAW] len=24: 16 16 16 16 34 00 81 0C 11 C0 07 7C 5A 01 7C 7C 16 16 16 93 00 81 0C 12 
[GHST RAW] len=9: C0 07 7C 5A 01 7C 7C 7C 7C 
[GHST RAW] len=19: 0C 11 C0 07 7C 5A 01 7C 7C 16 16 16 93 00 81 0C 12 C0 07 
[GHST RAW] len=24: 16 16 16 16 34 00 81 0C 11 C0 07 7C 5A 01 7C 7C 16 16 16 93 00 81 0C 12 
[GHST RAW] len=9: C0 07 7C 5A 01 7C 7C 7C 7C 
[GHST RAW] len=19: 0C 11 C0 07 7C 5A 01 7C 7C 16 16 16 93 00 81 0C 12 C0 07 
[GHST RAW] len=24: 16 16 16 16 34 00 81 0C 11 C0 07 7C 5A 01 7C 7C 16 16 16 93 00 81 0C 12 
[GHST RAW] len=9: C0 07 7C 5A 01 7C 7C 7C 7C 
[GHST RAW] len=19: 0C 11 C0 07 7C 5A 01 7C 7C 16 16 16 93 00 81 0C 12 C0 07 
[GHST RAW] len=24: 16 16 16 16 34 00 81 0C 11 C0 07 7C 5A 01 7C 7C 16 16 16 93 00 81 0C 12 
[GHST RAW] len=9: C0 07 7C 5A 01 7C 7C 7C 7C 
[GHST RAW] len=19: 0C 11 C0 07 7C 5A 01 7C 7C 16 16 16 93 00 81 0C 12 C0 07 
[GHST RAW] len=24: 16 16 16 16 34 00 81 0C 11 C0 07 7C 5A 01 7C 7C 16 16 16 93 00 81 0C 12 
[GHST RAW] len=9: C0 07 7C 5A 01 7C 7C 7C 7C 
[GHST RAW] len=19: 0C 11 C0 07 7C 5A 01 7C 7C 16 16 16 93 00 81 0C 12 C0 07 
[GHST RAW] len=24: 16 16 16 16 34 00 81 0C 11 C0 07 7C 5A 01 7C 7C 16 16 16 93 00 81 0C 12 
[GHST RAW] len=9: C0 07 7C 5A 01 7C 7C 7C 7C 
[GHST RAW] len=19: 0C 11 C0 07 7C 5A 01 7C 7C 16 16 16 93 00 81 0C 12 C0 07 
[GHST RAW] len=24: 16 16 16 16 34 00 81 0C 11 C0 07 7C 5A 01 7C 7C 16 16 16 93 00 81 0C 12 
[GHST RAW] len=9: C0 07 7C 5A 01 7C 7C 7C 7C 
[GHST RAW] len=19: 0C 11 C0 07 7C 5A 01 7C 7C 16 16 16 93 00 81 0C 12 C0 07 
[GHST RAW] len=24: 16 16 16 16 34 00 81 0C 11 C0 07 7C 5A 01 7C 7C 16 16 16 93 00 81 0C 12 
[GHST RAW] len=9: C0 07 7C 5A 01 7C 7C 7C 7C 
[GHST RAW] len=19: 0C 11 C0 07 7C 5A 01 7C 7C 16 16 16 93 00 81 0] len=24: 16 16 16 16 34 00 81 0C 11 C0 07 7CC 7C 16 16 16 93 00 81 0C 12 
[GHST RAW] len=9: C0 7 77C 
GHS7C 7C 16 16 16 93 00 81 C 12 C[GHST RAW] len=24: 16 16 16 16 34 00 81 0C 11 C0 07 7C 5A 01 7C 7C 16 16 16 93 00 81 0C 12 
[GHST RAW] len=9: C0 07 7C 5A 01 7C 7C 7C 7C 
[GHST RAW] len=19: 0C 11 C0 07 7C 5A 01 7C 7C 16 16 16 93 00 81 0C 12 C0 07 
[GHST RAW] len=24: 16 16 16 16 34 00 81 0C 11 C0 07 7C 5A 01 7C 7C 16 16 16 93 00 81 0C 12 
[GHST RAW] len=9: C0 07 7C 5A 01 7C 7C 7C 7C 
[GHST RAW] len=19: 0C 11 C0 07 7C 5A 01 7C 7C 16 16 16 93 00 81 0C 12 C0 07 
[GHST RAW] len=24: 16 16 16 16 34 00 81 0C 11 C0 07 7C 5A 01 7C 7C 16 16 16 93 00 81 0C 12 
[GHST RAW] len=9: C0 07 7C 5A 01 7C 7C 7C 7C 
[GHST RAW] len=19: 0C 11 C0 07 7C 5A 01 7C 7C 16 16 16 93 00 81 0C 12 C0 07 
[GHST RAW] len=24: 16 16 16 16 34 00 81 0C 11 C0 07 7C 5A 01 7C 7C 16 16 16 93 00 81 0C 12 
[GHST RAW] len=9: C0 07 7C 5A 01 7C 7C 7C 7C 
[GHST RAW] len=19: 0C 11 C0 07 7C 5A 01 7C 7C 16 16 16 93 00 81 0C 12 C0 07 
[GHST RAW] len=24: 16 16 16 16 34 00 81 0C 11 C0 07 7C 5A 01 7C 7C 16 16 16 93 00 81 0C 12 
[GHST RAW] len=9: C0 07 7C 5A 01 7C 7C 7C 7C 
[GHST RAW] len=19: 0C 11 C0 07 7C 5A 01 7C 7C 16 16 16 93 00 81 0C 12 C0 07 
[GHST RAW] len=24: 16 16 16 16 34 00 81 0C 11 C0 07 7C 5A 01 7C 7C 16 16 16 93 00 81 0C 12 
[GHST RAW] len=9: C0 07 7C 5A 01 7C 7C 7C 7C 
[GHST RAW] len=19: 0C 11 C0 07 7C 5A 01 7C 7C 16 16 16 93 00 81 0C 12 C0 07 
[GHST RAW] len=24: 16 16 16 16 34 00 81 0C 11 C0 07 7C 5A 01 7C 7C 16 16 16 93 00 81 0C 12 
[GHST RAW] len=9: C0 07 7C 5A 01 7C 7C 7C 7C 
[GHST RAW] len=19: 0C 11 C0 07 7C 5A 01 7C 7C 16 16 16 93 00 81 0C 12 C0 07 
[GHST RAW] len=24: 16 16 16 16 34 00 81 0C 11 C0 07 7C 5A 01 7C 7C 16 16 16 93 00 81 0C 12 
[GHST RAW] len=9: C0 07 7C 5A 01 7C 7C 7C 7C 
[GHST RAW] len=19: 0C 11 C0 07 7C 5A 01 7C 7C 16 16 16 93 00 81 0C 12 C0 07 
[GHST RAW] len=24: 16 16 16 16 34 00 81 0C 11 C0 07 7C 5A 01 7C 7C 16 16 16 93 00 81 0C 12 
[GHST RAW] len=9: C0 07 7C 5A 01 7C 7C 7C 7C 
[GHST RAW] len=19: 0C 11 C0 07 7C 5A 01 7C 7C 16 16 16 93 00 81 0C 12 C0 07 
[GHST RAW] len=24: 16 16 16 16 34 00 81 0C 11 C0 07 7C 5A 01 7C 7C 16 16 16 93 00 81 0C 12 
[GHST RAW] len=9: C0 07 7C 5A 01 7C 7C 7C 7C 
[GHST RAW] len=19: 0C 11 C0 07 7C 5A 01 7C 7C 16 16 16 93 00 81 0C 12 C0 07 
[GHST RAW] len=24: 16 16 16 16 34 00 81 0C 11 C0 07 7C 5A 01 7C 7C 16 16 16 93 00 81 0C 12 
[GHST RAW] len=9: C0 07 7C 5A 01 7C 7C 7C 7C 
[GHST RAW] len=19: 0C 11 C0 07 7C 5A 01 7C 7C 16 16 16 93 00 81 0C 12 C0 07 
[GHST RAW] len=24: 16 16 16 16 34 00 81 0C 11 C0 07 7C 5A 01 7C 7C 16 16 16 93 00 81 0C 12 
[GHST RAW] len=9: C0 07 7C 5A 01 7C 7C 7C 7C 
[GHST RAW] len=19: 0C 11 C0 07 7C 5A 01 7C 7C 16 16 16 93 00 81 0C 12 C0 07 
[GHST RAW] len=24: 16 16 16 16 34 00 81 0C 11 C0 07 7C 5A 01 7C 7C 16 16 16 93 00 81 0C 12 
[GHST RAW] len=9: C0 07 7C 5A 01 7C 7C 7C 7C 
[GHST RAW] len=19: 0C 11 C0 07 7C 5A 01 7C 7C 16 16 16 93 00 81 0C 12 C0 07 
[GHST RAW] len=24: 16 16 16 16 34 00 81 0C 11 C0 07 7C 5A 01 7C 7C 16 16 16 93 00 81 0C 12 
[GHST RAW] len=9: C0 07 7C 5A 01 7C 7C 7C 7C 
[GHST RAW] len=19: 0C 11 C0 07 7C 5A 01 7C 7C 16 16 16 93 00 81 0C 12 C0 07 
[GHST RAW] len=24: 16 16 16 16 34 00 81 0C 11 C0 07 7C 5A 01 7C 7C 16 16 16 93 00 81 0C 12 
[GHST RAW] len=9: C0 07 7C 5A 01 7C 7C 7C 7C 
[GHST RAW] len=19: 0C 11 C0 07 7C 5A 01 7C 7C 16 16 16 93 00 81 0C 12 C0 07 
[GHST RAW] len=24: 16 16 16 16 34 00 81 0C 11 C0 07 7C 5A 01 7C 7C 16 16 16 93 00 81 0C 12 
[GHST RAW] len=9: C0 07 7C 5A 01 7C 7C 7C 7C 
[GHST RAW] len=19: 0C 11 C0 07 7C 5A 01 7C 7C 16 16 16 93 00 81 0C 12 C0 07 
[GHST RAW] len=24: 16 16 16 16 34 00 81 0C 11 C0 07 7C 5A 01 7C 7C 16 16 16 93 00 81 0C 12 
[GHST RAW] len=9: C0 07 7C 5A 01 7C 7C 7C 7C 
[GHST RAW] len=19: 0C 11 C0 07 7C 5A 01 7C 7C 16 16 16 93 00 81 0C 12 C0 07 
[GHST RAW] len=24: 16 16 16 16 34 00 81 0C 11 C0 07 7C 5A 01 7C 7C 16 16 16 93 00 81 0C 12 
[GHST RAW] len=9: C0 07 7C 5A 01 7C 7C 7C 7C 
[GHST RAW] len=19: 0C 11 C0 07 7C 5A 01 7C 7C 16 16 16 93 00 81 0C 12 C0 07 
[GHST RAW] len=24: 16 16 16 16 34 00 81 0C 11 C0 07 7C 5A 01 7C 7C 16 16 16 93 00 81 0C 12 
[GHST RAW] len=9: C0 07 7C 5A 01 7C 7C 7C 7C 
[GHST RAW] len=19: 0C 11 C0 07 7C 5A 01 7C 7C 16 16 16 93 00 81 0C 12 C0 07 
[GHST RAW] len=24: 16 16 16 16 34 00 81 0C 11 C0 07 7C 5A 01 7C 7C 16 16 16 93 00 81 0C 12 
[GHST RAW] len=9: C0 07 7C 5A 01 7C 7C 7C 7C 
[GHST RAW] len=19: 0C 11 C0 07 7C 5A 01 7C 7C 16 16 16 93 00 81 0C 12 C0 07 
[GHST RAW] len=24: 16 16 16 16 34 00 81 0C 11 C0 07 7C 5A 01 7C 7C 16 16 16 93 00 81 0C 12 
[GHST RAW] len=9: C0 07 7C 5A 01 7C 7C 7C 7C 
[GHST RAW] len=19: 0C 11 C0 07 7C 5A 01 7C 7C 16 16 16 93 00 81 0C 12 C0 07 
[GHST RAW] len=24: 16 16 16 16 34 00 81 0C 11 C0 07 7C 5A 01 7C 7C 16 16 16 93 00 81 0C 12 
[GHST RAW] len=9: C0 07 7C 5A 01 7C 7C 7C 7C 
[GHST RAW] len=19: 0C 11 C0 07 7C 5A 01 7C 7C 16 16 16 93 00 81 0C 12 C0 07 
[GHST RAW] len=24: 16 16 16 16 34 00 81 0C 11 C0 07 7C 5A 01 7C 7C 16 16 16 93 00 81 0C 12 
[GHST RAW] len=9: C0 07 7C 5A 01 7C 7C 7C 7C 
[GHST RAW] len=19: 0C 11 C0 07 7C 5A 01 7C 7C 16 16 16 93 00 81 0C 12 C0 07 
[GHST RAW] len=24: 16 16 16 16 34 00 81 0C 11 C0 07 7C 5A 01 7C 7C 16 16 16 93 00 81 0C 12 
[GHST RAW] len=9: C0 07 7C 5A 01 7C 7C 7C 7C 
[GHST RAW] len=19: 0C 11 C0 07 7C 5A 01 7C 7C 16 16 16 93 00 81 0C 12 C0 07 
[GHST RAW] len=24: 16 16 16 16 34 00 81 0C 11 C0 07 7C 5A 01 7C 7C 16 16 16 93 00 81 0C 12 
[GHST RAW] len=9: C0 07 7C 5A 01 7C 7C 7C 7C 
[GHST RAW] len=19: 0C 11 C0 07 7C 5A 01 7C 7C 16 16 16 93 00 81 0C 12 C0 07 
[GHST RAW] len=24: 16 16 16 16 34 00 81 0C 11 C0 07 7C 5A 01 7C 7C 16 16 16 93 00 81 0C 12 
[GHST RAW] len=9: C0 07 7C 5A 01 7C 7C 7C 7C 
[GHST RAW] len=19: 0C 11 C0 07 7C 5A 01 7C 7C 16 16 16 93 00 81 0C 12 C0 07 
[GHST RAW] len=24: 16 16 16 16 34 00 81 0C 11 C0 07 7C 5A 01 7C 7C 16 16 16 93 00 81 0C 12 
[GHST RAW] len=9: C0 07 7C 5A 01 7C 7C 7C 7C 
[GHST RAW] len=19: 0C 11 C0 07 7C 5A 01 7C 7C 16 16 16 93 00 81 0C 12 C0 07 
[GHST RAW] len=24: 16 16 16 16 34 00 81 0C 11 C0 077C 5A 01 7C 7C 16 16 16 93 00 81 0C 12 
[GHST RAW] len=9: C0 77C 7C 7C 
[GHST RAW] len=19: 0C 11 C0 07 7C 5A 01 7C 7C 16 16 16 93 00 81 0C 12 C0 07 
[GHST RAW] len=24: 16 16 16 16 34 00 81 0C 11 C0 07 7C 5A 01 7C 7C 16 16 16 93 00 81 0C 12 
[GHST RAW] len=9: C0 07 7C 5A 01 7C 7C 7C 7C 
[GHST RAW] len=19: 0C 11 C0 07 7C 5A 01 7C 7C 16 16 16 93 00 81 0C 12 C0 07 
[GHST RAW] len=24: 16 16 16 16 34 00 81 0C 11 C0 07 7C 5A 01 7C 7C 16 16 16 93 00 81 0C 12 
[GHST RAW] len=9: C0 07 7C 5A 01 7C 7C 7C 7C 
[GHST RAW] len=19: 0C 11 C0 07 7C 5A 01 7C 7C 16 16 16 93 00 81 0C 12 C0 07 
[GHST RAW] len=24: 16 16 16 16 34 00 81 0C 11 C0 07 7C 5A 01 7C 7C 16 16 16 93 00 81 0C 12 
[GHST RAW] len=9: C0 07 7C 5A 01 7C 7C 7C 7C 
[GHST RAW] len=19: 0C 11 C0 07 7C 5A 01 7C 7C 16 16 16 93 00 81 0C 12 C0 07 
[GHST RAW] len=24: 16 16 16 16 34 00 81 0C 11 C0 07 7C 5A 01 7C 7C 16 16 16 93 00 81 0C 12 
[GHST RAW] len=9: C0 07 7C 5A 01 7C 7C 7C 7C 
[GHST RAW] len=19: 0C 11 C0 07 7C 5A 01 7C 7C 16 16 16 93 00 81 0C 12 C0 07 
[GHST RAW] len=24: 16 16 16 16 34 00 81 0C 11 C0 07 7C 5A 01 7C 7C 16 16 16 93 00 81 0C 12 
[GHST RAW] len=9: C0 07 7C 5A 01 7C 7C 7C 7C 
[GHST RAW] len=19: 0C 11 C0 07 7C 5A 01 7C 7C 16 16 16 93 00 81 0C 12 C0 07 
[GHST RAW] len=24: 16 16 16 16 34 00 81 0C 11 C0 07 7C 5A 01 7C 7C 16 16 16 93 00 81 0C 12 
[GHST RAW] len=9: C0 07 7C 5A 01 7C 7C 7C 7C 
[GHST RAW] len=19: 0C 11 C0 07 7C 5A 01 7C 7C 16 16 16 93 00 81 0C 12 C0 07 
[GHST RAW] len=24: 16 16 16 16 34 00 81 0C 11 C0 07 7C 5A 01 7C 7C 16 16 16 93 00 81 0C 12 
[GHST RAW] len=9: C0 07 7C 5A 01 7C 7C 7C 7C 
[GHST RAW] len=19: 0C 11 C0 07 7C 5A 01 7C 7C 16 16 16 93 00 81 0C 12 C0 07 
[GHST RAW] len=24: 16 16 16 16 34 00 81 0C 11 C0 07 7C 5A 01 7C 7C 16 16 16 93 00 81 0C 12 
[GHST RAW] len=9: C0 07 7C 5A 01 7C 7C 7C 7C 
[GHST RAW] len=19: 0C 11 C0 07 7C 5A 01 7C 7C 16 16 16 93 00 81 0C 12 C0 07 
[GHST RAW] len=24: 16 16 16 16 34 00 81 0C 11 C0 07 7C 5A 01 7C 7C 16 16 16 93 00 81 0C 12 
[GHST RAW] len=9: C0 07 7C 5A 01 7C 7C 7C 7C 
[GHST RAW] len=19: 0C 11 C0 07 7C 5A 01 7C 7C 16 16 16 93 00 81 0C 12 C0 07 
[GHST RAW] len=24: 16 16 16 16 34 00 81 0C 11 C0 07 7C 5A 01 7C 7C 16 16 16 93 00 81 0C 12 
[GHST RAW] len=9: C0 07 7C 5A 01 7C 7C 7C 7C 
[GHST RAW] len=19: 0C 11 C0 07 7C 5A 01 7C 7C 16 16 16 93 00 81 0C 12 C0 07 
[GHST RAW] len=24: 16 16 16 16 34 00 81 0C 11 C0 07 7C 5A 01 7C 7C 16 16 16 93 00 81 0C 12 
[GHST RAW] len=9: C0 07 7C 5A 01 7C 7C 7C 7C 
[GHST RAW] len=19: 0C 11 C0 07 7C 5A 01 7C 7C 16 16 16 93 00 81 0C 12 C0 07 
[GHST RAW] len=24: 16 16 16 16 34 00 81 0C 11 C0 07 7C 5A 01 7C 7C 16 16 16 93 00 81 0C 12 
[GHST RAW] len=9: C0 07 7C 5A 01 7C 7C 7C 7C 
[GHST RAW] len=19: 0C 11 C0 07 7C 5A 01 7C 7C 16 16 16 93 00 81 0C 12 C0 07 
[GHST RAW] len=24: 16 16 16 16 34 00 81 0C 11 C0 07 7C 5A 01 7C 7C 16 16 16 93 00 81 0C 12 
[GHST RAW] len=9: C0 07 7C 5A 01 7C 7C 7C 7C 
[GHST RAW] len=19: 0C 11 C0 07 7C 5A 01 7C 7C 16 16 16 93 00 81 0C 12 C0 07 
[GHST RAW] len=24: 16 16 16 16 34 00 81 0C 11 C0 07 7C 5A 01 7C 7C 16 16 16 93 00 81 0C 12 
[GHST RAW] len=9: C0 07 7C 5A 01 7C 7C 7C 7C 
[GHST RAW] len=19: 0C 11 C0 07 7C 5A 01 7C 7C 16 16 16 93 00 81 0C 12 C0 07 
[GHST RAW] len=24: 16 16 16 16 34 00 81 0C 11 C0 07 7C 5A 01 7C 7C 16 16 16 93 00 81 0C 12 
[GHST RAW] len=9: C0 07 7C 5A 01 7C 7C 7C 7C 
[GHST RAW] len=19: 0C 11 C0 07 7C 5A 01 7C 7C 16 16 16 93 00 81 0C 12 C0 07 
[GHST RAW] len=24: 16 16 16 16 34 00 81 0C 11 C0 07 7C 5A 01 7C 7C 16 16 16 93 00 81 0C 12 
[GHST RAW] len=9: C0 07 7C 5A 01 7C 7C 7C 7C 
[GHST RAW] len=19: 0C 11 C0 07 7C 5A 01 7C 7C 16 16 16 93 00 81 0C 12 C0 07 
[GHST RAW] len=24: 16 16 16 16 34 00 81 0C 11 C0 07 7C 5A 01 7C 7C 16 16 16 93 00 81 0C 12 
[GHST RAW] len=9: C0 07 7C 5A 01 7C 7C 7C 7C 
[GHST RAW] len=19: 0C 11 C0 07 7C 5A 01 7C 7C 16 16 16 93 00 81 0C 12 C0 07 
[GHST RAW] len=24: 16 16 16 16 34 00 81 0C 11 C0 07 7C 5A 01 7C 7C 16 16 16 93 00 81 0C 12 
[GHST RAW] len=9: C0 07 7C 5A 01 7C 7C 7C 7C 
[GHST RAW] len=19: 0C 11 C0 07 7C 5A 01 7C 7C 16 16 16 93 00 81 0C 12 C0 07 
[GHST RAW] len=24: 16 16 16 16 34 00 81 0C 11 C0 07 7C 5A 01 7C 7C 16 16 16 93 00 81 0C 12 
[GHST RAW] len=9: C0 07 7C 5A 01 7C 7C 7C 7C 
[GHST RAW] len=19: 0C 11 C0 07 7C 5A 01 7C 7C 16 16 16 93 00 81 0C 12 C0 07 
[GHST RAW] len=24: 16 16 16 16 34 00 81 0C 11 C0 07 7C 5A 01 7C 7C 16 16 16 93 00 81 0C 12 
[GHST RAW] len=9: C0 07 7C 5A 01 7C 7C 7C 7C 
[GHST RAW] len=19: 0C 11 C0 07 7C 5A 01 7C 7C 16 16 16 93 00 81 0C 12 C0 07 
[GHST RAW] len=24: 16 16 16 16 34 00 81 0C 11 C0 07 7C 5A 01 7C 7C 16 16 16 93 00 81 0C 12 
[GHST RAW] len=9: C0 07 7C 5A 01 7C 7C 7C 7C 
[GHST RAW] len=24: 16 16 16 16 34 00 81 0C 11 C0 07 7C 5A 01 7C 7C 16 16 16 93 00 81 0C 12 
[GHST RAW] len=9: C0 07 7C 5A 01 7C 7C 7C 7C 
[GHST RAW] len=19: 0C 11 C0 07 7C 5A 01 7C 7C 16 16 16 93 00 81 0C 12 C0 07 
[GHST RAW] len=24: 16 16 16 16 34 00 81 0C 11 C0 07 7C 5A 01 7C 7C 16 16 16 93 00 81 0C 12 
[GHST RAW] len=9: C0 07 7C 5A 01 7C 7C 7C 7C 
[GHST RAW] len=19: 0C 11 C0 07 7C 5A 01 7C 7C 16 16 16 93 00 81 0C 12 C0 07 
[GHST RAW] len=24: 16 16 16 16 34 00 81 0C 11 C0 07 7C 5A 01 7C 7C 16 16 16 93 00 81 0C 12 
[GHST RAW] len=9: C0 07 7C 5A 01 7C 7C 7C 7C 
[GHST RAW] len=19: 0C 11 C0 07 7C 5A 01 7C 7C 16 16 16 93 00 81 0C 12 C0 07 
[GHST RAW] len=24: 16 16 16 16 34 00 81 0C 11 C0 07 7C 5A 01 7C 7C 16 16 16 93 00 81 0C 12 
[GHST RAW] len=9: C0 07C 
HST 6 16 93 00 81 0C 12 C0 07 
[GHST RAW] len=24: 16 16 16 16 34 00 81 0C 11 C0 07 7C 5A 01 7C 7C 16 16 16 93 00 81 0C 12 
[GHST RAW] len=9: C0 07 7C 5A 01 7C 7C 7C 7C 
[GHST RAW] len=19: 0C 11 C0 07 7C 5A 01 7C 7C 16 16 16 93 00 81 0C 12 C0 07 
[GHST RAW] len=24: 16 16 16 16 34 00 81 0C 11 C0 07 7C 5A 01 7C 7C 16 16 16 93 00 81 0C 12 
[GHST RAW] len=9: C0 07 7C 5A 01 7C 7C 7C 7C 
[GHST RAW] len=19: 0C 11 C0 07 7C 5A 01 7C 7C 16 16 16 93 00 81 0C 12 C0 07 
[GHST RAW] len=24: 16 16 16 16 34 00 81 0C 11 C0 07 7C 5A 01 7C 7C 16 16 16 93 00 81 0C 12 
[GHST RAW] len=9: C0 07 7C 5A 01 7C 7C 7C 7C 
[GHST RAW] len=19: 0C 11 C0 07 7C 5A 01 7C 7C 16 16 16 93 00 81 0C 12 C0 07 
[GHST RAW] len=24: 16 16 16 16 34 00 81 0C 11 C0 07 7C 5A 01 7C 7C 16 16 16 93 00 81 0C 12 
[GHST RAW] len=9: C0 07 7C 5A 01 7C 7C 7C 7C 
[GHST RAW] len=19: 0C 11 C0 07 7C 5A 01 7C 7C 16 16 16 93 00 81 0C 12 C0 07 
[GHST RAW] len=24: 16 16 16 16 34 00 81 0C 11 C0 07 7C 5A 01 7C 7C 16 16 16 93 00 81 0C 12 
[GHST RAW] len=9: C0 07 7C 5A 01 7C 7C 7C 7C 
[GHST RAW] len=19: 0C 11 C0 07 7C 5A 01 7C 7C 16 16 16 93 00 81 0C 12 C0 07 
[GHST RAW] len=24: 16 16 16 16 34 00 81 0C 11 C0 07 7C 5A 01 7C 7C 16 16 16 93 00 81 0C 12 
[GHST RAW] len=9: C0 07 7C 5A 01 7C 7C 7C 7C 
[GHST RAW] len=19: 0C 11 C0 07 7C 5A 01 7C 7C 16 16 16 93 00 81 0C 12 C0 07 
[GHST RAW] len=24: 16 16 16 16 34 00 81 0C 11 C0 07 7C 5A 01 7C 7C 16 16 16 93 00 81 0C 12 
[GHST RAW] len=9: C0 07 7C 5A 01 7C 7C 7C 7C 
[GHST RAW] len=19: 0C 11 C0 07 7C 5A 01 7C 7C 16 16 16 93 00 81 0C 12 C0 07 
[GHST RAW] len=24: 16 16 16 16 34 00 81 0C 11 C0 07 7C 5A 01 7C 7C 16 16 16 93 00 81 0C 12 
[GHST RAW] len=9: C0 07 7C 5A 01 7C 7C 7C 7C 
[GHST RAW] len=19: 0C 11 C0 07 7C 5A 01 7C 7C 16 16 16 93 00 81 0C 12 C0 07 
[GHST RAW] len=24: 16 16 16 16 34 00 81 0C 11 C0 07 7C 5A 01 7C 7C 16 16 16 93 00 81 0C 12 
[GHST RAW] len=9: C0 07 7C 5A 01 7C 7C 7C 7C 
[GHST RAW] len=19: 0C 11 C0 07 7C 5A 01 7C 7C 16 16 16 93 00 81 0C 12 C0 07 
[GHST RAW] len=24: 16 16 16 16 34 00 81 0C 11 C0 07 7C 5A 01 7C 7C 16 16 16 93 00 81 0C 12 
[GHST RAW] len=9: C0 07 7C 5A 01 7C 7C 7C 7C 
[GHST RAW] len=19: 0C 11 C0 07 7C 5A 01 7C 7C 16 16 16 93 00 81 0C 12 C0 07 
[GHST RAW] len=24: 16 16 16 16 34 00 81 0C 11 C0 07 7C 5A 01 7C 7C 16 16 16 93 00 81 0C 12 
[GHST RAW] len=9: C0 07 7C 5A 01 7C 7C 7C 7C 
[GHST RAW] len=19: 0C 11 C0 07 7C 5A 01 7C 7C 16 16 16 93 00 81 0C 12 C0 07 
[GHST RAW] len=24: 16 16 16 16 34 00 81 0C 11 C0 07 7C 5A 01 7C 7C 16 16 16 93 00 81 0C 12 
[GHST RAW] len=9: C0 07 7C 5A 01 7C 7C 7C 7C 
[GHST RAW] len=19: 0C 11 C0 07 7C 5A 01 7C 7C 16 16 16 93 00 81 0C 12 C0 07 
[GHST RAW] len=24: 16 16 16 16 34 00 81 0C 11 C0 07 7C 5A 01 7C 7C 16 16 16 93 00 81 0C 12 
[GHST RAW] len=9: C0 07 7C 5A 01 7C 7C 7C 7C 
[GHST RAW] len=19: 0C 11 C0 07 7C 5A 01 7C 7C 16 16 16 93 00 81 0C 12 C0 07 
[GHST RAW] len=24: 16 16 16 16 34 00 81 0C 11 C0 07 7C 5A 01 7C 7C 16 16 16 93 00 81 0C 12 
[GHST RAW] len=9: C0 07 7C 5A 01 7C 7C 7C 7C 
[GHST RAW] len=19: 0C 11 C0 07 7C 5A 01 7C 7C 16 16 16 93 00 81 0C 12 C0 07 
[GHST RAW] len=24: 16 16 16 16 34 00 81 0C 11 C0 07 7C 5A 01 7C 7C 16 16 16 93 00 81 0C 12 
[GHST RAW] len=9: C0 07 7C 5A 01 7C 7C 7C 7C 
[GHST RAW] len=19: 0C 11 C0 07 7C 5A 01 7C 7C 16 16 16 93 00 81 0C 12 C0 07 
[GHST RAW] len=24: 16 16 16 16 34 00 81 0C 11 C0 07 7C 5A 01 7C 7C 16 16 16 93 00 81 0C 12 
[GHST RAW] len=9: C0 07 7C 5A 01 7C 7C 7C 7C 
[GHST RAW] len=19: 0C 11 C0 07 7C 5A 01 7C 7C 16 16 16 93 00 81 0C 12 C0 07 
[GHST RAW] len=24: 16 16 16 16 34 00 81 0C 11 C0 07 7C 5A 01 7C 7C 16 16 16 93 00 81 0C 12 
[GHST RAW] len=9: C0 07 7C 5A 01 7C 7C 7C 7C 
[GHST RAW] len=19: 0C 11 C0 07 7C 5A 01 7C 7C 16 16 16 93 00 81 0C 12 C0 07 
[GHST RAW] len=24: 16 16 16 16 34 00 81 0C 11 C0 07 7C 5A 01 7C 7C 16 16 16 93 00 81 0C 12 
[GHST RAW] len=9: C0 07 7C 5A 01 7C 7C 7C 7C 
[GHST RAW] len=19: 0C 11 C0 07 7C 5A 01 7C 7C 16 16 16 93 00 81 0C 12 C0 07 
[GHST RAW] len=24: 16 16 16 16 34 00 81 0C 11 C0 07 7C 5A 01 7C 7C 16 16 16 93 00 81 0C 12 
[GHST RAW] len=9: C0 07 7C 5A 01 7C 7C 7C 7C 
[GHST RAW] len=19: 0C 11 C0 07 7C 5A 01 7C 7C 16 16 16 93 00 81 0C 12 C0 07 
[GHST RAW] len=24: 16 16 16 16 34 00 81 0C 11 C0 07 7C 5A 01 7C 7C 16 16 16 93 00 81 0C 12 
[GHST RAW] len=9: C0 07 7C 5A 01 7C 7C 7C 7C 
[GHST RAW] len=19: 0C 11 C0 07 7C 5A 01 7C 7C 16 16 16 93 00 81 0C 12 C0 07 
[GHST RAW] len=24: 16 16 16 16 34 00 81 0C 11 C0 07 7C 5A 01 7C 7C 16 16 16 93 00 81 0C 12 
[GHST RAW] len=9: C0 07 7C 5A 01 7C 7C 7C 7C 
[GHST RAW] len=19: 0C 11 C0 07 7C 5A 01 7C 7C 16 16 16 93 00 81 0C 12 C0 07 
[GHST RAW] len=24: 16 16 16 16 34 00 81 0C 11 C0 07 7C 5A 01 7C 7C 16 16 16 93 00 81 0C 12 
[GHST RAW] len=9: C0 07 7C 5A 01 7C 7C 7C 7C 
[GHST RAW] len=19: 0C 11 C0 07 7C 5A 01 7C 7C 16 16 16 93 00 81 0C 12 C0 07 
[GHST RAW] len=24: 16 16 16 16 34 00 81 0C 11 C0 07 7C 5A 01 7C 7C 16 16 16 93 00 81 0C 12 
[GHST RAW] len=9: C0 07 7C 5A 01 7C 7C 7C 7C 
[GHST RAW] len=19: 0C 11 C0 07 7C 5A 01 7C 7C 16 16 16 93 00 81 0C 12 C0 07 
[GHST RAW] len=24: 16 16 16 16 34 00 81 0C 11 C0 07 93 00 81 0C 12 
[GHST RAW] len=9: C0 07 7C 5A 01 7C 7C 7C 7C 
[GHST RAW] len=19: 0C 11 C0 07 7C 5A 01 7C 7C 16 16 16 93 00 81 0C 12 C0 07 
[GHST RAW] len=24: 16 16 16 16 34 00 81 0C 11 C0 07 7C 5A 01 7C 7C 16 16 16 93 00 81 0C 12 
[GHST RAW] len=9: C0 07 7C 5A 01 7C 7C 7C 7C 
[GHST RAW] len=19: 0C 11 C0 07 7C 5A 01 7C 7C 16 16 16 93 00 81 0C 12 C0 07 
[GHST RAW] len=24: 16 16 16 16 34 00 81 0C 11 C0 07 7C 5A 01 7C 7C 16 16 16 93 00 81 0C 12 
[GHST RAW] len=9: C0 07 7C 5A 01 7C 7C 7C 7C 
[GHST RAW] len=19: 0C 11 C0 07 7C 5A 01 7C 7C 16 16 16 93 00 81 0C 12 C0 07 
[GHST RAW] len=24: 16 16 16 16 34 00 81 0C 11 C0 07 7C 5A 01 7C 7C 16 16 16 93 00 81 0C 12 
[GHST RAW] len=9: C0 07 7C 5A 01 7C 7C 7C 7C 
[GHST RAW] len=19: 0C 11 C0 07 7C 5A 01 7C 7C 16 16 16 93 00 81 0C 12 C0 07 
[GHST RAW] len=24: 16 16 16 16 34 00 81 0C 11 C0 07 7C 5A 01 7C 7C 16 16 16 93 00 81 0C 12 
[GHST RAW] len=9: C0 07 7C 5A 01 7C 7C 7C 7C 
[GHST RAW] len=19: 0C 11 C0 07 7C 5A 01 7C 7C 16 16 16 93 00 81 0C 12 C0 07 
[GHST RAW] len=24: 16 16 16 16 34 00 81 0C 11 C0 07 7C 5A 01 7C 7C 16 16 16 93 00 81 0C 12 
[GHST RAW] len=9: C0 07 7C 5A 01 7C 7C 7C 7C 
[GHST RAW] len=19: 0C 11 C0 07 7C 5A 01 7C 7C 16 16 16 93 00 81 0C 12 C0 07 
[GHST RAW] len=24: 16 16 16 16 34 00 81 0C 11 C0 07 7C 5A 01 7C 7C 16 16 16 93 00 81 0C 12 
[GHST RAW] len=9: C0 07 7C 5A 01 7C 7C 7C 7C 
[GHST RAW] len=19: 0C 11 C0 07 7C 5A 01 7C 7C 16 16 16 93 00 81 0C 12 C0 07 
[GHST RAW] len=24: 16 16 16 16 34 00 81 0C 11 C0 07 7C 5A 01 7C 7C 16 16 16 93 00 81 0C 12 
[GHST RAW] len=9: C0 07 7C 5A 01 7C 7C 7C 7C 
[GHST RAW] len=19: 0C 11 C0 07 7C 5A 01 7C 7C 16 16 16 93 00 81 0C 12 C0 07 
[GHST RAW] len=24: 16 16 16 16 34 00 81 0C 11 C0 07 7C 5A 01 7C 7C 16 16 16 93 00 81 0C 12 
[GHST RAW] len=9: C0 07 7C 5A 01 7C 7C 7C 7C 
[GHST RAW] len=19: 0C 11 C0 07 7C 5A 01 7C 7C 16 16 16 93 00 81 0C 12 C0 07 
[GHST RAW] len=24: 16 16 16 16 34 00 81 0C 11 C0 07 7C 5A 01 7C 7C 16 16 16 93 00 81 0C 12 
[GHST RAW] len=9: C0 07 7C 5A 01 7C 7C 7C 7C 
[GHST RAW] len=19: 0C 11 C0 07 7C 5A 01 7C 7C 16 16 16 93 00 81 0C 12 C0 07 
[GHST RAW] len=24: 16 16 16 16 34 00 81 0C 11 C0 07 7C 5A 01 7C 7C 16 16 16 93 00 81 0C 12 
[GHST RAW] len=9: C0 07 7C 5A 01 7C 7C 7C 7C 
[GHST RAW] len=19: 0C 11 C0 07 7C 5A 01 7C 7C 16 16 16 93 00 81 0C 12 C0 07 
[GHST RAW] len=24: 16 16 16 16 34 00 81 0C 11 C0 07 7C 5A 01 7C 7C 16 16 16 93 00 81 0C 12 
[GHST RAW] len=9: C0 07 7C 5A 01 7C 7C 7C 7C 
[GHST RAW] len=19: 0C 11 C0 07 7C 5A 01 7C 7C 16 16 16 93 00 81 0C 12 C0 07 
[GHST RAW] len=24: 16 16 16 16 34 00 81 0C 11 C0 07 7C 5A 01 7C 7C 16 16 16 93 00 81 0C 12 
[GHST RAW] len=9: C0 07 7C 5A 01 7C 7C 7C 7C 
[GHST RAW] len=19: 0C 11 C0 07 7C 5A 01 7C 7C 16 16 16 93 00 81 0C 12 C0 07 
[GHST RAW] len=24: 16 16 16 16 34 00 81 0C 11 C0 07 7C 5A 01 7C 7C 16 16 16 93 00 81 0C 12 
[GHST RAW] len=9: C0 07 7C 5A 01 7C 7C 7C 7C 
[GHST RAW] len=19: 0C 11 C0 07 7C 5A 01 7C 7C 16 16 16 93 00 81 0C 12 C0 07 
[GHST RAW] len=24: 16 16 16 16 34 00 81 0C 11 C0 07 7C 5A 01 7C 7C 16 16 16 93 00 81 0C 12 
[GHST RAW] len=9: C0 07 7C 5A 01 7C 7C 7C 7C 
[GHST RAW] len=19: 0C 11 C0 07 7C 5A 01 7C 7C 16 16 16 93 00 81 0C 12 C0 07 
[GHST RAW] len=24: 16 16 16 16 34 00 81 0C 11 C0 07 7C 5A 01 7C 7C 16 16 16 93 00 81 0C 12 
[GHST RAW] len=9: C0 07 7C 5A 01 7C 7C 7C 7C 
[GHST RAW] len=19: 0C 11 C0 07 7C 5A 01 7C 7C 16 16 16 93 00 81 0C 12 C0 07 
[GHST RAW] len=24: 16 16 16 16 34 00 81 0C 11 C0 07 7C 5A 01 7C 7C 16 16 16 93 00 81 0C 12 
[GHST RAW] len=9: C0 07 7C 5A 01 7C 7C 7C 7C 
[GHST RAW] len=19: 0C 11 C0 07 7C 5A 01 7C 7C 16 16 16 93 00 81 0C 12 C0 07 
[GHST RAW] len=24: 16 16 16 16 34 00 81 0C 11 C0 07 7C 5A 01 7C 7C 16 16 16 93 00 81 0C 12 
[GHST RAW] len=9: C0 07 7C 5A 01 7C 7C 7C 7C 
[GHST RAW] len=19: 0C 11 C0 07 7C 5A 01 7C 7C 16 16 16 93 00 81 0C 12 C0 07 
[GHST RAW] len=24: 16 16 16 16 34 00 81 0C 11 C0 07 7C 5A 01 7C 7C 16 16 16 93 00 81 0C 12 
[GHST RAW] len=9: C0 07 7C 5A 01 7C 7C 7C 7C 
[GHST RAW] len=19: 0C 11 C0 07 7C 5A 01 7C 7C 16 16 16 93 00 81 0C 12 C0 07 
[GHST RAW] len=24: 16 16 16 16 34 00 81 0C 11 C0 07 7C 5A 01 7C 7C 16 16 16 93 00 81 0C 12 
[GHST RAW] len=9: C0 07 7C 5A 01 7C 7C 7C 7C 
[GHST RAW] len=19: 0C 11 C0 07 7C 5A 01 7C 7C 16 16 16 93 00 81 0C 12 C0 07 
[GHST RAW] len=24: 16 16 16 16 34 00 81 0C 11 C0 07 7C 5A 01 7C 7C 16 16 16 93 00 81 0C 12 
[GHST RAW] len=9: C0 07 7C 5A 01 7C 7C 7C 7C 
[GHST RAW] len=19: 0C 11 C0 07 7C 5A 01 7C 7C 16 16 16 93 00 81 0C 12 C0 07 
[GHST RAW] len=24: 16 16 16 16 34 00 81 0C 11 C0 07 7C 5A 01 7C 7C 16 16 16 93 00 81 0C 12 
[GHST RAW] len=9: C0 07 7C 5A 01 7C 7C 7C 7C 
[GHST RAW] len=19: 0C 11 C0 07 7C 5A 01 7C 7C 16 16 16 93 00 81 0
[GHST RAW] len=24: 16 16 16 16 34 00 81 0C 11 C0 07 7C 5A 01 7C 7C 16 16 16 93 00 81 0C 12 
[GHST RAW] len=9: C0 07 7C 5A 01 7C 7C 7C 7C 
[GHST RAW] len=19: 0C 11 C0 07 7C 5A 01 7C 7C 16 16 16 93 00 81 0C 12 C0 07 
[GHST RAW] len=24: 16 16 16 16 34 00 81 0C 11 C0 07 7C 5A 01 7C 7C 16 16 16 93 00 81 0C 12 
[GHST RAW] len=9: C0 07 7C 5A 01 7C 7C 7C 7C 
